
*** Running vivado
    with args -log design_1_fetch_unit_2_1.vds -m64 -product Vivado -mode batch -messageDb vivado.pb -notrace -source design_1_fetch_unit_2_1.tcl


****** Vivado v2017.4 (64-bit)
  **** SW Build 2086221 on Fri Dec 15 20:54:30 MST 2017
  **** IP Build 2085800 on Fri Dec 15 22:25:07 MST 2017
    ** Copyright 1986-2017 Xilinx, Inc. All Rights Reserved.

source design_1_fetch_unit_2_1.tcl -notrace
Command: synth_design -top design_1_fetch_unit_2_1 -part xczu9eg-ffvb1156-2-e -mode out_of_context
Starting synth_design
Attempting to get a license for feature 'Synthesis' and/or device 'xczu9eg'
INFO: [Common 17-349] Got license for feature 'Synthesis' and/or device 'xczu9eg'
INFO: [Common 17-1540] The version limit for your license is '2019.11' and has expired for new software. A version limit expiration means that, although you may be able to continue to use the current version of tools or IP with this license, you will not be eligible for any updates or new releases.
INFO: Launching helper process for spawning children vivado processes
INFO: Helper process launched with PID 59335 
WARNING: [Synth 8-2507] parameter declaration becomes local in reader_v1_0_M00_AXI with formal parameter declaration list [/home/ro0zkhosh/RelationalMem/RelationalMem/ZYNQ_ULTRASCARE+/RatMem/RatMem.srcs/sources_1/bd/design_1/ipshared/ba58/src/reader_v1_0_M00_AXI.v:191]
WARNING: [Synth 8-2507] parameter declaration becomes local in writer_v1_0_M00_AXI with formal parameter declaration list [/home/ro0zkhosh/RelationalMem/RelationalMem/ZYNQ_ULTRASCARE+/RatMem/RatMem.srcs/sources_1/bd/design_1/ipshared/ba58/src/writer_v1_0_M00_AXI.v:187]
---------------------------------------------------------------------------------
Starting RTL Elaboration : Time (s): cpu = 00:00:07 ; elapsed = 00:00:08 . Memory (MB): peak = 1545.293 ; gain = 0.000 ; free physical = 7094 ; free virtual = 79840
---------------------------------------------------------------------------------
INFO: [Synth 8-638] synthesizing module 'design_1_fetch_unit_2_1' [/home/ro0zkhosh/RelationalMem/RelationalMem/ZYNQ_ULTRASCARE+/RatMem/RatMem.srcs/sources_1/bd/design_1/ip/design_1_fetch_unit_2_1/synth/design_1_fetch_unit_2_1.v:56]
INFO: [Synth 8-638] synthesizing module 'fetch_unit_v2_0' [/home/ro0zkhosh/RelationalMem/RelationalMem/ZYNQ_ULTRASCARE+/RatMem/RatMem.srcs/sources_1/bd/design_1/ipshared/ba58/hdl/fetch_unit_v2_0.v:4]
	Parameter ADDR bound to: 32 - type: integer 
	Parameter BUS_WIDTH bound to: 16 - type: integer 
	Parameter BUS_BIT bound to: 8 - type: integer 
	Parameter TRIDNUM bound to: 16 - type: integer 
	Parameter TRIDBIT bound to: 4 - type: integer 
	Parameter SIZEBIT bound to: 5 - type: integer 
	Parameter C_M00_AXI_TARGET_SLAVE_BASE_ADDR bound to: 1073741824 - type: integer 
	Parameter C_M00_AXI_BURST_LEN bound to: 16 - type: integer 
	Parameter C_M00_AXI_ID_WIDTH bound to: 1 - type: integer 
	Parameter C_M00_AXI_ADDR_WIDTH bound to: 32 - type: integer 
	Parameter C_M00_AXI_DATA_WIDTH bound to: 128 - type: integer 
	Parameter C_M00_AXI_AWUSER_WIDTH bound to: 1 - type: integer 
	Parameter C_M00_AXI_ARUSER_WIDTH bound to: 1 - type: integer 
	Parameter C_M00_AXI_WUSER_WIDTH bound to: 1 - type: integer 
	Parameter C_M00_AXI_RUSER_WIDTH bound to: 1 - type: integer 
	Parameter C_M00_AXI_BUSER_WIDTH bound to: 1 - type: integer 
	Parameter C_M01_AXI_TARGET_SLAVE_BASE_ADDR bound to: 1073741824 - type: integer 
	Parameter C_M01_AXI_BURST_LEN bound to: 16 - type: integer 
	Parameter C_M01_AXI_ID_WIDTH bound to: 1 - type: integer 
	Parameter C_M01_AXI_ADDR_WIDTH bound to: 32 - type: integer 
	Parameter C_M01_AXI_DATA_WIDTH bound to: 128 - type: integer 
	Parameter C_M01_AXI_AWUSER_WIDTH bound to: 1 - type: integer 
	Parameter C_M01_AXI_ARUSER_WIDTH bound to: 1 - type: integer 
	Parameter C_M01_AXI_WUSER_WIDTH bound to: 1 - type: integer 
	Parameter C_M01_AXI_RUSER_WIDTH bound to: 1 - type: integer 
	Parameter C_M01_AXI_BUSER_WIDTH bound to: 1 - type: integer 
INFO: [Synth 8-638] synthesizing module 'reader_v1_0_M00_AXI' [/home/ro0zkhosh/RelationalMem/RelationalMem/ZYNQ_ULTRASCARE+/RatMem/RatMem.srcs/sources_1/bd/design_1/ipshared/ba58/src/reader_v1_0_M00_AXI.v:4]
	Parameter C_M_TARGET_SLAVE_BASE_ADDR bound to: 1073741824 - type: integer 
	Parameter C_M_AXI_BURST_LEN bound to: 16 - type: integer 
	Parameter C_M_AXI_ID_WIDTH bound to: 1 - type: integer 
	Parameter C_M_AXI_ADDR_WIDTH bound to: 32 - type: integer 
	Parameter C_M_AXI_DATA_WIDTH bound to: 128 - type: integer 
	Parameter C_M_AXI_AWUSER_WIDTH bound to: 1 - type: integer 
	Parameter C_M_AXI_ARUSER_WIDTH bound to: 1 - type: integer 
	Parameter C_M_AXI_WUSER_WIDTH bound to: 1 - type: integer 
	Parameter C_M_AXI_RUSER_WIDTH bound to: 1 - type: integer 
	Parameter C_M_AXI_BUSER_WIDTH bound to: 1 - type: integer 
	Parameter C_TRANSACTIONS_NUM bound to: 4 - type: integer 
	Parameter C_MASTER_LENGTH bound to: 12 - type: integer 
	Parameter C_NO_BURSTS_REQ bound to: 4 - type: integer 
	Parameter IDLE bound to: 2'b00 
	Parameter INIT_READ bound to: 2'b10 
WARNING: [Synth 8-6014] Unused sequential element read_mismatch_reg was removed.  [/home/ro0zkhosh/RelationalMem/RelationalMem/ZYNQ_ULTRASCARE+/RatMem/RatMem.srcs/sources_1/bd/design_1/ipshared/ba58/src/reader_v1_0_M00_AXI.v:621]
WARNING: [Synth 8-6014] Unused sequential element write_burst_counter_reg was removed.  [/home/ro0zkhosh/RelationalMem/RelationalMem/ZYNQ_ULTRASCARE+/RatMem/RatMem.srcs/sources_1/bd/design_1/ipshared/ba58/src/reader_v1_0_M00_AXI.v:704]
WARNING: [Synth 8-6014] Unused sequential element burst_write_active_reg was removed.  [/home/ro0zkhosh/RelationalMem/RelationalMem/ZYNQ_ULTRASCARE+/RatMem/RatMem.srcs/sources_1/bd/design_1/ipshared/ba58/src/reader_v1_0_M00_AXI.v:844]
WARNING: [Synth 8-6014] Unused sequential element writes_done_reg was removed.  [/home/ro0zkhosh/RelationalMem/RelationalMem/ZYNQ_ULTRASCARE+/RatMem/RatMem.srcs/sources_1/bd/design_1/ipshared/ba58/src/reader_v1_0_M00_AXI.v:862]
INFO: [Synth 8-256] done synthesizing module 'reader_v1_0_M00_AXI' (1#1) [/home/ro0zkhosh/RelationalMem/RelationalMem/ZYNQ_ULTRASCARE+/RatMem/RatMem.srcs/sources_1/bd/design_1/ipshared/ba58/src/reader_v1_0_M00_AXI.v:4]
WARNING: [Synth 8-689] width (128) of port connection 'R_DATA' does not match port width (1) of module 'reader_v1_0_M00_AXI' [/home/ro0zkhosh/RelationalMem/RelationalMem/ZYNQ_ULTRASCARE+/RatMem/RatMem.srcs/sources_1/bd/design_1/ipshared/ba58/hdl/fetch_unit_v2_0.v:186]
INFO: [Synth 8-638] synthesizing module 'ExtCol' [/home/ro0zkhosh/RelationalMem/RelationalMem/ZYNQ_ULTRASCARE+/RatMem/RatMem.srcs/sources_1/bd/design_1/ipshared/ba58/src/ExtCol.v:8]
WARNING: [Synth 8-567] referenced signal 'w_extSize' should be on the sensitivity list [/home/ro0zkhosh/RelationalMem/RelationalMem/ZYNQ_ULTRASCARE+/RatMem/RatMem.srcs/sources_1/bd/design_1/ipshared/ba58/src/ExtCol.v:106]
INFO: [Synth 8-155] case statement is not full and has no default [/home/ro0zkhosh/RelationalMem/RelationalMem/ZYNQ_ULTRASCARE+/RatMem/RatMem.srcs/sources_1/bd/design_1/ipshared/ba58/src/ExtCol.v:132]
INFO: [Synth 8-256] done synthesizing module 'ExtCol' (2#1) [/home/ro0zkhosh/RelationalMem/RelationalMem/ZYNQ_ULTRASCARE+/RatMem/RatMem.srcs/sources_1/bd/design_1/ipshared/ba58/src/ExtCol.v:8]
WARNING: [Synth 8-689] width (8) of port connection 'i_r_start' does not match port width (4) of module 'ExtCol' [/home/ro0zkhosh/RelationalMem/RelationalMem/ZYNQ_ULTRASCARE+/RatMem/RatMem.srcs/sources_1/bd/design_1/ipshared/ba58/hdl/fetch_unit_v2_0.v:311]
WARNING: [Synth 8-689] width (128) of port connection 'o_col_data' does not match port width (256) of module 'ExtCol' [/home/ro0zkhosh/RelationalMem/RelationalMem/ZYNQ_ULTRASCARE+/RatMem/RatMem.srcs/sources_1/bd/design_1/ipshared/ba58/hdl/fetch_unit_v2_0.v:313]
INFO: [Synth 8-638] synthesizing module 'writer_v1_0_M00_AXI' [/home/ro0zkhosh/RelationalMem/RelationalMem/ZYNQ_ULTRASCARE+/RatMem/RatMem.srcs/sources_1/bd/design_1/ipshared/ba58/src/writer_v1_0_M00_AXI.v:4]
	Parameter ADDR bound to: 32 - type: integer 
	Parameter C_M_TARGET_SLAVE_BASE_ADDR bound to: 1073741824 - type: integer 
	Parameter C_M_AXI_BURST_LEN bound to: 16 - type: integer 
	Parameter C_M_AXI_ID_WIDTH bound to: 1 - type: integer 
	Parameter C_M_AXI_ADDR_WIDTH bound to: 32 - type: integer 
	Parameter C_M_AXI_DATA_WIDTH bound to: 128 - type: integer 
	Parameter C_M_AXI_AWUSER_WIDTH bound to: 1 - type: integer 
	Parameter C_M_AXI_ARUSER_WIDTH bound to: 1 - type: integer 
	Parameter C_M_AXI_WUSER_WIDTH bound to: 1 - type: integer 
	Parameter C_M_AXI_RUSER_WIDTH bound to: 1 - type: integer 
	Parameter C_M_AXI_BUSER_WIDTH bound to: 1 - type: integer 
	Parameter C_TRANSACTIONS_NUM bound to: 4 - type: integer 
	Parameter C_MASTER_LENGTH bound to: 12 - type: integer 
	Parameter C_NO_BURSTS_REQ bound to: 4 - type: integer 
	Parameter IDLE bound to: 2'b00 
	Parameter INIT_WRITE bound to: 2'b01 
INFO: [Synth 8-155] case statement is not full and has no default [/home/ro0zkhosh/RelationalMem/RelationalMem/ZYNQ_ULTRASCARE+/RatMem/RatMem.srcs/sources_1/bd/design_1/ipshared/ba58/src/writer_v1_0_M00_AXI.v:756]
WARNING: [Synth 8-6014] Unused sequential element read_index_reg was removed.  [/home/ro0zkhosh/RelationalMem/RelationalMem/ZYNQ_ULTRASCARE+/RatMem/RatMem.srcs/sources_1/bd/design_1/ipshared/ba58/src/writer_v1_0_M00_AXI.v:576]
WARNING: [Synth 8-6014] Unused sequential element read_mismatch_reg was removed.  [/home/ro0zkhosh/RelationalMem/RelationalMem/ZYNQ_ULTRASCARE+/RatMem/RatMem.srcs/sources_1/bd/design_1/ipshared/ba58/src/writer_v1_0_M00_AXI.v:620]
WARNING: [Synth 8-6014] Unused sequential element expected_rdata_reg was removed.  [/home/ro0zkhosh/RelationalMem/RelationalMem/ZYNQ_ULTRASCARE+/RatMem/RatMem.srcs/sources_1/bd/design_1/ipshared/ba58/src/writer_v1_0_M00_AXI.v:644]
WARNING: [Synth 8-6014] Unused sequential element error_reg_reg was removed.  [/home/ro0zkhosh/RelationalMem/RelationalMem/ZYNQ_ULTRASCARE+/RatMem/RatMem.srcs/sources_1/bd/design_1/ipshared/ba58/src/writer_v1_0_M00_AXI.v:662]
WARNING: [Synth 8-6014] Unused sequential element read_burst_counter_reg was removed.  [/home/ro0zkhosh/RelationalMem/RelationalMem/ZYNQ_ULTRASCARE+/RatMem/RatMem.srcs/sources_1/bd/design_1/ipshared/ba58/src/writer_v1_0_M00_AXI.v:723]
WARNING: [Synth 8-6014] Unused sequential element burst_read_active_reg was removed.  [/home/ro0zkhosh/RelationalMem/RelationalMem/ZYNQ_ULTRASCARE+/RatMem/RatMem.srcs/sources_1/bd/design_1/ipshared/ba58/src/writer_v1_0_M00_AXI.v:877]
WARNING: [Synth 8-6014] Unused sequential element reads_done_reg was removed.  [/home/ro0zkhosh/RelationalMem/RelationalMem/ZYNQ_ULTRASCARE+/RatMem/RatMem.srcs/sources_1/bd/design_1/ipshared/ba58/src/writer_v1_0_M00_AXI.v:896]
INFO: [Synth 8-256] done synthesizing module 'writer_v1_0_M00_AXI' (3#1) [/home/ro0zkhosh/RelationalMem/RelationalMem/ZYNQ_ULTRASCARE+/RatMem/RatMem.srcs/sources_1/bd/design_1/ipshared/ba58/src/writer_v1_0_M00_AXI.v:4]
INFO: [Synth 8-256] done synthesizing module 'fetch_unit_v2_0' (4#1) [/home/ro0zkhosh/RelationalMem/RelationalMem/ZYNQ_ULTRASCARE+/RatMem/RatMem.srcs/sources_1/bd/design_1/ipshared/ba58/hdl/fetch_unit_v2_0.v:4]
INFO: [Synth 8-256] done synthesizing module 'design_1_fetch_unit_2_1' (5#1) [/home/ro0zkhosh/RelationalMem/RelationalMem/ZYNQ_ULTRASCARE+/RatMem/RatMem.srcs/sources_1/bd/design_1/ip/design_1_fetch_unit_2_1/synth/design_1_fetch_unit_2_1.v:56]
WARNING: [Synth 8-3331] design writer_v1_0_M00_AXI has unconnected port M_AXI_BID[0]
WARNING: [Synth 8-3331] design writer_v1_0_M00_AXI has unconnected port M_AXI_BRESP[1]
WARNING: [Synth 8-3331] design writer_v1_0_M00_AXI has unconnected port M_AXI_BRESP[0]
WARNING: [Synth 8-3331] design writer_v1_0_M00_AXI has unconnected port M_AXI_BUSER[0]
WARNING: [Synth 8-3331] design writer_v1_0_M00_AXI has unconnected port M_AXI_RID[0]
WARNING: [Synth 8-3331] design writer_v1_0_M00_AXI has unconnected port M_AXI_RDATA[127]
WARNING: [Synth 8-3331] design writer_v1_0_M00_AXI has unconnected port M_AXI_RDATA[126]
WARNING: [Synth 8-3331] design writer_v1_0_M00_AXI has unconnected port M_AXI_RDATA[125]
WARNING: [Synth 8-3331] design writer_v1_0_M00_AXI has unconnected port M_AXI_RDATA[124]
WARNING: [Synth 8-3331] design writer_v1_0_M00_AXI has unconnected port M_AXI_RDATA[123]
WARNING: [Synth 8-3331] design writer_v1_0_M00_AXI has unconnected port M_AXI_RDATA[122]
WARNING: [Synth 8-3331] design writer_v1_0_M00_AXI has unconnected port M_AXI_RDATA[121]
WARNING: [Synth 8-3331] design writer_v1_0_M00_AXI has unconnected port M_AXI_RDATA[120]
WARNING: [Synth 8-3331] design writer_v1_0_M00_AXI has unconnected port M_AXI_RDATA[119]
WARNING: [Synth 8-3331] design writer_v1_0_M00_AXI has unconnected port M_AXI_RDATA[118]
WARNING: [Synth 8-3331] design writer_v1_0_M00_AXI has unconnected port M_AXI_RDATA[117]
WARNING: [Synth 8-3331] design writer_v1_0_M00_AXI has unconnected port M_AXI_RDATA[116]
WARNING: [Synth 8-3331] design writer_v1_0_M00_AXI has unconnected port M_AXI_RDATA[115]
WARNING: [Synth 8-3331] design writer_v1_0_M00_AXI has unconnected port M_AXI_RDATA[114]
WARNING: [Synth 8-3331] design writer_v1_0_M00_AXI has unconnected port M_AXI_RDATA[113]
WARNING: [Synth 8-3331] design writer_v1_0_M00_AXI has unconnected port M_AXI_RDATA[112]
WARNING: [Synth 8-3331] design writer_v1_0_M00_AXI has unconnected port M_AXI_RDATA[111]
WARNING: [Synth 8-3331] design writer_v1_0_M00_AXI has unconnected port M_AXI_RDATA[110]
WARNING: [Synth 8-3331] design writer_v1_0_M00_AXI has unconnected port M_AXI_RDATA[109]
WARNING: [Synth 8-3331] design writer_v1_0_M00_AXI has unconnected port M_AXI_RDATA[108]
WARNING: [Synth 8-3331] design writer_v1_0_M00_AXI has unconnected port M_AXI_RDATA[107]
WARNING: [Synth 8-3331] design writer_v1_0_M00_AXI has unconnected port M_AXI_RDATA[106]
WARNING: [Synth 8-3331] design writer_v1_0_M00_AXI has unconnected port M_AXI_RDATA[105]
WARNING: [Synth 8-3331] design writer_v1_0_M00_AXI has unconnected port M_AXI_RDATA[104]
WARNING: [Synth 8-3331] design writer_v1_0_M00_AXI has unconnected port M_AXI_RDATA[103]
WARNING: [Synth 8-3331] design writer_v1_0_M00_AXI has unconnected port M_AXI_RDATA[102]
WARNING: [Synth 8-3331] design writer_v1_0_M00_AXI has unconnected port M_AXI_RDATA[101]
WARNING: [Synth 8-3331] design writer_v1_0_M00_AXI has unconnected port M_AXI_RDATA[100]
WARNING: [Synth 8-3331] design writer_v1_0_M00_AXI has unconnected port M_AXI_RDATA[99]
WARNING: [Synth 8-3331] design writer_v1_0_M00_AXI has unconnected port M_AXI_RDATA[98]
WARNING: [Synth 8-3331] design writer_v1_0_M00_AXI has unconnected port M_AXI_RDATA[97]
WARNING: [Synth 8-3331] design writer_v1_0_M00_AXI has unconnected port M_AXI_RDATA[96]
WARNING: [Synth 8-3331] design writer_v1_0_M00_AXI has unconnected port M_AXI_RDATA[95]
WARNING: [Synth 8-3331] design writer_v1_0_M00_AXI has unconnected port M_AXI_RDATA[94]
WARNING: [Synth 8-3331] design writer_v1_0_M00_AXI has unconnected port M_AXI_RDATA[93]
WARNING: [Synth 8-3331] design writer_v1_0_M00_AXI has unconnected port M_AXI_RDATA[92]
WARNING: [Synth 8-3331] design writer_v1_0_M00_AXI has unconnected port M_AXI_RDATA[91]
WARNING: [Synth 8-3331] design writer_v1_0_M00_AXI has unconnected port M_AXI_RDATA[90]
WARNING: [Synth 8-3331] design writer_v1_0_M00_AXI has unconnected port M_AXI_RDATA[89]
WARNING: [Synth 8-3331] design writer_v1_0_M00_AXI has unconnected port M_AXI_RDATA[88]
WARNING: [Synth 8-3331] design writer_v1_0_M00_AXI has unconnected port M_AXI_RDATA[87]
WARNING: [Synth 8-3331] design writer_v1_0_M00_AXI has unconnected port M_AXI_RDATA[86]
WARNING: [Synth 8-3331] design writer_v1_0_M00_AXI has unconnected port M_AXI_RDATA[85]
WARNING: [Synth 8-3331] design writer_v1_0_M00_AXI has unconnected port M_AXI_RDATA[84]
WARNING: [Synth 8-3331] design writer_v1_0_M00_AXI has unconnected port M_AXI_RDATA[83]
WARNING: [Synth 8-3331] design writer_v1_0_M00_AXI has unconnected port M_AXI_RDATA[82]
WARNING: [Synth 8-3331] design writer_v1_0_M00_AXI has unconnected port M_AXI_RDATA[81]
WARNING: [Synth 8-3331] design writer_v1_0_M00_AXI has unconnected port M_AXI_RDATA[80]
WARNING: [Synth 8-3331] design writer_v1_0_M00_AXI has unconnected port M_AXI_RDATA[79]
WARNING: [Synth 8-3331] design writer_v1_0_M00_AXI has unconnected port M_AXI_RDATA[78]
WARNING: [Synth 8-3331] design writer_v1_0_M00_AXI has unconnected port M_AXI_RDATA[77]
WARNING: [Synth 8-3331] design writer_v1_0_M00_AXI has unconnected port M_AXI_RDATA[76]
WARNING: [Synth 8-3331] design writer_v1_0_M00_AXI has unconnected port M_AXI_RDATA[75]
WARNING: [Synth 8-3331] design writer_v1_0_M00_AXI has unconnected port M_AXI_RDATA[74]
WARNING: [Synth 8-3331] design writer_v1_0_M00_AXI has unconnected port M_AXI_RDATA[73]
WARNING: [Synth 8-3331] design writer_v1_0_M00_AXI has unconnected port M_AXI_RDATA[72]
WARNING: [Synth 8-3331] design writer_v1_0_M00_AXI has unconnected port M_AXI_RDATA[71]
WARNING: [Synth 8-3331] design writer_v1_0_M00_AXI has unconnected port M_AXI_RDATA[70]
WARNING: [Synth 8-3331] design writer_v1_0_M00_AXI has unconnected port M_AXI_RDATA[69]
WARNING: [Synth 8-3331] design writer_v1_0_M00_AXI has unconnected port M_AXI_RDATA[68]
WARNING: [Synth 8-3331] design writer_v1_0_M00_AXI has unconnected port M_AXI_RDATA[67]
WARNING: [Synth 8-3331] design writer_v1_0_M00_AXI has unconnected port M_AXI_RDATA[66]
WARNING: [Synth 8-3331] design writer_v1_0_M00_AXI has unconnected port M_AXI_RDATA[65]
WARNING: [Synth 8-3331] design writer_v1_0_M00_AXI has unconnected port M_AXI_RDATA[64]
WARNING: [Synth 8-3331] design writer_v1_0_M00_AXI has unconnected port M_AXI_RDATA[63]
WARNING: [Synth 8-3331] design writer_v1_0_M00_AXI has unconnected port M_AXI_RDATA[62]
WARNING: [Synth 8-3331] design writer_v1_0_M00_AXI has unconnected port M_AXI_RDATA[61]
WARNING: [Synth 8-3331] design writer_v1_0_M00_AXI has unconnected port M_AXI_RDATA[60]
WARNING: [Synth 8-3331] design writer_v1_0_M00_AXI has unconnected port M_AXI_RDATA[59]
WARNING: [Synth 8-3331] design writer_v1_0_M00_AXI has unconnected port M_AXI_RDATA[58]
WARNING: [Synth 8-3331] design writer_v1_0_M00_AXI has unconnected port M_AXI_RDATA[57]
WARNING: [Synth 8-3331] design writer_v1_0_M00_AXI has unconnected port M_AXI_RDATA[56]
WARNING: [Synth 8-3331] design writer_v1_0_M00_AXI has unconnected port M_AXI_RDATA[55]
WARNING: [Synth 8-3331] design writer_v1_0_M00_AXI has unconnected port M_AXI_RDATA[54]
WARNING: [Synth 8-3331] design writer_v1_0_M00_AXI has unconnected port M_AXI_RDATA[53]
WARNING: [Synth 8-3331] design writer_v1_0_M00_AXI has unconnected port M_AXI_RDATA[52]
WARNING: [Synth 8-3331] design writer_v1_0_M00_AXI has unconnected port M_AXI_RDATA[51]
WARNING: [Synth 8-3331] design writer_v1_0_M00_AXI has unconnected port M_AXI_RDATA[50]
WARNING: [Synth 8-3331] design writer_v1_0_M00_AXI has unconnected port M_AXI_RDATA[49]
WARNING: [Synth 8-3331] design writer_v1_0_M00_AXI has unconnected port M_AXI_RDATA[48]
WARNING: [Synth 8-3331] design writer_v1_0_M00_AXI has unconnected port M_AXI_RDATA[47]
WARNING: [Synth 8-3331] design writer_v1_0_M00_AXI has unconnected port M_AXI_RDATA[46]
WARNING: [Synth 8-3331] design writer_v1_0_M00_AXI has unconnected port M_AXI_RDATA[45]
WARNING: [Synth 8-3331] design writer_v1_0_M00_AXI has unconnected port M_AXI_RDATA[44]
WARNING: [Synth 8-3331] design writer_v1_0_M00_AXI has unconnected port M_AXI_RDATA[43]
WARNING: [Synth 8-3331] design writer_v1_0_M00_AXI has unconnected port M_AXI_RDATA[42]
WARNING: [Synth 8-3331] design writer_v1_0_M00_AXI has unconnected port M_AXI_RDATA[41]
WARNING: [Synth 8-3331] design writer_v1_0_M00_AXI has unconnected port M_AXI_RDATA[40]
WARNING: [Synth 8-3331] design writer_v1_0_M00_AXI has unconnected port M_AXI_RDATA[39]
WARNING: [Synth 8-3331] design writer_v1_0_M00_AXI has unconnected port M_AXI_RDATA[38]
WARNING: [Synth 8-3331] design writer_v1_0_M00_AXI has unconnected port M_AXI_RDATA[37]
WARNING: [Synth 8-3331] design writer_v1_0_M00_AXI has unconnected port M_AXI_RDATA[36]
WARNING: [Synth 8-3331] design writer_v1_0_M00_AXI has unconnected port M_AXI_RDATA[35]
WARNING: [Synth 8-3331] design writer_v1_0_M00_AXI has unconnected port M_AXI_RDATA[34]
WARNING: [Synth 8-3331] design writer_v1_0_M00_AXI has unconnected port M_AXI_RDATA[33]
INFO: [Common 17-14] Message 'Synth 8-3331' appears 100 times and further instances of the messages will be disabled. Use the Tcl command set_msg_config to change the current settings.
---------------------------------------------------------------------------------
Finished RTL Elaboration : Time (s): cpu = 00:00:08 ; elapsed = 00:00:08 . Memory (MB): peak = 1545.293 ; gain = 0.000 ; free physical = 7091 ; free virtual = 79839
---------------------------------------------------------------------------------

Report Check Netlist: 
+------+------------------+-------+---------+-------+------------------+
|      |Item              |Errors |Warnings |Status |Description       |
+------+------------------+-------+---------+-------+------------------+
|1     |multi_driven_nets |      0|        0|Passed |Multi driven nets |
+------+------------------+-------+---------+-------+------------------+
---------------------------------------------------------------------------------
Finished RTL Optimization Phase 1 : Time (s): cpu = 00:00:08 ; elapsed = 00:00:09 . Memory (MB): peak = 1545.293 ; gain = 0.000 ; free physical = 7027 ; free virtual = 79775
---------------------------------------------------------------------------------
INFO: [Device 21-403] Loading part xczu9eg-ffvb1156-2-e
INFO: [Project 1-570] Preparing netlist for logic optimization

Processing XDC Constraints
Initializing timing engine
Completed Processing XDC Constraints

INFO: [Project 1-111] Unisim Transformation Summary:
No Unisim elements were transformed.

Constraint Validation Runtime : Time (s): cpu = 00:00:00.17 ; elapsed = 00:00:00.06 . Memory (MB): peak = 2184.598 ; gain = 1.000 ; free physical = 4744 ; free virtual = 77492
---------------------------------------------------------------------------------
Finished Constraint Validation : Time (s): cpu = 00:00:27 ; elapsed = 00:00:37 . Memory (MB): peak = 2184.598 ; gain = 639.305 ; free physical = 3770 ; free virtual = 76519
---------------------------------------------------------------------------------
---------------------------------------------------------------------------------
Start Loading Part and Timing Information
---------------------------------------------------------------------------------
Loading part: xczu9eg-ffvb1156-2-e
---------------------------------------------------------------------------------
Finished Loading Part and Timing Information : Time (s): cpu = 00:00:27 ; elapsed = 00:00:37 . Memory (MB): peak = 2184.598 ; gain = 639.305 ; free physical = 3770 ; free virtual = 76519
---------------------------------------------------------------------------------
---------------------------------------------------------------------------------
Start Applying 'set_property' XDC Constraints
---------------------------------------------------------------------------------
---------------------------------------------------------------------------------
Finished applying 'set_property' XDC Constraints : Time (s): cpu = 00:00:27 ; elapsed = 00:00:37 . Memory (MB): peak = 2184.598 ; gain = 639.305 ; free physical = 3770 ; free virtual = 76519
---------------------------------------------------------------------------------
WARNING: [Synth 8-6014] Unused sequential element write_index_reg was removed.  [/home/ro0zkhosh/RelationalMem/RelationalMem/ZYNQ_ULTRASCARE+/RatMem/RatMem.srcs/sources_1/bd/design_1/ipshared/ba58/src/reader_v1_0_M00_AXI.v:444]
WARNING: [Synth 8-6014] Unused sequential element axi_wdata_reg was removed.  [/home/ro0zkhosh/RelationalMem/RelationalMem/ZYNQ_ULTRASCARE+/RatMem/RatMem.srcs/sources_1/bd/design_1/ipshared/ba58/src/reader_v1_0_M00_AXI.v:260]
WARNING: [Synth 8-6014] Unused sequential element read_index_reg was removed.  [/home/ro0zkhosh/RelationalMem/RelationalMem/ZYNQ_ULTRASCARE+/RatMem/RatMem.srcs/sources_1/bd/design_1/ipshared/ba58/src/reader_v1_0_M00_AXI.v:577]
WARNING: [Synth 8-6014] Unused sequential element read_burst_counter_reg was removed.  [/home/ro0zkhosh/RelationalMem/RelationalMem/ZYNQ_ULTRASCARE+/RatMem/RatMem.srcs/sources_1/bd/design_1/ipshared/ba58/src/reader_v1_0_M00_AXI.v:724]
INFO: [Synth 8-5818] HDL ADVISOR - The operator resource <adder> is shared. To prevent sharing consider applying a KEEP on the output of the operator [/home/ro0zkhosh/RelationalMem/RelationalMem/ZYNQ_ULTRASCARE+/RatMem/RatMem.srcs/sources_1/bd/design_1/ipshared/ba58/src/ExtCol.v:82]
WARNING: [Synth 8-6014] Unused sequential element r_extSize_reg_rep was removed.  [/home/ro0zkhosh/RelationalMem/RelationalMem/ZYNQ_ULTRASCARE+/RatMem/RatMem.srcs/sources_1/bd/design_1/ipshared/ba58/src/ExtCol.v:46]
INFO: [Synth 8-4471] merging register 'ERROR_reg' into 'compare_done_reg' [/home/ro0zkhosh/RelationalMem/RelationalMem/ZYNQ_ULTRASCARE+/RatMem/RatMem.srcs/sources_1/bd/design_1/ipshared/ba58/src/writer_v1_0_M00_AXI.v:750]
WARNING: [Synth 8-6014] Unused sequential element ERROR_reg was removed.  [/home/ro0zkhosh/RelationalMem/RelationalMem/ZYNQ_ULTRASCARE+/RatMem/RatMem.srcs/sources_1/bd/design_1/ipshared/ba58/src/writer_v1_0_M00_AXI.v:750]
WARNING: [Synth 8-6014] Unused sequential element write_index_reg was removed.  [/home/ro0zkhosh/RelationalMem/RelationalMem/ZYNQ_ULTRASCARE+/RatMem/RatMem.srcs/sources_1/bd/design_1/ipshared/ba58/src/writer_v1_0_M00_AXI.v:443]
WARNING: [Synth 8-6014] Unused sequential element write_burst_counter_reg was removed.  [/home/ro0zkhosh/RelationalMem/RelationalMem/ZYNQ_ULTRASCARE+/RatMem/RatMem.srcs/sources_1/bd/design_1/ipshared/ba58/src/writer_v1_0_M00_AXI.v:703]
---------------------------------------------------------------------------------
Finished RTL Optimization Phase 2 : Time (s): cpu = 00:00:27 ; elapsed = 00:00:37 . Memory (MB): peak = 2184.598 ; gain = 639.305 ; free physical = 3754 ; free virtual = 76503
---------------------------------------------------------------------------------

Report RTL Partitions: 
+-+--------------+------------+----------+
| |RTL Partition |Replication |Instances |
+-+--------------+------------+----------+
+-+--------------+------------+----------+
---------------------------------------------------------------------------------
Start RTL Component Statistics 
---------------------------------------------------------------------------------
Detailed RTL Component Info : 
+---Adders : 
	   2 Input     32 Bit       Adders := 4     
	   3 Input      8 Bit       Adders := 1     
	   2 Input      5 Bit       Adders := 7     
	   5 Input      4 Bit       Adders := 1     
+---Registers : 
	              256 Bit    Registers := 1     
	              128 Bit    Registers := 1     
	               32 Bit    Registers := 4     
	                8 Bit    Registers := 2     
	                5 Bit    Registers := 6     
	                2 Bit    Registers := 2     
	                1 Bit    Registers := 29    
+---ROMs : 
	                              ROMs := 1     
+---Muxes : 
	   2 Input    256 Bit        Muxes := 1     
	  32 Input    256 Bit        Muxes := 1     
	   2 Input      8 Bit        Muxes := 4     
	   5 Input      5 Bit        Muxes := 1     
	   2 Input      4 Bit        Muxes := 3     
	   5 Input      2 Bit        Muxes := 1     
	   2 Input      2 Bit        Muxes := 2     
	   2 Input      1 Bit        Muxes := 21    
	   3 Input      1 Bit        Muxes := 2     
---------------------------------------------------------------------------------
Finished RTL Component Statistics 
---------------------------------------------------------------------------------
---------------------------------------------------------------------------------
Start RTL Hierarchical Component Statistics 
---------------------------------------------------------------------------------
Hierarchical RTL Component report 
Module reader_v1_0_M00_AXI 
Detailed RTL Component Info : 
+---Adders : 
	   2 Input     32 Bit       Adders := 1     
	   2 Input      5 Bit       Adders := 3     
+---Registers : 
	               32 Bit    Registers := 2     
	                5 Bit    Registers := 3     
	                2 Bit    Registers := 1     
	                1 Bit    Registers := 14    
+---Muxes : 
	   5 Input      2 Bit        Muxes := 1     
	   2 Input      1 Bit        Muxes := 6     
	   3 Input      1 Bit        Muxes := 2     
Module ExtCol 
Detailed RTL Component Info : 
+---Adders : 
	   2 Input     32 Bit       Adders := 1     
	   3 Input      8 Bit       Adders := 1     
	   2 Input      5 Bit       Adders := 2     
	   5 Input      4 Bit       Adders := 1     
+---Registers : 
	              256 Bit    Registers := 1     
	                8 Bit    Registers := 2     
	                5 Bit    Registers := 1     
	                1 Bit    Registers := 2     
+---ROMs : 
	                              ROMs := 1     
+---Muxes : 
	   2 Input    256 Bit        Muxes := 1     
	  32 Input    256 Bit        Muxes := 1     
	   2 Input      8 Bit        Muxes := 4     
	   5 Input      5 Bit        Muxes := 1     
	   2 Input      4 Bit        Muxes := 3     
	   2 Input      1 Bit        Muxes := 3     
Module writer_v1_0_M00_AXI 
Detailed RTL Component Info : 
+---Adders : 
	   2 Input     32 Bit       Adders := 2     
	   2 Input      5 Bit       Adders := 2     
+---Registers : 
	              128 Bit    Registers := 1     
	               32 Bit    Registers := 2     
	                5 Bit    Registers := 2     
	                2 Bit    Registers := 1     
	                1 Bit    Registers := 13    
+---Muxes : 
	   2 Input      2 Bit        Muxes := 2     
	   2 Input      1 Bit        Muxes := 12    
---------------------------------------------------------------------------------
Finished RTL Hierarchical Component Statistics
---------------------------------------------------------------------------------
---------------------------------------------------------------------------------
Start Part Resource Summary
---------------------------------------------------------------------------------
Part Resources:
DSPs: 2520 (col length:168)
BRAMs: 1824 (col length: RAMB18 168 RAMB36 84)
---------------------------------------------------------------------------------
Finished Part Resource Summary
---------------------------------------------------------------------------------
---------------------------------------------------------------------------------
Start Cross Boundary and Area Optimization
---------------------------------------------------------------------------------
WARNING: [Synth 8-6014] Unused sequential element r_extSize_reg_rep was removed.  [/home/ro0zkhosh/RelationalMem/RelationalMem/ZYNQ_ULTRASCARE+/RatMem/RatMem.srcs/sources_1/bd/design_1/ipshared/ba58/src/ExtCol.v:46]
WARNING: [Synth 8-6014] Unused sequential element inst/reader_v1_0_M00_AXI_inst/read_index_reg was removed.  [/home/ro0zkhosh/RelationalMem/RelationalMem/ZYNQ_ULTRASCARE+/RatMem/RatMem.srcs/sources_1/bd/design_1/ipshared/ba58/src/reader_v1_0_M00_AXI.v:577]
WARNING: [Synth 8-6014] Unused sequential element inst/reader_v1_0_M00_AXI_inst/read_burst_counter_reg was removed.  [/home/ro0zkhosh/RelationalMem/RelationalMem/ZYNQ_ULTRASCARE+/RatMem/RatMem.srcs/sources_1/bd/design_1/ipshared/ba58/src/reader_v1_0_M00_AXI.v:724]
WARNING: [Synth 8-6014] Unused sequential element inst/reader_v1_0_M00_AXI_inst/write_index_reg was removed.  [/home/ro0zkhosh/RelationalMem/RelationalMem/ZYNQ_ULTRASCARE+/RatMem/RatMem.srcs/sources_1/bd/design_1/ipshared/ba58/src/reader_v1_0_M00_AXI.v:444]
WARNING: [Synth 8-6014] Unused sequential element inst/reader_v1_0_M00_AXI_inst/axi_wdata_reg was removed.  [/home/ro0zkhosh/RelationalMem/RelationalMem/ZYNQ_ULTRASCARE+/RatMem/RatMem.srcs/sources_1/bd/design_1/ipshared/ba58/src/reader_v1_0_M00_AXI.v:260]
WARNING: [Synth 8-6014] Unused sequential element inst/writer_v1_0_M00_AXI_inst/write_burst_counter_reg was removed.  [/home/ro0zkhosh/RelationalMem/RelationalMem/ZYNQ_ULTRASCARE+/RatMem/RatMem.srcs/sources_1/bd/design_1/ipshared/ba58/src/writer_v1_0_M00_AXI.v:703]
WARNING: [Synth 8-6014] Unused sequential element inst/writer_v1_0_M00_AXI_inst/write_index_reg was removed.  [/home/ro0zkhosh/RelationalMem/RelationalMem/ZYNQ_ULTRASCARE+/RatMem/RatMem.srcs/sources_1/bd/design_1/ipshared/ba58/src/writer_v1_0_M00_AXI.v:443]
INFO: [Synth 8-3917] design design_1_fetch_unit_2_1 has port r_data[127] driven by constant 0
INFO: [Synth 8-3917] design design_1_fetch_unit_2_1 has port r_data[126] driven by constant 0
INFO: [Synth 8-3917] design design_1_fetch_unit_2_1 has port r_data[125] driven by constant 0
INFO: [Synth 8-3917] design design_1_fetch_unit_2_1 has port r_data[124] driven by constant 0
INFO: [Synth 8-3917] design design_1_fetch_unit_2_1 has port r_data[123] driven by constant 0
INFO: [Synth 8-3917] design design_1_fetch_unit_2_1 has port r_data[122] driven by constant 0
INFO: [Synth 8-3917] design design_1_fetch_unit_2_1 has port r_data[121] driven by constant 0
INFO: [Synth 8-3917] design design_1_fetch_unit_2_1 has port r_data[120] driven by constant 0
INFO: [Synth 8-3917] design design_1_fetch_unit_2_1 has port r_data[119] driven by constant 0
INFO: [Synth 8-3917] design design_1_fetch_unit_2_1 has port r_data[118] driven by constant 0
INFO: [Synth 8-3917] design design_1_fetch_unit_2_1 has port r_data[117] driven by constant 0
INFO: [Synth 8-3917] design design_1_fetch_unit_2_1 has port r_data[116] driven by constant 0
INFO: [Synth 8-3917] design design_1_fetch_unit_2_1 has port r_data[115] driven by constant 0
INFO: [Synth 8-3917] design design_1_fetch_unit_2_1 has port r_data[114] driven by constant 0
INFO: [Synth 8-3917] design design_1_fetch_unit_2_1 has port r_data[113] driven by constant 0
INFO: [Synth 8-3917] design design_1_fetch_unit_2_1 has port r_data[112] driven by constant 0
INFO: [Synth 8-3917] design design_1_fetch_unit_2_1 has port r_data[111] driven by constant 0
INFO: [Synth 8-3917] design design_1_fetch_unit_2_1 has port r_data[110] driven by constant 0
INFO: [Synth 8-3917] design design_1_fetch_unit_2_1 has port r_data[109] driven by constant 0
INFO: [Synth 8-3917] design design_1_fetch_unit_2_1 has port r_data[108] driven by constant 0
INFO: [Synth 8-3917] design design_1_fetch_unit_2_1 has port r_data[107] driven by constant 0
INFO: [Synth 8-3917] design design_1_fetch_unit_2_1 has port r_data[106] driven by constant 0
INFO: [Synth 8-3917] design design_1_fetch_unit_2_1 has port r_data[105] driven by constant 0
INFO: [Synth 8-3917] design design_1_fetch_unit_2_1 has port r_data[104] driven by constant 0
INFO: [Synth 8-3917] design design_1_fetch_unit_2_1 has port r_data[103] driven by constant 0
INFO: [Synth 8-3917] design design_1_fetch_unit_2_1 has port r_data[102] driven by constant 0
INFO: [Synth 8-3917] design design_1_fetch_unit_2_1 has port r_data[101] driven by constant 0
INFO: [Synth 8-3917] design design_1_fetch_unit_2_1 has port r_data[100] driven by constant 0
INFO: [Synth 8-3917] design design_1_fetch_unit_2_1 has port r_data[99] driven by constant 0
INFO: [Synth 8-3917] design design_1_fetch_unit_2_1 has port r_data[98] driven by constant 0
INFO: [Synth 8-3917] design design_1_fetch_unit_2_1 has port r_data[97] driven by constant 0
INFO: [Synth 8-3917] design design_1_fetch_unit_2_1 has port r_data[96] driven by constant 0
INFO: [Synth 8-3917] design design_1_fetch_unit_2_1 has port r_data[95] driven by constant 0
INFO: [Synth 8-3917] design design_1_fetch_unit_2_1 has port r_data[94] driven by constant 0
INFO: [Synth 8-3917] design design_1_fetch_unit_2_1 has port r_data[93] driven by constant 0
INFO: [Synth 8-3917] design design_1_fetch_unit_2_1 has port r_data[92] driven by constant 0
INFO: [Synth 8-3917] design design_1_fetch_unit_2_1 has port r_data[91] driven by constant 0
INFO: [Synth 8-3917] design design_1_fetch_unit_2_1 has port r_data[90] driven by constant 0
INFO: [Synth 8-3917] design design_1_fetch_unit_2_1 has port r_data[89] driven by constant 0
INFO: [Synth 8-3917] design design_1_fetch_unit_2_1 has port r_data[88] driven by constant 0
INFO: [Synth 8-3917] design design_1_fetch_unit_2_1 has port r_data[87] driven by constant 0
INFO: [Synth 8-3917] design design_1_fetch_unit_2_1 has port r_data[86] driven by constant 0
INFO: [Synth 8-3917] design design_1_fetch_unit_2_1 has port r_data[85] driven by constant 0
INFO: [Synth 8-3917] design design_1_fetch_unit_2_1 has port r_data[84] driven by constant 0
INFO: [Synth 8-3917] design design_1_fetch_unit_2_1 has port r_data[83] driven by constant 0
INFO: [Synth 8-3917] design design_1_fetch_unit_2_1 has port r_data[82] driven by constant 0
INFO: [Synth 8-3917] design design_1_fetch_unit_2_1 has port r_data[81] driven by constant 0
INFO: [Synth 8-3917] design design_1_fetch_unit_2_1 has port r_data[80] driven by constant 0
INFO: [Synth 8-3917] design design_1_fetch_unit_2_1 has port r_data[79] driven by constant 0
INFO: [Synth 8-3917] design design_1_fetch_unit_2_1 has port r_data[78] driven by constant 0
INFO: [Synth 8-3917] design design_1_fetch_unit_2_1 has port r_data[77] driven by constant 0
INFO: [Synth 8-3917] design design_1_fetch_unit_2_1 has port r_data[76] driven by constant 0
INFO: [Synth 8-3917] design design_1_fetch_unit_2_1 has port r_data[75] driven by constant 0
INFO: [Synth 8-3917] design design_1_fetch_unit_2_1 has port r_data[74] driven by constant 0
INFO: [Synth 8-3917] design design_1_fetch_unit_2_1 has port r_data[73] driven by constant 0
INFO: [Synth 8-3917] design design_1_fetch_unit_2_1 has port r_data[72] driven by constant 0
INFO: [Synth 8-3917] design design_1_fetch_unit_2_1 has port r_data[71] driven by constant 0
INFO: [Synth 8-3917] design design_1_fetch_unit_2_1 has port r_data[70] driven by constant 0
INFO: [Synth 8-3917] design design_1_fetch_unit_2_1 has port r_data[69] driven by constant 0
INFO: [Synth 8-3917] design design_1_fetch_unit_2_1 has port r_data[68] driven by constant 0
INFO: [Synth 8-3917] design design_1_fetch_unit_2_1 has port r_data[67] driven by constant 0
INFO: [Synth 8-3917] design design_1_fetch_unit_2_1 has port r_data[66] driven by constant 0
INFO: [Synth 8-3917] design design_1_fetch_unit_2_1 has port r_data[65] driven by constant 0
INFO: [Synth 8-3917] design design_1_fetch_unit_2_1 has port r_data[64] driven by constant 0
INFO: [Synth 8-3917] design design_1_fetch_unit_2_1 has port r_data[63] driven by constant 0
INFO: [Synth 8-3917] design design_1_fetch_unit_2_1 has port r_data[62] driven by constant 0
INFO: [Synth 8-3917] design design_1_fetch_unit_2_1 has port r_data[61] driven by constant 0
INFO: [Synth 8-3917] design design_1_fetch_unit_2_1 has port r_data[60] driven by constant 0
INFO: [Synth 8-3917] design design_1_fetch_unit_2_1 has port r_data[59] driven by constant 0
INFO: [Synth 8-3917] design design_1_fetch_unit_2_1 has port r_data[58] driven by constant 0
INFO: [Synth 8-3917] design design_1_fetch_unit_2_1 has port r_data[57] driven by constant 0
INFO: [Synth 8-3917] design design_1_fetch_unit_2_1 has port r_data[56] driven by constant 0
INFO: [Synth 8-3917] design design_1_fetch_unit_2_1 has port r_data[55] driven by constant 0
INFO: [Synth 8-3917] design design_1_fetch_unit_2_1 has port r_data[54] driven by constant 0
INFO: [Synth 8-3917] design design_1_fetch_unit_2_1 has port r_data[53] driven by constant 0
INFO: [Synth 8-3917] design design_1_fetch_unit_2_1 has port r_data[52] driven by constant 0
INFO: [Synth 8-3917] design design_1_fetch_unit_2_1 has port r_data[51] driven by constant 0
INFO: [Synth 8-3917] design design_1_fetch_unit_2_1 has port r_data[50] driven by constant 0
INFO: [Synth 8-3917] design design_1_fetch_unit_2_1 has port r_data[49] driven by constant 0
INFO: [Synth 8-3917] design design_1_fetch_unit_2_1 has port r_data[48] driven by constant 0
INFO: [Synth 8-3917] design design_1_fetch_unit_2_1 has port r_data[47] driven by constant 0
INFO: [Synth 8-3917] design design_1_fetch_unit_2_1 has port r_data[46] driven by constant 0
INFO: [Synth 8-3917] design design_1_fetch_unit_2_1 has port r_data[45] driven by constant 0
INFO: [Synth 8-3917] design design_1_fetch_unit_2_1 has port r_data[44] driven by constant 0
INFO: [Synth 8-3917] design design_1_fetch_unit_2_1 has port r_data[43] driven by constant 0
INFO: [Synth 8-3917] design design_1_fetch_unit_2_1 has port r_data[42] driven by constant 0
INFO: [Synth 8-3917] design design_1_fetch_unit_2_1 has port r_data[41] driven by constant 0
INFO: [Synth 8-3917] design design_1_fetch_unit_2_1 has port r_data[40] driven by constant 0
INFO: [Synth 8-3917] design design_1_fetch_unit_2_1 has port r_data[39] driven by constant 0
INFO: [Synth 8-3917] design design_1_fetch_unit_2_1 has port r_data[38] driven by constant 0
INFO: [Synth 8-3917] design design_1_fetch_unit_2_1 has port r_data[37] driven by constant 0
INFO: [Synth 8-3917] design design_1_fetch_unit_2_1 has port r_data[36] driven by constant 0
INFO: [Synth 8-3917] design design_1_fetch_unit_2_1 has port r_data[35] driven by constant 0
INFO: [Synth 8-3917] design design_1_fetch_unit_2_1 has port r_data[34] driven by constant 0
INFO: [Synth 8-3917] design design_1_fetch_unit_2_1 has port r_data[33] driven by constant 0
INFO: [Synth 8-3917] design design_1_fetch_unit_2_1 has port r_data[32] driven by constant 0
INFO: [Synth 8-3917] design design_1_fetch_unit_2_1 has port r_data[31] driven by constant 0
INFO: [Synth 8-3917] design design_1_fetch_unit_2_1 has port r_data[30] driven by constant 0
INFO: [Synth 8-3917] design design_1_fetch_unit_2_1 has port r_data[29] driven by constant 0
INFO: [Synth 8-3917] design design_1_fetch_unit_2_1 has port r_data[28] driven by constant 0
INFO: [Common 17-14] Message 'Synth 8-3917' appears 100 times and further instances of the messages will be disabled. Use the Tcl command set_msg_config to change the current settings.
INFO: [Synth 8-3333] propagating constant 0 across sequential element (\inst/reader_v1_0_M00_AXI_inst/mst_exec_state_reg[0] )
INFO: [Synth 8-3333] propagating constant 0 across sequential element (\inst/reader_v1_0_M00_AXI_inst/start_single_burst_write_reg )
INFO: [Synth 8-3886] merging instance 'inst/reader_v1_0_M00_AXI_inst/axi_awaddr_reg[29]' (FDRE) to 'inst/reader_v1_0_M00_AXI_inst/axi_awaddr_reg[0]'
INFO: [Synth 8-3333] propagating constant 0 across sequential element (\inst/writer_v1_0_M00_AXI_inst/mst_exec_state_reg[1] )
INFO: [Synth 8-3333] propagating constant 0 across sequential element (\inst/writer_v1_0_M00_AXI_inst/start_single_burst_read_reg )
INFO: [Synth 8-3886] merging instance 'inst/writer_v1_0_M00_AXI_inst/axi_araddr_reg[29]' (FDRE) to 'inst/writer_v1_0_M00_AXI_inst/axi_araddr_reg[0]'
INFO: [Synth 8-3333] propagating constant 0 across sequential element (\inst/reader_v1_0_M00_AXI_inst/ERROR_reg )
INFO: [Synth 8-3333] propagating constant 0 across sequential element (\inst/reader_v1_0_M00_AXI_inst/compare_done_reg )
INFO: [Synth 8-3886] merging instance 'inst/reader_v1_0_M00_AXI_inst/axi_awaddr_reg[0]' (FDRE) to 'inst/reader_v1_0_M00_AXI_inst/axi_awaddr_reg[1]'
INFO: [Synth 8-3886] merging instance 'inst/reader_v1_0_M00_AXI_inst/axi_awaddr_reg[1]' (FDRE) to 'inst/reader_v1_0_M00_AXI_inst/axi_awaddr_reg[2]'
INFO: [Synth 8-3886] merging instance 'inst/reader_v1_0_M00_AXI_inst/axi_awaddr_reg[2]' (FDRE) to 'inst/reader_v1_0_M00_AXI_inst/axi_awaddr_reg[3]'
INFO: [Synth 8-3886] merging instance 'inst/reader_v1_0_M00_AXI_inst/axi_awaddr_reg[3]' (FDRE) to 'inst/reader_v1_0_M00_AXI_inst/axi_awaddr_reg[4]'
INFO: [Synth 8-3886] merging instance 'inst/reader_v1_0_M00_AXI_inst/axi_awaddr_reg[4]' (FDRE) to 'inst/reader_v1_0_M00_AXI_inst/axi_awaddr_reg[5]'
INFO: [Synth 8-3886] merging instance 'inst/reader_v1_0_M00_AXI_inst/axi_awaddr_reg[5]' (FDRE) to 'inst/reader_v1_0_M00_AXI_inst/axi_awaddr_reg[6]'
INFO: [Synth 8-3886] merging instance 'inst/reader_v1_0_M00_AXI_inst/axi_awaddr_reg[6]' (FDRE) to 'inst/reader_v1_0_M00_AXI_inst/axi_awaddr_reg[7]'
INFO: [Synth 8-3886] merging instance 'inst/reader_v1_0_M00_AXI_inst/axi_awaddr_reg[7]' (FDRE) to 'inst/reader_v1_0_M00_AXI_inst/axi_awaddr_reg[8]'
INFO: [Synth 8-3886] merging instance 'inst/reader_v1_0_M00_AXI_inst/axi_awaddr_reg[8]' (FDRE) to 'inst/reader_v1_0_M00_AXI_inst/axi_awaddr_reg[9]'
INFO: [Synth 8-3886] merging instance 'inst/reader_v1_0_M00_AXI_inst/axi_awaddr_reg[9]' (FDRE) to 'inst/reader_v1_0_M00_AXI_inst/axi_awaddr_reg[10]'
INFO: [Synth 8-3886] merging instance 'inst/reader_v1_0_M00_AXI_inst/axi_awaddr_reg[10]' (FDRE) to 'inst/reader_v1_0_M00_AXI_inst/axi_awaddr_reg[11]'
INFO: [Synth 8-3886] merging instance 'inst/reader_v1_0_M00_AXI_inst/axi_awaddr_reg[11]' (FDRE) to 'inst/reader_v1_0_M00_AXI_inst/axi_awaddr_reg[12]'
INFO: [Synth 8-3886] merging instance 'inst/reader_v1_0_M00_AXI_inst/axi_awaddr_reg[12]' (FDRE) to 'inst/reader_v1_0_M00_AXI_inst/axi_awaddr_reg[13]'
INFO: [Synth 8-3886] merging instance 'inst/reader_v1_0_M00_AXI_inst/axi_awaddr_reg[13]' (FDRE) to 'inst/reader_v1_0_M00_AXI_inst/axi_awaddr_reg[14]'
INFO: [Synth 8-3886] merging instance 'inst/reader_v1_0_M00_AXI_inst/axi_awaddr_reg[14]' (FDRE) to 'inst/reader_v1_0_M00_AXI_inst/axi_awaddr_reg[15]'
INFO: [Synth 8-3886] merging instance 'inst/reader_v1_0_M00_AXI_inst/axi_awaddr_reg[15]' (FDRE) to 'inst/reader_v1_0_M00_AXI_inst/axi_awaddr_reg[16]'
INFO: [Synth 8-3886] merging instance 'inst/reader_v1_0_M00_AXI_inst/axi_awaddr_reg[16]' (FDRE) to 'inst/reader_v1_0_M00_AXI_inst/axi_awaddr_reg[17]'
INFO: [Synth 8-3886] merging instance 'inst/reader_v1_0_M00_AXI_inst/axi_awaddr_reg[17]' (FDRE) to 'inst/reader_v1_0_M00_AXI_inst/axi_awaddr_reg[18]'
INFO: [Synth 8-3886] merging instance 'inst/reader_v1_0_M00_AXI_inst/axi_awaddr_reg[18]' (FDRE) to 'inst/reader_v1_0_M00_AXI_inst/axi_awaddr_reg[19]'
INFO: [Synth 8-3886] merging instance 'inst/reader_v1_0_M00_AXI_inst/axi_awaddr_reg[19]' (FDRE) to 'inst/reader_v1_0_M00_AXI_inst/axi_awaddr_reg[20]'
INFO: [Synth 8-3886] merging instance 'inst/reader_v1_0_M00_AXI_inst/axi_awaddr_reg[20]' (FDRE) to 'inst/reader_v1_0_M00_AXI_inst/axi_awaddr_reg[21]'
INFO: [Synth 8-3886] merging instance 'inst/reader_v1_0_M00_AXI_inst/axi_awaddr_reg[21]' (FDRE) to 'inst/reader_v1_0_M00_AXI_inst/axi_awaddr_reg[22]'
INFO: [Synth 8-3886] merging instance 'inst/reader_v1_0_M00_AXI_inst/axi_awaddr_reg[22]' (FDRE) to 'inst/reader_v1_0_M00_AXI_inst/axi_awaddr_reg[23]'
INFO: [Synth 8-3886] merging instance 'inst/reader_v1_0_M00_AXI_inst/axi_awaddr_reg[23]' (FDRE) to 'inst/reader_v1_0_M00_AXI_inst/axi_awaddr_reg[24]'
INFO: [Synth 8-3886] merging instance 'inst/reader_v1_0_M00_AXI_inst/axi_awaddr_reg[24]' (FDRE) to 'inst/reader_v1_0_M00_AXI_inst/axi_awaddr_reg[25]'
INFO: [Synth 8-3886] merging instance 'inst/reader_v1_0_M00_AXI_inst/axi_awaddr_reg[25]' (FDRE) to 'inst/reader_v1_0_M00_AXI_inst/axi_awaddr_reg[26]'
INFO: [Synth 8-3886] merging instance 'inst/reader_v1_0_M00_AXI_inst/axi_awaddr_reg[26]' (FDRE) to 'inst/reader_v1_0_M00_AXI_inst/axi_awaddr_reg[27]'
INFO: [Synth 8-3886] merging instance 'inst/reader_v1_0_M00_AXI_inst/axi_awaddr_reg[27]' (FDRE) to 'inst/reader_v1_0_M00_AXI_inst/axi_awaddr_reg[28]'
INFO: [Synth 8-3886] merging instance 'inst/reader_v1_0_M00_AXI_inst/axi_awaddr_reg[28]' (FDRE) to 'inst/reader_v1_0_M00_AXI_inst/axi_awaddr_reg[30]'
INFO: [Synth 8-3886] merging instance 'inst/reader_v1_0_M00_AXI_inst/axi_awaddr_reg[30]' (FDRE) to 'inst/reader_v1_0_M00_AXI_inst/axi_awaddr_reg[31]'
INFO: [Synth 8-3333] propagating constant 0 across sequential element (\inst/reader_v1_0_M00_AXI_inst/axi_awaddr_reg[31] )
INFO: [Synth 8-3333] propagating constant 0 across sequential element (\inst/writer_v1_0_M00_AXI_inst/compare_done_reg )
INFO: [Synth 8-3886] merging instance 'inst/writer_v1_0_M00_AXI_inst/axi_araddr_reg[0]' (FDRE) to 'inst/writer_v1_0_M00_AXI_inst/axi_araddr_reg[1]'
INFO: [Synth 8-3886] merging instance 'inst/writer_v1_0_M00_AXI_inst/axi_araddr_reg[1]' (FDRE) to 'inst/writer_v1_0_M00_AXI_inst/axi_araddr_reg[2]'
INFO: [Synth 8-3886] merging instance 'inst/writer_v1_0_M00_AXI_inst/axi_araddr_reg[2]' (FDRE) to 'inst/writer_v1_0_M00_AXI_inst/axi_araddr_reg[3]'
INFO: [Synth 8-3886] merging instance 'inst/writer_v1_0_M00_AXI_inst/axi_araddr_reg[3]' (FDRE) to 'inst/writer_v1_0_M00_AXI_inst/axi_araddr_reg[4]'
INFO: [Synth 8-3886] merging instance 'inst/writer_v1_0_M00_AXI_inst/axi_araddr_reg[4]' (FDRE) to 'inst/writer_v1_0_M00_AXI_inst/axi_araddr_reg[5]'
INFO: [Synth 8-3886] merging instance 'inst/writer_v1_0_M00_AXI_inst/axi_araddr_reg[5]' (FDRE) to 'inst/writer_v1_0_M00_AXI_inst/axi_araddr_reg[6]'
INFO: [Synth 8-3886] merging instance 'inst/writer_v1_0_M00_AXI_inst/axi_araddr_reg[6]' (FDRE) to 'inst/writer_v1_0_M00_AXI_inst/axi_araddr_reg[7]'
INFO: [Synth 8-3886] merging instance 'inst/writer_v1_0_M00_AXI_inst/axi_araddr_reg[7]' (FDRE) to 'inst/writer_v1_0_M00_AXI_inst/axi_araddr_reg[8]'
INFO: [Synth 8-3886] merging instance 'inst/writer_v1_0_M00_AXI_inst/axi_araddr_reg[8]' (FDRE) to 'inst/writer_v1_0_M00_AXI_inst/axi_araddr_reg[9]'
INFO: [Synth 8-3886] merging instance 'inst/writer_v1_0_M00_AXI_inst/axi_araddr_reg[9]' (FDRE) to 'inst/writer_v1_0_M00_AXI_inst/axi_araddr_reg[10]'
INFO: [Synth 8-3886] merging instance 'inst/writer_v1_0_M00_AXI_inst/axi_araddr_reg[10]' (FDRE) to 'inst/writer_v1_0_M00_AXI_inst/axi_araddr_reg[11]'
INFO: [Synth 8-3886] merging instance 'inst/writer_v1_0_M00_AXI_inst/axi_araddr_reg[11]' (FDRE) to 'inst/writer_v1_0_M00_AXI_inst/axi_araddr_reg[12]'
INFO: [Synth 8-3886] merging instance 'inst/writer_v1_0_M00_AXI_inst/axi_araddr_reg[12]' (FDRE) to 'inst/writer_v1_0_M00_AXI_inst/axi_araddr_reg[13]'
INFO: [Synth 8-3886] merging instance 'inst/writer_v1_0_M00_AXI_inst/axi_araddr_reg[13]' (FDRE) to 'inst/writer_v1_0_M00_AXI_inst/axi_araddr_reg[14]'
INFO: [Synth 8-3886] merging instance 'inst/writer_v1_0_M00_AXI_inst/axi_araddr_reg[14]' (FDRE) to 'inst/writer_v1_0_M00_AXI_inst/axi_araddr_reg[15]'
INFO: [Synth 8-3886] merging instance 'inst/writer_v1_0_M00_AXI_inst/axi_araddr_reg[15]' (FDRE) to 'inst/writer_v1_0_M00_AXI_inst/axi_araddr_reg[16]'
INFO: [Synth 8-3886] merging instance 'inst/writer_v1_0_M00_AXI_inst/axi_araddr_reg[16]' (FDRE) to 'inst/writer_v1_0_M00_AXI_inst/axi_araddr_reg[17]'
INFO: [Synth 8-3886] merging instance 'inst/writer_v1_0_M00_AXI_inst/axi_araddr_reg[17]' (FDRE) to 'inst/writer_v1_0_M00_AXI_inst/axi_araddr_reg[18]'
INFO: [Synth 8-3886] merging instance 'inst/writer_v1_0_M00_AXI_inst/axi_araddr_reg[18]' (FDRE) to 'inst/writer_v1_0_M00_AXI_inst/axi_araddr_reg[19]'
INFO: [Synth 8-3886] merging instance 'inst/writer_v1_0_M00_AXI_inst/axi_araddr_reg[19]' (FDRE) to 'inst/writer_v1_0_M00_AXI_inst/axi_araddr_reg[20]'
INFO: [Synth 8-3886] merging instance 'inst/writer_v1_0_M00_AXI_inst/axi_araddr_reg[20]' (FDRE) to 'inst/writer_v1_0_M00_AXI_inst/axi_araddr_reg[21]'
INFO: [Synth 8-3886] merging instance 'inst/writer_v1_0_M00_AXI_inst/axi_araddr_reg[21]' (FDRE) to 'inst/writer_v1_0_M00_AXI_inst/axi_araddr_reg[22]'
INFO: [Synth 8-3886] merging instance 'inst/writer_v1_0_M00_AXI_inst/axi_araddr_reg[22]' (FDRE) to 'inst/writer_v1_0_M00_AXI_inst/axi_araddr_reg[23]'
INFO: [Synth 8-3886] merging instance 'inst/writer_v1_0_M00_AXI_inst/axi_araddr_reg[23]' (FDRE) to 'inst/writer_v1_0_M00_AXI_inst/axi_araddr_reg[24]'
INFO: [Synth 8-3886] merging instance 'inst/writer_v1_0_M00_AXI_inst/axi_araddr_reg[24]' (FDRE) to 'inst/writer_v1_0_M00_AXI_inst/axi_araddr_reg[25]'
INFO: [Synth 8-3886] merging instance 'inst/writer_v1_0_M00_AXI_inst/axi_araddr_reg[25]' (FDRE) to 'inst/writer_v1_0_M00_AXI_inst/axi_araddr_reg[26]'
INFO: [Synth 8-3886] merging instance 'inst/writer_v1_0_M00_AXI_inst/axi_araddr_reg[26]' (FDRE) to 'inst/writer_v1_0_M00_AXI_inst/axi_araddr_reg[27]'
INFO: [Synth 8-3886] merging instance 'inst/writer_v1_0_M00_AXI_inst/axi_araddr_reg[27]' (FDRE) to 'inst/writer_v1_0_M00_AXI_inst/axi_araddr_reg[28]'
INFO: [Synth 8-3886] merging instance 'inst/writer_v1_0_M00_AXI_inst/axi_araddr_reg[28]' (FDRE) to 'inst/writer_v1_0_M00_AXI_inst/axi_araddr_reg[30]'
INFO: [Synth 8-3886] merging instance 'inst/writer_v1_0_M00_AXI_inst/axi_araddr_reg[30]' (FDRE) to 'inst/writer_v1_0_M00_AXI_inst/axi_araddr_reg[31]'
INFO: [Synth 8-3333] propagating constant 0 across sequential element (\inst/writer_v1_0_M00_AXI_inst/axi_araddr_reg[31] )
INFO: [Synth 8-3333] propagating constant 0 across sequential element (\inst/extcol_inst /\o_col_data_reg[1] )
INFO: [Synth 8-3333] propagating constant 0 across sequential element (\inst/extcol_inst /\o_col_data_reg[2] )
INFO: [Synth 8-3333] propagating constant 0 across sequential element (\inst/extcol_inst /\o_col_data_reg[3] )
INFO: [Synth 8-3333] propagating constant 0 across sequential element (\inst/extcol_inst /\o_col_data_reg[4] )
INFO: [Synth 8-3333] propagating constant 0 across sequential element (\inst/extcol_inst /\o_col_data_reg[5] )
INFO: [Synth 8-3333] propagating constant 0 across sequential element (\inst/extcol_inst /\o_col_data_reg[6] )
INFO: [Synth 8-3333] propagating constant 0 across sequential element (\inst/extcol_inst /\o_col_data_reg[7] )
INFO: [Synth 8-3333] propagating constant 0 across sequential element (\inst/extcol_inst /\o_col_data_reg[9] )
INFO: [Synth 8-3333] propagating constant 0 across sequential element (\inst/extcol_inst /\o_col_data_reg[10] )
INFO: [Synth 8-3333] propagating constant 0 across sequential element (\inst/extcol_inst /\o_col_data_reg[11] )
INFO: [Synth 8-3333] propagating constant 0 across sequential element (\inst/extcol_inst /\o_col_data_reg[12] )
INFO: [Synth 8-3333] propagating constant 0 across sequential element (\inst/extcol_inst /\o_col_data_reg[13] )
INFO: [Synth 8-3333] propagating constant 0 across sequential element (\inst/extcol_inst /\o_col_data_reg[14] )
INFO: [Synth 8-3333] propagating constant 0 across sequential element (\inst/extcol_inst /\o_col_data_reg[15] )
INFO: [Synth 8-3333] propagating constant 0 across sequential element (\inst/extcol_inst /\o_col_data_reg[17] )
INFO: [Synth 8-3333] propagating constant 0 across sequential element (\inst/extcol_inst /\o_col_data_reg[18] )
INFO: [Synth 8-3333] propagating constant 0 across sequential element (\inst/extcol_inst /\o_col_data_reg[19] )
INFO: [Synth 8-3333] propagating constant 0 across sequential element (\inst/extcol_inst /\o_col_data_reg[20] )
INFO: [Synth 8-3333] propagating constant 0 across sequential element (\inst/extcol_inst /\o_col_data_reg[21] )
INFO: [Synth 8-3333] propagating constant 0 across sequential element (\inst/extcol_inst /\o_col_data_reg[22] )
INFO: [Synth 8-3333] propagating constant 0 across sequential element (\inst/extcol_inst /\o_col_data_reg[23] )
INFO: [Synth 8-3333] propagating constant 0 across sequential element (\inst/extcol_inst /\o_col_data_reg[25] )
INFO: [Synth 8-3333] propagating constant 0 across sequential element (\inst/extcol_inst /\o_col_data_reg[26] )
INFO: [Synth 8-3333] propagating constant 0 across sequential element (\inst/extcol_inst /\o_col_data_reg[27] )
INFO: [Synth 8-3333] propagating constant 0 across sequential element (\inst/extcol_inst /\o_col_data_reg[28] )
INFO: [Synth 8-3333] propagating constant 0 across sequential element (\inst/extcol_inst /\o_col_data_reg[29] )
INFO: [Synth 8-3333] propagating constant 0 across sequential element (\inst/extcol_inst /\o_col_data_reg[30] )
INFO: [Synth 8-3333] propagating constant 0 across sequential element (\inst/extcol_inst /\o_col_data_reg[31] )
INFO: [Synth 8-3333] propagating constant 0 across sequential element (\inst/extcol_inst /\o_col_data_reg[33] )
INFO: [Synth 8-3333] propagating constant 0 across sequential element (\inst/extcol_inst /\o_col_data_reg[34] )
INFO: [Synth 8-3333] propagating constant 0 across sequential element (\inst/extcol_inst /\o_col_data_reg[35] )
INFO: [Synth 8-3333] propagating constant 0 across sequential element (\inst/extcol_inst /\o_col_data_reg[36] )
INFO: [Synth 8-3333] propagating constant 0 across sequential element (\inst/extcol_inst /\o_col_data_reg[37] )
INFO: [Synth 8-3333] propagating constant 0 across sequential element (\inst/extcol_inst /\o_col_data_reg[38] )
INFO: [Synth 8-3333] propagating constant 0 across sequential element (\inst/extcol_inst /\o_col_data_reg[39] )
INFO: [Synth 8-3333] propagating constant 0 across sequential element (\inst/extcol_inst /\o_col_data_reg[41] )
INFO: [Synth 8-3333] propagating constant 0 across sequential element (\inst/extcol_inst /\o_col_data_reg[42] )
INFO: [Synth 8-3333] propagating constant 0 across sequential element (\inst/extcol_inst /\o_col_data_reg[43] )
INFO: [Synth 8-3333] propagating constant 0 across sequential element (\inst/extcol_inst /\o_col_data_reg[44] )
INFO: [Synth 8-3333] propagating constant 0 across sequential element (\inst/extcol_inst /\o_col_data_reg[45] )
INFO: [Synth 8-3333] propagating constant 0 across sequential element (\inst/extcol_inst /\o_col_data_reg[46] )
INFO: [Synth 8-3333] propagating constant 0 across sequential element (\inst/extcol_inst /\o_col_data_reg[47] )
INFO: [Synth 8-3333] propagating constant 0 across sequential element (\inst/extcol_inst /\o_col_data_reg[49] )
INFO: [Synth 8-3333] propagating constant 0 across sequential element (\inst/extcol_inst /\o_col_data_reg[50] )
INFO: [Synth 8-3333] propagating constant 0 across sequential element (\inst/extcol_inst /\o_col_data_reg[51] )
INFO: [Synth 8-3333] propagating constant 0 across sequential element (\inst/extcol_inst /\o_col_data_reg[52] )
INFO: [Synth 8-3333] propagating constant 0 across sequential element (\inst/extcol_inst /\o_col_data_reg[53] )
INFO: [Synth 8-3333] propagating constant 0 across sequential element (\inst/extcol_inst /\o_col_data_reg[54] )
INFO: [Synth 8-3333] propagating constant 0 across sequential element (\inst/extcol_inst /\o_col_data_reg[55] )
INFO: [Synth 8-3333] propagating constant 0 across sequential element (\inst/extcol_inst /\o_col_data_reg[57] )
INFO: [Synth 8-3333] propagating constant 0 across sequential element (\inst/extcol_inst /\o_col_data_reg[58] )
INFO: [Synth 8-3333] propagating constant 0 across sequential element (\inst/extcol_inst /\o_col_data_reg[59] )
INFO: [Synth 8-3333] propagating constant 0 across sequential element (\inst/extcol_inst /\o_col_data_reg[60] )
INFO: [Synth 8-3333] propagating constant 0 across sequential element (\inst/extcol_inst /\o_col_data_reg[61] )
INFO: [Synth 8-3333] propagating constant 0 across sequential element (\inst/extcol_inst /\o_col_data_reg[62] )
INFO: [Synth 8-3333] propagating constant 0 across sequential element (\inst/extcol_inst /\o_col_data_reg[63] )
INFO: [Synth 8-3333] propagating constant 0 across sequential element (\inst/extcol_inst /\o_col_data_reg[65] )
INFO: [Synth 8-3333] propagating constant 0 across sequential element (\inst/extcol_inst /\o_col_data_reg[66] )
INFO: [Synth 8-3333] propagating constant 0 across sequential element (\inst/extcol_inst /\o_col_data_reg[67] )
INFO: [Synth 8-3333] propagating constant 0 across sequential element (\inst/extcol_inst /\o_col_data_reg[68] )
INFO: [Synth 8-3333] propagating constant 0 across sequential element (\inst/extcol_inst /\o_col_data_reg[69] )
INFO: [Synth 8-3333] propagating constant 0 across sequential element (\inst/extcol_inst /\o_col_data_reg[70] )
INFO: [Synth 8-3333] propagating constant 0 across sequential element (\inst/extcol_inst /\o_col_data_reg[71] )
INFO: [Synth 8-3333] propagating constant 0 across sequential element (\inst/extcol_inst /\o_col_data_reg[73] )
INFO: [Synth 8-3333] propagating constant 0 across sequential element (\inst/extcol_inst /\o_col_data_reg[74] )
INFO: [Synth 8-3333] propagating constant 0 across sequential element (\inst/extcol_inst /\o_col_data_reg[75] )
INFO: [Synth 8-3333] propagating constant 0 across sequential element (\inst/extcol_inst /\o_col_data_reg[76] )
INFO: [Synth 8-3333] propagating constant 0 across sequential element (\inst/extcol_inst /\o_col_data_reg[77] )
INFO: [Synth 8-3333] propagating constant 0 across sequential element (\inst/extcol_inst /\o_col_data_reg[78] )
INFO: [Synth 8-3333] propagating constant 0 across sequential element (\inst/extcol_inst /\o_col_data_reg[79] )
INFO: [Synth 8-3333] propagating constant 0 across sequential element (\inst/extcol_inst /\o_col_data_reg[81] )
INFO: [Synth 8-3333] propagating constant 0 across sequential element (\inst/extcol_inst /\o_col_data_reg[82] )
INFO: [Synth 8-3333] propagating constant 0 across sequential element (\inst/extcol_inst /\o_col_data_reg[83] )
INFO: [Synth 8-3333] propagating constant 0 across sequential element (\inst/extcol_inst /\o_col_data_reg[84] )
INFO: [Synth 8-3333] propagating constant 0 across sequential element (\inst/extcol_inst /\o_col_data_reg[85] )
INFO: [Synth 8-3333] propagating constant 0 across sequential element (\inst/extcol_inst /\o_col_data_reg[86] )
INFO: [Synth 8-3333] propagating constant 0 across sequential element (\inst/extcol_inst /\o_col_data_reg[87] )
INFO: [Synth 8-3333] propagating constant 0 across sequential element (\inst/extcol_inst /\o_col_data_reg[89] )
INFO: [Synth 8-3333] propagating constant 0 across sequential element (\inst/extcol_inst /\o_col_data_reg[90] )
INFO: [Synth 8-3333] propagating constant 0 across sequential element (\inst/extcol_inst /\o_col_data_reg[91] )
INFO: [Synth 8-3333] propagating constant 0 across sequential element (\inst/extcol_inst /\o_col_data_reg[92] )
INFO: [Synth 8-3333] propagating constant 0 across sequential element (\inst/extcol_inst /\o_col_data_reg[93] )
INFO: [Synth 8-3333] propagating constant 0 across sequential element (\inst/extcol_inst /\o_col_data_reg[94] )
INFO: [Synth 8-3333] propagating constant 0 across sequential element (\inst/extcol_inst /\o_col_data_reg[95] )
INFO: [Synth 8-3333] propagating constant 0 across sequential element (\inst/extcol_inst /\o_col_data_reg[97] )
INFO: [Synth 8-3333] propagating constant 0 across sequential element (\inst/extcol_inst /\o_col_data_reg[98] )
INFO: [Synth 8-3333] propagating constant 0 across sequential element (\inst/extcol_inst /\o_col_data_reg[99] )
INFO: [Synth 8-3333] propagating constant 0 across sequential element (\inst/extcol_inst /\o_col_data_reg[100] )
INFO: [Synth 8-3333] propagating constant 0 across sequential element (\inst/extcol_inst /\o_col_data_reg[101] )
INFO: [Synth 8-3333] propagating constant 0 across sequential element (\inst/extcol_inst /\o_col_data_reg[102] )
INFO: [Synth 8-3333] propagating constant 0 across sequential element (\inst/extcol_inst /\o_col_data_reg[103] )
INFO: [Common 17-14] Message 'Synth 8-3333' appears 100 times and further instances of the messages will be disabled. Use the Tcl command set_msg_config to change the current settings.
WARNING: [Synth 8-3332] Sequential element (o_col_data_reg[255]) is unused and will be removed from module ExtCol.
WARNING: [Synth 8-3332] Sequential element (o_col_data_reg[254]) is unused and will be removed from module ExtCol.
WARNING: [Synth 8-3332] Sequential element (o_col_data_reg[253]) is unused and will be removed from module ExtCol.
WARNING: [Synth 8-3332] Sequential element (o_col_data_reg[252]) is unused and will be removed from module ExtCol.
WARNING: [Synth 8-3332] Sequential element (o_col_data_reg[251]) is unused and will be removed from module ExtCol.
WARNING: [Synth 8-3332] Sequential element (o_col_data_reg[250]) is unused and will be removed from module ExtCol.
WARNING: [Synth 8-3332] Sequential element (o_col_data_reg[249]) is unused and will be removed from module ExtCol.
WARNING: [Synth 8-3332] Sequential element (o_col_data_reg[248]) is unused and will be removed from module ExtCol.
WARNING: [Synth 8-3332] Sequential element (o_col_data_reg[247]) is unused and will be removed from module ExtCol.
WARNING: [Synth 8-3332] Sequential element (o_col_data_reg[246]) is unused and will be removed from module ExtCol.
WARNING: [Synth 8-3332] Sequential element (o_col_data_reg[245]) is unused and will be removed from module ExtCol.
WARNING: [Synth 8-3332] Sequential element (o_col_data_reg[244]) is unused and will be removed from module ExtCol.
WARNING: [Synth 8-3332] Sequential element (o_col_data_reg[243]) is unused and will be removed from module ExtCol.
WARNING: [Synth 8-3332] Sequential element (o_col_data_reg[242]) is unused and will be removed from module ExtCol.
WARNING: [Synth 8-3332] Sequential element (o_col_data_reg[241]) is unused and will be removed from module ExtCol.
WARNING: [Synth 8-3332] Sequential element (o_col_data_reg[240]) is unused and will be removed from module ExtCol.
WARNING: [Synth 8-3332] Sequential element (o_col_data_reg[239]) is unused and will be removed from module ExtCol.
WARNING: [Synth 8-3332] Sequential element (o_col_data_reg[238]) is unused and will be removed from module ExtCol.
WARNING: [Synth 8-3332] Sequential element (o_col_data_reg[237]) is unused and will be removed from module ExtCol.
WARNING: [Synth 8-3332] Sequential element (o_col_data_reg[236]) is unused and will be removed from module ExtCol.
WARNING: [Synth 8-3332] Sequential element (o_col_data_reg[235]) is unused and will be removed from module ExtCol.
WARNING: [Synth 8-3332] Sequential element (o_col_data_reg[234]) is unused and will be removed from module ExtCol.
WARNING: [Synth 8-3332] Sequential element (o_col_data_reg[233]) is unused and will be removed from module ExtCol.
WARNING: [Synth 8-3332] Sequential element (o_col_data_reg[232]) is unused and will be removed from module ExtCol.
WARNING: [Synth 8-3332] Sequential element (o_col_data_reg[231]) is unused and will be removed from module ExtCol.
WARNING: [Synth 8-3332] Sequential element (o_col_data_reg[230]) is unused and will be removed from module ExtCol.
WARNING: [Synth 8-3332] Sequential element (o_col_data_reg[229]) is unused and will be removed from module ExtCol.
WARNING: [Synth 8-3332] Sequential element (o_col_data_reg[228]) is unused and will be removed from module ExtCol.
WARNING: [Synth 8-3332] Sequential element (o_col_data_reg[227]) is unused and will be removed from module ExtCol.
WARNING: [Synth 8-3332] Sequential element (o_col_data_reg[226]) is unused and will be removed from module ExtCol.
WARNING: [Synth 8-3332] Sequential element (o_col_data_reg[225]) is unused and will be removed from module ExtCol.
WARNING: [Synth 8-3332] Sequential element (o_col_data_reg[224]) is unused and will be removed from module ExtCol.
WARNING: [Synth 8-3332] Sequential element (o_col_data_reg[223]) is unused and will be removed from module ExtCol.
WARNING: [Synth 8-3332] Sequential element (o_col_data_reg[222]) is unused and will be removed from module ExtCol.
WARNING: [Synth 8-3332] Sequential element (o_col_data_reg[221]) is unused and will be removed from module ExtCol.
WARNING: [Synth 8-3332] Sequential element (o_col_data_reg[220]) is unused and will be removed from module ExtCol.
WARNING: [Synth 8-3332] Sequential element (o_col_data_reg[219]) is unused and will be removed from module ExtCol.
WARNING: [Synth 8-3332] Sequential element (o_col_data_reg[218]) is unused and will be removed from module ExtCol.
WARNING: [Synth 8-3332] Sequential element (o_col_data_reg[217]) is unused and will be removed from module ExtCol.
WARNING: [Synth 8-3332] Sequential element (o_col_data_reg[216]) is unused and will be removed from module ExtCol.
WARNING: [Synth 8-3332] Sequential element (o_col_data_reg[215]) is unused and will be removed from module ExtCol.
WARNING: [Synth 8-3332] Sequential element (o_col_data_reg[214]) is unused and will be removed from module ExtCol.
WARNING: [Synth 8-3332] Sequential element (o_col_data_reg[213]) is unused and will be removed from module ExtCol.
WARNING: [Synth 8-3332] Sequential element (o_col_data_reg[212]) is unused and will be removed from module ExtCol.
WARNING: [Synth 8-3332] Sequential element (o_col_data_reg[211]) is unused and will be removed from module ExtCol.
WARNING: [Synth 8-3332] Sequential element (o_col_data_reg[210]) is unused and will be removed from module ExtCol.
WARNING: [Synth 8-3332] Sequential element (o_col_data_reg[209]) is unused and will be removed from module ExtCol.
WARNING: [Synth 8-3332] Sequential element (o_col_data_reg[208]) is unused and will be removed from module ExtCol.
WARNING: [Synth 8-3332] Sequential element (o_col_data_reg[207]) is unused and will be removed from module ExtCol.
WARNING: [Synth 8-3332] Sequential element (o_col_data_reg[206]) is unused and will be removed from module ExtCol.
WARNING: [Synth 8-3332] Sequential element (o_col_data_reg[205]) is unused and will be removed from module ExtCol.
WARNING: [Synth 8-3332] Sequential element (o_col_data_reg[204]) is unused and will be removed from module ExtCol.
WARNING: [Synth 8-3332] Sequential element (o_col_data_reg[203]) is unused and will be removed from module ExtCol.
WARNING: [Synth 8-3332] Sequential element (o_col_data_reg[202]) is unused and will be removed from module ExtCol.
WARNING: [Synth 8-3332] Sequential element (o_col_data_reg[201]) is unused and will be removed from module ExtCol.
WARNING: [Synth 8-3332] Sequential element (o_col_data_reg[200]) is unused and will be removed from module ExtCol.
WARNING: [Synth 8-3332] Sequential element (o_col_data_reg[199]) is unused and will be removed from module ExtCol.
WARNING: [Synth 8-3332] Sequential element (o_col_data_reg[198]) is unused and will be removed from module ExtCol.
WARNING: [Synth 8-3332] Sequential element (o_col_data_reg[197]) is unused and will be removed from module ExtCol.
WARNING: [Synth 8-3332] Sequential element (o_col_data_reg[196]) is unused and will be removed from module ExtCol.
WARNING: [Synth 8-3332] Sequential element (o_col_data_reg[195]) is unused and will be removed from module ExtCol.
WARNING: [Synth 8-3332] Sequential element (o_col_data_reg[194]) is unused and will be removed from module ExtCol.
WARNING: [Synth 8-3332] Sequential element (o_col_data_reg[193]) is unused and will be removed from module ExtCol.
WARNING: [Synth 8-3332] Sequential element (o_col_data_reg[192]) is unused and will be removed from module ExtCol.
WARNING: [Synth 8-3332] Sequential element (o_col_data_reg[191]) is unused and will be removed from module ExtCol.
WARNING: [Synth 8-3332] Sequential element (o_col_data_reg[190]) is unused and will be removed from module ExtCol.
WARNING: [Synth 8-3332] Sequential element (o_col_data_reg[189]) is unused and will be removed from module ExtCol.
WARNING: [Synth 8-3332] Sequential element (o_col_data_reg[188]) is unused and will be removed from module ExtCol.
WARNING: [Synth 8-3332] Sequential element (o_col_data_reg[187]) is unused and will be removed from module ExtCol.
WARNING: [Synth 8-3332] Sequential element (o_col_data_reg[186]) is unused and will be removed from module ExtCol.
WARNING: [Synth 8-3332] Sequential element (o_col_data_reg[185]) is unused and will be removed from module ExtCol.
WARNING: [Synth 8-3332] Sequential element (o_col_data_reg[184]) is unused and will be removed from module ExtCol.
WARNING: [Synth 8-3332] Sequential element (o_col_data_reg[183]) is unused and will be removed from module ExtCol.
WARNING: [Synth 8-3332] Sequential element (o_col_data_reg[182]) is unused and will be removed from module ExtCol.
WARNING: [Synth 8-3332] Sequential element (o_col_data_reg[181]) is unused and will be removed from module ExtCol.
WARNING: [Synth 8-3332] Sequential element (o_col_data_reg[180]) is unused and will be removed from module ExtCol.
WARNING: [Synth 8-3332] Sequential element (o_col_data_reg[179]) is unused and will be removed from module ExtCol.
WARNING: [Synth 8-3332] Sequential element (o_col_data_reg[178]) is unused and will be removed from module ExtCol.
WARNING: [Synth 8-3332] Sequential element (o_col_data_reg[177]) is unused and will be removed from module ExtCol.
WARNING: [Synth 8-3332] Sequential element (o_col_data_reg[176]) is unused and will be removed from module ExtCol.
WARNING: [Synth 8-3332] Sequential element (o_col_data_reg[175]) is unused and will be removed from module ExtCol.
WARNING: [Synth 8-3332] Sequential element (o_col_data_reg[174]) is unused and will be removed from module ExtCol.
WARNING: [Synth 8-3332] Sequential element (o_col_data_reg[173]) is unused and will be removed from module ExtCol.
WARNING: [Synth 8-3332] Sequential element (o_col_data_reg[172]) is unused and will be removed from module ExtCol.
WARNING: [Synth 8-3332] Sequential element (o_col_data_reg[171]) is unused and will be removed from module ExtCol.
WARNING: [Synth 8-3332] Sequential element (o_col_data_reg[170]) is unused and will be removed from module ExtCol.
WARNING: [Synth 8-3332] Sequential element (o_col_data_reg[169]) is unused and will be removed from module ExtCol.
WARNING: [Synth 8-3332] Sequential element (o_col_data_reg[168]) is unused and will be removed from module ExtCol.
WARNING: [Synth 8-3332] Sequential element (o_col_data_reg[167]) is unused and will be removed from module ExtCol.
WARNING: [Synth 8-3332] Sequential element (o_col_data_reg[166]) is unused and will be removed from module ExtCol.
WARNING: [Synth 8-3332] Sequential element (o_col_data_reg[165]) is unused and will be removed from module ExtCol.
WARNING: [Synth 8-3332] Sequential element (o_col_data_reg[164]) is unused and will be removed from module ExtCol.
WARNING: [Synth 8-3332] Sequential element (o_col_data_reg[163]) is unused and will be removed from module ExtCol.
WARNING: [Synth 8-3332] Sequential element (o_col_data_reg[162]) is unused and will be removed from module ExtCol.
WARNING: [Synth 8-3332] Sequential element (o_col_data_reg[161]) is unused and will be removed from module ExtCol.
WARNING: [Synth 8-3332] Sequential element (o_col_data_reg[160]) is unused and will be removed from module ExtCol.
WARNING: [Synth 8-3332] Sequential element (o_col_data_reg[159]) is unused and will be removed from module ExtCol.
WARNING: [Synth 8-3332] Sequential element (o_col_data_reg[158]) is unused and will be removed from module ExtCol.
WARNING: [Synth 8-3332] Sequential element (o_col_data_reg[157]) is unused and will be removed from module ExtCol.
WARNING: [Synth 8-3332] Sequential element (o_col_data_reg[156]) is unused and will be removed from module ExtCol.
INFO: [Common 17-14] Message 'Synth 8-3332' appears 100 times and further instances of the messages will be disabled. Use the Tcl command set_msg_config to change the current settings.
---------------------------------------------------------------------------------
Finished Cross Boundary and Area Optimization : Time (s): cpu = 00:00:29 ; elapsed = 00:00:39 . Memory (MB): peak = 2184.598 ; gain = 639.305 ; free physical = 3683 ; free virtual = 76431
---------------------------------------------------------------------------------
---------------------------------------------------------------------------------
Start ROM, RAM, DSP and Shift Register Reporting
---------------------------------------------------------------------------------

ROM:
+------------+-------------------+---------------+----------------+
|Module Name | RTL Object        | Depth x Width | Implemented As | 
+------------+-------------------+---------------+----------------+
|ExtCol      | r_extSize_reg_rep | 256x256       | Block RAM      | 
|ExtCol      | r_extSize_reg_rep | 256x256       | Block RAM      | 
+------------+-------------------+---------------+----------------+

---------------------------------------------------------------------------------
Finished ROM, RAM, DSP and Shift Register Reporting
---------------------------------------------------------------------------------

Report RTL Partitions: 
+-+--------------+------------+----------+
| |RTL Partition |Replication |Instances |
+-+--------------+------------+----------+
+-+--------------+------------+----------+
---------------------------------------------------------------------------------
Start Applying XDC Timing Constraints
---------------------------------------------------------------------------------
---------------------------------------------------------------------------------
Finished Applying XDC Timing Constraints : Time (s): cpu = 00:00:44 ; elapsed = 00:01:12 . Memory (MB): peak = 2798.574 ; gain = 1253.281 ; free physical = 2291 ; free virtual = 75039
---------------------------------------------------------------------------------
---------------------------------------------------------------------------------
Start Timing Optimization
---------------------------------------------------------------------------------
---------------------------------------------------------------------------------
Finished Timing Optimization : Time (s): cpu = 00:00:44 ; elapsed = 00:01:12 . Memory (MB): peak = 2798.574 ; gain = 1253.281 ; free physical = 2290 ; free virtual = 75039
---------------------------------------------------------------------------------

Report RTL Partitions: 
+-+--------------+------------+----------+
| |RTL Partition |Replication |Instances |
+-+--------------+------------+----------+
+-+--------------+------------+----------+
---------------------------------------------------------------------------------
Start Technology Mapping
---------------------------------------------------------------------------------
INFO: [Synth 8-4480] The timing for the instance inst/extcol_inst/r_extSize_reg_rep_0 (implemented as a block RAM) might be sub-optimal as no optional output register could be merged into the block ram. Providing additional output register may help in improving timing.
INFO: [Synth 8-4480] The timing for the instance inst/extcol_inst/r_extSize_reg_rep_0 (implemented as a block RAM) might be sub-optimal as no optional output register could be merged into the block ram. Providing additional output register may help in improving timing.
INFO: [Synth 8-4480] The timing for the instance inst/extcol_inst/r_extSize_reg_rep_1 (implemented as a block RAM) might be sub-optimal as no optional output register could be merged into the block ram. Providing additional output register may help in improving timing.
INFO: [Synth 8-4480] The timing for the instance inst/extcol_inst/r_extSize_reg_rep_1 (implemented as a block RAM) might be sub-optimal as no optional output register could be merged into the block ram. Providing additional output register may help in improving timing.
INFO: [Synth 8-4480] The timing for the instance inst/extcol_inst/r_extSize_reg_rep_2 (implemented as a block RAM) might be sub-optimal as no optional output register could be merged into the block ram. Providing additional output register may help in improving timing.
INFO: [Synth 8-4480] The timing for the instance inst/extcol_inst/r_extSize_reg_rep_2 (implemented as a block RAM) might be sub-optimal as no optional output register could be merged into the block ram. Providing additional output register may help in improving timing.
INFO: [Synth 8-4480] The timing for the instance inst/extcol_inst/r_extSize_reg_rep_3 (implemented as a block RAM) might be sub-optimal as no optional output register could be merged into the block ram. Providing additional output register may help in improving timing.
---------------------------------------------------------------------------------
Finished Technology Mapping : Time (s): cpu = 00:00:44 ; elapsed = 00:01:12 . Memory (MB): peak = 2825.613 ; gain = 1280.320 ; free physical = 2287 ; free virtual = 75035
---------------------------------------------------------------------------------

Report RTL Partitions: 
+-+--------------+------------+----------+
| |RTL Partition |Replication |Instances |
+-+--------------+------------+----------+
+-+--------------+------------+----------+
---------------------------------------------------------------------------------
Start IO Insertion
---------------------------------------------------------------------------------
---------------------------------------------------------------------------------
Start Flattening Before IO Insertion
---------------------------------------------------------------------------------
---------------------------------------------------------------------------------
Finished Flattening Before IO Insertion
---------------------------------------------------------------------------------
---------------------------------------------------------------------------------
Start Final Netlist Cleanup
---------------------------------------------------------------------------------
---------------------------------------------------------------------------------
Finished Final Netlist Cleanup
---------------------------------------------------------------------------------
---------------------------------------------------------------------------------
Finished IO Insertion : Time (s): cpu = 00:00:45 ; elapsed = 00:01:13 . Memory (MB): peak = 2825.613 ; gain = 1280.320 ; free physical = 2293 ; free virtual = 75042
---------------------------------------------------------------------------------

Report Check Netlist: 
+------+------------------+-------+---------+-------+------------------+
|      |Item              |Errors |Warnings |Status |Description       |
+------+------------------+-------+---------+-------+------------------+
|1     |multi_driven_nets |      0|        0|Passed |Multi driven nets |
+------+------------------+-------+---------+-------+------------------+
---------------------------------------------------------------------------------
Start Renaming Generated Instances
---------------------------------------------------------------------------------
---------------------------------------------------------------------------------
Finished Renaming Generated Instances : Time (s): cpu = 00:00:45 ; elapsed = 00:01:13 . Memory (MB): peak = 2825.613 ; gain = 1280.320 ; free physical = 2293 ; free virtual = 75042
---------------------------------------------------------------------------------

Report RTL Partitions: 
+-+--------------+------------+----------+
| |RTL Partition |Replication |Instances |
+-+--------------+------------+----------+
+-+--------------+------------+----------+
---------------------------------------------------------------------------------
Start Rebuilding User Hierarchy
---------------------------------------------------------------------------------
---------------------------------------------------------------------------------
Finished Rebuilding User Hierarchy : Time (s): cpu = 00:00:45 ; elapsed = 00:01:13 . Memory (MB): peak = 2825.613 ; gain = 1280.320 ; free physical = 2290 ; free virtual = 75038
---------------------------------------------------------------------------------
---------------------------------------------------------------------------------
Start Renaming Generated Ports
---------------------------------------------------------------------------------
---------------------------------------------------------------------------------
Finished Renaming Generated Ports : Time (s): cpu = 00:00:45 ; elapsed = 00:01:13 . Memory (MB): peak = 2825.613 ; gain = 1280.320 ; free physical = 2289 ; free virtual = 75038
---------------------------------------------------------------------------------
---------------------------------------------------------------------------------
Start Handling Custom Attributes
---------------------------------------------------------------------------------
---------------------------------------------------------------------------------
Finished Handling Custom Attributes : Time (s): cpu = 00:00:45 ; elapsed = 00:01:13 . Memory (MB): peak = 2825.613 ; gain = 1280.320 ; free physical = 2289 ; free virtual = 75038
---------------------------------------------------------------------------------
---------------------------------------------------------------------------------
Start Renaming Generated Nets
---------------------------------------------------------------------------------
---------------------------------------------------------------------------------
Finished Renaming Generated Nets : Time (s): cpu = 00:00:45 ; elapsed = 00:01:13 . Memory (MB): peak = 2825.613 ; gain = 1280.320 ; free physical = 2288 ; free virtual = 75036
---------------------------------------------------------------------------------
---------------------------------------------------------------------------------
Start Writing Synthesis Report
---------------------------------------------------------------------------------

Report BlackBoxes: 
+-+--------------+----------+
| |BlackBox name |Instances |
+-+--------------+----------+
+-+--------------+----------+

Report Cell Usage: 
+------+-----------+------+
|      |Cell       |Count |
+------+-----------+------+
|1     |CARRY8     |     3|
|2     |LUT1       |     7|
|3     |LUT2       |    13|
|4     |LUT3       |    15|
|5     |LUT4       |    27|
|6     |LUT5       |    31|
|7     |LUT6       |    35|
|8     |RAMB18E2   |     1|
|9     |RAMB18E2_1 |     1|
|10    |RAMB18E2_2 |     1|
|11    |RAMB18E2_3 |     1|
|12    |FDRE       |   263|
+------+-----------+------+

Report Instance Areas: 
+------+-----------------------------+--------------------+------+
|      |Instance                     |Module              |Cells |
+------+-----------------------------+--------------------+------+
|1     |top                          |                    |   398|
|2     |  inst                       |fetch_unit_v2_0     |   398|
|3     |    extcol_inst              |ExtCol              |   116|
|4     |    reader_v1_0_M00_AXI_inst |reader_v1_0_M00_AXI |    73|
|5     |    writer_v1_0_M00_AXI_inst |writer_v1_0_M00_AXI |   209|
+------+-----------------------------+--------------------+------+
---------------------------------------------------------------------------------
Finished Writing Synthesis Report : Time (s): cpu = 00:00:45 ; elapsed = 00:01:13 . Memory (MB): peak = 2825.613 ; gain = 1280.320 ; free physical = 2288 ; free virtual = 75036
---------------------------------------------------------------------------------
Synthesis finished with 0 errors, 0 critical warnings and 534 warnings.
Synthesis Optimization Runtime : Time (s): cpu = 00:00:33 ; elapsed = 00:00:52 . Memory (MB): peak = 2825.613 ; gain = 641.016 ; free physical = 2325 ; free virtual = 75073
Synthesis Optimization Complete : Time (s): cpu = 00:00:45 ; elapsed = 00:01:13 . Memory (MB): peak = 2825.621 ; gain = 1280.320 ; free physical = 2325 ; free virtual = 75073
INFO: [Project 1-571] Translating synthesized netlist
INFO: [Netlist 29-17] Analyzing 3 Unisim elements for replacement
INFO: [Netlist 29-28] Unisim Transformation completed in 0 CPU seconds
INFO: [Project 1-570] Preparing netlist for logic optimization
INFO: [Opt 31-138] Pushed 0 inverter(s) to 0 load pin(s).
INFO: [Opt 31-422] The CLOCK_DOMAINS attribute on the BRAM cell inst/extcol_inst/r_extSize_reg_rep_0 has been changed from INDEPENDENT to COMMON to match the clocking topology used for the BRAM.
INFO: [Opt 31-422] The CLOCK_DOMAINS attribute on the BRAM cell inst/extcol_inst/r_extSize_reg_rep_1 has been changed from INDEPENDENT to COMMON to match the clocking topology used for the BRAM.
INFO: [Opt 31-422] The CLOCK_DOMAINS attribute on the BRAM cell inst/extcol_inst/r_extSize_reg_rep_2 has been changed from INDEPENDENT to COMMON to match the clocking topology used for the BRAM.
INFO: [Opt 31-422] The CLOCK_DOMAINS attribute on the BRAM cell inst/extcol_inst/r_extSize_reg_rep_3 has been changed from INDEPENDENT to COMMON to match the clocking topology used for the BRAM.
INFO: [Project 1-111] Unisim Transformation Summary:
No Unisim elements were transformed.

INFO: [Common 17-83] Releasing license: Synthesis
303 Infos, 232 Warnings, 0 Critical Warnings and 0 Errors encountered.
synth_design completed successfully
synth_design: Time (s): cpu = 00:00:47 ; elapsed = 00:01:14 . Memory (MB): peak = 2871.629 ; gain = 1347.711 ; free physical = 2298 ; free virtual = 75046
INFO: [Common 17-1381] The checkpoint '/home/ro0zkhosh/RelationalMem/RelationalMem/ZYNQ_ULTRASCARE+/RatMem/RatMem.runs/design_1_fetch_unit_2_1_synth_1/design_1_fetch_unit_2_1.dcp' has been generated.
