
*** Running vivado
    with args -log design_1_axi_bram_ctrl_0_bram_0.vds -m64 -product Vivado -mode batch -messageDb vivado.pb -notrace -source design_1_axi_bram_ctrl_0_bram_0.tcl


****** Vivado v2017.4.1 (64-bit)
  **** SW Build 2117270 on Tue Jan 30 15:31:13 MST 2018
  **** IP Build 2095745 on Tue Jan 30 17:13:15 MST 2018
    ** Copyright 1986-2017 Xilinx, Inc. All Rights Reserved.

source design_1_axi_bram_ctrl_0_bram_0.tcl -notrace
Command: synth_design -top design_1_axi_bram_ctrl_0_bram_0 -part xczu9eg-ffvb1156-2-e -mode out_of_context
Starting synth_design
Attempting to get a license for feature 'Synthesis' and/or device 'xczu9eg'
INFO: [Common 17-349] Got license for feature 'Synthesis' and/or device 'xczu9eg'
INFO: [Common 17-1540] The version limit for your license is '2019.11' and has expired for new software. A version limit expiration means that, although you may be able to continue to use the current version of tools or IP with this license, you will not be eligible for any updates or new releases.
INFO: Launching helper process for spawning children vivado processes
INFO: Helper process launched with PID 4016 
---------------------------------------------------------------------------------
Starting RTL Elaboration : Time (s): cpu = 00:00:08 ; elapsed = 00:00:13 . Memory (MB): peak = 1510.199 ; gain = 0.000 ; free physical = 24231 ; free virtual = 27967
---------------------------------------------------------------------------------
INFO: [Synth 8-638] synthesizing module 'design_1_axi_bram_ctrl_0_bram_0' [/home/parul/RationamMem/RatMem/RatMem.srcs/sources_1/bd/design_1/ip/design_1_axi_bram_ctrl_0_bram_0/synth/design_1_axi_bram_ctrl_0_bram_0.vhd:80]
	Parameter C_FAMILY bound to: zynquplus - type: string 
	Parameter C_XDEVICEFAMILY bound to: zynquplus - type: string 
	Parameter C_ELABORATION_DIR bound to: ./ - type: string 
	Parameter C_INTERFACE_TYPE bound to: 0 - type: integer 
	Parameter C_AXI_TYPE bound to: 1 - type: integer 
	Parameter C_AXI_SLAVE_TYPE bound to: 0 - type: integer 
	Parameter C_USE_BRAM_BLOCK bound to: 1 - type: integer 
	Parameter C_ENABLE_32BIT_ADDRESS bound to: 1 - type: integer 
	Parameter C_CTRL_ECC_ALGO bound to: NONE - type: string 
	Parameter C_HAS_AXI_ID bound to: 0 - type: integer 
	Parameter C_AXI_ID_WIDTH bound to: 4 - type: integer 
	Parameter C_MEM_TYPE bound to: 2 - type: integer 
	Parameter C_BYTE_SIZE bound to: 8 - type: integer 
	Parameter C_ALGORITHM bound to: 1 - type: integer 
	Parameter C_PRIM_TYPE bound to: 1 - type: integer 
	Parameter C_LOAD_INIT_FILE bound to: 0 - type: integer 
	Parameter C_INIT_FILE_NAME bound to: no_coe_file_loaded - type: string 
	Parameter C_INIT_FILE bound to: NONE - type: string 
	Parameter C_USE_DEFAULT_DATA bound to: 0 - type: integer 
	Parameter C_DEFAULT_DATA bound to: 0 - type: string 
	Parameter C_HAS_RSTA bound to: 1 - type: integer 
	Parameter C_RST_PRIORITY_A bound to: CE - type: string 
	Parameter C_RSTRAM_A bound to: 0 - type: integer 
	Parameter C_INITA_VAL bound to: 0 - type: string 
	Parameter C_HAS_ENA bound to: 1 - type: integer 
	Parameter C_HAS_REGCEA bound to: 0 - type: integer 
	Parameter C_USE_BYTE_WEA bound to: 1 - type: integer 
	Parameter C_WEA_WIDTH bound to: 4 - type: integer 
	Parameter C_WRITE_MODE_A bound to: WRITE_FIRST - type: string 
	Parameter C_WRITE_WIDTH_A bound to: 32 - type: integer 
	Parameter C_READ_WIDTH_A bound to: 32 - type: integer 
	Parameter C_WRITE_DEPTH_A bound to: 1024 - type: integer 
	Parameter C_READ_DEPTH_A bound to: 1024 - type: integer 
	Parameter C_ADDRA_WIDTH bound to: 32 - type: integer 
	Parameter C_HAS_RSTB bound to: 1 - type: integer 
	Parameter C_RST_PRIORITY_B bound to: CE - type: string 
	Parameter C_RSTRAM_B bound to: 0 - type: integer 
	Parameter C_INITB_VAL bound to: 0 - type: string 
	Parameter C_HAS_ENB bound to: 1 - type: integer 
	Parameter C_HAS_REGCEB bound to: 0 - type: integer 
	Parameter C_USE_BYTE_WEB bound to: 1 - type: integer 
	Parameter C_WEB_WIDTH bound to: 4 - type: integer 
	Parameter C_WRITE_MODE_B bound to: WRITE_FIRST - type: string 
	Parameter C_WRITE_WIDTH_B bound to: 32 - type: integer 
	Parameter C_READ_WIDTH_B bound to: 32 - type: integer 
	Parameter C_WRITE_DEPTH_B bound to: 1024 - type: integer 
	Parameter C_READ_DEPTH_B bound to: 1024 - type: integer 
	Parameter C_ADDRB_WIDTH bound to: 32 - type: integer 
	Parameter C_HAS_MEM_OUTPUT_REGS_A bound to: 0 - type: integer 
	Parameter C_HAS_MEM_OUTPUT_REGS_B bound to: 0 - type: integer 
	Parameter C_HAS_MUX_OUTPUT_REGS_A bound to: 0 - type: integer 
	Parameter C_HAS_MUX_OUTPUT_REGS_B bound to: 0 - type: integer 
	Parameter C_MUX_PIPELINE_STAGES bound to: 0 - type: integer 
	Parameter C_HAS_SOFTECC_INPUT_REGS_A bound to: 0 - type: integer 
	Parameter C_HAS_SOFTECC_OUTPUT_REGS_B bound to: 0 - type: integer 
	Parameter C_USE_SOFTECC bound to: 0 - type: integer 
	Parameter C_USE_ECC bound to: 0 - type: integer 
	Parameter C_EN_ECC_PIPE bound to: 0 - type: integer 
	Parameter C_HAS_INJECTERR bound to: 0 - type: integer 
	Parameter C_SIM_COLLISION_CHECK bound to: ALL - type: string 
	Parameter C_COMMON_CLK bound to: 0 - type: integer 
	Parameter C_DISABLE_WARN_BHV_COLL bound to: 0 - type: integer 
	Parameter C_EN_SLEEP_PIN bound to: 0 - type: integer 
	Parameter C_USE_URAM bound to: 0 - type: integer 
	Parameter C_EN_RDADDRA_CHG bound to: 0 - type: integer 
	Parameter C_EN_RDADDRB_CHG bound to: 0 - type: integer 
	Parameter C_EN_DEEPSLEEP_PIN bound to: 0 - type: integer 
	Parameter C_EN_SHUTDOWN_PIN bound to: 0 - type: integer 
	Parameter C_EN_SAFETY_CKT bound to: 1 - type: integer 
	Parameter C_DISABLE_WARN_BHV_RANGE bound to: 0 - type: integer 
	Parameter C_COUNT_36K_BRAM bound to: 1 - type: string 
	Parameter C_COUNT_18K_BRAM bound to: 0 - type: string 
	Parameter C_EST_POWER_SUMMARY bound to: Estimated Power for IP     :     4.343232 mW - type: string 
INFO: [Synth 8-3491] module 'blk_mem_gen_v8_4_1' declared at '/home/parul/RationamMem/RatMem/RatMem.srcs/sources_1/bd/design_1/ipshared/67d8/hdl/blk_mem_gen_v8_4_vhsyn_rfs.vhd:195313' bound to instance 'U0' of component 'blk_mem_gen_v8_4_1' [/home/parul/RationamMem/RatMem/RatMem.srcs/sources_1/bd/design_1/ip/design_1_axi_bram_ctrl_0_bram_0/synth/design_1_axi_bram_ctrl_0_bram_0.vhd:253]
INFO: [Synth 8-256] done synthesizing module 'design_1_axi_bram_ctrl_0_bram_0' (9#1) [/home/parul/RationamMem/RatMem/RatMem.srcs/sources_1/bd/design_1/ip/design_1_axi_bram_ctrl_0_bram_0/synth/design_1_axi_bram_ctrl_0_bram_0.vhd:80]
WARNING: [Synth 8-3331] design blk_mem_gen_prim_wrapper has unconnected port SSRA
WARNING: [Synth 8-3331] design blk_mem_gen_prim_wrapper has unconnected port SSRB
WARNING: [Synth 8-3331] design blk_mem_gen_prim_wrapper has unconnected port INJECTSBITERR
WARNING: [Synth 8-3331] design blk_mem_gen_prim_wrapper has unconnected port INJECTDBITERR
WARNING: [Synth 8-3331] design blk_mem_gen_prim_wrapper has unconnected port ECCPIPECE
WARNING: [Synth 8-3331] design blk_mem_gen_generic_cstr has unconnected port REGCEA[0]
WARNING: [Synth 8-3331] design blk_mem_gen_generic_cstr has unconnected port REGCEB[0]
WARNING: [Synth 8-3331] design blk_mem_gen_generic_cstr has unconnected port INJECTSBITERR
WARNING: [Synth 8-3331] design blk_mem_gen_generic_cstr has unconnected port INJECTDBITERR
WARNING: [Synth 8-3331] design blk_mem_output_block has unconnected port CLKB
WARNING: [Synth 8-3331] design blk_mem_output_block has unconnected port SBITERR_I
WARNING: [Synth 8-3331] design blk_mem_output_block has unconnected port DBITERR_I
WARNING: [Synth 8-3331] design blk_mem_output_block has unconnected port RDADDRECC_I[9]
WARNING: [Synth 8-3331] design blk_mem_output_block has unconnected port RDADDRECC_I[8]
WARNING: [Synth 8-3331] design blk_mem_output_block has unconnected port RDADDRECC_I[7]
WARNING: [Synth 8-3331] design blk_mem_output_block has unconnected port RDADDRECC_I[6]
WARNING: [Synth 8-3331] design blk_mem_output_block has unconnected port RDADDRECC_I[5]
WARNING: [Synth 8-3331] design blk_mem_output_block has unconnected port RDADDRECC_I[4]
WARNING: [Synth 8-3331] design blk_mem_output_block has unconnected port RDADDRECC_I[3]
WARNING: [Synth 8-3331] design blk_mem_output_block has unconnected port RDADDRECC_I[2]
WARNING: [Synth 8-3331] design blk_mem_output_block has unconnected port RDADDRECC_I[1]
WARNING: [Synth 8-3331] design blk_mem_output_block has unconnected port RDADDRECC_I[0]
WARNING: [Synth 8-3331] design blk_mem_input_block has unconnected port REGCEA
WARNING: [Synth 8-3331] design blk_mem_input_block has unconnected port REGCEB
WARNING: [Synth 8-3331] design blk_mem_input_block has unconnected port INJECTDBITERR
WARNING: [Synth 8-3331] design blk_mem_input_block has unconnected port INJECTSBITERR
WARNING: [Synth 8-3331] design blk_mem_gen_v8_4_1_synth has unconnected port ADDRA[31]
WARNING: [Synth 8-3331] design blk_mem_gen_v8_4_1_synth has unconnected port ADDRA[30]
WARNING: [Synth 8-3331] design blk_mem_gen_v8_4_1_synth has unconnected port ADDRA[29]
WARNING: [Synth 8-3331] design blk_mem_gen_v8_4_1_synth has unconnected port ADDRA[28]
WARNING: [Synth 8-3331] design blk_mem_gen_v8_4_1_synth has unconnected port ADDRA[27]
WARNING: [Synth 8-3331] design blk_mem_gen_v8_4_1_synth has unconnected port ADDRA[26]
WARNING: [Synth 8-3331] design blk_mem_gen_v8_4_1_synth has unconnected port ADDRA[25]
WARNING: [Synth 8-3331] design blk_mem_gen_v8_4_1_synth has unconnected port ADDRA[24]
WARNING: [Synth 8-3331] design blk_mem_gen_v8_4_1_synth has unconnected port ADDRA[23]
WARNING: [Synth 8-3331] design blk_mem_gen_v8_4_1_synth has unconnected port ADDRA[22]
WARNING: [Synth 8-3331] design blk_mem_gen_v8_4_1_synth has unconnected port ADDRA[21]
WARNING: [Synth 8-3331] design blk_mem_gen_v8_4_1_synth has unconnected port ADDRA[20]
WARNING: [Synth 8-3331] design blk_mem_gen_v8_4_1_synth has unconnected port ADDRA[19]
WARNING: [Synth 8-3331] design blk_mem_gen_v8_4_1_synth has unconnected port ADDRA[18]
WARNING: [Synth 8-3331] design blk_mem_gen_v8_4_1_synth has unconnected port ADDRA[17]
WARNING: [Synth 8-3331] design blk_mem_gen_v8_4_1_synth has unconnected port ADDRA[16]
WARNING: [Synth 8-3331] design blk_mem_gen_v8_4_1_synth has unconnected port ADDRA[15]
WARNING: [Synth 8-3331] design blk_mem_gen_v8_4_1_synth has unconnected port ADDRA[14]
WARNING: [Synth 8-3331] design blk_mem_gen_v8_4_1_synth has unconnected port ADDRA[13]
WARNING: [Synth 8-3331] design blk_mem_gen_v8_4_1_synth has unconnected port ADDRA[12]
WARNING: [Synth 8-3331] design blk_mem_gen_v8_4_1_synth has unconnected port ADDRA[1]
WARNING: [Synth 8-3331] design blk_mem_gen_v8_4_1_synth has unconnected port ADDRA[0]
WARNING: [Synth 8-3331] design blk_mem_gen_v8_4_1_synth has unconnected port ADDRB[31]
WARNING: [Synth 8-3331] design blk_mem_gen_v8_4_1_synth has unconnected port ADDRB[30]
WARNING: [Synth 8-3331] design blk_mem_gen_v8_4_1_synth has unconnected port ADDRB[29]
WARNING: [Synth 8-3331] design blk_mem_gen_v8_4_1_synth has unconnected port ADDRB[28]
WARNING: [Synth 8-3331] design blk_mem_gen_v8_4_1_synth has unconnected port ADDRB[27]
WARNING: [Synth 8-3331] design blk_mem_gen_v8_4_1_synth has unconnected port ADDRB[26]
WARNING: [Synth 8-3331] design blk_mem_gen_v8_4_1_synth has unconnected port ADDRB[25]
WARNING: [Synth 8-3331] design blk_mem_gen_v8_4_1_synth has unconnected port ADDRB[24]
WARNING: [Synth 8-3331] design blk_mem_gen_v8_4_1_synth has unconnected port ADDRB[23]
WARNING: [Synth 8-3331] design blk_mem_gen_v8_4_1_synth has unconnected port ADDRB[22]
WARNING: [Synth 8-3331] design blk_mem_gen_v8_4_1_synth has unconnected port ADDRB[21]
WARNING: [Synth 8-3331] design blk_mem_gen_v8_4_1_synth has unconnected port ADDRB[20]
WARNING: [Synth 8-3331] design blk_mem_gen_v8_4_1_synth has unconnected port ADDRB[19]
WARNING: [Synth 8-3331] design blk_mem_gen_v8_4_1_synth has unconnected port ADDRB[18]
WARNING: [Synth 8-3331] design blk_mem_gen_v8_4_1_synth has unconnected port ADDRB[17]
WARNING: [Synth 8-3331] design blk_mem_gen_v8_4_1_synth has unconnected port ADDRB[16]
WARNING: [Synth 8-3331] design blk_mem_gen_v8_4_1_synth has unconnected port ADDRB[15]
WARNING: [Synth 8-3331] design blk_mem_gen_v8_4_1_synth has unconnected port ADDRB[14]
WARNING: [Synth 8-3331] design blk_mem_gen_v8_4_1_synth has unconnected port ADDRB[13]
WARNING: [Synth 8-3331] design blk_mem_gen_v8_4_1_synth has unconnected port ADDRB[12]
WARNING: [Synth 8-3331] design blk_mem_gen_v8_4_1_synth has unconnected port ADDRB[1]
WARNING: [Synth 8-3331] design blk_mem_gen_v8_4_1_synth has unconnected port ADDRB[0]
WARNING: [Synth 8-3331] design blk_mem_gen_v8_4_1_synth has unconnected port S_AClk
WARNING: [Synth 8-3331] design blk_mem_gen_v8_4_1_synth has unconnected port S_ARESETN
WARNING: [Synth 8-3331] design blk_mem_gen_v8_4_1_synth has unconnected port S_AXI_AWID[3]
WARNING: [Synth 8-3331] design blk_mem_gen_v8_4_1_synth has unconnected port S_AXI_AWID[2]
WARNING: [Synth 8-3331] design blk_mem_gen_v8_4_1_synth has unconnected port S_AXI_AWID[1]
WARNING: [Synth 8-3331] design blk_mem_gen_v8_4_1_synth has unconnected port S_AXI_AWID[0]
WARNING: [Synth 8-3331] design blk_mem_gen_v8_4_1_synth has unconnected port S_AXI_AWADDR[31]
WARNING: [Synth 8-3331] design blk_mem_gen_v8_4_1_synth has unconnected port S_AXI_AWADDR[30]
WARNING: [Synth 8-3331] design blk_mem_gen_v8_4_1_synth has unconnected port S_AXI_AWADDR[29]
WARNING: [Synth 8-3331] design blk_mem_gen_v8_4_1_synth has unconnected port S_AXI_AWADDR[28]
WARNING: [Synth 8-3331] design blk_mem_gen_v8_4_1_synth has unconnected port S_AXI_AWADDR[27]
WARNING: [Synth 8-3331] design blk_mem_gen_v8_4_1_synth has unconnected port S_AXI_AWADDR[26]
WARNING: [Synth 8-3331] design blk_mem_gen_v8_4_1_synth has unconnected port S_AXI_AWADDR[25]
WARNING: [Synth 8-3331] design blk_mem_gen_v8_4_1_synth has unconnected port S_AXI_AWADDR[24]
WARNING: [Synth 8-3331] design blk_mem_gen_v8_4_1_synth has unconnected port S_AXI_AWADDR[23]
WARNING: [Synth 8-3331] design blk_mem_gen_v8_4_1_synth has unconnected port S_AXI_AWADDR[22]
WARNING: [Synth 8-3331] design blk_mem_gen_v8_4_1_synth has unconnected port S_AXI_AWADDR[21]
WARNING: [Synth 8-3331] design blk_mem_gen_v8_4_1_synth has unconnected port S_AXI_AWADDR[20]
WARNING: [Synth 8-3331] design blk_mem_gen_v8_4_1_synth has unconnected port S_AXI_AWADDR[19]
WARNING: [Synth 8-3331] design blk_mem_gen_v8_4_1_synth has unconnected port S_AXI_AWADDR[18]
WARNING: [Synth 8-3331] design blk_mem_gen_v8_4_1_synth has unconnected port S_AXI_AWADDR[17]
WARNING: [Synth 8-3331] design blk_mem_gen_v8_4_1_synth has unconnected port S_AXI_AWADDR[16]
WARNING: [Synth 8-3331] design blk_mem_gen_v8_4_1_synth has unconnected port S_AXI_AWADDR[15]
WARNING: [Synth 8-3331] design blk_mem_gen_v8_4_1_synth has unconnected port S_AXI_AWADDR[14]
WARNING: [Synth 8-3331] design blk_mem_gen_v8_4_1_synth has unconnected port S_AXI_AWADDR[13]
WARNING: [Synth 8-3331] design blk_mem_gen_v8_4_1_synth has unconnected port S_AXI_AWADDR[12]
WARNING: [Synth 8-3331] design blk_mem_gen_v8_4_1_synth has unconnected port S_AXI_AWADDR[11]
WARNING: [Synth 8-3331] design blk_mem_gen_v8_4_1_synth has unconnected port S_AXI_AWADDR[10]
WARNING: [Synth 8-3331] design blk_mem_gen_v8_4_1_synth has unconnected port S_AXI_AWADDR[9]
WARNING: [Synth 8-3331] design blk_mem_gen_v8_4_1_synth has unconnected port S_AXI_AWADDR[8]
INFO: [Common 17-14] Message 'Synth 8-3331' appears 100 times and further instances of the messages will be disabled. Use the Tcl command set_msg_config to change the current settings.
---------------------------------------------------------------------------------
Finished RTL Elaboration : Time (s): cpu = 00:01:07 ; elapsed = 00:01:16 . Memory (MB): peak = 1510.199 ; gain = 0.000 ; free physical = 19614 ; free virtual = 23519
---------------------------------------------------------------------------------

Report Check Netlist: 
+------+------------------+-------+---------+-------+------------------+
|      |Item              |Errors |Warnings |Status |Description       |
+------+------------------+-------+---------+-------+------------------+
|1     |multi_driven_nets |      0|        0|Passed |Multi driven nets |
+------+------------------+-------+---------+-------+------------------+
---------------------------------------------------------------------------------
Finished RTL Optimization Phase 1 : Time (s): cpu = 00:01:07 ; elapsed = 00:01:16 . Memory (MB): peak = 1510.199 ; gain = 0.000 ; free physical = 19612 ; free virtual = 23517
---------------------------------------------------------------------------------
INFO: [Device 21-403] Loading part xczu9eg-ffvb1156-2-e
INFO: [Project 1-570] Preparing netlist for logic optimization

Processing XDC Constraints
Initializing timing engine
Parsing XDC File [/home/parul/RationamMem/RatMem/RatMem.srcs/sources_1/bd/design_1/ip/design_1_axi_bram_ctrl_0_bram_0/design_1_axi_bram_ctrl_0_bram_0_ooc.xdc] for cell 'U0'
Finished Parsing XDC File [/home/parul/RationamMem/RatMem/RatMem.srcs/sources_1/bd/design_1/ip/design_1_axi_bram_ctrl_0_bram_0/design_1_axi_bram_ctrl_0_bram_0_ooc.xdc] for cell 'U0'
Parsing XDC File [/home/parul/RationamMem/RatMem/RatMem.runs/design_1_axi_bram_ctrl_0_bram_0_synth_1/dont_touch.xdc]
Finished Parsing XDC File [/home/parul/RationamMem/RatMem/RatMem.runs/design_1_axi_bram_ctrl_0_bram_0_synth_1/dont_touch.xdc]
Completed Processing XDC Constraints

INFO: [Project 1-111] Unisim Transformation Summary:
No Unisim elements were transformed.

Constraint Validation Runtime : Time (s): cpu = 00:00:00.01 ; elapsed = 00:00:00 . Memory (MB): peak = 2064.113 ; gain = 0.000 ; free physical = 23046 ; free virtual = 26981
---------------------------------------------------------------------------------
Finished Constraint Validation : Time (s): cpu = 00:01:24 ; elapsed = 00:01:40 . Memory (MB): peak = 2064.113 ; gain = 553.914 ; free physical = 23078 ; free virtual = 27018
---------------------------------------------------------------------------------
---------------------------------------------------------------------------------
Start Loading Part and Timing Information
---------------------------------------------------------------------------------
Loading part: xczu9eg-ffvb1156-2-e
---------------------------------------------------------------------------------
Finished Loading Part and Timing Information : Time (s): cpu = 00:01:24 ; elapsed = 00:01:40 . Memory (MB): peak = 2064.113 ; gain = 553.914 ; free physical = 23078 ; free virtual = 27017
---------------------------------------------------------------------------------
---------------------------------------------------------------------------------
Start Applying 'set_property' XDC Constraints
---------------------------------------------------------------------------------
Applied set_property DONT_TOUCH = true for U0. (constraint file  /home/parul/RationamMem/RatMem/RatMem.runs/design_1_axi_bram_ctrl_0_bram_0_synth_1/dont_touch.xdc, line 9).
---------------------------------------------------------------------------------
Finished applying 'set_property' XDC Constraints : Time (s): cpu = 00:01:24 ; elapsed = 00:01:40 . Memory (MB): peak = 2064.113 ; gain = 553.914 ; free physical = 23081 ; free virtual = 27020
---------------------------------------------------------------------------------
---------------------------------------------------------------------------------
Finished RTL Optimization Phase 2 : Time (s): cpu = 00:01:24 ; elapsed = 00:01:40 . Memory (MB): peak = 2064.113 ; gain = 553.914 ; free physical = 23065 ; free virtual = 27004
---------------------------------------------------------------------------------

Report RTL Partitions: 
+-+--------------+------------+----------+
| |RTL Partition |Replication |Instances |
+-+--------------+------------+----------+
+-+--------------+------------+----------+
---------------------------------------------------------------------------------
Start RTL Component Statistics 
---------------------------------------------------------------------------------
Detailed RTL Component Info : 
+---XORs : 
	   2 Input      1 Bit         XORs := 2     
+---Registers : 
	                5 Bit    Registers := 2     
	                1 Bit    Registers := 8     
---------------------------------------------------------------------------------
Finished RTL Component Statistics 
---------------------------------------------------------------------------------
---------------------------------------------------------------------------------
Start RTL Hierarchical Component Statistics 
---------------------------------------------------------------------------------
Hierarchical RTL Component report 
Module blk_mem_gen_prim_width 
Detailed RTL Component Info : 
+---XORs : 
	   2 Input      1 Bit         XORs := 2     
+---Registers : 
	                5 Bit    Registers := 2     
	                1 Bit    Registers := 8     
---------------------------------------------------------------------------------
Finished RTL Hierarchical Component Statistics
---------------------------------------------------------------------------------
---------------------------------------------------------------------------------
Start Part Resource Summary
---------------------------------------------------------------------------------
Part Resources:
DSPs: 2520 (col length:168)
BRAMs: 1824 (col length: RAMB18 168 RAMB36 84)
---------------------------------------------------------------------------------
Finished Part Resource Summary
---------------------------------------------------------------------------------
---------------------------------------------------------------------------------
Start Cross Boundary and Area Optimization
---------------------------------------------------------------------------------
---------------------------------------------------------------------------------
Finished Cross Boundary and Area Optimization : Time (s): cpu = 00:01:24 ; elapsed = 00:01:41 . Memory (MB): peak = 2064.113 ; gain = 553.914 ; free physical = 23057 ; free virtual = 26996
---------------------------------------------------------------------------------

Report RTL Partitions: 
+-+--------------+------------+----------+
| |RTL Partition |Replication |Instances |
+-+--------------+------------+----------+
+-+--------------+------------+----------+
---------------------------------------------------------------------------------
Start Applying XDC Timing Constraints
---------------------------------------------------------------------------------
---------------------------------------------------------------------------------
Finished Applying XDC Timing Constraints : Time (s): cpu = 00:01:39 ; elapsed = 00:02:09 . Memory (MB): peak = 2747.824 ; gain = 1237.625 ; free physical = 21770 ; free virtual = 25702
---------------------------------------------------------------------------------
---------------------------------------------------------------------------------
Start Timing Optimization
---------------------------------------------------------------------------------
---------------------------------------------------------------------------------
Finished Timing Optimization : Time (s): cpu = 00:01:39 ; elapsed = 00:02:09 . Memory (MB): peak = 2757.840 ; gain = 1247.641 ; free physical = 21769 ; free virtual = 25701
---------------------------------------------------------------------------------

Report RTL Partitions: 
+-+--------------+------------+----------+
| |RTL Partition |Replication |Instances |
+-+--------------+------------+----------+
+-+--------------+------------+----------+
---------------------------------------------------------------------------------
Start Technology Mapping
---------------------------------------------------------------------------------
---------------------------------------------------------------------------------
Finished Technology Mapping : Time (s): cpu = 00:01:39 ; elapsed = 00:02:09 . Memory (MB): peak = 2767.855 ; gain = 1257.656 ; free physical = 21769 ; free virtual = 25700
---------------------------------------------------------------------------------

Report RTL Partitions: 
+-+--------------+------------+----------+
| |RTL Partition |Replication |Instances |
+-+--------------+------------+----------+
+-+--------------+------------+----------+
---------------------------------------------------------------------------------
Start IO Insertion
---------------------------------------------------------------------------------
---------------------------------------------------------------------------------
Start Flattening Before IO Insertion
---------------------------------------------------------------------------------
---------------------------------------------------------------------------------
Finished Flattening Before IO Insertion
---------------------------------------------------------------------------------
---------------------------------------------------------------------------------
Start Final Netlist Cleanup
---------------------------------------------------------------------------------
---------------------------------------------------------------------------------
Finished Final Netlist Cleanup
---------------------------------------------------------------------------------
---------------------------------------------------------------------------------
Finished IO Insertion : Time (s): cpu = 00:01:39 ; elapsed = 00:02:09 . Memory (MB): peak = 2767.855 ; gain = 1257.656 ; free physical = 21770 ; free virtual = 25702
---------------------------------------------------------------------------------

Report Check Netlist: 
+------+------------------+-------+---------+-------+------------------+
|      |Item              |Errors |Warnings |Status |Description       |
+------+------------------+-------+---------+-------+------------------+
|1     |multi_driven_nets |      0|        0|Passed |Multi driven nets |
+------+------------------+-------+---------+-------+------------------+
---------------------------------------------------------------------------------
Start Renaming Generated Instances
---------------------------------------------------------------------------------
---------------------------------------------------------------------------------
Finished Renaming Generated Instances : Time (s): cpu = 00:01:39 ; elapsed = 00:02:09 . Memory (MB): peak = 2767.855 ; gain = 1257.656 ; free physical = 21770 ; free virtual = 25702
---------------------------------------------------------------------------------

Report RTL Partitions: 
+-+--------------+------------+----------+
| |RTL Partition |Replication |Instances |
+-+--------------+------------+----------+
+-+--------------+------------+----------+
---------------------------------------------------------------------------------
Start Rebuilding User Hierarchy
---------------------------------------------------------------------------------
---------------------------------------------------------------------------------
Finished Rebuilding User Hierarchy : Time (s): cpu = 00:01:39 ; elapsed = 00:02:09 . Memory (MB): peak = 2767.855 ; gain = 1257.656 ; free physical = 21767 ; free virtual = 25699
---------------------------------------------------------------------------------
---------------------------------------------------------------------------------
Start Renaming Generated Ports
---------------------------------------------------------------------------------
---------------------------------------------------------------------------------
Finished Renaming Generated Ports : Time (s): cpu = 00:01:39 ; elapsed = 00:02:09 . Memory (MB): peak = 2767.855 ; gain = 1257.656 ; free physical = 21767 ; free virtual = 25699
---------------------------------------------------------------------------------
---------------------------------------------------------------------------------
Start Handling Custom Attributes
---------------------------------------------------------------------------------
---------------------------------------------------------------------------------
Finished Handling Custom Attributes : Time (s): cpu = 00:01:39 ; elapsed = 00:02:09 . Memory (MB): peak = 2767.855 ; gain = 1257.656 ; free physical = 21767 ; free virtual = 25699
---------------------------------------------------------------------------------
---------------------------------------------------------------------------------
Start Renaming Generated Nets
---------------------------------------------------------------------------------
---------------------------------------------------------------------------------
Finished Renaming Generated Nets : Time (s): cpu = 00:01:39 ; elapsed = 00:02:09 . Memory (MB): peak = 2767.855 ; gain = 1257.656 ; free physical = 21767 ; free virtual = 25699
---------------------------------------------------------------------------------
---------------------------------------------------------------------------------
Start ROM, RAM, DSP and Shift Register Reporting
---------------------------------------------------------------------------------

Static Shift Register Report:
+-------------------+----------------------------------------------------------------------------------------------------------------------------------------+--------+-------+--------------+--------------------+-------------------+--------+---------+
|Module Name        | RTL Name                                                                                                                               | Length | Width | Reset Signal | Pull out first Reg | Pull out last Reg | SRL16E | SRLC32E | 
+-------------------+----------------------------------------------------------------------------------------------------------------------------------------+--------+-------+--------------+--------------------+-------------------+--------+---------+
|blk_mem_gen_v8_4_1 | inst_blk_mem_gen/gnbram.gnative_mem_map_bmg.native_mem_map_blk_mem_gen/valid.cstr/ramloop[0].ram.r/SAFETY_CKT_GEN.RSTA_SHFT_REG_reg[4] | 4      | 2     | NO           | NO                 | YES               | 2      | 0       | 
+-------------------+----------------------------------------------------------------------------------------------------------------------------------------+--------+-------+--------------+--------------------+-------------------+--------+---------+

---------------------------------------------------------------------------------
Finished ROM, RAM, DSP and Shift Register Reporting
---------------------------------------------------------------------------------
---------------------------------------------------------------------------------
Start Writing Synthesis Report
---------------------------------------------------------------------------------

Report BlackBoxes: 
+-+--------------+----------+
| |BlackBox name |Instances |
+-+--------------+----------+
+-+--------------+----------+

Report Cell Usage: 
+------+---------+------+
|      |Cell     |Count |
+------+---------+------+
|1     |LUT2     |     6|
|2     |LUT4     |     2|
|3     |RAMB36E2 |     1|
|4     |SRL16E   |     2|
|5     |FDRE     |    12|
+------+---------+------+

Report Instance Areas: 
+------+--------------------------------------------------------------+-------------------------+------+
|      |Instance                                                      |Module                   |Cells |
+------+--------------------------------------------------------------+-------------------------+------+
|1     |top                                                           |                         |    23|
|2     |  U0                                                          |blk_mem_gen_v8_4_1       |    23|
|3     |    inst_blk_mem_gen                                          |blk_mem_gen_v8_4_1_synth |    23|
|4     |      \gnbram.gnative_mem_map_bmg.native_mem_map_blk_mem_gen  |blk_mem_gen_top          |    23|
|5     |        \valid.cstr                                           |blk_mem_gen_generic_cstr |    23|
|6     |          \ramloop[0].ram.r                                   |blk_mem_gen_prim_width   |    23|
|7     |            \prim_noinit.ram                                  |blk_mem_gen_prim_wrapper |     5|
+------+--------------------------------------------------------------+-------------------------+------+
---------------------------------------------------------------------------------
Finished Writing Synthesis Report : Time (s): cpu = 00:01:39 ; elapsed = 00:02:09 . Memory (MB): peak = 2767.855 ; gain = 1257.656 ; free physical = 21767 ; free virtual = 25699
---------------------------------------------------------------------------------
Synthesis finished with 0 errors, 0 critical warnings and 195 warnings.
Synthesis Optimization Runtime : Time (s): cpu = 00:01:28 ; elapsed = 00:01:51 . Memory (MB): peak = 2767.855 ; gain = 703.742 ; free physical = 21800 ; free virtual = 25732
Synthesis Optimization Complete : Time (s): cpu = 00:01:39 ; elapsed = 00:02:10 . Memory (MB): peak = 2767.863 ; gain = 1257.656 ; free physical = 21800 ; free virtual = 25732
INFO: [Project 1-571] Translating synthesized netlist
INFO: [Project 1-570] Preparing netlist for logic optimization
INFO: [Opt 31-138] Pushed 0 inverter(s) to 0 load pin(s).
INFO: [Project 1-111] Unisim Transformation Summary:
No Unisim elements were transformed.

INFO: [Common 17-83] Releasing license: Synthesis
14 Infos, 100 Warnings, 0 Critical Warnings and 0 Errors encountered.
synth_design completed successfully
synth_design: Time (s): cpu = 00:01:40 ; elapsed = 00:02:10 . Memory (MB): peak = 2791.488 ; gain = 1302.664 ; free physical = 21672 ; free virtual = 25604
INFO: [Common 17-1381] The checkpoint '/home/parul/RationamMem/RatMem/RatMem.runs/design_1_axi_bram_ctrl_0_bram_0_synth_1/design_1_axi_bram_ctrl_0_bram_0.dcp' has been generated.
