Vivado Simulator 2017.4
Copyright 1986-1999, 2001-2016 Xilinx, Inc. All Rights Reserved.
Running: /home/renato/Xilinx/Vivado/2017.4/bin/unwrapped/lnx64.o/xelab -wto b700f324250746cfb9eb35d61782e182 --incr --debug typical --relax --mt 8 -L xil_defaultlib -L smartconnect_v1_0 -L xlconstant_v1_1_3 -L lib_cdc_v1_0_2 -L proc_sys_reset_v5_0_12 -L axi_infrastructure_v1_1_0 -L axi_protocol_checker_v2_0_1 -L axi_vip_v1_1_1 -L xilinx_vip -L unisims_ver -L unimacro_ver -L secureip -L xpm --snapshot VIP_RelationalCache_behav xil_defaultlib.VIP_RelationalCache xil_defaultlib.glbl -log elaborate.log 
Using 8 slave threads.
Starting static elaboration
WARNING: [VRFC 10-278] actual bit length 1 differs from formal bit length 2 for port config_axi_awuser [/home/renato/RelationalMem/ZYNQ_ULTRASCARE+_bkp_sep_20/RatMem/RatMem.ip_user_files/bd/design_relcache/ip/design_relcache_RelationalCache_0_2/sim/design_relcache_RelationalCache_0_2.v:524]
WARNING: [VRFC 10-278] actual bit length 1 differs from formal bit length 2 for port config_axi_aruser [/home/renato/RelationalMem/ZYNQ_ULTRASCARE+_bkp_sep_20/RatMem/RatMem.ip_user_files/bd/design_relcache/ip/design_relcache_RelationalCache_0_2/sim/design_relcache_RelationalCache_0_2.v:546]
WARNING: [VRFC 10-278] actual bit length 1 differs from formal bit length 2 for port s00_axi_awuser [/home/renato/RelationalMem/ZYNQ_ULTRASCARE+_bkp_sep_20/RatMem/RatMem.ip_user_files/bd/design_relcache/ip/design_relcache_RelationalCache_0_2/sim/design_relcache_RelationalCache_0_2.v:567]
WARNING: [VRFC 10-278] actual bit length 1 differs from formal bit length 2 for port s00_axi_aruser [/home/renato/RelationalMem/ZYNQ_ULTRASCARE+_bkp_sep_20/RatMem/RatMem.ip_user_files/bd/design_relcache/ip/design_relcache_RelationalCache_0_2/sim/design_relcache_RelationalCache_0_2.v:589]
WARNING: [VRFC 10-278] actual bit length 1 differs from formal bit length 2 for port m01_axi_buser [/home/renato/RelationalMem/ZYNQ_ULTRASCARE+_bkp_sep_20/RatMem/RatMem.ip_user_files/bd/design_relcache/ip/design_relcache_RelationalCache_0_2/sim/design_relcache_RelationalCache_0_2.v:664]
WARNING: [VRFC 10-278] actual bit length 1 differs from formal bit length 2 for port m01_axi_ruser [/home/renato/RelationalMem/ZYNQ_ULTRASCARE+_bkp_sep_20/RatMem/RatMem.ip_user_files/bd/design_relcache/ip/design_relcache_RelationalCache_0_2/sim/design_relcache_RelationalCache_0_2.v:683]
WARNING: [VRFC 10-278] actual bit length 1 differs from formal bit length 2 for port m02_axi_buser [/home/renato/RelationalMem/ZYNQ_ULTRASCARE+_bkp_sep_20/RatMem/RatMem.ip_user_files/bd/design_relcache/ip/design_relcache_RelationalCache_0_2/sim/design_relcache_RelationalCache_0_2.v:708]
WARNING: [VRFC 10-278] actual bit length 1 differs from formal bit length 2 for port m02_axi_ruser [/home/renato/RelationalMem/ZYNQ_ULTRASCARE+_bkp_sep_20/RatMem/RatMem.ip_user_files/bd/design_relcache/ip/design_relcache_RelationalCache_0_2/sim/design_relcache_RelationalCache_0_2.v:727]
WARNING: [VRFC 10-278] actual bit length 16 differs from formal bit length 7 for port i_col_width [/home/renato/RelationalMem/ZYNQ_ULTRASCARE+_bkp_sep_20/RatMem/RatMem.ip_user_files/bd/design_relcache/ipshared/6d00/hdl/RelationalCache_v1_0.v:422]
WARNING: [VRFC 10-278] actual bit length 1 differs from formal bit length 16 for port o_en [/home/renato/RelationalMem/ZYNQ_ULTRASCARE+_bkp_sep_20/RatMem/RatMem.ip_user_files/bd/design_relcache/ipshared/6d00/hdl/RelationalCache_v1_0.v:424]
WARNING: [VRFC 10-278] actual bit length 40 differs from formal bit length 32 for port o_r_addr [/home/renato/RelationalMem/ZYNQ_ULTRASCARE+_bkp_sep_20/RatMem/RatMem.ip_user_files/bd/design_relcache/ipshared/6d00/hdl/RelationalCache_v1_0.v:425]
WARNING: [VRFC 10-278] actual bit length 40 differs from formal bit length 32 for port o_w_addr [/home/renato/RelationalMem/ZYNQ_ULTRASCARE+_bkp_sep_20/RatMem/RatMem.ip_user_files/bd/design_relcache/ipshared/6d00/hdl/RelationalCache_v1_0.v:429]
WARNING: [VRFC 10-278] actual bit length 4 differs from formal bit length 3 for port addra [/home/renato/RelationalMem/ZYNQ_ULTRASCARE+_bkp_sep_20/RatMem/RatMem.ip_user_files/bd/design_relcache/ipshared/6d00/hdl/Queue.sv:57]
WARNING: [VRFC 10-278] actual bit length 4 differs from formal bit length 3 for port addrb [/home/renato/RelationalMem/ZYNQ_ULTRASCARE+_bkp_sep_20/RatMem/RatMem.ip_user_files/bd/design_relcache/ipshared/6d00/hdl/Queue.sv:58]
WARNING: [VRFC 10-278] actual bit length 32 differs from formal bit length 1 for port enb [/home/renato/RelationalMem/ZYNQ_ULTRASCARE+_bkp_sep_20/RatMem/RatMem.ip_user_files/bd/design_relcache/ipshared/6d00/hdl/Queue.sv:62]
WARNING: [VRFC 10-278] actual bit length 27 differs from formal bit length 26 for port request_notification_addr [/home/renato/RelationalMem/ZYNQ_ULTRASCARE+_bkp_sep_20/RatMem/RatMem.ip_user_files/bd/design_relcache/ipshared/6d00/hdl/RelationalCache_v1_0.v:564]
WARNING: [VRFC 10-278] actual bit length 40 differs from formal bit length 26 for port input_addr [/home/renato/RelationalMem/ZYNQ_ULTRASCARE+_bkp_sep_20/RatMem/RatMem.ip_user_files/bd/design_relcache/ipshared/6d00/hdl/RelationalCache_v1_0.v:577]
WARNING: [VRFC 10-278] actual bit length 40 differs from formal bit length 26 for port inc_addr [/home/renato/RelationalMem/ZYNQ_ULTRASCARE+_bkp_sep_20/RatMem/RatMem.ip_user_files/bd/design_relcache/ipshared/6d00/hdl/RelationalCache_v1_0.v:581]
WARNING: [VRFC 10-278] actual bit length 26 differs from formal bit length 15 for port addra [/home/renato/RelationalMem/ZYNQ_ULTRASCARE+_bkp_sep_20/RatMem/RatMem.ip_user_files/bd/design_relcache/ipshared/6d00/hdl/Cache.sv:80]
WARNING: [VRFC 10-278] actual bit length 26 differs from formal bit length 15 for port addrb [/home/renato/RelationalMem/ZYNQ_ULTRASCARE+_bkp_sep_20/RatMem/RatMem.ip_user_files/bd/design_relcache/ipshared/6d00/hdl/Cache.sv:86]
WARNING: [VRFC 10-278] actual bit length 26 differs from formal bit length 15 for port addra [/home/renato/RelationalMem/ZYNQ_ULTRASCARE+_bkp_sep_20/RatMem/RatMem.ip_user_files/bd/design_relcache/ipshared/6d00/hdl/Cache.sv:102]
WARNING: [VRFC 10-278] actual bit length 26 differs from formal bit length 15 for port addrb [/home/renato/RelationalMem/ZYNQ_ULTRASCARE+_bkp_sep_20/RatMem/RatMem.ip_user_files/bd/design_relcache/ipshared/6d00/hdl/Cache.sv:108]
WARNING: [VRFC 10-278] actual bit length 16 differs from formal bit length 7 for port writer_col_width [/home/renato/RelationalMem/ZYNQ_ULTRASCARE+_bkp_sep_20/RatMem/RatMem.ip_user_files/bd/design_relcache/ipshared/6d00/hdl/RelationalCache_v1_0.v:622]
WARNING: [VRFC 10-278] actual bit length 64 differs from formal bit length 256 for port writer_strb [/home/renato/RelationalMem/ZYNQ_ULTRASCARE+_bkp_sep_20/RatMem/RatMem.ip_user_files/bd/design_relcache/ipshared/6d00/hdl/RelationalCache_v1_0.v:624]
WARNING: [VRFC 10-278] actual bit length 10 differs from formal bit length 8 for port burst_ctrl [/home/renato/RelationalMem/ZYNQ_ULTRASCARE+_bkp_sep_20/RatMem/RatMem.ip_user_files/bd/design_relcache/ipshared/6d00/hdl/FetchUnit.sv:254]
WARNING: [VRFC 10-278] actual bit length 7 differs from formal bit length 5 for port i_r_size [/home/renato/RelationalMem/ZYNQ_ULTRASCARE+_bkp_sep_20/RatMem/RatMem.ip_user_files/bd/design_relcache/ipshared/6d00/hdl/FetchUnit.sv:311]
WARNING: [VRFC 10-278] actual bit length 7 differs from formal bit length 4 for port i_r_start [/home/renato/RelationalMem/ZYNQ_ULTRASCARE+_bkp_sep_20/RatMem/RatMem.ip_user_files/bd/design_relcache/ipshared/6d00/hdl/FetchUnit.sv:313]
WARNING: [VRFC 10-278] actual bit length 16 differs from formal bit length 1 for port s_axi_awid [/home/renato/RelationalMem/ZYNQ_ULTRASCARE+_bkp_sep_20/RatMem/RatMem.ip_user_files/bd/design_relcache/ip/design_relcache_axi_vip_1_1/sim/design_relcache_axi_vip_1_1.sv:205]
WARNING: [VRFC 10-278] actual bit length 16 differs from formal bit length 1 for port s_axi_wid [/home/renato/RelationalMem/ZYNQ_ULTRASCARE+_bkp_sep_20/RatMem/RatMem.ip_user_files/bd/design_relcache/ip/design_relcache_axi_vip_1_1/sim/design_relcache_axi_vip_1_1.sv:218]
WARNING: [VRFC 10-278] actual bit length 16 differs from formal bit length 1 for port s_axi_arid [/home/renato/RelationalMem/ZYNQ_ULTRASCARE+_bkp_sep_20/RatMem/RatMem.ip_user_files/bd/design_relcache/ip/design_relcache_axi_vip_1_1/sim/design_relcache_axi_vip_1_1.sv:230]
WARNING: [VRFC 10-278] actual bit length 16 differs from formal bit length 1 for port m_axi_bid [/home/renato/RelationalMem/ZYNQ_ULTRASCARE+_bkp_sep_20/RatMem/RatMem.ip_user_files/bd/design_relcache/ip/design_relcache_axi_vip_1_1/sim/design_relcache_axi_vip_1_1.sv:270]
WARNING: [VRFC 10-278] actual bit length 16 differs from formal bit length 1 for port m_axi_rid [/home/renato/RelationalMem/ZYNQ_ULTRASCARE+_bkp_sep_20/RatMem/RatMem.ip_user_files/bd/design_relcache/ip/design_relcache_axi_vip_1_1/sim/design_relcache_axi_vip_1_1.sv:288]
WARNING: [VRFC 10-1783] select index 16 into byte_ram is out of bounds [/home/renato/RelationalMem/ZYNQ_ULTRASCARE+_bkp_sep_20/RatMem/RatMem.ip_user_files/bd/design_relcache/ipshared/6d00/hdl/ConfigurationPort.sv:489]
WARNING: [VRFC 10-597] element index 1 into s_axi_arid is out of bounds [/wrk/2017.4/nightly/2017_12_15_2086221/packages/customer/vivado/data/ip/xilinx/sc_si_converter_v1_0/hdl/sc_si_converter_v1_0_vl_rfs.sv:3106]
WARNING: [VRFC 10-597] element index 1 into m_axi_rid is out of bounds [/wrk/2017.4/nightly/2017_12_15_2086221/packages/customer/vivado/data/ip/xilinx/sc_si_converter_v1_0/hdl/sc_si_converter_v1_0_vl_rfs.sv:3155]
Completed static elaboration
WARNING: [XSIM 43-4127] File "/wrk/2017.4/nightly/2017_12_15_2086221/packages/customer/vivado/data/ip/xilinx/axi_protocol_checker_v2_0/hdl/axi_protocol_checker_v2_0_vl_rfs.sv" Line 4703 : The "System Verilog Property Declaration" is not supported yet for simulation. The statement will be ignored.
WARNING: [XSIM 43-4127] File "/wrk/2017.4/nightly/2017_12_15_2086221/packages/customer/vivado/data/ip/xilinx/axi_protocol_checker_v2_0/hdl/axi_protocol_checker_v2_0_vl_rfs.sv" Line 4706 : The "System Verilog Assertion" is not supported yet for simulation. The statement will be ignored.
WARNING: [XSIM 43-4127] File "/wrk/2017.4/nightly/2017_12_15_2086221/packages/customer/vivado/data/ip/xilinx/axi_protocol_checker_v2_0/hdl/axi_protocol_checker_v2_0_vl_rfs.sv" Line 4712 : The "System Verilog Property Declaration" is not supported yet for simulation. The statement will be ignored.
WARNING: [XSIM 43-4127] File "/wrk/2017.4/nightly/2017_12_15_2086221/packages/customer/vivado/data/ip/xilinx/axi_protocol_checker_v2_0/hdl/axi_protocol_checker_v2_0_vl_rfs.sv" Line 4715 : The "System Verilog Assertion" is not supported yet for simulation. The statement will be ignored.
WARNING: [XSIM 43-4127] File "/wrk/2017.4/nightly/2017_12_15_2086221/packages/customer/vivado/data/ip/xilinx/axi_protocol_checker_v2_0/hdl/axi_protocol_checker_v2_0_vl_rfs.sv" Line 4721 : The "System Verilog Property Declaration" is not supported yet for simulation. The statement will be ignored.
WARNING: [XSIM 43-4127] File "/wrk/2017.4/nightly/2017_12_15_2086221/packages/customer/vivado/data/ip/xilinx/axi_protocol_checker_v2_0/hdl/axi_protocol_checker_v2_0_vl_rfs.sv" Line 4724 : The "System Verilog Assertion" is not supported yet for simulation. The statement will be ignored.
WARNING: [XSIM 43-4127] File "/wrk/2017.4/nightly/2017_12_15_2086221/packages/customer/vivado/data/ip/xilinx/axi_protocol_checker_v2_0/hdl/axi_protocol_checker_v2_0_vl_rfs.sv" Line 4730 : The "System Verilog Property Declaration" is not supported yet for simulation. The statement will be ignored.
WARNING: [XSIM 43-4127] File "/wrk/2017.4/nightly/2017_12_15_2086221/packages/customer/vivado/data/ip/xilinx/axi_protocol_checker_v2_0/hdl/axi_protocol_checker_v2_0_vl_rfs.sv" Line 4733 : The "System Verilog Assertion" is not supported yet for simulation. The statement will be ignored.
WARNING: [XSIM 43-4127] File "/wrk/2017.4/nightly/2017_12_15_2086221/packages/customer/vivado/data/ip/xilinx/axi_protocol_checker_v2_0/hdl/axi_protocol_checker_v2_0_vl_rfs.sv" Line 4739 : The "System Verilog Property Declaration" is not supported yet for simulation. The statement will be ignored.
WARNING: [XSIM 43-4127] File "/wrk/2017.4/nightly/2017_12_15_2086221/packages/customer/vivado/data/ip/xilinx/axi_protocol_checker_v2_0/hdl/axi_protocol_checker_v2_0_vl_rfs.sv" Line 4742 : The "System Verilog Assertion" is not supported yet for simulation. The statement will be ignored.
WARNING: [XSIM 43-4127] File "/wrk/2017.4/nightly/2017_12_15_2086221/packages/customer/vivado/data/ip/xilinx/axi_protocol_checker_v2_0/hdl/axi_protocol_checker_v2_0_vl_rfs.sv" Line 4748 : The "System Verilog Property Declaration" is not supported yet for simulation. The statement will be ignored.
WARNING: [XSIM 43-4127] File "/wrk/2017.4/nightly/2017_12_15_2086221/packages/customer/vivado/data/ip/xilinx/axi_protocol_checker_v2_0/hdl/axi_protocol_checker_v2_0_vl_rfs.sv" Line 4751 : The "System Verilog Assertion" is not supported yet for simulation. The statement will be ignored.
WARNING: [XSIM 43-4127] File "/wrk/2017.4/nightly/2017_12_15_2086221/packages/customer/vivado/data/ip/xilinx/axi_protocol_checker_v2_0/hdl/axi_protocol_checker_v2_0_vl_rfs.sv" Line 4757 : The "System Verilog Property Declaration" is not supported yet for simulation. The statement will be ignored.
WARNING: [XSIM 43-4127] File "/wrk/2017.4/nightly/2017_12_15_2086221/packages/customer/vivado/data/ip/xilinx/axi_protocol_checker_v2_0/hdl/axi_protocol_checker_v2_0_vl_rfs.sv" Line 4760 : The "System Verilog Assertion" is not supported yet for simulation. The statement will be ignored.
WARNING: [XSIM 43-4127] File "/wrk/2017.4/nightly/2017_12_15_2086221/packages/customer/vivado/data/ip/xilinx/axi_protocol_checker_v2_0/hdl/axi_protocol_checker_v2_0_vl_rfs.sv" Line 4766 : The "System Verilog Property Declaration" is not supported yet for simulation. The statement will be ignored.
WARNING: [XSIM 43-4127] File "/wrk/2017.4/nightly/2017_12_15_2086221/packages/customer/vivado/data/ip/xilinx/axi_protocol_checker_v2_0/hdl/axi_protocol_checker_v2_0_vl_rfs.sv" Line 4769 : The "System Verilog Assertion" is not supported yet for simulation. The statement will be ignored.
WARNING: [XSIM 43-4127] File "/wrk/2017.4/nightly/2017_12_15_2086221/packages/customer/vivado/data/ip/xilinx/axi_protocol_checker_v2_0/hdl/axi_protocol_checker_v2_0_vl_rfs.sv" Line 4775 : The "System Verilog Property Declaration" is not supported yet for simulation. The statement will be ignored.
WARNING: [XSIM 43-4127] File "/wrk/2017.4/nightly/2017_12_15_2086221/packages/customer/vivado/data/ip/xilinx/axi_protocol_checker_v2_0/hdl/axi_protocol_checker_v2_0_vl_rfs.sv" Line 4778 : The "System Verilog Assertion" is not supported yet for simulation. The statement will be ignored.
WARNING: [XSIM 43-4127] File "/wrk/2017.4/nightly/2017_12_15_2086221/packages/customer/vivado/data/ip/xilinx/axi_protocol_checker_v2_0/hdl/axi_protocol_checker_v2_0_vl_rfs.sv" Line 4784 : The "System Verilog Property Declaration" is not supported yet for simulation. The statement will be ignored.
WARNING: [XSIM 43-4127] File "/wrk/2017.4/nightly/2017_12_15_2086221/packages/customer/vivado/data/ip/xilinx/axi_protocol_checker_v2_0/hdl/axi_protocol_checker_v2_0_vl_rfs.sv" Line 4789 : The "System Verilog Assertion" is not supported yet for simulation. The statement will be ignored.
WARNING: [XSIM 43-4127] File "/wrk/2017.4/nightly/2017_12_15_2086221/packages/customer/vivado/data/ip/xilinx/axi_protocol_checker_v2_0/hdl/axi_protocol_checker_v2_0_vl_rfs.sv" Line 4795 : The "System Verilog Property Declaration" is not supported yet for simulation. The statement will be ignored.
WARNING: [XSIM 43-4127] File "/wrk/2017.4/nightly/2017_12_15_2086221/packages/customer/vivado/data/ip/xilinx/axi_protocol_checker_v2_0/hdl/axi_protocol_checker_v2_0_vl_rfs.sv" Line 4798 : The "System Verilog Assertion" is not supported yet for simulation. The statement will be ignored.
WARNING: [XSIM 43-4127] File "/wrk/2017.4/nightly/2017_12_15_2086221/packages/customer/vivado/data/ip/xilinx/axi_protocol_checker_v2_0/hdl/axi_protocol_checker_v2_0_vl_rfs.sv" Line 4804 : The "System Verilog Property Declaration" is not supported yet for simulation. The statement will be ignored.
WARNING: [XSIM 43-4127] File "/wrk/2017.4/nightly/2017_12_15_2086221/packages/customer/vivado/data/ip/xilinx/axi_protocol_checker_v2_0/hdl/axi_protocol_checker_v2_0_vl_rfs.sv" Line 4807 : The "System Verilog Assertion" is not supported yet for simulation. The statement will be ignored.
WARNING: [XSIM 43-4127] File "/wrk/2017.4/nightly/2017_12_15_2086221/packages/customer/vivado/data/ip/xilinx/axi_protocol_checker_v2_0/hdl/axi_protocol_checker_v2_0_vl_rfs.sv" Line 4815 : The "System Verilog Property Declaration" is not supported yet for simulation. The statement will be ignored.
WARNING: [XSIM 43-4127] File "/wrk/2017.4/nightly/2017_12_15_2086221/packages/customer/vivado/data/ip/xilinx/axi_protocol_checker_v2_0/hdl/axi_protocol_checker_v2_0_vl_rfs.sv" Line 4820 : The "System Verilog Assertion" is not supported yet for simulation. The statement will be ignored.
WARNING: [XSIM 43-4127] File "/wrk/2017.4/nightly/2017_12_15_2086221/packages/customer/vivado/data/ip/xilinx/axi_protocol_checker_v2_0/hdl/axi_protocol_checker_v2_0_vl_rfs.sv" Line 4826 : The "System Verilog Property Declaration" is not supported yet for simulation. The statement will be ignored.
WARNING: [XSIM 43-4127] File "/wrk/2017.4/nightly/2017_12_15_2086221/packages/customer/vivado/data/ip/xilinx/axi_protocol_checker_v2_0/hdl/axi_protocol_checker_v2_0_vl_rfs.sv" Line 4831 : The "System Verilog Assertion" is not supported yet for simulation. The statement will be ignored.
WARNING: [XSIM 43-4127] File "/wrk/2017.4/nightly/2017_12_15_2086221/packages/customer/vivado/data/ip/xilinx/axi_protocol_checker_v2_0/hdl/axi_protocol_checker_v2_0_vl_rfs.sv" Line 4837 : The "System Verilog Property Declaration" is not supported yet for simulation. The statement will be ignored.
WARNING: [XSIM 43-4127] File "/wrk/2017.4/nightly/2017_12_15_2086221/packages/customer/vivado/data/ip/xilinx/axi_protocol_checker_v2_0/hdl/axi_protocol_checker_v2_0_vl_rfs.sv" Line 4842 : The "System Verilog Assertion" is not supported yet for simulation. The statement will be ignored.
WARNING: [XSIM 43-4127] File "/wrk/2017.4/nightly/2017_12_15_2086221/packages/customer/vivado/data/ip/xilinx/axi_protocol_checker_v2_0/hdl/axi_protocol_checker_v2_0_vl_rfs.sv" Line 4848 : The "System Verilog Property Declaration" is not supported yet for simulation. The statement will be ignored.
WARNING: [XSIM 43-4127] File "/wrk/2017.4/nightly/2017_12_15_2086221/packages/customer/vivado/data/ip/xilinx/axi_protocol_checker_v2_0/hdl/axi_protocol_checker_v2_0_vl_rfs.sv" Line 4853 : The "System Verilog Assertion" is not supported yet for simulation. The statement will be ignored.
WARNING: [XSIM 43-4127] File "/wrk/2017.4/nightly/2017_12_15_2086221/packages/customer/vivado/data/ip/xilinx/axi_protocol_checker_v2_0/hdl/axi_protocol_checker_v2_0_vl_rfs.sv" Line 4859 : The "System Verilog Property Declaration" is not supported yet for simulation. The statement will be ignored.
WARNING: [XSIM 43-4127] File "/wrk/2017.4/nightly/2017_12_15_2086221/packages/customer/vivado/data/ip/xilinx/axi_protocol_checker_v2_0/hdl/axi_protocol_checker_v2_0_vl_rfs.sv" Line 4864 : The "System Verilog Assertion" is not supported yet for simulation. The statement will be ignored.
WARNING: [XSIM 43-4127] File "/wrk/2017.4/nightly/2017_12_15_2086221/packages/customer/vivado/data/ip/xilinx/axi_protocol_checker_v2_0/hdl/axi_protocol_checker_v2_0_vl_rfs.sv" Line 4871 : The "System Verilog Property Declaration" is not supported yet for simulation. The statement will be ignored.
WARNING: [XSIM 43-4127] File "/wrk/2017.4/nightly/2017_12_15_2086221/packages/customer/vivado/data/ip/xilinx/axi_protocol_checker_v2_0/hdl/axi_protocol_checker_v2_0_vl_rfs.sv" Line 4876 : The "System Verilog Assertion" is not supported yet for simulation. The statement will be ignored.
WARNING: [XSIM 43-4127] File "/wrk/2017.4/nightly/2017_12_15_2086221/packages/customer/vivado/data/ip/xilinx/axi_protocol_checker_v2_0/hdl/axi_protocol_checker_v2_0_vl_rfs.sv" Line 4882 : The "System Verilog Property Declaration" is not supported yet for simulation. The statement will be ignored.
WARNING: [XSIM 43-4127] File "/wrk/2017.4/nightly/2017_12_15_2086221/packages/customer/vivado/data/ip/xilinx/axi_protocol_checker_v2_0/hdl/axi_protocol_checker_v2_0_vl_rfs.sv" Line 4887 : The "System Verilog Assertion" is not supported yet for simulation. The statement will be ignored.
WARNING: [XSIM 43-4127] File "/wrk/2017.4/nightly/2017_12_15_2086221/packages/customer/vivado/data/ip/xilinx/axi_protocol_checker_v2_0/hdl/axi_protocol_checker_v2_0_vl_rfs.sv" Line 4893 : The "System Verilog Property Declaration" is not supported yet for simulation. The statement will be ignored.
WARNING: [XSIM 43-4127] File "/wrk/2017.4/nightly/2017_12_15_2086221/packages/customer/vivado/data/ip/xilinx/axi_protocol_checker_v2_0/hdl/axi_protocol_checker_v2_0_vl_rfs.sv" Line 4898 : The "System Verilog Assertion" is not supported yet for simulation. The statement will be ignored.
WARNING: [XSIM 43-4127] File "/wrk/2017.4/nightly/2017_12_15_2086221/packages/customer/vivado/data/ip/xilinx/axi_protocol_checker_v2_0/hdl/axi_protocol_checker_v2_0_vl_rfs.sv" Line 4904 : The "System Verilog Property Declaration" is not supported yet for simulation. The statement will be ignored.
WARNING: [XSIM 43-4127] File "/wrk/2017.4/nightly/2017_12_15_2086221/packages/customer/vivado/data/ip/xilinx/axi_protocol_checker_v2_0/hdl/axi_protocol_checker_v2_0_vl_rfs.sv" Line 4909 : The "System Verilog Assertion" is not supported yet for simulation. The statement will be ignored.
WARNING: [XSIM 43-4127] File "/wrk/2017.4/nightly/2017_12_15_2086221/packages/customer/vivado/data/ip/xilinx/axi_protocol_checker_v2_0/hdl/axi_protocol_checker_v2_0_vl_rfs.sv" Line 4915 : The "System Verilog Property Declaration" is not supported yet for simulation. The statement will be ignored.
WARNING: [XSIM 43-4127] File "/wrk/2017.4/nightly/2017_12_15_2086221/packages/customer/vivado/data/ip/xilinx/axi_protocol_checker_v2_0/hdl/axi_protocol_checker_v2_0_vl_rfs.sv" Line 4920 : The "System Verilog Assertion" is not supported yet for simulation. The statement will be ignored.
WARNING: [XSIM 43-4127] File "/wrk/2017.4/nightly/2017_12_15_2086221/packages/customer/vivado/data/ip/xilinx/axi_protocol_checker_v2_0/hdl/axi_protocol_checker_v2_0_vl_rfs.sv" Line 4926 : The "System Verilog Property Declaration" is not supported yet for simulation. The statement will be ignored.
WARNING: [XSIM 43-4127] File "/wrk/2017.4/nightly/2017_12_15_2086221/packages/customer/vivado/data/ip/xilinx/axi_protocol_checker_v2_0/hdl/axi_protocol_checker_v2_0_vl_rfs.sv" Line 4931 : The "System Verilog Assertion" is not supported yet for simulation. The statement will be ignored.
WARNING: [XSIM 43-4127] File "/wrk/2017.4/nightly/2017_12_15_2086221/packages/customer/vivado/data/ip/xilinx/axi_protocol_checker_v2_0/hdl/axi_protocol_checker_v2_0_vl_rfs.sv" Line 4937 : The "System Verilog Property Declaration" is not supported yet for simulation. The statement will be ignored.
WARNING: [XSIM 43-4127] File "/wrk/2017.4/nightly/2017_12_15_2086221/packages/customer/vivado/data/ip/xilinx/axi_protocol_checker_v2_0/hdl/axi_protocol_checker_v2_0_vl_rfs.sv" Line 4942 : The "System Verilog Assertion" is not supported yet for simulation. The statement will be ignored.
WARNING: [XSIM 43-4127] File "/wrk/2017.4/nightly/2017_12_15_2086221/packages/customer/vivado/data/ip/xilinx/axi_protocol_checker_v2_0/hdl/axi_protocol_checker_v2_0_vl_rfs.sv" Line 4948 : The "System Verilog Property Declaration" is not supported yet for simulation. The statement will be ignored.
WARNING: [XSIM 43-4127] File "/wrk/2017.4/nightly/2017_12_15_2086221/packages/customer/vivado/data/ip/xilinx/axi_protocol_checker_v2_0/hdl/axi_protocol_checker_v2_0_vl_rfs.sv" Line 4953 : The "System Verilog Assertion" is not supported yet for simulation. The statement will be ignored.
WARNING: [XSIM 43-4127] File "/wrk/2017.4/nightly/2017_12_15_2086221/packages/customer/vivado/data/ip/xilinx/axi_protocol_checker_v2_0/hdl/axi_protocol_checker_v2_0_vl_rfs.sv" Line 4959 : The "System Verilog Property Declaration" is not supported yet for simulation. The statement will be ignored.
WARNING: [XSIM 43-4127] File "/wrk/2017.4/nightly/2017_12_15_2086221/packages/customer/vivado/data/ip/xilinx/axi_protocol_checker_v2_0/hdl/axi_protocol_checker_v2_0_vl_rfs.sv" Line 4964 : The "System Verilog Assertion" is not supported yet for simulation. The statement will be ignored.
WARNING: [XSIM 43-4127] File "/wrk/2017.4/nightly/2017_12_15_2086221/packages/customer/vivado/data/ip/xilinx/axi_protocol_checker_v2_0/hdl/axi_protocol_checker_v2_0_vl_rfs.sv" Line 4970 : The "System Verilog Property Declaration" is not supported yet for simulation. The statement will be ignored.
WARNING: [XSIM 43-4127] File "/wrk/2017.4/nightly/2017_12_15_2086221/packages/customer/vivado/data/ip/xilinx/axi_protocol_checker_v2_0/hdl/axi_protocol_checker_v2_0_vl_rfs.sv" Line 4975 : The "System Verilog Assertion" is not supported yet for simulation. The statement will be ignored.
WARNING: [XSIM 43-4127] File "/wrk/2017.4/nightly/2017_12_15_2086221/packages/customer/vivado/data/ip/xilinx/axi_protocol_checker_v2_0/hdl/axi_protocol_checker_v2_0_vl_rfs.sv" Line 4981 : The "System Verilog Property Declaration" is not supported yet for simulation. The statement will be ignored.
WARNING: [XSIM 43-4127] File "/wrk/2017.4/nightly/2017_12_15_2086221/packages/customer/vivado/data/ip/xilinx/axi_protocol_checker_v2_0/hdl/axi_protocol_checker_v2_0_vl_rfs.sv" Line 4986 : The "System Verilog Assertion" is not supported yet for simulation. The statement will be ignored.
WARNING: [XSIM 43-4127] File "/wrk/2017.4/nightly/2017_12_15_2086221/packages/customer/vivado/data/ip/xilinx/axi_protocol_checker_v2_0/hdl/axi_protocol_checker_v2_0_vl_rfs.sv" Line 4992 : The "System Verilog Property Declaration" is not supported yet for simulation. The statement will be ignored.
WARNING: [XSIM 43-4127] File "/wrk/2017.4/nightly/2017_12_15_2086221/packages/customer/vivado/data/ip/xilinx/axi_protocol_checker_v2_0/hdl/axi_protocol_checker_v2_0_vl_rfs.sv" Line 4997 : The "System Verilog Assertion" is not supported yet for simulation. The statement will be ignored.
WARNING: [XSIM 43-4127] File "/wrk/2017.4/nightly/2017_12_15_2086221/packages/customer/vivado/data/ip/xilinx/axi_protocol_checker_v2_0/hdl/axi_protocol_checker_v2_0_vl_rfs.sv" Line 5003 : The "System Verilog Property Declaration" is not supported yet for simulation. The statement will be ignored.
WARNING: [XSIM 43-4127] File "/wrk/2017.4/nightly/2017_12_15_2086221/packages/customer/vivado/data/ip/xilinx/axi_protocol_checker_v2_0/hdl/axi_protocol_checker_v2_0_vl_rfs.sv" Line 5008 : The "System Verilog Assertion" is not supported yet for simulation. The statement will be ignored.
WARNING: [XSIM 43-4127] File "/wrk/2017.4/nightly/2017_12_15_2086221/packages/customer/vivado/data/ip/xilinx/axi_protocol_checker_v2_0/hdl/axi_protocol_checker_v2_0_vl_rfs.sv" Line 5014 : The "System Verilog Property Declaration" is not supported yet for simulation. The statement will be ignored.
WARNING: [XSIM 43-4127] File "/wrk/2017.4/nightly/2017_12_15_2086221/packages/customer/vivado/data/ip/xilinx/axi_protocol_checker_v2_0/hdl/axi_protocol_checker_v2_0_vl_rfs.sv" Line 5019 : The "System Verilog Assertion" is not supported yet for simulation. The statement will be ignored.
WARNING: [XSIM 43-4127] File "/wrk/2017.4/nightly/2017_12_15_2086221/packages/customer/vivado/data/ip/xilinx/axi_protocol_checker_v2_0/hdl/axi_protocol_checker_v2_0_vl_rfs.sv" Line 5025 : The "System Verilog Property Declaration" is not supported yet for simulation. The statement will be ignored.
WARNING: [XSIM 43-4127] File "/wrk/2017.4/nightly/2017_12_15_2086221/packages/customer/vivado/data/ip/xilinx/axi_protocol_checker_v2_0/hdl/axi_protocol_checker_v2_0_vl_rfs.sv" Line 5030 : The "System Verilog Assertion" is not supported yet for simulation. The statement will be ignored.
WARNING: [XSIM 43-4127] File "/wrk/2017.4/nightly/2017_12_15_2086221/packages/customer/vivado/data/ip/xilinx/axi_protocol_checker_v2_0/hdl/axi_protocol_checker_v2_0_vl_rfs.sv" Line 5036 : The "System Verilog Property Declaration" is not supported yet for simulation. The statement will be ignored.
WARNING: [XSIM 43-4127] File "/wrk/2017.4/nightly/2017_12_15_2086221/packages/customer/vivado/data/ip/xilinx/axi_protocol_checker_v2_0/hdl/axi_protocol_checker_v2_0_vl_rfs.sv" Line 5041 : The "System Verilog Assertion" is not supported yet for simulation. The statement will be ignored.
WARNING: [XSIM 43-4127] File "/wrk/2017.4/nightly/2017_12_15_2086221/packages/customer/vivado/data/ip/xilinx/axi_protocol_checker_v2_0/hdl/axi_protocol_checker_v2_0_vl_rfs.sv" Line 5047 : The "System Verilog Property Declaration" is not supported yet for simulation. The statement will be ignored.
WARNING: [XSIM 43-4127] File "/wrk/2017.4/nightly/2017_12_15_2086221/packages/customer/vivado/data/ip/xilinx/axi_protocol_checker_v2_0/hdl/axi_protocol_checker_v2_0_vl_rfs.sv" Line 5052 : The "System Verilog Assertion" is not supported yet for simulation. The statement will be ignored.
WARNING: [XSIM 43-4127] File "/wrk/2017.4/nightly/2017_12_15_2086221/packages/customer/vivado/data/ip/xilinx/axi_protocol_checker_v2_0/hdl/axi_protocol_checker_v2_0_vl_rfs.sv" Line 5058 : The "System Verilog Property Declaration" is not supported yet for simulation. The statement will be ignored.
WARNING: [XSIM 43-4127] File "/wrk/2017.4/nightly/2017_12_15_2086221/packages/customer/vivado/data/ip/xilinx/axi_protocol_checker_v2_0/hdl/axi_protocol_checker_v2_0_vl_rfs.sv" Line 5063 : The "System Verilog Assertion" is not supported yet for simulation. The statement will be ignored.
WARNING: [XSIM 43-4127] File "/wrk/2017.4/nightly/2017_12_15_2086221/packages/customer/vivado/data/ip/xilinx/axi_protocol_checker_v2_0/hdl/axi_protocol_checker_v2_0_vl_rfs.sv" Line 5069 : The "System Verilog Property Declaration" is not supported yet for simulation. The statement will be ignored.
WARNING: [XSIM 43-4127] File "/wrk/2017.4/nightly/2017_12_15_2086221/packages/customer/vivado/data/ip/xilinx/axi_protocol_checker_v2_0/hdl/axi_protocol_checker_v2_0_vl_rfs.sv" Line 5074 : The "System Verilog Assertion" is not supported yet for simulation. The statement will be ignored.
WARNING: [XSIM 43-4127] File "/wrk/2017.4/nightly/2017_12_15_2086221/packages/customer/vivado/data/ip/xilinx/axi_protocol_checker_v2_0/hdl/axi_protocol_checker_v2_0_vl_rfs.sv" Line 5080 : The "System Verilog Property Declaration" is not supported yet for simulation. The statement will be ignored.
WARNING: [XSIM 43-4127] File "/wrk/2017.4/nightly/2017_12_15_2086221/packages/customer/vivado/data/ip/xilinx/axi_protocol_checker_v2_0/hdl/axi_protocol_checker_v2_0_vl_rfs.sv" Line 5085 : The "System Verilog Assertion" is not supported yet for simulation. The statement will be ignored.
WARNING: [XSIM 43-4127] File "/wrk/2017.4/nightly/2017_12_15_2086221/packages/customer/vivado/data/ip/xilinx/axi_protocol_checker_v2_0/hdl/axi_protocol_checker_v2_0_vl_rfs.sv" Line 5091 : The "System Verilog Property Declaration" is not supported yet for simulation. The statement will be ignored.
WARNING: [XSIM 43-4127] File "/wrk/2017.4/nightly/2017_12_15_2086221/packages/customer/vivado/data/ip/xilinx/axi_protocol_checker_v2_0/hdl/axi_protocol_checker_v2_0_vl_rfs.sv" Line 5096 : The "System Verilog Assertion" is not supported yet for simulation. The statement will be ignored.
WARNING: [XSIM 43-4127] File "/wrk/2017.4/nightly/2017_12_15_2086221/packages/customer/vivado/data/ip/xilinx/axi_protocol_checker_v2_0/hdl/axi_protocol_checker_v2_0_vl_rfs.sv" Line 5102 : The "System Verilog Property Declaration" is not supported yet for simulation. The statement will be ignored.
WARNING: [XSIM 43-4127] File "/wrk/2017.4/nightly/2017_12_15_2086221/packages/customer/vivado/data/ip/xilinx/axi_protocol_checker_v2_0/hdl/axi_protocol_checker_v2_0_vl_rfs.sv" Line 5107 : The "System Verilog Assertion" is not supported yet for simulation. The statement will be ignored.
Starting simulation data flow analysis
Completed simulation data flow analysis
Time Resolution for simulation is 1ps
Compiling package std.standard
Compiling package std.textio
Compiling package ieee.std_logic_1164
Compiling package ieee.numeric_std
Compiling package unisim.vcomponents
Compiling package ieee.vital_timing
Compiling package ieee.vital_primitives
Compiling package unisim.vpkg
Compiling package ieee.std_logic_arith
Compiling package synopsys.attributes
Compiling package ieee.std_logic_misc
Compiling module xil_defaultlib.muxSel
Compiling module xil_defaultlib.byteSet
Compiling module xil_defaultlib.CalcMask
Compiling module xil_defaultlib.demux16(SIZE=1)
Compiling module xil_defaultlib.requestor
Compiling module xil_defaultlib.ConfigurationPort(C_S_AXI_ID_WID...
Compiling module xil_defaultlib.HPSPBRAM(RAM_WIDTH=564,RAM_DEPTH...
Compiling module xil_defaultlib.Queue(DATA_SIZE=564,QUEUE_LENGTH...
Compiling module xil_defaultlib.Trapper(C_S_AXI_ID_WIDTH=16,C_S_...
Compiling module xil_defaultlib.Bram(NB_COL=4,RAM_DEPTH=32768)
Compiling module xil_defaultlib.Bram(NB_COL=64,RAM_DEPTH=32768)
Compiling module xil_defaultlib.Cache(C_BRAM_ADDR_WIDTH=26)
Compiling module xil_defaultlib.MonitorBypass(C_BRAM_ADDR_WIDTH=...
Compiling module xil_defaultlib.Reader(C_M_TARGET_SLAVE_BASE_ADD...
Compiling module xil_defaultlib.ExtCol
Compiling module xil_defaultlib.Packer
Compiling module xil_defaultlib.FetchUnit(C_M00_AXI_AWUSER_WIDTH...
Compiling module xil_defaultlib.ABRAM_interconnect(INPUTS=1,ADDR...
Compiling module xil_defaultlib.RelationalCache_v1_0(C_M00_AXI_A...
Compiling module xil_defaultlib.design_relcache_RelationalCache_...
Compiling module xilinx_vip.axi_vip_if(C_AXI_ADDR_WIDTH=40,C...
Compiling module axi_vip_v1_1_1.axi_vip_v1_1_1_top(C_AXI_INTERFA...
Compiling module xil_defaultlib.design_relcache_axi_vip_0_0
Compiling module xil_defaultlib.design_relcache_axi_vip_0_1
Compiling module xil_defaultlib.design_relcache_axi_vip_1_0
Compiling module xilinx_vip.axi_vip_if(C_AXI_ADDR_WIDTH=40,C...
Compiling module smartconnect_v1_0.sc_util_v1_0_2_onehot_to_binary(...
Compiling module smartconnect_v1_0.sc_util_v1_0_2_srl_rtl(C_A_WIDTH...
Compiling module smartconnect_v1_0.sc_util_v1_0_2_axic_reg_srl_fifo...
Compiling module axi_protocol_checker_v2_0_1.axi_protocol_checker_v2_0_1_thre...
Compiling module axi_protocol_checker_v2_0_1.axi_protocol_checker_v2_0_1_syn_...
Compiling module axi_protocol_checker_v2_0_1.axi_protocol_checker_v2_0_1_axi4...
Compiling module axi_protocol_checker_v2_0_1.axi_protocol_checker_v2_0_1_syn_...
Compiling module axi_protocol_checker_v2_0_1.axi_protocol_checker_v2_0_1_syn_...
Compiling module axi_protocol_checker_v2_0_1.axi_protocol_checker_v2_0_1_core...
Compiling module axi_protocol_checker_v2_0_1.axi_protocol_checker_v2_0_1_repo...
Compiling module axi_protocol_checker_v2_0_1.axi_protocol_checker_v2_0_1_top(...
Compiling module axi_vip_v1_1_1.axi_vip_v1_1_1_top(C_AXI_INTERFA...
Compiling module xil_defaultlib.design_relcache_axi_vip_1_1
Compiling module xlconstant_v1_1_3.xlconstant_v1_1_3_xlconstant(CON...
Compiling module xil_defaultlib.bd_e885_one_0
Compiling architecture fdre_v of entity unisim.FDRE [fdre_default]
Compiling architecture fdre_v of entity unisim.FDRE [\FDRE(init='1')\]
Compiling architecture fdr_v of entity unisim.FDR [fdr_default]
Compiling architecture implementation of entity lib_cdc_v1_0_2.cdc_sync [\cdc_sync(c_vector_width=2,c_mtb...]
Compiling architecture srl16e_v of entity unisim.SRL16E [\SRL16E(init="1111111111111111")...]
Compiling architecture srl16_v of entity unisim.SRL16 [\SRL16(init="1111111111111111")(...]
Compiling architecture imp of entity proc_sys_reset_v5_0_12.lpf [\lpf(c_ext_rst_width=4,c_aux_rst...]
Compiling architecture imp of entity proc_sys_reset_v5_0_12.upcnt_n [\upcnt_n(c_size=6)\]
Compiling architecture imp of entity proc_sys_reset_v5_0_12.sequence_psr [sequence_psr_default]
Compiling architecture imp of entity proc_sys_reset_v5_0_12.proc_sys_reset [\proc_sys_reset(c_family="zynqup...]
Compiling architecture bd_e885_psr_aclk_0_arch of entity xil_defaultlib.bd_e885_psr_aclk_0 [bd_e885_psr_aclk_0_default]
Compiling module xil_defaultlib.clk_map_imp_L4DWOR
Compiling module smartconnect_v1_0.sc_exit_v1_0_6_splitter(C_RDATA_...
Compiling module smartconnect_v1_0.sc_util_v1_0_2_srl_rtl_default
Compiling module smartconnect_v1_0.sc_util_v1_0_2_axic_reg_srl_fifo...
Compiling module smartconnect_v1_0.sc_util_v1_0_2_axic_reg_srl_fifo...
Compiling module smartconnect_v1_0.sc_exit_v1_0_6_exit(C_FAMILY="zy...
Compiling module smartconnect_v1_0.sc_util_v1_0_2_axi2vector(C_ADDR...
Compiling module smartconnect_v1_0.sc_util_v1_0_2_vector2axi(C_RDAT...
Compiling module smartconnect_v1_0.sc_util_v1_0_2_axi_reg_stall(C_R...
Compiling module smartconnect_v1_0.sc_exit_v1_0_6_top(C_FAMILY="zyn...
Compiling module xil_defaultlib.bd_e885_m00e_0
Compiling module xil_defaultlib.m00_exit_pipeline_imp_1E4VHB4
Compiling module smartconnect_v1_0.sc_util_v1_0_2_axic_register_sli...
Compiling module smartconnect_v1_0.sc_util_v1_0_2_pipeline_default
Compiling module smartconnect_v1_0.sc_util_v1_0_2_counter(C_WIDTH=2...
Compiling module smartconnect_v1_0.sc_node_v1_0_7_arb_alg_rr(C_NUM_...
Compiling module smartconnect_v1_0.sc_node_v1_0_7_si_handler(C_NUM_...
Compiling module smartconnect_v1_0.sc_util_v1_0_2_pipeline(C_DEPTH=...
Compiling module smartconnect_v1_0.sc_util_v1_0_2_pipeline(C_DWIDTH...
Compiling module smartconnect_v1_0.sc_util_v1_0_2_pipeline(C_DWIDTH...
Compiling module smartconnect_v1_0.sc_util_v1_0_2_pipeline(C_DWIDTH...
Compiling module smartconnect_v1_0.sc_util_v1_0_2_counter_default
Compiling module smartconnect_v1_0.sc_node_v1_0_7_ingress(C_NUM_SI=...
Compiling module xpm.xpm_memory_base(MEMORY_TYPE=1,ME...
Compiling module xpm.xpm_memory_sdpram(MEMORY_SIZE=32...
Compiling module smartconnect_v1_0.sc_util_v1_0_2_counter(C_WIDTH=6...
Compiling module smartconnect_v1_0.sc_util_v1_0_2_counter(C_WIDTH=6...
Compiling module smartconnect_v1_0.sc_util_v1_0_2_xpm_memory_fifo(C...
Compiling module smartconnect_v1_0.sc_node_v1_0_7_fifo(C_FAMILY="zy...
Compiling module smartconnect_v1_0.sc_node_v1_0_7_reg_slice3(C_PAYL...
Compiling module smartconnect_v1_0.sc_util_v1_0_2_pipeline(C_DEPTH=...
Compiling module xpm.xpm_memory_base(MEMORY_TYPE=1,ME...
Compiling module xpm.xpm_memory_sdpram(MEMORY_SIZE=52...
Compiling module smartconnect_v1_0.sc_util_v1_0_2_xpm_memory_fifo(C...
Compiling module smartconnect_v1_0.sc_node_v1_0_7_fifo(C_FAMILY="zy...
Compiling module smartconnect_v1_0.sc_node_v1_0_7_egress(C_NODE_PAY...
Compiling module smartconnect_v1_0.sc_node_v1_0_7_mi_handler(C_NUM_...
Compiling module smartconnect_v1_0.sc_node_v1_0_7_top(C_FAMILY="zyn...
Compiling module xil_defaultlib.bd_e885_m00arn_0
Compiling module smartconnect_v1_0.sc_util_v1_0_2_axic_reg_srl_fifo...
Compiling module smartconnect_v1_0.sc_node_v1_0_7_si_handler(C_NUM_...
Compiling module smartconnect_v1_0.sc_node_v1_0_7_ingress(C_NUM_SI=...
Compiling module smartconnect_v1_0.sc_node_v1_0_7_egress(C_NODE_PAY...
Compiling module smartconnect_v1_0.sc_node_v1_0_7_mi_handler(C_NUM_...
Compiling module smartconnect_v1_0.sc_node_v1_0_7_top(C_FAMILY="zyn...
Compiling module xil_defaultlib.bd_e885_m00awn_0
Compiling module smartconnect_v1_0.sc_node_v1_0_7_si_handler(C_NUM_...
Compiling module smartconnect_v1_0.sc_util_v1_0_2_pipeline(C_DWIDTH...
Compiling module smartconnect_v1_0.sc_util_v1_0_2_onehot_to_binary(...
Compiling module smartconnect_v1_0.sc_node_v1_0_7_ingress(C_PAYLD_W...
Compiling module xpm.xpm_memory_base(MEMORY_TYPE=1,ME...
Compiling module xpm.xpm_memory_sdpram(MEMORY_SIZE=60...
Compiling module smartconnect_v1_0.sc_util_v1_0_2_xpm_memory_fifo(C...
Compiling module smartconnect_v1_0.sc_node_v1_0_7_fifo(C_FAMILY="zy...
Compiling module smartconnect_v1_0.sc_node_v1_0_7_reg_slice3(C_PAYL...
Compiling module xpm.xpm_memory_base(MEMORY_TYPE=1,ME...
Compiling module xpm.xpm_memory_sdpram(MEMORY_SIZE=19...
Compiling module smartconnect_v1_0.sc_util_v1_0_2_xpm_memory_fifo(C...
Compiling module smartconnect_v1_0.sc_node_v1_0_7_fifo(C_FAMILY="zy...
Compiling module smartconnect_v1_0.sc_node_v1_0_7_egress(C_NODE_PAY...
Compiling module smartconnect_v1_0.sc_node_v1_0_7_mi_handler(C_NUM_...
Compiling module smartconnect_v1_0.sc_node_v1_0_7_top(C_FAMILY="zyn...
Compiling module xil_defaultlib.bd_e885_m00bn_0
Compiling module smartconnect_v1_0.sc_node_v1_0_7_si_handler(C_NUM_...
Compiling module smartconnect_v1_0.sc_util_v1_0_2_pipeline(C_DWIDTH...
Compiling module smartconnect_v1_0.sc_node_v1_0_7_ingress(C_PAYLD_W...
Compiling module xpm.xpm_memory_base(MEMORY_TYPE=1,ME...
Compiling module xpm.xpm_memory_sdpram(MEMORY_SIZE=47...
Compiling module smartconnect_v1_0.sc_util_v1_0_2_xpm_memory_fifo(C...
Compiling module smartconnect_v1_0.sc_node_v1_0_7_fifo(C_FAMILY="zy...
Compiling module smartconnect_v1_0.sc_node_v1_0_7_egress(C_NODE_PAY...
Compiling module smartconnect_v1_0.sc_node_v1_0_7_mi_handler(C_NUM_...
Compiling module smartconnect_v1_0.sc_node_v1_0_7_top(C_FAMILY="zyn...
Compiling module xil_defaultlib.bd_e885_m00rn_0
Compiling module xpm.xpm_memory_base(MEMORY_TYPE=1,ME...
Compiling module xpm.xpm_memory_sdpram(MEMORY_SIZE=4,...
Compiling module smartconnect_v1_0.sc_util_v1_0_2_counter(C_WIDTH=3...
Compiling module smartconnect_v1_0.sc_util_v1_0_2_counter(C_WIDTH=3...
Compiling module smartconnect_v1_0.sc_util_v1_0_2_xpm_memory_fifo(C...
Compiling module smartconnect_v1_0.sc_node_v1_0_7_fifo(C_FAMILY="zy...
Compiling module smartconnect_v1_0.sc_node_v1_0_7_si_handler(C_NUM_...
Compiling module smartconnect_v1_0.sc_util_v1_0_2_pipeline(C_DWIDTH...
Compiling module smartconnect_v1_0.sc_node_v1_0_7_ingress(C_NUM_SI=...
Compiling module xpm.xpm_memory_base(MEMORY_TYPE=1,ME...
Compiling module xpm.xpm_memory_sdpram(MEMORY_SIZE=56...
Compiling module smartconnect_v1_0.sc_util_v1_0_2_xpm_memory_fifo(C...
Compiling module smartconnect_v1_0.sc_node_v1_0_7_fifo(C_FAMILY="zy...
Compiling module smartconnect_v1_0.sc_node_v1_0_7_egress(C_NODE_PAY...
Compiling module smartconnect_v1_0.sc_node_v1_0_7_mi_handler(C_NUM_...
Compiling module smartconnect_v1_0.sc_node_v1_0_7_top(C_FAMILY="zyn...
Compiling module xil_defaultlib.bd_e885_m00wn_0
Compiling module xil_defaultlib.m00_nodes_imp_1REN1AK
Compiling module smartconnect_v1_0.sc_sc2axi_v1_0_5_top(C_AXI_ADDR_...
Compiling module xil_defaultlib.bd_e885_m00s2a_0
Compiling module smartconnect_v1_0.sc_axi2sc_v1_0_5_top(C_AXI_ADDR_...
Compiling module xil_defaultlib.bd_e885_s00a2s_0
Compiling module smartconnect_v1_0.sc_mmu_v1_0_5_addr_decoder(C_FAM...
Compiling module smartconnect_v1_0.sc_mmu_v1_0_5_decerr_slave(C_AXI...
Compiling module smartconnect_v1_0.sc_util_v1_0_2_axi2vector(C_ADDR...
Compiling module smartconnect_v1_0.sc_util_v1_0_2_vector2axi(C_RDAT...
Compiling module smartconnect_v1_0.sc_util_v1_0_2_axi2vector(C_ADDR...
Compiling module smartconnect_v1_0.sc_util_v1_0_2_vector2axi(C_RDAT...
Compiling module smartconnect_v1_0.sc_mmu_v1_0_5_top(C_FAMILY="zynq...
Compiling module xil_defaultlib.bd_e885_s00mmu_0
Compiling module smartconnect_v1_0.sc_util_v1_0_2_axic_reg_srl_fifo...
Compiling module smartconnect_v1_0.sc_util_v1_0_2_axic_reg_srl_fifo...
Compiling module smartconnect_v1_0.sc_si_converter_v1_0_5_offset_fi...
Compiling module smartconnect_v1_0.sc_util_v1_0_2_axic_reg_srl_fifo...
Compiling module smartconnect_v1_0.sc_si_converter_v1_0_5_offset_fi...
Compiling module smartconnect_v1_0.sc_util_v1_0_2_axi2vector(C_ADDR...
Compiling module smartconnect_v1_0.sc_util_v1_0_2_vector2axi(C_RDAT...
Compiling module smartconnect_v1_0.sc_si_converter_v1_0_5_wrap_narr...
Compiling module smartconnect_v1_0.sc_util_v1_0_2_axic_reg_srl_fifo...
Compiling module smartconnect_v1_0.sc_util_v1_0_2_axi_reg_stall_def...
Compiling module smartconnect_v1_0.sc_si_converter_v1_0_5_splitter(...
Compiling module smartconnect_v1_0.sc_si_converter_v1_0_5_top(C_LIM...
Compiling module xil_defaultlib.bd_e885_s00sic_0
Compiling module smartconnect_v1_0.sc_transaction_regulator_v1_0_6_...
Compiling module smartconnect_v1_0.sc_transaction_regulator_v1_0_6_...
Compiling module xil_defaultlib.bd_e885_s00tr_0
Compiling module xil_defaultlib.s00_entry_pipeline_imp_FFCP5V
Compiling module smartconnect_v1_0.sc_node_v1_0_7_si_handler(C_NUM_...
Compiling module smartconnect_v1_0.sc_node_v1_0_7_ingress(C_PAYLD_W...
Compiling module xpm.xpm_memory_base(MEMORY_TYPE=1,ME...
Compiling module xpm.xpm_memory_sdpram(MEMORY_SIZE=57...
Compiling module smartconnect_v1_0.sc_util_v1_0_2_xpm_memory_fifo(C...
Compiling module smartconnect_v1_0.sc_node_v1_0_7_fifo(C_FAMILY="zy...
Compiling module smartconnect_v1_0.sc_node_v1_0_7_reg_slice3(C_PAYL...
Compiling module xpm.xpm_memory_base(MEMORY_TYPE=1,ME...
Compiling module xpm.xpm_memory_sdpram(MEMORY_SIZE=46...
Compiling module smartconnect_v1_0.sc_util_v1_0_2_xpm_memory_fifo(C...
Compiling module smartconnect_v1_0.sc_node_v1_0_7_fifo(C_FAMILY="zy...
Compiling module smartconnect_v1_0.sc_node_v1_0_7_mi_handler(C_NUM_...
Compiling module smartconnect_v1_0.sc_node_v1_0_7_top(C_FAMILY="zyn...
Compiling module xil_defaultlib.bd_e885_sarn_0
Compiling module smartconnect_v1_0.sc_node_v1_0_7_si_handler(C_NUM_...
Compiling module smartconnect_v1_0.sc_node_v1_0_7_ingress(C_PAYLD_W...
Compiling module smartconnect_v1_0.sc_node_v1_0_7_mi_handler(C_NUM_...
Compiling module smartconnect_v1_0.sc_node_v1_0_7_top(C_FAMILY="zyn...
Compiling module xil_defaultlib.bd_e885_sawn_0
Compiling module smartconnect_v1_0.sc_node_v1_0_7_ingress(C_PAYLD_W...
Compiling module xpm.xpm_memory_base(MEMORY_TYPE=1,ME...
Compiling module xpm.xpm_memory_sdpram(MEMORY_SIZE=76...
Compiling module smartconnect_v1_0.sc_util_v1_0_2_xpm_memory_fifo(C...
Compiling module smartconnect_v1_0.sc_node_v1_0_7_fifo(C_FAMILY="zy...
Compiling module smartconnect_v1_0.sc_node_v1_0_7_egress(C_NODE_PAY...
Compiling module smartconnect_v1_0.sc_node_v1_0_7_mi_handler(C_NUM_...
Compiling module smartconnect_v1_0.sc_node_v1_0_7_top(C_FAMILY="zyn...
Compiling module xil_defaultlib.bd_e885_sbn_0
Compiling module smartconnect_v1_0.sc_node_v1_0_7_ingress(C_PAYLD_W...
Compiling module xpm.xpm_memory_base(MEMORY_TYPE=1,ME...
Compiling module xpm.xpm_memory_sdpram(MEMORY_SIZE=53...
Compiling module smartconnect_v1_0.sc_util_v1_0_2_xpm_memory_fifo(C...
Compiling module smartconnect_v1_0.sc_node_v1_0_7_fifo(C_FAMILY="zy...
Compiling module smartconnect_v1_0.sc_node_v1_0_7_egress(C_NODE_PAY...
Compiling module smartconnect_v1_0.sc_node_v1_0_7_mi_handler(C_NUM_...
Compiling module smartconnect_v1_0.sc_node_v1_0_7_top(C_FAMILY="zyn...
Compiling module xil_defaultlib.bd_e885_srn_0
Compiling module smartconnect_v1_0.sc_node_v1_0_7_si_handler(C_NUM_...
Compiling module smartconnect_v1_0.sc_node_v1_0_7_ingress(C_PAYLD_W...
Compiling module xpm.xpm_memory_base(MEMORY_TYPE=1,ME...
Compiling module xpm.xpm_memory_sdpram(MEMORY_SIZE=51...
Compiling module smartconnect_v1_0.sc_util_v1_0_2_xpm_memory_fifo(C...
Compiling module smartconnect_v1_0.sc_node_v1_0_7_fifo(C_FAMILY="zy...
Compiling module smartconnect_v1_0.sc_node_v1_0_7_mi_handler(C_NUM_...
Compiling module smartconnect_v1_0.sc_node_v1_0_7_top(C_FAMILY="zyn...
Compiling module xil_defaultlib.bd_e885_swn_0
Compiling module xil_defaultlib.s00_nodes_imp_9GVMNT
Compiling module xil_defaultlib.bd_e885_s01a2s_0
Compiling module smartconnect_v1_0.sc_mmu_v1_0_5_top(C_FAMILY="zynq...
Compiling module xil_defaultlib.bd_e885_s01mmu_0
Compiling module smartconnect_v1_0.sc_si_converter_v1_0_5_top(C_LIM...
Compiling module xil_defaultlib.bd_e885_s01sic_0
Compiling module smartconnect_v1_0.sc_transaction_regulator_v1_0_6_...
Compiling module xil_defaultlib.bd_e885_s01tr_0
Compiling module xil_defaultlib.s01_entry_pipeline_imp_1BZ8987
Compiling module xil_defaultlib.bd_e885_sarn_1
Compiling module xil_defaultlib.bd_e885_sawn_1
Compiling module xil_defaultlib.bd_e885_sbn_1
Compiling module xil_defaultlib.bd_e885_srn_1
Compiling module xil_defaultlib.bd_e885_swn_1
Compiling module xil_defaultlib.s01_nodes_imp_1H1PHCF
Compiling module smartconnect_v1_0.sc_util_v1_0_2_onehot_to_binary(...
Compiling module smartconnect_v1_0.sc_util_v1_0_2_pipeline(C_DWIDTH...
Compiling module smartconnect_v1_0.sc_util_v1_0_2_mux(C_DWIDTH=146,...
Compiling module smartconnect_v1_0.sc_util_v1_0_2_pipeline(C_DWIDTH...
Compiling module smartconnect_v1_0.sc_switchboard_v1_0_4_top(C_PAYL...
Compiling module xil_defaultlib.bd_e885_arsw_0
Compiling module xil_defaultlib.bd_e885_awsw_0
Compiling module smartconnect_v1_0.sc_util_v1_0_2_onehot_to_binary(...
Compiling module smartconnect_v1_0.sc_util_v1_0_2_mux(C_DWIDTH=6,C_...
Compiling module smartconnect_v1_0.sc_util_v1_0_2_pipeline(C_DWIDTH...
Compiling module smartconnect_v1_0.sc_switchboard_v1_0_4_top(C_PAYL...
Compiling module xil_defaultlib.bd_e885_bsw_0
Compiling module smartconnect_v1_0.sc_util_v1_0_2_mux(C_DWIDTH=148,...
Compiling module smartconnect_v1_0.sc_util_v1_0_2_pipeline(C_DWIDTH...
Compiling module smartconnect_v1_0.sc_switchboard_v1_0_4_top(C_PAYL...
Compiling module xil_defaultlib.bd_e885_rsw_0
Compiling module smartconnect_v1_0.sc_util_v1_0_2_mux(C_DWIDTH=160,...
Compiling module smartconnect_v1_0.sc_util_v1_0_2_pipeline(C_DWIDTH...
Compiling module smartconnect_v1_0.sc_switchboard_v1_0_4_top(C_PAYL...
Compiling module xil_defaultlib.bd_e885_wsw_0
Compiling module xil_defaultlib.switchboards_imp_KHLJ71
Compiling module xil_defaultlib.bd_e885
Compiling module xil_defaultlib.design_relcache_smartconnect_0_0
Compiling module xil_defaultlib.design_relcache
Compiling module xil_defaultlib.design_relcache_wrapper
Compiling module xil_defaultlib.VIP_RelationalCache
Compiling module xil_defaultlib.glbl
Compiling package xilinx_vip.axi_vip_pkg
Compiling package xilinx_vip.xil_common_vip_pkg
Compiling package std.std
Compiling package smartconnect_v1_0.sc_util_v1_0_2_pkg
Built simulation snapshot VIP_RelationalCache_behav
