INFO: [VRFC 10-2263] Analyzing SystemVerilog file "/home/renato/RelationalMem/ZYNQ_ULTRASCARE+_bkp_sep_20/RatMem/RatMem.ip_user_files/bd/design_relcache/ip/design_relcache_smartconnect_0_0/bd_0/ip/ip_10/sim/bd_e885_s00a2s_0.sv" into library xil_defaultlib
INFO: [VRFC 10-311] analyzing module bd_e885_s00a2s_0
INFO: [VRFC 10-2263] Analyzing SystemVerilog file "/home/renato/RelationalMem/ZYNQ_ULTRASCARE+_bkp_sep_20/RatMem/RatMem.ip_user_files/bd/design_relcache/ip/design_relcache_smartconnect_0_0/bd_0/ip/ip_19/sim/bd_e885_s01a2s_0.sv" into library xil_defaultlib
INFO: [VRFC 10-311] analyzing module bd_e885_s01a2s_0
INFO: [VRFC 10-2263] Analyzing SystemVerilog file "/home/renato/RelationalMem/ZYNQ_ULTRASCARE+_bkp_sep_20/RatMem/RatMem.ip_user_files/bd/design_relcache/ip/design_relcache_smartconnect_0_0/bd_0/ip/ip_25/sim/bd_e885_m00s2a_0.sv" into library xil_defaultlib
INFO: [VRFC 10-311] analyzing module bd_e885_m00s2a_0
INFO: [VRFC 10-2263] Analyzing SystemVerilog file "/home/renato/RelationalMem/ZYNQ_ULTRASCARE+_bkp_sep_20/RatMem/RatMem.ip_user_files/bd/design_relcache/ip/design_relcache_smartconnect_0_0/bd_0/ip/ip_31/sim/bd_e885_m00e_0.sv" into library xil_defaultlib
INFO: [VRFC 10-311] analyzing module bd_e885_m00e_0
INFO: [VRFC 10-2263] Analyzing SystemVerilog file "/home/renato/RelationalMem/ZYNQ_ULTRASCARE+_bkp_sep_20/RatMem/RatMem.ip_user_files/bd/design_relcache/ip/design_relcache_smartconnect_0_0/bd_0/ip/ip_26/sim/bd_e885_m00arn_0.sv" into library xil_defaultlib
INFO: [VRFC 10-311] analyzing module bd_e885_m00arn_0
INFO: [VRFC 10-2263] Analyzing SystemVerilog file "/home/renato/RelationalMem/ZYNQ_ULTRASCARE+_bkp_sep_20/RatMem/RatMem.ip_user_files/bd/design_relcache/ip/design_relcache_smartconnect_0_0/bd_0/ip/ip_27/sim/bd_e885_m00rn_0.sv" into library xil_defaultlib
INFO: [VRFC 10-311] analyzing module bd_e885_m00rn_0
INFO: [VRFC 10-2263] Analyzing SystemVerilog file "/home/renato/RelationalMem/ZYNQ_ULTRASCARE+_bkp_sep_20/RatMem/RatMem.ip_user_files/bd/design_relcache/ip/design_relcache_smartconnect_0_0/bd_0/ip/ip_28/sim/bd_e885_m00awn_0.sv" into library xil_defaultlib
INFO: [VRFC 10-311] analyzing module bd_e885_m00awn_0
INFO: [VRFC 10-2263] Analyzing SystemVerilog file "/home/renato/RelationalMem/ZYNQ_ULTRASCARE+_bkp_sep_20/RatMem/RatMem.ip_user_files/bd/design_relcache/ip/design_relcache_smartconnect_0_0/bd_0/ip/ip_29/sim/bd_e885_m00wn_0.sv" into library xil_defaultlib
INFO: [VRFC 10-311] analyzing module bd_e885_m00wn_0
INFO: [VRFC 10-2263] Analyzing SystemVerilog file "/home/renato/RelationalMem/ZYNQ_ULTRASCARE+_bkp_sep_20/RatMem/RatMem.ip_user_files/bd/design_relcache/ip/design_relcache_smartconnect_0_0/bd_0/ip/ip_30/sim/bd_e885_m00bn_0.sv" into library xil_defaultlib
INFO: [VRFC 10-311] analyzing module bd_e885_m00bn_0
INFO: [VRFC 10-2263] Analyzing SystemVerilog file "/home/renato/RelationalMem/ZYNQ_ULTRASCARE+_bkp_sep_20/RatMem/RatMem.ip_user_files/bd/design_relcache/ip/design_relcache_smartconnect_0_0/bd_0/ip/ip_20/sim/bd_e885_sarn_1.sv" into library xil_defaultlib
INFO: [VRFC 10-311] analyzing module bd_e885_sarn_1
INFO: [VRFC 10-2263] Analyzing SystemVerilog file "/home/renato/RelationalMem/ZYNQ_ULTRASCARE+_bkp_sep_20/RatMem/RatMem.ip_user_files/bd/design_relcache/ip/design_relcache_smartconnect_0_0/bd_0/ip/ip_21/sim/bd_e885_srn_1.sv" into library xil_defaultlib
INFO: [VRFC 10-311] analyzing module bd_e885_srn_1
INFO: [VRFC 10-2263] Analyzing SystemVerilog file "/home/renato/RelationalMem/ZYNQ_ULTRASCARE+_bkp_sep_20/RatMem/RatMem.ip_user_files/bd/design_relcache/ip/design_relcache_smartconnect_0_0/bd_0/ip/ip_22/sim/bd_e885_sawn_1.sv" into library xil_defaultlib
INFO: [VRFC 10-311] analyzing module bd_e885_sawn_1
INFO: [VRFC 10-2263] Analyzing SystemVerilog file "/home/renato/RelationalMem/ZYNQ_ULTRASCARE+_bkp_sep_20/RatMem/RatMem.ip_user_files/bd/design_relcache/ip/design_relcache_smartconnect_0_0/bd_0/ip/ip_23/sim/bd_e885_swn_1.sv" into library xil_defaultlib
INFO: [VRFC 10-311] analyzing module bd_e885_swn_1
INFO: [VRFC 10-2263] Analyzing SystemVerilog file "/home/renato/RelationalMem/ZYNQ_ULTRASCARE+_bkp_sep_20/RatMem/RatMem.ip_user_files/bd/design_relcache/ip/design_relcache_smartconnect_0_0/bd_0/ip/ip_24/sim/bd_e885_sbn_1.sv" into library xil_defaultlib
INFO: [VRFC 10-311] analyzing module bd_e885_sbn_1
INFO: [VRFC 10-2263] Analyzing SystemVerilog file "/home/renato/RelationalMem/ZYNQ_ULTRASCARE+_bkp_sep_20/RatMem/RatMem.ip_user_files/bd/design_relcache/ip/design_relcache_smartconnect_0_0/bd_0/ip/ip_16/sim/bd_e885_s01mmu_0.sv" into library xil_defaultlib
INFO: [VRFC 10-311] analyzing module bd_e885_s01mmu_0
INFO: [VRFC 10-2263] Analyzing SystemVerilog file "/home/renato/RelationalMem/ZYNQ_ULTRASCARE+_bkp_sep_20/RatMem/RatMem.ip_user_files/bd/design_relcache/ip/design_relcache_smartconnect_0_0/bd_0/ip/ip_17/sim/bd_e885_s01tr_0.sv" into library xil_defaultlib
INFO: [VRFC 10-311] analyzing module bd_e885_s01tr_0
INFO: [VRFC 10-2263] Analyzing SystemVerilog file "/home/renato/RelationalMem/ZYNQ_ULTRASCARE+_bkp_sep_20/RatMem/RatMem.ip_user_files/bd/design_relcache/ip/design_relcache_smartconnect_0_0/bd_0/ip/ip_18/sim/bd_e885_s01sic_0.sv" into library xil_defaultlib
INFO: [VRFC 10-311] analyzing module bd_e885_s01sic_0
INFO: [VRFC 10-2263] Analyzing SystemVerilog file "/home/renato/RelationalMem/ZYNQ_ULTRASCARE+_bkp_sep_20/RatMem/RatMem.ip_user_files/bd/design_relcache/ip/design_relcache_smartconnect_0_0/bd_0/ip/ip_11/sim/bd_e885_sarn_0.sv" into library xil_defaultlib
INFO: [VRFC 10-311] analyzing module bd_e885_sarn_0
INFO: [VRFC 10-2263] Analyzing SystemVerilog file "/home/renato/RelationalMem/ZYNQ_ULTRASCARE+_bkp_sep_20/RatMem/RatMem.ip_user_files/bd/design_relcache/ip/design_relcache_smartconnect_0_0/bd_0/ip/ip_12/sim/bd_e885_srn_0.sv" into library xil_defaultlib
INFO: [VRFC 10-311] analyzing module bd_e885_srn_0
INFO: [VRFC 10-2263] Analyzing SystemVerilog file "/home/renato/RelationalMem/ZYNQ_ULTRASCARE+_bkp_sep_20/RatMem/RatMem.ip_user_files/bd/design_relcache/ip/design_relcache_smartconnect_0_0/bd_0/ip/ip_13/sim/bd_e885_sawn_0.sv" into library xil_defaultlib
INFO: [VRFC 10-311] analyzing module bd_e885_sawn_0
INFO: [VRFC 10-2263] Analyzing SystemVerilog file "/home/renato/RelationalMem/ZYNQ_ULTRASCARE+_bkp_sep_20/RatMem/RatMem.ip_user_files/bd/design_relcache/ip/design_relcache_smartconnect_0_0/bd_0/ip/ip_14/sim/bd_e885_swn_0.sv" into library xil_defaultlib
INFO: [VRFC 10-311] analyzing module bd_e885_swn_0
INFO: [VRFC 10-2263] Analyzing SystemVerilog file "/home/renato/RelationalMem/ZYNQ_ULTRASCARE+_bkp_sep_20/RatMem/RatMem.ip_user_files/bd/design_relcache/ip/design_relcache_smartconnect_0_0/bd_0/ip/ip_15/sim/bd_e885_sbn_0.sv" into library xil_defaultlib
INFO: [VRFC 10-311] analyzing module bd_e885_sbn_0
INFO: [VRFC 10-2263] Analyzing SystemVerilog file "/home/renato/RelationalMem/ZYNQ_ULTRASCARE+_bkp_sep_20/RatMem/RatMem.ip_user_files/bd/design_relcache/ip/design_relcache_smartconnect_0_0/bd_0/ip/ip_7/sim/bd_e885_s00mmu_0.sv" into library xil_defaultlib
INFO: [VRFC 10-311] analyzing module bd_e885_s00mmu_0
INFO: [VRFC 10-2263] Analyzing SystemVerilog file "/home/renato/RelationalMem/ZYNQ_ULTRASCARE+_bkp_sep_20/RatMem/RatMem.ip_user_files/bd/design_relcache/ip/design_relcache_smartconnect_0_0/bd_0/ip/ip_8/sim/bd_e885_s00tr_0.sv" into library xil_defaultlib
INFO: [VRFC 10-311] analyzing module bd_e885_s00tr_0
INFO: [VRFC 10-2263] Analyzing SystemVerilog file "/home/renato/RelationalMem/ZYNQ_ULTRASCARE+_bkp_sep_20/RatMem/RatMem.ip_user_files/bd/design_relcache/ip/design_relcache_smartconnect_0_0/bd_0/ip/ip_9/sim/bd_e885_s00sic_0.sv" into library xil_defaultlib
INFO: [VRFC 10-311] analyzing module bd_e885_s00sic_0
INFO: [VRFC 10-2263] Analyzing SystemVerilog file "/home/renato/RelationalMem/ZYNQ_ULTRASCARE+_bkp_sep_20/RatMem/RatMem.ip_user_files/bd/design_relcache/ip/design_relcache_smartconnect_0_0/bd_0/ip/ip_2/sim/bd_e885_arsw_0.sv" into library xil_defaultlib
INFO: [VRFC 10-311] analyzing module bd_e885_arsw_0
INFO: [VRFC 10-2263] Analyzing SystemVerilog file "/home/renato/RelationalMem/ZYNQ_ULTRASCARE+_bkp_sep_20/RatMem/RatMem.ip_user_files/bd/design_relcache/ip/design_relcache_smartconnect_0_0/bd_0/ip/ip_3/sim/bd_e885_rsw_0.sv" into library xil_defaultlib
INFO: [VRFC 10-311] analyzing module bd_e885_rsw_0
INFO: [VRFC 10-2263] Analyzing SystemVerilog file "/home/renato/RelationalMem/ZYNQ_ULTRASCARE+_bkp_sep_20/RatMem/RatMem.ip_user_files/bd/design_relcache/ip/design_relcache_smartconnect_0_0/bd_0/ip/ip_4/sim/bd_e885_awsw_0.sv" into library xil_defaultlib
INFO: [VRFC 10-311] analyzing module bd_e885_awsw_0
INFO: [VRFC 10-2263] Analyzing SystemVerilog file "/home/renato/RelationalMem/ZYNQ_ULTRASCARE+_bkp_sep_20/RatMem/RatMem.ip_user_files/bd/design_relcache/ip/design_relcache_smartconnect_0_0/bd_0/ip/ip_5/sim/bd_e885_wsw_0.sv" into library xil_defaultlib
INFO: [VRFC 10-311] analyzing module bd_e885_wsw_0
INFO: [VRFC 10-2263] Analyzing SystemVerilog file "/home/renato/RelationalMem/ZYNQ_ULTRASCARE+_bkp_sep_20/RatMem/RatMem.ip_user_files/bd/design_relcache/ip/design_relcache_smartconnect_0_0/bd_0/ip/ip_6/sim/bd_e885_bsw_0.sv" into library xil_defaultlib
INFO: [VRFC 10-311] analyzing module bd_e885_bsw_0
INFO: [VRFC 10-2263] Analyzing Verilog file "/home/renato/RelationalMem/ZYNQ_ULTRASCARE+_bkp_sep_20/RatMem/RatMem.ip_user_files/bd/design_relcache/sim/design_relcache.v" into library xil_defaultlib
INFO: [VRFC 10-311] analyzing module design_relcache
INFO: [VRFC 10-2263] Analyzing Verilog file "/home/renato/RelationalMem/ZYNQ_ULTRASCARE+_bkp_sep_20/RatMem/RatMem.ip_user_files/bd/design_relcache/ipshared/6d00/hdl/RelationalCache_v1_0.v" into library xil_defaultlib
INFO: [VRFC 10-311] analyzing module RelationalCache_v1_0
INFO: [VRFC 10-2263] Analyzing Verilog file "/home/renato/RelationalMem/ZYNQ_ULTRASCARE+_bkp_sep_20/RatMem/RatMem.ip_user_files/bd/design_relcache/ip/design_relcache_RelationalCache_0_2/sim/design_relcache_RelationalCache_0_2.v" into library xil_defaultlib
INFO: [VRFC 10-311] analyzing module design_relcache_RelationalCache_0_2
INFO: [VRFC 10-2263] Analyzing Verilog file "/home/renato/RelationalMem/ZYNQ_ULTRASCARE+_bkp_sep_20/RatMem/RatMem.srcs/sources_1/bd/design_relcache/hdl/design_relcache_wrapper.v" into library xil_defaultlib
INFO: [VRFC 10-311] analyzing module design_relcache_wrapper
