
*** Running vivado
    with args -log design_1_fetch_unit_0_0.vds -m64 -product Vivado -mode batch -messageDb vivado.pb -notrace -source design_1_fetch_unit_0_0.tcl


****** Vivado v2017.4 (64-bit)
  **** SW Build 2086221 on Fri Dec 15 20:54:30 MST 2017
  **** IP Build 2085800 on Fri Dec 15 22:25:07 MST 2017
    ** Copyright 1986-2017 Xilinx, Inc. All Rights Reserved.

source design_1_fetch_unit_0_0.tcl -notrace
Command: synth_design -top design_1_fetch_unit_0_0 -part xczu9eg-ffvb1156-2-e -mode out_of_context
Starting synth_design
Attempting to get a license for feature 'Synthesis' and/or device 'xczu9eg'
INFO: [Common 17-349] Got license for feature 'Synthesis' and/or device 'xczu9eg'
INFO: [Common 17-1540] The version limit for your license is '2018.09' and has expired for new software. A version limit expiration means that, although you may be able to continue to use the current version of tools or IP with this license, you will not be eligible for any updates or new releases.
INFO: Launching helper process for spawning children vivado processes
INFO: Helper process launched with PID 5994 
WARNING: [Synth 8-2507] parameter declaration becomes local in M00_AXI_read_master with formal parameter declaration list [/home/renato/RelationalMem/ZYNQ_ULTRASCARE+/RatMem/RatMem.srcs/sources_1/bd/design_1/ipshared/04ea/hdl/fetch_unit_v2_0_M00_AXI.v:190]
WARNING: [Synth 8-2507] parameter declaration becomes local in M01_AXI_write_master with formal parameter declaration list [/home/renato/RelationalMem/ZYNQ_ULTRASCARE+/RatMem/RatMem.srcs/sources_1/bd/design_1/ipshared/04ea/hdl/fetch_unit_v2_0_M01_AXI.v:186]
---------------------------------------------------------------------------------
Starting RTL Elaboration : Time (s): cpu = 00:00:06 ; elapsed = 00:00:07 . Memory (MB): peak = 1549.293 ; gain = 0.000 ; free physical = 8932 ; free virtual = 26221
---------------------------------------------------------------------------------
INFO: [Synth 8-638] synthesizing module 'design_1_fetch_unit_0_0' [/home/renato/RelationalMem/ZYNQ_ULTRASCARE+/RatMem/RatMem.srcs/sources_1/bd/design_1/ip/design_1_fetch_unit_0_0/synth/design_1_fetch_unit_0_0.v:56]
INFO: [Synth 8-638] synthesizing module 'fetch_unit_v2_0' [/home/renato/RelationalMem/ZYNQ_ULTRASCARE+/RatMem/RatMem.srcs/sources_1/bd/design_1/ipshared/04ea/hdl/fetch_unit_v2_0.v:4]
	Parameter ADDR bound to: 32 - type: integer 
	Parameter BUS_WIDTH bound to: 16 - type: integer 
	Parameter BUS_BIT bound to: 7 - type: integer 
	Parameter TRIDNUM bound to: 16 - type: integer 
	Parameter TRIDBIT bound to: 4 - type: integer 
	Parameter SIZEBIT bound to: 4 - type: integer 
	Parameter C_M00_AXI_TARGET_SLAVE_BASE_ADDR bound to: 1073741824 - type: integer 
	Parameter C_M00_AXI_BURST_LEN bound to: 16 - type: integer 
	Parameter C_M00_AXI_ID_WIDTH bound to: 6 - type: integer 
	Parameter C_M00_AXI_ADDR_WIDTH bound to: 32 - type: integer 
	Parameter C_M00_AXI_DATA_WIDTH bound to: 128 - type: integer 
	Parameter C_M00_AXI_AWUSER_WIDTH bound to: 1 - type: integer 
	Parameter C_M00_AXI_ARUSER_WIDTH bound to: 1 - type: integer 
	Parameter C_M00_AXI_WUSER_WIDTH bound to: 1 - type: integer 
	Parameter C_M00_AXI_RUSER_WIDTH bound to: 1 - type: integer 
	Parameter C_M00_AXI_BUSER_WIDTH bound to: 1 - type: integer 
	Parameter C_M01_AXI_TARGET_SLAVE_BASE_ADDR bound to: 1073741824 - type: integer 
	Parameter C_M01_AXI_BURST_LEN bound to: 16 - type: integer 
	Parameter C_M01_AXI_ID_WIDTH bound to: 1 - type: integer 
	Parameter C_M01_AXI_ADDR_WIDTH bound to: 32 - type: integer 
	Parameter C_M01_AXI_DATA_WIDTH bound to: 32 - type: integer 
	Parameter C_M01_AXI_AWUSER_WIDTH bound to: 1 - type: integer 
	Parameter C_M01_AXI_ARUSER_WIDTH bound to: 1 - type: integer 
	Parameter C_M01_AXI_WUSER_WIDTH bound to: 1 - type: integer 
	Parameter C_M01_AXI_RUSER_WIDTH bound to: 1 - type: integer 
	Parameter C_M01_AXI_BUSER_WIDTH bound to: 1 - type: integer 
INFO: [Synth 8-638] synthesizing module 'M00_AXI_read_master' [/home/renato/RelationalMem/ZYNQ_ULTRASCARE+/RatMem/RatMem.srcs/sources_1/bd/design_1/ipshared/04ea/hdl/fetch_unit_v2_0_M00_AXI.v:4]
	Parameter ADDR bound to: 32 - type: integer 
	Parameter C_M_TARGET_SLAVE_BASE_ADDR bound to: 1073741824 - type: integer 
	Parameter C_M_AXI_BURST_LEN bound to: 16 - type: integer 
	Parameter C_M_AXI_ID_WIDTH bound to: 6 - type: integer 
	Parameter C_M_AXI_ADDR_WIDTH bound to: 32 - type: integer 
	Parameter C_M_AXI_DATA_WIDTH bound to: 128 - type: integer 
	Parameter C_M_AXI_AWUSER_WIDTH bound to: 1 - type: integer 
	Parameter C_M_AXI_ARUSER_WIDTH bound to: 1 - type: integer 
	Parameter C_M_AXI_WUSER_WIDTH bound to: 1 - type: integer 
	Parameter C_M_AXI_RUSER_WIDTH bound to: 1 - type: integer 
	Parameter C_M_AXI_BUSER_WIDTH bound to: 1 - type: integer 
	Parameter C_TRANSACTIONS_NUM bound to: 4 - type: integer 
	Parameter C_MASTER_LENGTH bound to: 12 - type: integer 
	Parameter C_NO_BURSTS_REQ bound to: 4 - type: integer 
	Parameter IDLE bound to: 2'b00 
	Parameter INIT_READ bound to: 2'b10 
WARNING: [Synth 8-6014] Unused sequential element read_mismatch_reg was removed.  [/home/renato/RelationalMem/ZYNQ_ULTRASCARE+/RatMem/RatMem.srcs/sources_1/bd/design_1/ipshared/04ea/hdl/fetch_unit_v2_0_M00_AXI.v:624]
WARNING: [Synth 8-6014] Unused sequential element expected_rdata_reg was removed.  [/home/renato/RelationalMem/ZYNQ_ULTRASCARE+/RatMem/RatMem.srcs/sources_1/bd/design_1/ipshared/04ea/hdl/fetch_unit_v2_0_M00_AXI.v:648]
WARNING: [Synth 8-6014] Unused sequential element error_reg_reg was removed.  [/home/renato/RelationalMem/ZYNQ_ULTRASCARE+/RatMem/RatMem.srcs/sources_1/bd/design_1/ipshared/04ea/hdl/fetch_unit_v2_0_M00_AXI.v:666]
WARNING: [Synth 8-6014] Unused sequential element write_burst_counter_reg was removed.  [/home/renato/RelationalMem/ZYNQ_ULTRASCARE+/RatMem/RatMem.srcs/sources_1/bd/design_1/ipshared/04ea/hdl/fetch_unit_v2_0_M00_AXI.v:707]
WARNING: [Synth 8-6014] Unused sequential element burst_write_active_reg was removed.  [/home/renato/RelationalMem/ZYNQ_ULTRASCARE+/RatMem/RatMem.srcs/sources_1/bd/design_1/ipshared/04ea/hdl/fetch_unit_v2_0_M00_AXI.v:847]
WARNING: [Synth 8-6014] Unused sequential element writes_done_reg was removed.  [/home/renato/RelationalMem/ZYNQ_ULTRASCARE+/RatMem/RatMem.srcs/sources_1/bd/design_1/ipshared/04ea/hdl/fetch_unit_v2_0_M00_AXI.v:865]
INFO: [Synth 8-256] done synthesizing module 'M00_AXI_read_master' (1#1) [/home/renato/RelationalMem/ZYNQ_ULTRASCARE+/RatMem/RatMem.srcs/sources_1/bd/design_1/ipshared/04ea/hdl/fetch_unit_v2_0_M00_AXI.v:4]
INFO: [Synth 8-638] synthesizing module 'M01_AXI_write_master' [/home/renato/RelationalMem/ZYNQ_ULTRASCARE+/RatMem/RatMem.srcs/sources_1/bd/design_1/ipshared/04ea/hdl/fetch_unit_v2_0_M01_AXI.v:4]
	Parameter C_M_TARGET_SLAVE_BASE_ADDR bound to: 1073741824 - type: integer 
	Parameter C_M_AXI_BURST_LEN bound to: 16 - type: integer 
	Parameter C_M_AXI_ID_WIDTH bound to: 1 - type: integer 
	Parameter C_M_AXI_ADDR_WIDTH bound to: 32 - type: integer 
	Parameter C_M_AXI_DATA_WIDTH bound to: 32 - type: integer 
	Parameter C_M_AXI_AWUSER_WIDTH bound to: 1 - type: integer 
	Parameter C_M_AXI_ARUSER_WIDTH bound to: 1 - type: integer 
	Parameter C_M_AXI_WUSER_WIDTH bound to: 1 - type: integer 
	Parameter C_M_AXI_RUSER_WIDTH bound to: 1 - type: integer 
	Parameter C_M_AXI_BUSER_WIDTH bound to: 1 - type: integer 
	Parameter C_TRANSACTIONS_NUM bound to: 4 - type: integer 
	Parameter C_MASTER_LENGTH bound to: 12 - type: integer 
	Parameter C_NO_BURSTS_REQ bound to: 6 - type: integer 
	Parameter IDLE bound to: 2'b00 
	Parameter INIT_WRITE bound to: 2'b01 
INFO: [Synth 8-155] case statement is not full and has no default [/home/renato/RelationalMem/ZYNQ_ULTRASCARE+/RatMem/RatMem.srcs/sources_1/bd/design_1/ipshared/04ea/hdl/fetch_unit_v2_0_M01_AXI.v:753]
WARNING: [Synth 8-6014] Unused sequential element read_index_reg was removed.  [/home/renato/RelationalMem/ZYNQ_ULTRASCARE+/RatMem/RatMem.srcs/sources_1/bd/design_1/ipshared/04ea/hdl/fetch_unit_v2_0_M01_AXI.v:573]
WARNING: [Synth 8-6014] Unused sequential element read_mismatch_reg was removed.  [/home/renato/RelationalMem/ZYNQ_ULTRASCARE+/RatMem/RatMem.srcs/sources_1/bd/design_1/ipshared/04ea/hdl/fetch_unit_v2_0_M01_AXI.v:617]
WARNING: [Synth 8-6014] Unused sequential element expected_rdata_reg was removed.  [/home/renato/RelationalMem/ZYNQ_ULTRASCARE+/RatMem/RatMem.srcs/sources_1/bd/design_1/ipshared/04ea/hdl/fetch_unit_v2_0_M01_AXI.v:641]
WARNING: [Synth 8-6014] Unused sequential element error_reg_reg was removed.  [/home/renato/RelationalMem/ZYNQ_ULTRASCARE+/RatMem/RatMem.srcs/sources_1/bd/design_1/ipshared/04ea/hdl/fetch_unit_v2_0_M01_AXI.v:659]
WARNING: [Synth 8-6014] Unused sequential element read_burst_counter_reg was removed.  [/home/renato/RelationalMem/ZYNQ_ULTRASCARE+/RatMem/RatMem.srcs/sources_1/bd/design_1/ipshared/04ea/hdl/fetch_unit_v2_0_M01_AXI.v:720]
WARNING: [Synth 8-6014] Unused sequential element burst_read_active_reg was removed.  [/home/renato/RelationalMem/ZYNQ_ULTRASCARE+/RatMem/RatMem.srcs/sources_1/bd/design_1/ipshared/04ea/hdl/fetch_unit_v2_0_M01_AXI.v:874]
WARNING: [Synth 8-6014] Unused sequential element reads_done_reg was removed.  [/home/renato/RelationalMem/ZYNQ_ULTRASCARE+/RatMem/RatMem.srcs/sources_1/bd/design_1/ipshared/04ea/hdl/fetch_unit_v2_0_M01_AXI.v:893]
INFO: [Synth 8-256] done synthesizing module 'M01_AXI_write_master' (2#1) [/home/renato/RelationalMem/ZYNQ_ULTRASCARE+/RatMem/RatMem.srcs/sources_1/bd/design_1/ipshared/04ea/hdl/fetch_unit_v2_0_M01_AXI.v:4]
INFO: [Synth 8-256] done synthesizing module 'fetch_unit_v2_0' (3#1) [/home/renato/RelationalMem/ZYNQ_ULTRASCARE+/RatMem/RatMem.srcs/sources_1/bd/design_1/ipshared/04ea/hdl/fetch_unit_v2_0.v:4]
INFO: [Synth 8-256] done synthesizing module 'design_1_fetch_unit_0_0' (4#1) [/home/renato/RelationalMem/ZYNQ_ULTRASCARE+/RatMem/RatMem.srcs/sources_1/bd/design_1/ip/design_1_fetch_unit_0_0/synth/design_1_fetch_unit_0_0.v:56]
WARNING: [Synth 8-3331] design M01_AXI_write_master has unconnected port M_AXI_BID[0]
WARNING: [Synth 8-3331] design M01_AXI_write_master has unconnected port M_AXI_BRESP[1]
WARNING: [Synth 8-3331] design M01_AXI_write_master has unconnected port M_AXI_BRESP[0]
WARNING: [Synth 8-3331] design M01_AXI_write_master has unconnected port M_AXI_BUSER[0]
WARNING: [Synth 8-3331] design M01_AXI_write_master has unconnected port M_AXI_RID[0]
WARNING: [Synth 8-3331] design M01_AXI_write_master has unconnected port M_AXI_RDATA[31]
WARNING: [Synth 8-3331] design M01_AXI_write_master has unconnected port M_AXI_RDATA[30]
WARNING: [Synth 8-3331] design M01_AXI_write_master has unconnected port M_AXI_RDATA[29]
WARNING: [Synth 8-3331] design M01_AXI_write_master has unconnected port M_AXI_RDATA[28]
WARNING: [Synth 8-3331] design M01_AXI_write_master has unconnected port M_AXI_RDATA[27]
WARNING: [Synth 8-3331] design M01_AXI_write_master has unconnected port M_AXI_RDATA[26]
WARNING: [Synth 8-3331] design M01_AXI_write_master has unconnected port M_AXI_RDATA[25]
WARNING: [Synth 8-3331] design M01_AXI_write_master has unconnected port M_AXI_RDATA[24]
WARNING: [Synth 8-3331] design M01_AXI_write_master has unconnected port M_AXI_RDATA[23]
WARNING: [Synth 8-3331] design M01_AXI_write_master has unconnected port M_AXI_RDATA[22]
WARNING: [Synth 8-3331] design M01_AXI_write_master has unconnected port M_AXI_RDATA[21]
WARNING: [Synth 8-3331] design M01_AXI_write_master has unconnected port M_AXI_RDATA[20]
WARNING: [Synth 8-3331] design M01_AXI_write_master has unconnected port M_AXI_RDATA[19]
WARNING: [Synth 8-3331] design M01_AXI_write_master has unconnected port M_AXI_RDATA[18]
WARNING: [Synth 8-3331] design M01_AXI_write_master has unconnected port M_AXI_RDATA[17]
WARNING: [Synth 8-3331] design M01_AXI_write_master has unconnected port M_AXI_RDATA[16]
WARNING: [Synth 8-3331] design M01_AXI_write_master has unconnected port M_AXI_RDATA[15]
WARNING: [Synth 8-3331] design M01_AXI_write_master has unconnected port M_AXI_RDATA[14]
WARNING: [Synth 8-3331] design M01_AXI_write_master has unconnected port M_AXI_RDATA[13]
WARNING: [Synth 8-3331] design M01_AXI_write_master has unconnected port M_AXI_RDATA[12]
WARNING: [Synth 8-3331] design M01_AXI_write_master has unconnected port M_AXI_RDATA[11]
WARNING: [Synth 8-3331] design M01_AXI_write_master has unconnected port M_AXI_RDATA[10]
WARNING: [Synth 8-3331] design M01_AXI_write_master has unconnected port M_AXI_RDATA[9]
WARNING: [Synth 8-3331] design M01_AXI_write_master has unconnected port M_AXI_RDATA[8]
WARNING: [Synth 8-3331] design M01_AXI_write_master has unconnected port M_AXI_RDATA[7]
WARNING: [Synth 8-3331] design M01_AXI_write_master has unconnected port M_AXI_RDATA[6]
WARNING: [Synth 8-3331] design M01_AXI_write_master has unconnected port M_AXI_RDATA[5]
WARNING: [Synth 8-3331] design M01_AXI_write_master has unconnected port M_AXI_RDATA[4]
WARNING: [Synth 8-3331] design M01_AXI_write_master has unconnected port M_AXI_RDATA[3]
WARNING: [Synth 8-3331] design M01_AXI_write_master has unconnected port M_AXI_RDATA[2]
WARNING: [Synth 8-3331] design M01_AXI_write_master has unconnected port M_AXI_RDATA[1]
WARNING: [Synth 8-3331] design M01_AXI_write_master has unconnected port M_AXI_RDATA[0]
WARNING: [Synth 8-3331] design M01_AXI_write_master has unconnected port M_AXI_RRESP[1]
WARNING: [Synth 8-3331] design M01_AXI_write_master has unconnected port M_AXI_RRESP[0]
WARNING: [Synth 8-3331] design M01_AXI_write_master has unconnected port M_AXI_RUSER[0]
WARNING: [Synth 8-3331] design M00_AXI_read_master has unconnected port M_AXI_BID[5]
WARNING: [Synth 8-3331] design M00_AXI_read_master has unconnected port M_AXI_BID[4]
WARNING: [Synth 8-3331] design M00_AXI_read_master has unconnected port M_AXI_BID[3]
WARNING: [Synth 8-3331] design M00_AXI_read_master has unconnected port M_AXI_BID[2]
WARNING: [Synth 8-3331] design M00_AXI_read_master has unconnected port M_AXI_BID[1]
WARNING: [Synth 8-3331] design M00_AXI_read_master has unconnected port M_AXI_BID[0]
WARNING: [Synth 8-3331] design M00_AXI_read_master has unconnected port M_AXI_BRESP[1]
WARNING: [Synth 8-3331] design M00_AXI_read_master has unconnected port M_AXI_BRESP[0]
WARNING: [Synth 8-3331] design M00_AXI_read_master has unconnected port M_AXI_BUSER[0]
WARNING: [Synth 8-3331] design M00_AXI_read_master has unconnected port M_AXI_RID[5]
WARNING: [Synth 8-3331] design M00_AXI_read_master has unconnected port M_AXI_RID[4]
WARNING: [Synth 8-3331] design M00_AXI_read_master has unconnected port M_AXI_RID[3]
WARNING: [Synth 8-3331] design M00_AXI_read_master has unconnected port M_AXI_RID[2]
WARNING: [Synth 8-3331] design M00_AXI_read_master has unconnected port M_AXI_RID[1]
WARNING: [Synth 8-3331] design M00_AXI_read_master has unconnected port M_AXI_RID[0]
WARNING: [Synth 8-3331] design M00_AXI_read_master has unconnected port M_AXI_RDATA[127]
WARNING: [Synth 8-3331] design M00_AXI_read_master has unconnected port M_AXI_RDATA[126]
WARNING: [Synth 8-3331] design M00_AXI_read_master has unconnected port M_AXI_RDATA[125]
WARNING: [Synth 8-3331] design M00_AXI_read_master has unconnected port M_AXI_RDATA[124]
WARNING: [Synth 8-3331] design M00_AXI_read_master has unconnected port M_AXI_RDATA[123]
WARNING: [Synth 8-3331] design M00_AXI_read_master has unconnected port M_AXI_RDATA[122]
WARNING: [Synth 8-3331] design M00_AXI_read_master has unconnected port M_AXI_RDATA[121]
WARNING: [Synth 8-3331] design M00_AXI_read_master has unconnected port M_AXI_RDATA[120]
WARNING: [Synth 8-3331] design M00_AXI_read_master has unconnected port M_AXI_RDATA[119]
WARNING: [Synth 8-3331] design M00_AXI_read_master has unconnected port M_AXI_RDATA[118]
WARNING: [Synth 8-3331] design M00_AXI_read_master has unconnected port M_AXI_RDATA[117]
WARNING: [Synth 8-3331] design M00_AXI_read_master has unconnected port M_AXI_RDATA[116]
WARNING: [Synth 8-3331] design M00_AXI_read_master has unconnected port M_AXI_RDATA[115]
WARNING: [Synth 8-3331] design M00_AXI_read_master has unconnected port M_AXI_RDATA[114]
WARNING: [Synth 8-3331] design M00_AXI_read_master has unconnected port M_AXI_RDATA[113]
WARNING: [Synth 8-3331] design M00_AXI_read_master has unconnected port M_AXI_RDATA[112]
WARNING: [Synth 8-3331] design M00_AXI_read_master has unconnected port M_AXI_RDATA[111]
WARNING: [Synth 8-3331] design M00_AXI_read_master has unconnected port M_AXI_RDATA[110]
WARNING: [Synth 8-3331] design M00_AXI_read_master has unconnected port M_AXI_RDATA[109]
WARNING: [Synth 8-3331] design M00_AXI_read_master has unconnected port M_AXI_RDATA[108]
WARNING: [Synth 8-3331] design M00_AXI_read_master has unconnected port M_AXI_RDATA[107]
WARNING: [Synth 8-3331] design M00_AXI_read_master has unconnected port M_AXI_RDATA[106]
WARNING: [Synth 8-3331] design M00_AXI_read_master has unconnected port M_AXI_RDATA[105]
WARNING: [Synth 8-3331] design M00_AXI_read_master has unconnected port M_AXI_RDATA[104]
WARNING: [Synth 8-3331] design M00_AXI_read_master has unconnected port M_AXI_RDATA[103]
WARNING: [Synth 8-3331] design M00_AXI_read_master has unconnected port M_AXI_RDATA[102]
WARNING: [Synth 8-3331] design M00_AXI_read_master has unconnected port M_AXI_RDATA[101]
WARNING: [Synth 8-3331] design M00_AXI_read_master has unconnected port M_AXI_RDATA[100]
WARNING: [Synth 8-3331] design M00_AXI_read_master has unconnected port M_AXI_RDATA[99]
WARNING: [Synth 8-3331] design M00_AXI_read_master has unconnected port M_AXI_RDATA[98]
WARNING: [Synth 8-3331] design M00_AXI_read_master has unconnected port M_AXI_RDATA[97]
WARNING: [Synth 8-3331] design M00_AXI_read_master has unconnected port M_AXI_RDATA[96]
WARNING: [Synth 8-3331] design M00_AXI_read_master has unconnected port M_AXI_RDATA[95]
WARNING: [Synth 8-3331] design M00_AXI_read_master has unconnected port M_AXI_RDATA[94]
WARNING: [Synth 8-3331] design M00_AXI_read_master has unconnected port M_AXI_RDATA[93]
WARNING: [Synth 8-3331] design M00_AXI_read_master has unconnected port M_AXI_RDATA[92]
WARNING: [Synth 8-3331] design M00_AXI_read_master has unconnected port M_AXI_RDATA[91]
WARNING: [Synth 8-3331] design M00_AXI_read_master has unconnected port M_AXI_RDATA[90]
WARNING: [Synth 8-3331] design M00_AXI_read_master has unconnected port M_AXI_RDATA[89]
WARNING: [Synth 8-3331] design M00_AXI_read_master has unconnected port M_AXI_RDATA[88]
WARNING: [Synth 8-3331] design M00_AXI_read_master has unconnected port M_AXI_RDATA[87]
WARNING: [Synth 8-3331] design M00_AXI_read_master has unconnected port M_AXI_RDATA[86]
WARNING: [Synth 8-3331] design M00_AXI_read_master has unconnected port M_AXI_RDATA[85]
WARNING: [Synth 8-3331] design M00_AXI_read_master has unconnected port M_AXI_RDATA[84]
WARNING: [Synth 8-3331] design M00_AXI_read_master has unconnected port M_AXI_RDATA[83]
INFO: [Common 17-14] Message 'Synth 8-3331' appears 100 times and further instances of the messages will be disabled. Use the Tcl command set_msg_config to change the current settings.
---------------------------------------------------------------------------------
Finished RTL Elaboration : Time (s): cpu = 00:00:07 ; elapsed = 00:00:07 . Memory (MB): peak = 1549.293 ; gain = 0.000 ; free physical = 8920 ; free virtual = 26209
---------------------------------------------------------------------------------

Report Check Netlist: 
+------+------------------+-------+---------+-------+------------------+
|      |Item              |Errors |Warnings |Status |Description       |
+------+------------------+-------+---------+-------+------------------+
|1     |multi_driven_nets |      0|        0|Passed |Multi driven nets |
+------+------------------+-------+---------+-------+------------------+
---------------------------------------------------------------------------------
Finished RTL Optimization Phase 1 : Time (s): cpu = 00:00:07 ; elapsed = 00:00:07 . Memory (MB): peak = 1549.293 ; gain = 0.000 ; free physical = 8914 ; free virtual = 26203
---------------------------------------------------------------------------------
INFO: [Device 21-403] Loading part xczu9eg-ffvb1156-2-e
INFO: [Project 1-570] Preparing netlist for logic optimization

Processing XDC Constraints
Initializing timing engine
Completed Processing XDC Constraints

INFO: [Project 1-111] Unisim Transformation Summary:
No Unisim elements were transformed.

Constraint Validation Runtime : Time (s): cpu = 00:00:00.03 ; elapsed = 00:00:00.01 . Memory (MB): peak = 2172.230 ; gain = 0.000 ; free physical = 7424 ; free virtual = 24713
---------------------------------------------------------------------------------
Finished Constraint Validation : Time (s): cpu = 00:00:25 ; elapsed = 00:00:33 . Memory (MB): peak = 2172.230 ; gain = 622.938 ; free physical = 7218 ; free virtual = 24508
---------------------------------------------------------------------------------
---------------------------------------------------------------------------------
Start Loading Part and Timing Information
---------------------------------------------------------------------------------
Loading part: xczu9eg-ffvb1156-2-e
---------------------------------------------------------------------------------
Finished Loading Part and Timing Information : Time (s): cpu = 00:00:25 ; elapsed = 00:00:33 . Memory (MB): peak = 2172.230 ; gain = 622.938 ; free physical = 7218 ; free virtual = 24507
---------------------------------------------------------------------------------
---------------------------------------------------------------------------------
Start Applying 'set_property' XDC Constraints
---------------------------------------------------------------------------------
---------------------------------------------------------------------------------
Finished applying 'set_property' XDC Constraints : Time (s): cpu = 00:00:25 ; elapsed = 00:00:33 . Memory (MB): peak = 2172.230 ; gain = 622.938 ; free physical = 7219 ; free virtual = 24509
---------------------------------------------------------------------------------
INFO: [Synth 8-4471] merging register 'ERROR_reg' into 'compare_done_reg' [/home/renato/RelationalMem/ZYNQ_ULTRASCARE+/RatMem/RatMem.srcs/sources_1/bd/design_1/ipshared/04ea/hdl/fetch_unit_v2_0_M00_AXI.v:754]
WARNING: [Synth 8-6014] Unused sequential element ERROR_reg was removed.  [/home/renato/RelationalMem/ZYNQ_ULTRASCARE+/RatMem/RatMem.srcs/sources_1/bd/design_1/ipshared/04ea/hdl/fetch_unit_v2_0_M00_AXI.v:754]
WARNING: [Synth 8-6014] Unused sequential element write_index_reg was removed.  [/home/renato/RelationalMem/ZYNQ_ULTRASCARE+/RatMem/RatMem.srcs/sources_1/bd/design_1/ipshared/04ea/hdl/fetch_unit_v2_0_M00_AXI.v:447]
WARNING: [Synth 8-6014] Unused sequential element axi_wdata_reg was removed.  [/home/renato/RelationalMem/ZYNQ_ULTRASCARE+/RatMem/RatMem.srcs/sources_1/bd/design_1/ipshared/04ea/hdl/fetch_unit_v2_0_M00_AXI.v:259]
WARNING: [Synth 8-6014] Unused sequential element read_index_reg was removed.  [/home/renato/RelationalMem/ZYNQ_ULTRASCARE+/RatMem/RatMem.srcs/sources_1/bd/design_1/ipshared/04ea/hdl/fetch_unit_v2_0_M00_AXI.v:580]
WARNING: [Synth 8-6014] Unused sequential element read_burst_counter_reg was removed.  [/home/renato/RelationalMem/ZYNQ_ULTRASCARE+/RatMem/RatMem.srcs/sources_1/bd/design_1/ipshared/04ea/hdl/fetch_unit_v2_0_M00_AXI.v:727]
INFO: [Synth 8-4471] merging register 'ERROR_reg' into 'compare_done_reg' [/home/renato/RelationalMem/ZYNQ_ULTRASCARE+/RatMem/RatMem.srcs/sources_1/bd/design_1/ipshared/04ea/hdl/fetch_unit_v2_0_M01_AXI.v:747]
WARNING: [Synth 8-6014] Unused sequential element ERROR_reg was removed.  [/home/renato/RelationalMem/ZYNQ_ULTRASCARE+/RatMem/RatMem.srcs/sources_1/bd/design_1/ipshared/04ea/hdl/fetch_unit_v2_0_M01_AXI.v:747]
WARNING: [Synth 8-6014] Unused sequential element axi_awaddr_reg was removed.  [/home/renato/RelationalMem/ZYNQ_ULTRASCARE+/RatMem/RatMem.srcs/sources_1/bd/design_1/ipshared/04ea/hdl/fetch_unit_v2_0_M01_AXI.v:243]
WARNING: [Synth 8-6014] Unused sequential element write_index_reg was removed.  [/home/renato/RelationalMem/ZYNQ_ULTRASCARE+/RatMem/RatMem.srcs/sources_1/bd/design_1/ipshared/04ea/hdl/fetch_unit_v2_0_M01_AXI.v:441]
WARNING: [Synth 8-6014] Unused sequential element axi_wdata_reg was removed.  [/home/renato/RelationalMem/ZYNQ_ULTRASCARE+/RatMem/RatMem.srcs/sources_1/bd/design_1/ipshared/04ea/hdl/fetch_unit_v2_0_M01_AXI.v:258]
WARNING: [Synth 8-6014] Unused sequential element axi_araddr_reg was removed.  [/home/renato/RelationalMem/ZYNQ_ULTRASCARE+/RatMem/RatMem.srcs/sources_1/bd/design_1/ipshared/04ea/hdl/fetch_unit_v2_0_M01_AXI.v:268]
WARNING: [Synth 8-6014] Unused sequential element write_burst_counter_reg was removed.  [/home/renato/RelationalMem/ZYNQ_ULTRASCARE+/RatMem/RatMem.srcs/sources_1/bd/design_1/ipshared/04ea/hdl/fetch_unit_v2_0_M01_AXI.v:700]
---------------------------------------------------------------------------------
Finished RTL Optimization Phase 2 : Time (s): cpu = 00:00:25 ; elapsed = 00:00:33 . Memory (MB): peak = 2172.230 ; gain = 622.938 ; free physical = 7204 ; free virtual = 24494
---------------------------------------------------------------------------------

Report RTL Partitions: 
+-+--------------+------------+----------+
| |RTL Partition |Replication |Instances |
+-+--------------+------------+----------+
+-+--------------+------------+----------+
---------------------------------------------------------------------------------
Start RTL Component Statistics 
---------------------------------------------------------------------------------
Detailed RTL Component Info : 
+---Adders : 
	   2 Input     32 Bit       Adders := 4     
	   2 Input      7 Bit       Adders := 1     
	   2 Input      5 Bit       Adders := 4     
+---Registers : 
	               32 Bit    Registers := 2     
	                7 Bit    Registers := 1     
	                5 Bit    Registers := 4     
	                2 Bit    Registers := 2     
	                1 Bit    Registers := 26    
+---Muxes : 
	   4 Input      2 Bit        Muxes := 1     
	   2 Input      2 Bit        Muxes := 3     
	   2 Input      1 Bit        Muxes := 18    
	   3 Input      1 Bit        Muxes := 2     
---------------------------------------------------------------------------------
Finished RTL Component Statistics 
---------------------------------------------------------------------------------
---------------------------------------------------------------------------------
Start RTL Hierarchical Component Statistics 
---------------------------------------------------------------------------------
Hierarchical RTL Component report 
Module M00_AXI_read_master 
Detailed RTL Component Info : 
+---Adders : 
	   2 Input     32 Bit       Adders := 2     
	   2 Input      5 Bit       Adders := 3     
+---Registers : 
	               32 Bit    Registers := 2     
	                5 Bit    Registers := 3     
	                2 Bit    Registers := 1     
	                1 Bit    Registers := 13    
+---Muxes : 
	   4 Input      2 Bit        Muxes := 1     
	   2 Input      2 Bit        Muxes := 1     
	   2 Input      1 Bit        Muxes := 6     
	   3 Input      1 Bit        Muxes := 2     
Module M01_AXI_write_master 
Detailed RTL Component Info : 
+---Adders : 
	   2 Input     32 Bit       Adders := 2     
	   2 Input      7 Bit       Adders := 1     
	   2 Input      5 Bit       Adders := 1     
+---Registers : 
	                7 Bit    Registers := 1     
	                5 Bit    Registers := 1     
	                2 Bit    Registers := 1     
	                1 Bit    Registers := 13    
+---Muxes : 
	   2 Input      2 Bit        Muxes := 2     
	   2 Input      1 Bit        Muxes := 12    
---------------------------------------------------------------------------------
Finished RTL Hierarchical Component Statistics
---------------------------------------------------------------------------------
---------------------------------------------------------------------------------
Start Part Resource Summary
---------------------------------------------------------------------------------
Part Resources:
DSPs: 2520 (col length:168)
BRAMs: 1824 (col length: RAMB18 168 RAMB36 84)
---------------------------------------------------------------------------------
Finished Part Resource Summary
---------------------------------------------------------------------------------
---------------------------------------------------------------------------------
Start Cross Boundary and Area Optimization
---------------------------------------------------------------------------------
WARNING: [Synth 8-6014] Unused sequential element inst/M00_AXI_read_master_inst/read_index_reg was removed.  [/home/renato/RelationalMem/ZYNQ_ULTRASCARE+/RatMem/RatMem.srcs/sources_1/bd/design_1/ipshared/04ea/hdl/fetch_unit_v2_0_M00_AXI.v:580]
WARNING: [Synth 8-6014] Unused sequential element inst/M00_AXI_read_master_inst/read_burst_counter_reg was removed.  [/home/renato/RelationalMem/ZYNQ_ULTRASCARE+/RatMem/RatMem.srcs/sources_1/bd/design_1/ipshared/04ea/hdl/fetch_unit_v2_0_M00_AXI.v:727]
WARNING: [Synth 8-6014] Unused sequential element inst/M00_AXI_read_master_inst/write_index_reg was removed.  [/home/renato/RelationalMem/ZYNQ_ULTRASCARE+/RatMem/RatMem.srcs/sources_1/bd/design_1/ipshared/04ea/hdl/fetch_unit_v2_0_M00_AXI.v:447]
WARNING: [Synth 8-6014] Unused sequential element inst/M00_AXI_read_master_inst/axi_wdata_reg was removed.  [/home/renato/RelationalMem/ZYNQ_ULTRASCARE+/RatMem/RatMem.srcs/sources_1/bd/design_1/ipshared/04ea/hdl/fetch_unit_v2_0_M00_AXI.v:259]
WARNING: [Synth 8-6014] Unused sequential element inst/M01_AXI_write_master_inst/write_burst_counter_reg was removed.  [/home/renato/RelationalMem/ZYNQ_ULTRASCARE+/RatMem/RatMem.srcs/sources_1/bd/design_1/ipshared/04ea/hdl/fetch_unit_v2_0_M01_AXI.v:700]
WARNING: [Synth 8-6014] Unused sequential element inst/M01_AXI_write_master_inst/axi_awaddr_reg was removed.  [/home/renato/RelationalMem/ZYNQ_ULTRASCARE+/RatMem/RatMem.srcs/sources_1/bd/design_1/ipshared/04ea/hdl/fetch_unit_v2_0_M01_AXI.v:243]
WARNING: [Synth 8-6014] Unused sequential element inst/M01_AXI_write_master_inst/write_index_reg was removed.  [/home/renato/RelationalMem/ZYNQ_ULTRASCARE+/RatMem/RatMem.srcs/sources_1/bd/design_1/ipshared/04ea/hdl/fetch_unit_v2_0_M01_AXI.v:441]
WARNING: [Synth 8-6014] Unused sequential element inst/M01_AXI_write_master_inst/axi_wdata_reg was removed.  [/home/renato/RelationalMem/ZYNQ_ULTRASCARE+/RatMem/RatMem.srcs/sources_1/bd/design_1/ipshared/04ea/hdl/fetch_unit_v2_0_M01_AXI.v:258]
WARNING: [Synth 8-6014] Unused sequential element inst/M01_AXI_write_master_inst/axi_araddr_reg was removed.  [/home/renato/RelationalMem/ZYNQ_ULTRASCARE+/RatMem/RatMem.srcs/sources_1/bd/design_1/ipshared/04ea/hdl/fetch_unit_v2_0_M01_AXI.v:268]
INFO: [Synth 8-3917] design design_1_fetch_unit_0_0 has port m01_axi_awid[0] driven by constant 0
INFO: [Synth 8-3917] design design_1_fetch_unit_0_0 has port m01_axi_awlen[7] driven by constant 0
INFO: [Synth 8-3917] design design_1_fetch_unit_0_0 has port m01_axi_awlen[6] driven by constant 0
INFO: [Synth 8-3917] design design_1_fetch_unit_0_0 has port m01_axi_awlen[5] driven by constant 0
INFO: [Synth 8-3917] design design_1_fetch_unit_0_0 has port m01_axi_awlen[4] driven by constant 0
INFO: [Synth 8-3917] design design_1_fetch_unit_0_0 has port m01_axi_awlen[3] driven by constant 1
INFO: [Synth 8-3917] design design_1_fetch_unit_0_0 has port m01_axi_awlen[2] driven by constant 1
INFO: [Synth 8-3917] design design_1_fetch_unit_0_0 has port m01_axi_awlen[1] driven by constant 1
INFO: [Synth 8-3917] design design_1_fetch_unit_0_0 has port m01_axi_awlen[0] driven by constant 1
INFO: [Synth 8-3917] design design_1_fetch_unit_0_0 has port m01_axi_awsize[2] driven by constant 0
INFO: [Synth 8-3917] design design_1_fetch_unit_0_0 has port m01_axi_awsize[1] driven by constant 1
INFO: [Synth 8-3917] design design_1_fetch_unit_0_0 has port m01_axi_awsize[0] driven by constant 0
INFO: [Synth 8-3917] design design_1_fetch_unit_0_0 has port m01_axi_awburst[1] driven by constant 0
INFO: [Synth 8-3917] design design_1_fetch_unit_0_0 has port m01_axi_awburst[0] driven by constant 1
INFO: [Synth 8-3917] design design_1_fetch_unit_0_0 has port m01_axi_awlock driven by constant 0
INFO: [Synth 8-3917] design design_1_fetch_unit_0_0 has port m01_axi_awcache[3] driven by constant 0
INFO: [Synth 8-3917] design design_1_fetch_unit_0_0 has port m01_axi_awcache[2] driven by constant 0
INFO: [Synth 8-3917] design design_1_fetch_unit_0_0 has port m01_axi_awcache[1] driven by constant 1
INFO: [Synth 8-3917] design design_1_fetch_unit_0_0 has port m01_axi_awcache[0] driven by constant 0
INFO: [Synth 8-3917] design design_1_fetch_unit_0_0 has port m01_axi_awprot[2] driven by constant 0
INFO: [Synth 8-3917] design design_1_fetch_unit_0_0 has port m01_axi_awprot[1] driven by constant 0
INFO: [Synth 8-3917] design design_1_fetch_unit_0_0 has port m01_axi_awprot[0] driven by constant 0
INFO: [Synth 8-3917] design design_1_fetch_unit_0_0 has port m01_axi_awqos[3] driven by constant 0
INFO: [Synth 8-3917] design design_1_fetch_unit_0_0 has port m01_axi_awqos[2] driven by constant 0
INFO: [Synth 8-3917] design design_1_fetch_unit_0_0 has port m01_axi_awqos[1] driven by constant 0
INFO: [Synth 8-3917] design design_1_fetch_unit_0_0 has port m01_axi_awqos[0] driven by constant 0
INFO: [Synth 8-3917] design design_1_fetch_unit_0_0 has port m01_axi_awuser[0] driven by constant 1
INFO: [Synth 8-3917] design design_1_fetch_unit_0_0 has port m01_axi_wstrb[3] driven by constant 1
INFO: [Synth 8-3917] design design_1_fetch_unit_0_0 has port m01_axi_wstrb[2] driven by constant 1
INFO: [Synth 8-3917] design design_1_fetch_unit_0_0 has port m01_axi_wstrb[1] driven by constant 1
INFO: [Synth 8-3917] design design_1_fetch_unit_0_0 has port m01_axi_wstrb[0] driven by constant 1
INFO: [Synth 8-3917] design design_1_fetch_unit_0_0 has port m01_axi_wuser[0] driven by constant 0
INFO: [Synth 8-3917] design design_1_fetch_unit_0_0 has port m01_axi_arid[0] driven by constant 0
INFO: [Synth 8-3917] design design_1_fetch_unit_0_0 has port m01_axi_arlen[7] driven by constant 0
INFO: [Synth 8-3917] design design_1_fetch_unit_0_0 has port m01_axi_arlen[6] driven by constant 0
INFO: [Synth 8-3917] design design_1_fetch_unit_0_0 has port m01_axi_arlen[5] driven by constant 0
INFO: [Synth 8-3917] design design_1_fetch_unit_0_0 has port m01_axi_arlen[4] driven by constant 0
INFO: [Synth 8-3917] design design_1_fetch_unit_0_0 has port m01_axi_arlen[3] driven by constant 1
INFO: [Synth 8-3917] design design_1_fetch_unit_0_0 has port m01_axi_arlen[2] driven by constant 1
INFO: [Synth 8-3917] design design_1_fetch_unit_0_0 has port m01_axi_arlen[1] driven by constant 1
INFO: [Synth 8-3917] design design_1_fetch_unit_0_0 has port m01_axi_arlen[0] driven by constant 1
INFO: [Synth 8-3917] design design_1_fetch_unit_0_0 has port m01_axi_arsize[2] driven by constant 0
INFO: [Synth 8-3917] design design_1_fetch_unit_0_0 has port m01_axi_arsize[1] driven by constant 1
INFO: [Synth 8-3917] design design_1_fetch_unit_0_0 has port m01_axi_arsize[0] driven by constant 0
INFO: [Synth 8-3917] design design_1_fetch_unit_0_0 has port m01_axi_arburst[1] driven by constant 0
INFO: [Synth 8-3917] design design_1_fetch_unit_0_0 has port m01_axi_arburst[0] driven by constant 1
INFO: [Synth 8-3917] design design_1_fetch_unit_0_0 has port m01_axi_arlock driven by constant 0
INFO: [Synth 8-3917] design design_1_fetch_unit_0_0 has port m01_axi_arcache[3] driven by constant 0
INFO: [Synth 8-3917] design design_1_fetch_unit_0_0 has port m01_axi_arcache[2] driven by constant 0
INFO: [Synth 8-3917] design design_1_fetch_unit_0_0 has port m01_axi_arcache[1] driven by constant 1
INFO: [Synth 8-3917] design design_1_fetch_unit_0_0 has port m01_axi_arcache[0] driven by constant 0
INFO: [Synth 8-3917] design design_1_fetch_unit_0_0 has port m01_axi_arprot[2] driven by constant 0
INFO: [Synth 8-3917] design design_1_fetch_unit_0_0 has port m01_axi_arprot[1] driven by constant 0
INFO: [Synth 8-3917] design design_1_fetch_unit_0_0 has port m01_axi_arprot[0] driven by constant 0
INFO: [Synth 8-3917] design design_1_fetch_unit_0_0 has port m01_axi_arqos[3] driven by constant 0
INFO: [Synth 8-3917] design design_1_fetch_unit_0_0 has port m01_axi_arqos[2] driven by constant 0
INFO: [Synth 8-3917] design design_1_fetch_unit_0_0 has port m01_axi_arqos[1] driven by constant 0
INFO: [Synth 8-3917] design design_1_fetch_unit_0_0 has port m01_axi_arqos[0] driven by constant 0
INFO: [Synth 8-3917] design design_1_fetch_unit_0_0 has port m01_axi_aruser[0] driven by constant 1
INFO: [Synth 8-3917] design design_1_fetch_unit_0_0 has port m00_axi_awid[5] driven by constant 0
INFO: [Synth 8-3917] design design_1_fetch_unit_0_0 has port m00_axi_awid[4] driven by constant 0
INFO: [Synth 8-3917] design design_1_fetch_unit_0_0 has port m00_axi_awid[3] driven by constant 0
INFO: [Synth 8-3917] design design_1_fetch_unit_0_0 has port m00_axi_awid[2] driven by constant 0
INFO: [Synth 8-3917] design design_1_fetch_unit_0_0 has port m00_axi_awid[1] driven by constant 0
INFO: [Synth 8-3917] design design_1_fetch_unit_0_0 has port m00_axi_awid[0] driven by constant 0
INFO: [Synth 8-3917] design design_1_fetch_unit_0_0 has port m00_axi_awlen[7] driven by constant 0
INFO: [Synth 8-3917] design design_1_fetch_unit_0_0 has port m00_axi_awlen[6] driven by constant 0
INFO: [Synth 8-3917] design design_1_fetch_unit_0_0 has port m00_axi_awlen[5] driven by constant 0
INFO: [Synth 8-3917] design design_1_fetch_unit_0_0 has port m00_axi_awlen[4] driven by constant 0
INFO: [Synth 8-3917] design design_1_fetch_unit_0_0 has port m00_axi_awlen[3] driven by constant 1
INFO: [Synth 8-3917] design design_1_fetch_unit_0_0 has port m00_axi_awlen[2] driven by constant 1
INFO: [Synth 8-3917] design design_1_fetch_unit_0_0 has port m00_axi_awlen[1] driven by constant 1
INFO: [Synth 8-3917] design design_1_fetch_unit_0_0 has port m00_axi_awlen[0] driven by constant 1
INFO: [Synth 8-3917] design design_1_fetch_unit_0_0 has port m00_axi_awsize[2] driven by constant 1
INFO: [Synth 8-3917] design design_1_fetch_unit_0_0 has port m00_axi_awsize[1] driven by constant 0
INFO: [Synth 8-3917] design design_1_fetch_unit_0_0 has port m00_axi_awsize[0] driven by constant 0
INFO: [Synth 8-3917] design design_1_fetch_unit_0_0 has port m00_axi_awburst[1] driven by constant 0
INFO: [Synth 8-3917] design design_1_fetch_unit_0_0 has port m00_axi_awburst[0] driven by constant 1
INFO: [Synth 8-3917] design design_1_fetch_unit_0_0 has port m00_axi_awlock driven by constant 0
INFO: [Synth 8-3917] design design_1_fetch_unit_0_0 has port m00_axi_awcache[3] driven by constant 0
INFO: [Synth 8-3917] design design_1_fetch_unit_0_0 has port m00_axi_awcache[2] driven by constant 0
INFO: [Synth 8-3917] design design_1_fetch_unit_0_0 has port m00_axi_awcache[1] driven by constant 1
INFO: [Synth 8-3917] design design_1_fetch_unit_0_0 has port m00_axi_awcache[0] driven by constant 0
INFO: [Synth 8-3917] design design_1_fetch_unit_0_0 has port m00_axi_awprot[2] driven by constant 0
INFO: [Synth 8-3917] design design_1_fetch_unit_0_0 has port m00_axi_awprot[1] driven by constant 0
INFO: [Synth 8-3917] design design_1_fetch_unit_0_0 has port m00_axi_awprot[0] driven by constant 0
INFO: [Synth 8-3917] design design_1_fetch_unit_0_0 has port m00_axi_awqos[3] driven by constant 0
INFO: [Synth 8-3917] design design_1_fetch_unit_0_0 has port m00_axi_awqos[2] driven by constant 0
INFO: [Synth 8-3917] design design_1_fetch_unit_0_0 has port m00_axi_awqos[1] driven by constant 0
INFO: [Synth 8-3917] design design_1_fetch_unit_0_0 has port m00_axi_awqos[0] driven by constant 0
INFO: [Synth 8-3917] design design_1_fetch_unit_0_0 has port m00_axi_awuser[0] driven by constant 1
INFO: [Synth 8-3917] design design_1_fetch_unit_0_0 has port m00_axi_wstrb[15] driven by constant 1
INFO: [Synth 8-3917] design design_1_fetch_unit_0_0 has port m00_axi_wstrb[14] driven by constant 1
INFO: [Synth 8-3917] design design_1_fetch_unit_0_0 has port m00_axi_wstrb[13] driven by constant 1
INFO: [Synth 8-3917] design design_1_fetch_unit_0_0 has port m00_axi_wstrb[12] driven by constant 1
INFO: [Synth 8-3917] design design_1_fetch_unit_0_0 has port m00_axi_wstrb[11] driven by constant 1
INFO: [Synth 8-3917] design design_1_fetch_unit_0_0 has port m00_axi_wstrb[10] driven by constant 1
INFO: [Synth 8-3917] design design_1_fetch_unit_0_0 has port m00_axi_wstrb[9] driven by constant 1
INFO: [Synth 8-3917] design design_1_fetch_unit_0_0 has port m00_axi_wstrb[8] driven by constant 1
INFO: [Synth 8-3917] design design_1_fetch_unit_0_0 has port m00_axi_wstrb[7] driven by constant 1
INFO: [Common 17-14] Message 'Synth 8-3917' appears 100 times and further instances of the messages will be disabled. Use the Tcl command set_msg_config to change the current settings.
INFO: [Synth 8-3333] propagating constant 0 across sequential element (\inst/M00_AXI_read_master_inst/mst_exec_state_reg[0] )
INFO: [Synth 8-3333] propagating constant 0 across sequential element (\inst/M00_AXI_read_master_inst/start_single_burst_write_reg )
INFO: [Synth 8-3886] merging instance 'inst/M00_AXI_read_master_inst/axi_awaddr_reg[29]' (FDRE) to 'inst/M00_AXI_read_master_inst/axi_awaddr_reg[0]'
INFO: [Synth 8-3333] propagating constant 0 across sequential element (\inst/M01_AXI_write_master_inst/mst_exec_state_reg[1] )
INFO: [Synth 8-3333] propagating constant 0 across sequential element (\inst/M01_AXI_write_master_inst/start_single_burst_read_reg )
INFO: [Synth 8-3333] propagating constant 0 across sequential element (\inst/M00_AXI_read_master_inst/compare_done_reg )
INFO: [Synth 8-3886] merging instance 'inst/M00_AXI_read_master_inst/axi_awaddr_reg[0]' (FDRE) to 'inst/M00_AXI_read_master_inst/axi_awaddr_reg[1]'
INFO: [Synth 8-3886] merging instance 'inst/M00_AXI_read_master_inst/axi_awaddr_reg[1]' (FDRE) to 'inst/M00_AXI_read_master_inst/axi_awaddr_reg[2]'
INFO: [Synth 8-3886] merging instance 'inst/M00_AXI_read_master_inst/axi_awaddr_reg[2]' (FDRE) to 'inst/M00_AXI_read_master_inst/axi_awaddr_reg[3]'
INFO: [Synth 8-3886] merging instance 'inst/M00_AXI_read_master_inst/axi_awaddr_reg[3]' (FDRE) to 'inst/M00_AXI_read_master_inst/axi_awaddr_reg[4]'
INFO: [Synth 8-3886] merging instance 'inst/M00_AXI_read_master_inst/axi_awaddr_reg[4]' (FDRE) to 'inst/M00_AXI_read_master_inst/axi_awaddr_reg[5]'
INFO: [Synth 8-3886] merging instance 'inst/M00_AXI_read_master_inst/axi_awaddr_reg[5]' (FDRE) to 'inst/M00_AXI_read_master_inst/axi_awaddr_reg[6]'
INFO: [Synth 8-3886] merging instance 'inst/M00_AXI_read_master_inst/axi_awaddr_reg[6]' (FDRE) to 'inst/M00_AXI_read_master_inst/axi_awaddr_reg[7]'
INFO: [Synth 8-3886] merging instance 'inst/M00_AXI_read_master_inst/axi_awaddr_reg[7]' (FDRE) to 'inst/M00_AXI_read_master_inst/axi_awaddr_reg[8]'
INFO: [Synth 8-3886] merging instance 'inst/M00_AXI_read_master_inst/axi_awaddr_reg[8]' (FDRE) to 'inst/M00_AXI_read_master_inst/axi_awaddr_reg[9]'
INFO: [Synth 8-3886] merging instance 'inst/M00_AXI_read_master_inst/axi_awaddr_reg[9]' (FDRE) to 'inst/M00_AXI_read_master_inst/axi_awaddr_reg[10]'
INFO: [Synth 8-3886] merging instance 'inst/M00_AXI_read_master_inst/axi_awaddr_reg[10]' (FDRE) to 'inst/M00_AXI_read_master_inst/axi_awaddr_reg[11]'
INFO: [Synth 8-3886] merging instance 'inst/M00_AXI_read_master_inst/axi_awaddr_reg[11]' (FDRE) to 'inst/M00_AXI_read_master_inst/axi_awaddr_reg[12]'
INFO: [Synth 8-3886] merging instance 'inst/M00_AXI_read_master_inst/axi_awaddr_reg[12]' (FDRE) to 'inst/M00_AXI_read_master_inst/axi_awaddr_reg[13]'
INFO: [Synth 8-3886] merging instance 'inst/M00_AXI_read_master_inst/axi_awaddr_reg[13]' (FDRE) to 'inst/M00_AXI_read_master_inst/axi_awaddr_reg[14]'
INFO: [Synth 8-3886] merging instance 'inst/M00_AXI_read_master_inst/axi_awaddr_reg[14]' (FDRE) to 'inst/M00_AXI_read_master_inst/axi_awaddr_reg[15]'
INFO: [Synth 8-3886] merging instance 'inst/M00_AXI_read_master_inst/axi_awaddr_reg[15]' (FDRE) to 'inst/M00_AXI_read_master_inst/axi_awaddr_reg[16]'
INFO: [Synth 8-3886] merging instance 'inst/M00_AXI_read_master_inst/axi_awaddr_reg[16]' (FDRE) to 'inst/M00_AXI_read_master_inst/axi_awaddr_reg[17]'
INFO: [Synth 8-3886] merging instance 'inst/M00_AXI_read_master_inst/axi_awaddr_reg[17]' (FDRE) to 'inst/M00_AXI_read_master_inst/axi_awaddr_reg[18]'
INFO: [Synth 8-3886] merging instance 'inst/M00_AXI_read_master_inst/axi_awaddr_reg[18]' (FDRE) to 'inst/M00_AXI_read_master_inst/axi_awaddr_reg[19]'
INFO: [Synth 8-3886] merging instance 'inst/M00_AXI_read_master_inst/axi_awaddr_reg[19]' (FDRE) to 'inst/M00_AXI_read_master_inst/axi_awaddr_reg[20]'
INFO: [Synth 8-3886] merging instance 'inst/M00_AXI_read_master_inst/axi_awaddr_reg[20]' (FDRE) to 'inst/M00_AXI_read_master_inst/axi_awaddr_reg[21]'
INFO: [Synth 8-3886] merging instance 'inst/M00_AXI_read_master_inst/axi_awaddr_reg[21]' (FDRE) to 'inst/M00_AXI_read_master_inst/axi_awaddr_reg[22]'
INFO: [Synth 8-3886] merging instance 'inst/M00_AXI_read_master_inst/axi_awaddr_reg[22]' (FDRE) to 'inst/M00_AXI_read_master_inst/axi_awaddr_reg[23]'
INFO: [Synth 8-3886] merging instance 'inst/M00_AXI_read_master_inst/axi_awaddr_reg[23]' (FDRE) to 'inst/M00_AXI_read_master_inst/axi_awaddr_reg[24]'
INFO: [Synth 8-3886] merging instance 'inst/M00_AXI_read_master_inst/axi_awaddr_reg[24]' (FDRE) to 'inst/M00_AXI_read_master_inst/axi_awaddr_reg[25]'
INFO: [Synth 8-3886] merging instance 'inst/M00_AXI_read_master_inst/axi_awaddr_reg[25]' (FDRE) to 'inst/M00_AXI_read_master_inst/axi_awaddr_reg[26]'
INFO: [Synth 8-3886] merging instance 'inst/M00_AXI_read_master_inst/axi_awaddr_reg[26]' (FDRE) to 'inst/M00_AXI_read_master_inst/axi_awaddr_reg[27]'
INFO: [Synth 8-3886] merging instance 'inst/M00_AXI_read_master_inst/axi_awaddr_reg[27]' (FDRE) to 'inst/M00_AXI_read_master_inst/axi_awaddr_reg[28]'
INFO: [Synth 8-3886] merging instance 'inst/M00_AXI_read_master_inst/axi_awaddr_reg[28]' (FDRE) to 'inst/M00_AXI_read_master_inst/axi_awaddr_reg[30]'
INFO: [Synth 8-3886] merging instance 'inst/M00_AXI_read_master_inst/axi_awaddr_reg[30]' (FDRE) to 'inst/M00_AXI_read_master_inst/axi_awaddr_reg[31]'
INFO: [Synth 8-3333] propagating constant 0 across sequential element (\inst/M00_AXI_read_master_inst/axi_awaddr_reg[31] )
INFO: [Synth 8-3333] propagating constant 0 across sequential element (\inst/M01_AXI_write_master_inst/compare_done_reg )
INFO: [Synth 8-3333] propagating constant 0 across sequential element (i_9/\inst/M01_AXI_write_master_inst/axi_araddr_reg[0] )
INFO: [Synth 8-3333] propagating constant 0 across sequential element (i_9/\inst/M01_AXI_write_master_inst/axi_araddr_reg[1] )
INFO: [Synth 8-3333] propagating constant 0 across sequential element (i_9/\inst/M01_AXI_write_master_inst/axi_araddr_reg[2] )
INFO: [Synth 8-3333] propagating constant 0 across sequential element (i_9/\inst/M01_AXI_write_master_inst/axi_araddr_reg[3] )
INFO: [Synth 8-3333] propagating constant 0 across sequential element (i_9/\inst/M01_AXI_write_master_inst/axi_araddr_reg[4] )
INFO: [Synth 8-3333] propagating constant 0 across sequential element (i_9/\inst/M01_AXI_write_master_inst/axi_araddr_reg[5] )
INFO: [Synth 8-3333] propagating constant 0 across sequential element (i_7/\inst/M01_AXI_write_master_inst/axi_awaddr_reg[0] )
INFO: [Synth 8-3333] propagating constant 0 across sequential element (i_7/\inst/M01_AXI_write_master_inst/axi_awaddr_reg[1] )
INFO: [Synth 8-3333] propagating constant 0 across sequential element (i_7/\inst/M01_AXI_write_master_inst/axi_awaddr_reg[2] )
INFO: [Synth 8-3333] propagating constant 0 across sequential element (i_7/\inst/M01_AXI_write_master_inst/axi_awaddr_reg[3] )
INFO: [Synth 8-3333] propagating constant 0 across sequential element (i_7/\inst/M01_AXI_write_master_inst/axi_awaddr_reg[4] )
INFO: [Synth 8-3333] propagating constant 0 across sequential element (i_7/\inst/M01_AXI_write_master_inst/axi_awaddr_reg[5] )
INFO: [Synth 8-3333] propagating constant 0 across sequential element (i_9/\inst/M01_AXI_write_master_inst/axi_araddr_reg[29] )
INFO: [Synth 8-3333] propagating constant 1 across sequential element (i_4/\inst/M00_AXI_read_master_inst/axi_wdata_reg[0] )
INFO: [Synth 8-3332] Sequential element (inst/M00_AXI_read_master_inst/mst_exec_state_reg[0]) is unused and will be removed from module design_1_fetch_unit_0_0.
INFO: [Synth 8-3332] Sequential element (inst/M00_AXI_read_master_inst/compare_done_reg) is unused and will be removed from module design_1_fetch_unit_0_0.
INFO: [Synth 8-3332] Sequential element (inst/M00_AXI_read_master_inst/axi_awaddr_reg[31]) is unused and will be removed from module design_1_fetch_unit_0_0.
INFO: [Synth 8-3332] Sequential element (inst/M00_AXI_read_master_inst/start_single_burst_write_reg) is unused and will be removed from module design_1_fetch_unit_0_0.
INFO: [Synth 8-3332] Sequential element (inst/M00_AXI_read_master_inst/axi_awvalid_reg) is unused and will be removed from module design_1_fetch_unit_0_0.
INFO: [Synth 8-3332] Sequential element (inst/M00_AXI_read_master_inst/write_index_reg[4]) is unused and will be removed from module design_1_fetch_unit_0_0.
INFO: [Synth 8-3332] Sequential element (inst/M00_AXI_read_master_inst/write_index_reg[3]) is unused and will be removed from module design_1_fetch_unit_0_0.
INFO: [Synth 8-3332] Sequential element (inst/M00_AXI_read_master_inst/write_index_reg[2]) is unused and will be removed from module design_1_fetch_unit_0_0.
INFO: [Synth 8-3332] Sequential element (inst/M00_AXI_read_master_inst/write_index_reg[1]) is unused and will be removed from module design_1_fetch_unit_0_0.
INFO: [Synth 8-3332] Sequential element (inst/M00_AXI_read_master_inst/write_index_reg[0]) is unused and will be removed from module design_1_fetch_unit_0_0.
INFO: [Synth 8-3332] Sequential element (inst/M00_AXI_read_master_inst/axi_wlast_reg) is unused and will be removed from module design_1_fetch_unit_0_0.
INFO: [Synth 8-3332] Sequential element (inst/M00_AXI_read_master_inst/axi_wvalid_reg) is unused and will be removed from module design_1_fetch_unit_0_0.
INFO: [Synth 8-3332] Sequential element (inst/M00_AXI_read_master_inst/axi_wdata_reg[0]) is unused and will be removed from module design_1_fetch_unit_0_0.
INFO: [Synth 8-3332] Sequential element (inst/M00_AXI_read_master_inst/axi_wdata_reg[1]) is unused and will be removed from module design_1_fetch_unit_0_0.
INFO: [Synth 8-3332] Sequential element (inst/M00_AXI_read_master_inst/axi_wdata_reg[2]) is unused and will be removed from module design_1_fetch_unit_0_0.
INFO: [Synth 8-3332] Sequential element (inst/M00_AXI_read_master_inst/axi_wdata_reg[3]) is unused and will be removed from module design_1_fetch_unit_0_0.
INFO: [Synth 8-3332] Sequential element (inst/M00_AXI_read_master_inst/axi_wdata_reg[4]) is unused and will be removed from module design_1_fetch_unit_0_0.
INFO: [Synth 8-3332] Sequential element (inst/M00_AXI_read_master_inst/axi_wdata_reg[5]) is unused and will be removed from module design_1_fetch_unit_0_0.
INFO: [Synth 8-3332] Sequential element (inst/M00_AXI_read_master_inst/axi_wdata_reg[6]) is unused and will be removed from module design_1_fetch_unit_0_0.
INFO: [Synth 8-3332] Sequential element (inst/M00_AXI_read_master_inst/axi_wdata_reg[7]) is unused and will be removed from module design_1_fetch_unit_0_0.
INFO: [Synth 8-3332] Sequential element (inst/M00_AXI_read_master_inst/axi_wdata_reg[8]) is unused and will be removed from module design_1_fetch_unit_0_0.
INFO: [Synth 8-3332] Sequential element (inst/M00_AXI_read_master_inst/axi_wdata_reg[9]) is unused and will be removed from module design_1_fetch_unit_0_0.
INFO: [Synth 8-3332] Sequential element (inst/M00_AXI_read_master_inst/axi_wdata_reg[10]) is unused and will be removed from module design_1_fetch_unit_0_0.
INFO: [Synth 8-3332] Sequential element (inst/M00_AXI_read_master_inst/axi_wdata_reg[11]) is unused and will be removed from module design_1_fetch_unit_0_0.
INFO: [Synth 8-3332] Sequential element (inst/M00_AXI_read_master_inst/axi_wdata_reg[12]) is unused and will be removed from module design_1_fetch_unit_0_0.
INFO: [Synth 8-3332] Sequential element (inst/M00_AXI_read_master_inst/axi_wdata_reg[13]) is unused and will be removed from module design_1_fetch_unit_0_0.
INFO: [Synth 8-3332] Sequential element (inst/M00_AXI_read_master_inst/axi_wdata_reg[14]) is unused and will be removed from module design_1_fetch_unit_0_0.
INFO: [Synth 8-3332] Sequential element (inst/M00_AXI_read_master_inst/axi_wdata_reg[15]) is unused and will be removed from module design_1_fetch_unit_0_0.
INFO: [Synth 8-3332] Sequential element (inst/M00_AXI_read_master_inst/axi_wdata_reg[16]) is unused and will be removed from module design_1_fetch_unit_0_0.
INFO: [Synth 8-3332] Sequential element (inst/M00_AXI_read_master_inst/axi_wdata_reg[17]) is unused and will be removed from module design_1_fetch_unit_0_0.
INFO: [Synth 8-3332] Sequential element (inst/M00_AXI_read_master_inst/axi_wdata_reg[18]) is unused and will be removed from module design_1_fetch_unit_0_0.
INFO: [Synth 8-3332] Sequential element (inst/M00_AXI_read_master_inst/axi_wdata_reg[19]) is unused and will be removed from module design_1_fetch_unit_0_0.
INFO: [Synth 8-3332] Sequential element (inst/M00_AXI_read_master_inst/axi_wdata_reg[20]) is unused and will be removed from module design_1_fetch_unit_0_0.
INFO: [Synth 8-3332] Sequential element (inst/M00_AXI_read_master_inst/axi_wdata_reg[21]) is unused and will be removed from module design_1_fetch_unit_0_0.
INFO: [Synth 8-3332] Sequential element (inst/M00_AXI_read_master_inst/axi_wdata_reg[22]) is unused and will be removed from module design_1_fetch_unit_0_0.
INFO: [Synth 8-3332] Sequential element (inst/M00_AXI_read_master_inst/axi_wdata_reg[23]) is unused and will be removed from module design_1_fetch_unit_0_0.
INFO: [Synth 8-3332] Sequential element (inst/M00_AXI_read_master_inst/axi_wdata_reg[24]) is unused and will be removed from module design_1_fetch_unit_0_0.
INFO: [Synth 8-3332] Sequential element (inst/M00_AXI_read_master_inst/axi_wdata_reg[25]) is unused and will be removed from module design_1_fetch_unit_0_0.
INFO: [Synth 8-3332] Sequential element (inst/M00_AXI_read_master_inst/axi_wdata_reg[26]) is unused and will be removed from module design_1_fetch_unit_0_0.
INFO: [Synth 8-3332] Sequential element (inst/M00_AXI_read_master_inst/axi_wdata_reg[27]) is unused and will be removed from module design_1_fetch_unit_0_0.
INFO: [Synth 8-3332] Sequential element (inst/M00_AXI_read_master_inst/axi_wdata_reg[28]) is unused and will be removed from module design_1_fetch_unit_0_0.
INFO: [Synth 8-3332] Sequential element (inst/M00_AXI_read_master_inst/axi_wdata_reg[29]) is unused and will be removed from module design_1_fetch_unit_0_0.
INFO: [Synth 8-3332] Sequential element (inst/M00_AXI_read_master_inst/axi_wdata_reg[30]) is unused and will be removed from module design_1_fetch_unit_0_0.
INFO: [Synth 8-3332] Sequential element (inst/M00_AXI_read_master_inst/axi_wdata_reg[31]) is unused and will be removed from module design_1_fetch_unit_0_0.
INFO: [Synth 8-3332] Sequential element (inst/M00_AXI_read_master_inst/axi_wdata_reg[32]) is unused and will be removed from module design_1_fetch_unit_0_0.
INFO: [Synth 8-3332] Sequential element (inst/M00_AXI_read_master_inst/axi_wdata_reg[33]) is unused and will be removed from module design_1_fetch_unit_0_0.
INFO: [Synth 8-3332] Sequential element (inst/M00_AXI_read_master_inst/axi_wdata_reg[34]) is unused and will be removed from module design_1_fetch_unit_0_0.
INFO: [Synth 8-3332] Sequential element (inst/M00_AXI_read_master_inst/axi_wdata_reg[35]) is unused and will be removed from module design_1_fetch_unit_0_0.
INFO: [Synth 8-3332] Sequential element (inst/M00_AXI_read_master_inst/axi_wdata_reg[36]) is unused and will be removed from module design_1_fetch_unit_0_0.
INFO: [Synth 8-3332] Sequential element (inst/M00_AXI_read_master_inst/axi_wdata_reg[37]) is unused and will be removed from module design_1_fetch_unit_0_0.
INFO: [Synth 8-3332] Sequential element (inst/M00_AXI_read_master_inst/axi_wdata_reg[38]) is unused and will be removed from module design_1_fetch_unit_0_0.
INFO: [Synth 8-3332] Sequential element (inst/M00_AXI_read_master_inst/axi_wdata_reg[39]) is unused and will be removed from module design_1_fetch_unit_0_0.
INFO: [Synth 8-3332] Sequential element (inst/M00_AXI_read_master_inst/axi_wdata_reg[40]) is unused and will be removed from module design_1_fetch_unit_0_0.
INFO: [Synth 8-3332] Sequential element (inst/M00_AXI_read_master_inst/axi_wdata_reg[41]) is unused and will be removed from module design_1_fetch_unit_0_0.
INFO: [Synth 8-3332] Sequential element (inst/M00_AXI_read_master_inst/axi_wdata_reg[42]) is unused and will be removed from module design_1_fetch_unit_0_0.
INFO: [Synth 8-3332] Sequential element (inst/M00_AXI_read_master_inst/axi_wdata_reg[43]) is unused and will be removed from module design_1_fetch_unit_0_0.
INFO: [Synth 8-3332] Sequential element (inst/M00_AXI_read_master_inst/axi_wdata_reg[44]) is unused and will be removed from module design_1_fetch_unit_0_0.
INFO: [Synth 8-3332] Sequential element (inst/M00_AXI_read_master_inst/axi_wdata_reg[45]) is unused and will be removed from module design_1_fetch_unit_0_0.
INFO: [Synth 8-3332] Sequential element (inst/M00_AXI_read_master_inst/axi_wdata_reg[46]) is unused and will be removed from module design_1_fetch_unit_0_0.
INFO: [Synth 8-3332] Sequential element (inst/M00_AXI_read_master_inst/axi_wdata_reg[47]) is unused and will be removed from module design_1_fetch_unit_0_0.
INFO: [Synth 8-3332] Sequential element (inst/M00_AXI_read_master_inst/axi_wdata_reg[48]) is unused and will be removed from module design_1_fetch_unit_0_0.
INFO: [Synth 8-3332] Sequential element (inst/M00_AXI_read_master_inst/axi_wdata_reg[49]) is unused and will be removed from module design_1_fetch_unit_0_0.
INFO: [Synth 8-3332] Sequential element (inst/M00_AXI_read_master_inst/axi_wdata_reg[50]) is unused and will be removed from module design_1_fetch_unit_0_0.
INFO: [Synth 8-3332] Sequential element (inst/M00_AXI_read_master_inst/axi_wdata_reg[51]) is unused and will be removed from module design_1_fetch_unit_0_0.
INFO: [Synth 8-3332] Sequential element (inst/M00_AXI_read_master_inst/axi_wdata_reg[52]) is unused and will be removed from module design_1_fetch_unit_0_0.
INFO: [Synth 8-3332] Sequential element (inst/M00_AXI_read_master_inst/axi_wdata_reg[53]) is unused and will be removed from module design_1_fetch_unit_0_0.
INFO: [Synth 8-3332] Sequential element (inst/M00_AXI_read_master_inst/axi_wdata_reg[54]) is unused and will be removed from module design_1_fetch_unit_0_0.
INFO: [Synth 8-3332] Sequential element (inst/M00_AXI_read_master_inst/axi_wdata_reg[55]) is unused and will be removed from module design_1_fetch_unit_0_0.
INFO: [Synth 8-3332] Sequential element (inst/M00_AXI_read_master_inst/axi_wdata_reg[56]) is unused and will be removed from module design_1_fetch_unit_0_0.
INFO: [Synth 8-3332] Sequential element (inst/M00_AXI_read_master_inst/axi_wdata_reg[57]) is unused and will be removed from module design_1_fetch_unit_0_0.
INFO: [Synth 8-3332] Sequential element (inst/M00_AXI_read_master_inst/axi_wdata_reg[58]) is unused and will be removed from module design_1_fetch_unit_0_0.
INFO: [Synth 8-3332] Sequential element (inst/M00_AXI_read_master_inst/axi_wdata_reg[59]) is unused and will be removed from module design_1_fetch_unit_0_0.
INFO: [Synth 8-3332] Sequential element (inst/M00_AXI_read_master_inst/axi_wdata_reg[60]) is unused and will be removed from module design_1_fetch_unit_0_0.
INFO: [Synth 8-3332] Sequential element (inst/M00_AXI_read_master_inst/axi_wdata_reg[61]) is unused and will be removed from module design_1_fetch_unit_0_0.
INFO: [Synth 8-3332] Sequential element (inst/M00_AXI_read_master_inst/axi_wdata_reg[62]) is unused and will be removed from module design_1_fetch_unit_0_0.
INFO: [Synth 8-3332] Sequential element (inst/M00_AXI_read_master_inst/axi_wdata_reg[63]) is unused and will be removed from module design_1_fetch_unit_0_0.
INFO: [Synth 8-3332] Sequential element (inst/M00_AXI_read_master_inst/axi_wdata_reg[64]) is unused and will be removed from module design_1_fetch_unit_0_0.
INFO: [Synth 8-3332] Sequential element (inst/M00_AXI_read_master_inst/axi_wdata_reg[65]) is unused and will be removed from module design_1_fetch_unit_0_0.
INFO: [Synth 8-3332] Sequential element (inst/M00_AXI_read_master_inst/axi_wdata_reg[66]) is unused and will be removed from module design_1_fetch_unit_0_0.
INFO: [Synth 8-3332] Sequential element (inst/M00_AXI_read_master_inst/axi_wdata_reg[67]) is unused and will be removed from module design_1_fetch_unit_0_0.
INFO: [Synth 8-3332] Sequential element (inst/M00_AXI_read_master_inst/axi_wdata_reg[68]) is unused and will be removed from module design_1_fetch_unit_0_0.
INFO: [Synth 8-3332] Sequential element (inst/M00_AXI_read_master_inst/axi_wdata_reg[69]) is unused and will be removed from module design_1_fetch_unit_0_0.
INFO: [Synth 8-3332] Sequential element (inst/M00_AXI_read_master_inst/axi_wdata_reg[70]) is unused and will be removed from module design_1_fetch_unit_0_0.
INFO: [Synth 8-3332] Sequential element (inst/M00_AXI_read_master_inst/axi_wdata_reg[71]) is unused and will be removed from module design_1_fetch_unit_0_0.
INFO: [Synth 8-3332] Sequential element (inst/M00_AXI_read_master_inst/axi_wdata_reg[72]) is unused and will be removed from module design_1_fetch_unit_0_0.
INFO: [Synth 8-3332] Sequential element (inst/M00_AXI_read_master_inst/axi_wdata_reg[73]) is unused and will be removed from module design_1_fetch_unit_0_0.
INFO: [Synth 8-3332] Sequential element (inst/M00_AXI_read_master_inst/axi_wdata_reg[74]) is unused and will be removed from module design_1_fetch_unit_0_0.
INFO: [Synth 8-3332] Sequential element (inst/M00_AXI_read_master_inst/axi_wdata_reg[75]) is unused and will be removed from module design_1_fetch_unit_0_0.
INFO: [Synth 8-3332] Sequential element (inst/M00_AXI_read_master_inst/axi_wdata_reg[76]) is unused and will be removed from module design_1_fetch_unit_0_0.
INFO: [Synth 8-3332] Sequential element (inst/M00_AXI_read_master_inst/axi_wdata_reg[77]) is unused and will be removed from module design_1_fetch_unit_0_0.
INFO: [Synth 8-3332] Sequential element (inst/M00_AXI_read_master_inst/axi_wdata_reg[78]) is unused and will be removed from module design_1_fetch_unit_0_0.
INFO: [Synth 8-3332] Sequential element (inst/M00_AXI_read_master_inst/axi_wdata_reg[79]) is unused and will be removed from module design_1_fetch_unit_0_0.
INFO: [Synth 8-3332] Sequential element (inst/M00_AXI_read_master_inst/axi_wdata_reg[80]) is unused and will be removed from module design_1_fetch_unit_0_0.
INFO: [Synth 8-3332] Sequential element (inst/M00_AXI_read_master_inst/axi_wdata_reg[81]) is unused and will be removed from module design_1_fetch_unit_0_0.
INFO: [Synth 8-3332] Sequential element (inst/M00_AXI_read_master_inst/axi_wdata_reg[82]) is unused and will be removed from module design_1_fetch_unit_0_0.
INFO: [Synth 8-3332] Sequential element (inst/M00_AXI_read_master_inst/axi_wdata_reg[83]) is unused and will be removed from module design_1_fetch_unit_0_0.
INFO: [Synth 8-3332] Sequential element (inst/M00_AXI_read_master_inst/axi_wdata_reg[84]) is unused and will be removed from module design_1_fetch_unit_0_0.
INFO: [Synth 8-3332] Sequential element (inst/M00_AXI_read_master_inst/axi_wdata_reg[85]) is unused and will be removed from module design_1_fetch_unit_0_0.
INFO: [Synth 8-3332] Sequential element (inst/M00_AXI_read_master_inst/axi_wdata_reg[86]) is unused and will be removed from module design_1_fetch_unit_0_0.
INFO: [Synth 8-3332] Sequential element (inst/M00_AXI_read_master_inst/axi_wdata_reg[87]) is unused and will be removed from module design_1_fetch_unit_0_0.
INFO: [Common 17-14] Message 'Synth 8-3332' appears 100 times and further instances of the messages will be disabled. Use the Tcl command set_msg_config to change the current settings.
---------------------------------------------------------------------------------
Finished Cross Boundary and Area Optimization : Time (s): cpu = 00:00:25 ; elapsed = 00:00:34 . Memory (MB): peak = 2172.230 ; gain = 622.938 ; free physical = 7190 ; free virtual = 24479
---------------------------------------------------------------------------------

Report RTL Partitions: 
+-+--------------+------------+----------+
| |RTL Partition |Replication |Instances |
+-+--------------+------------+----------+
+-+--------------+------------+----------+
---------------------------------------------------------------------------------
Start Applying XDC Timing Constraints
---------------------------------------------------------------------------------
---------------------------------------------------------------------------------
Finished Applying XDC Timing Constraints : Time (s): cpu = 00:00:42 ; elapsed = 00:01:06 . Memory (MB): peak = 2790.207 ; gain = 1240.914 ; free physical = 5161 ; free virtual = 22451
---------------------------------------------------------------------------------
---------------------------------------------------------------------------------
Start Timing Optimization
---------------------------------------------------------------------------------
---------------------------------------------------------------------------------
Finished Timing Optimization : Time (s): cpu = 00:00:42 ; elapsed = 00:01:06 . Memory (MB): peak = 2790.207 ; gain = 1240.914 ; free physical = 5160 ; free virtual = 22450
---------------------------------------------------------------------------------

Report RTL Partitions: 
+-+--------------+------------+----------+
| |RTL Partition |Replication |Instances |
+-+--------------+------------+----------+
+-+--------------+------------+----------+
---------------------------------------------------------------------------------
Start Technology Mapping
---------------------------------------------------------------------------------
---------------------------------------------------------------------------------
Finished Technology Mapping : Time (s): cpu = 00:00:42 ; elapsed = 00:01:06 . Memory (MB): peak = 2809.238 ; gain = 1259.945 ; free physical = 5156 ; free virtual = 22446
---------------------------------------------------------------------------------

Report RTL Partitions: 
+-+--------------+------------+----------+
| |RTL Partition |Replication |Instances |
+-+--------------+------------+----------+
+-+--------------+------------+----------+
---------------------------------------------------------------------------------
Start IO Insertion
---------------------------------------------------------------------------------
---------------------------------------------------------------------------------
Start Flattening Before IO Insertion
---------------------------------------------------------------------------------
---------------------------------------------------------------------------------
Finished Flattening Before IO Insertion
---------------------------------------------------------------------------------
---------------------------------------------------------------------------------
Start Final Netlist Cleanup
---------------------------------------------------------------------------------
---------------------------------------------------------------------------------
Finished Final Netlist Cleanup
---------------------------------------------------------------------------------
---------------------------------------------------------------------------------
Finished IO Insertion : Time (s): cpu = 00:00:42 ; elapsed = 00:01:07 . Memory (MB): peak = 2809.238 ; gain = 1259.945 ; free physical = 5121 ; free virtual = 22411
---------------------------------------------------------------------------------

Report Check Netlist: 
+------+------------------+-------+---------+-------+------------------+
|      |Item              |Errors |Warnings |Status |Description       |
+------+------------------+-------+---------+-------+------------------+
|1     |multi_driven_nets |      0|        0|Passed |Multi driven nets |
+------+------------------+-------+---------+-------+------------------+
---------------------------------------------------------------------------------
Start Renaming Generated Instances
---------------------------------------------------------------------------------
---------------------------------------------------------------------------------
Finished Renaming Generated Instances : Time (s): cpu = 00:00:42 ; elapsed = 00:01:07 . Memory (MB): peak = 2809.238 ; gain = 1259.945 ; free physical = 5120 ; free virtual = 22410
---------------------------------------------------------------------------------

Report RTL Partitions: 
+-+--------------+------------+----------+
| |RTL Partition |Replication |Instances |
+-+--------------+------------+----------+
+-+--------------+------------+----------+
---------------------------------------------------------------------------------
Start Rebuilding User Hierarchy
---------------------------------------------------------------------------------
---------------------------------------------------------------------------------
Finished Rebuilding User Hierarchy : Time (s): cpu = 00:00:42 ; elapsed = 00:01:07 . Memory (MB): peak = 2809.238 ; gain = 1259.945 ; free physical = 5120 ; free virtual = 22410
---------------------------------------------------------------------------------
---------------------------------------------------------------------------------
Start Renaming Generated Ports
---------------------------------------------------------------------------------
---------------------------------------------------------------------------------
Finished Renaming Generated Ports : Time (s): cpu = 00:00:42 ; elapsed = 00:01:07 . Memory (MB): peak = 2809.238 ; gain = 1259.945 ; free physical = 5120 ; free virtual = 22410
---------------------------------------------------------------------------------
---------------------------------------------------------------------------------
Start Handling Custom Attributes
---------------------------------------------------------------------------------
---------------------------------------------------------------------------------
Finished Handling Custom Attributes : Time (s): cpu = 00:00:42 ; elapsed = 00:01:07 . Memory (MB): peak = 2809.238 ; gain = 1259.945 ; free physical = 5119 ; free virtual = 22410
---------------------------------------------------------------------------------
---------------------------------------------------------------------------------
Start Renaming Generated Nets
---------------------------------------------------------------------------------
---------------------------------------------------------------------------------
Finished Renaming Generated Nets : Time (s): cpu = 00:00:42 ; elapsed = 00:01:07 . Memory (MB): peak = 2809.238 ; gain = 1259.945 ; free physical = 5119 ; free virtual = 22409
---------------------------------------------------------------------------------
---------------------------------------------------------------------------------
Start Writing Synthesis Report
---------------------------------------------------------------------------------

Report BlackBoxes: 
+-+--------------+----------+
| |BlackBox name |Instances |
+-+--------------+----------+
+-+--------------+----------+

Report Cell Usage: 
+------+-------+------+
|      |Cell   |Count |
+------+-------+------+
|1     |CARRY8 |    10|
|2     |LUT1   |    10|
|3     |LUT2   |     8|
|4     |LUT3   |    11|
|5     |LUT4   |    12|
|6     |LUT5   |     9|
|7     |LUT6   |     6|
|8     |FDRE   |   131|
|9     |FDSE   |     1|
+------+-------+------+

Report Instance Areas: 
+------+------------------------------+---------------------+------+
|      |Instance                      |Module               |Cells |
+------+------------------------------+---------------------+------+
|1     |top                           |                     |   198|
|2     |  inst                        |fetch_unit_v2_0      |   198|
|3     |    M00_AXI_read_master_inst  |M00_AXI_read_master  |    76|
|4     |    M01_AXI_write_master_inst |M01_AXI_write_master |   122|
+------+------------------------------+---------------------+------+
---------------------------------------------------------------------------------
Finished Writing Synthesis Report : Time (s): cpu = 00:00:42 ; elapsed = 00:01:07 . Memory (MB): peak = 2809.238 ; gain = 1259.945 ; free physical = 5119 ; free virtual = 22409
---------------------------------------------------------------------------------
Synthesis finished with 0 errors, 0 critical warnings and 261 warnings.
Synthesis Optimization Runtime : Time (s): cpu = 00:00:30 ; elapsed = 00:00:48 . Memory (MB): peak = 2809.238 ; gain = 637.008 ; free physical = 5155 ; free virtual = 22445
Synthesis Optimization Complete : Time (s): cpu = 00:00:42 ; elapsed = 00:01:07 . Memory (MB): peak = 2809.246 ; gain = 1259.945 ; free physical = 5154 ; free virtual = 22445
INFO: [Project 1-571] Translating synthesized netlist
INFO: [Netlist 29-17] Analyzing 10 Unisim elements for replacement
INFO: [Netlist 29-28] Unisim Transformation completed in 0 CPU seconds
INFO: [Project 1-570] Preparing netlist for logic optimization
INFO: [Opt 31-138] Pushed 0 inverter(s) to 0 load pin(s).
INFO: [Project 1-111] Unisim Transformation Summary:
No Unisim elements were transformed.

INFO: [Common 17-83] Releasing license: Synthesis
278 Infos, 135 Warnings, 0 Critical Warnings and 0 Errors encountered.
synth_design completed successfully
synth_design: Time (s): cpu = 00:00:44 ; elapsed = 00:01:08 . Memory (MB): peak = 2864.254 ; gain = 1336.336 ; free physical = 5113 ; free virtual = 22404
INFO: [Common 17-1381] The checkpoint '/home/renato/RelationalMem/ZYNQ_ULTRASCARE+/RatMem/RatMem.runs/design_1_fetch_unit_0_0_synth_1/design_1_fetch_unit_0_0.dcp' has been generated.
