
*** Running vivado
    with args -log design_1_writer_0_0.vds -m64 -product Vivado -mode batch -messageDb vivado.pb -notrace -source design_1_writer_0_0.tcl


****** Vivado v2017.4 (64-bit)
  **** SW Build 2086221 on Fri Dec 15 20:54:30 MST 2017
  **** IP Build 2085800 on Fri Dec 15 22:25:07 MST 2017
    ** Copyright 1986-2017 Xilinx, Inc. All Rights Reserved.

source design_1_writer_0_0.tcl -notrace
Command: synth_design -top design_1_writer_0_0 -part xczu9eg-ffvb1156-2-e -mode out_of_context
Starting synth_design
Attempting to get a license for feature 'Synthesis' and/or device 'xczu9eg'
INFO: [Common 17-349] Got license for feature 'Synthesis' and/or device 'xczu9eg'
INFO: [Common 17-1540] The version limit for your license is '2019.11' and has expired for new software. A version limit expiration means that, although you may be able to continue to use the current version of tools or IP with this license, you will not be eligible for any updates or new releases.
INFO: Launching helper process for spawning children vivado processes
INFO: Helper process launched with PID 58701 
WARNING: [Synth 8-2507] parameter declaration becomes local in writer_v1_0_M00_AXI with formal parameter declaration list [/home/ro0zkhosh/RelationalMem/RelationalMem/ZYNQ_ULTRASCARE+/RatMem/RatMem.srcs/sources_1/bd/design_1/ipshared/455a/hdl/writer_v1_0_M00_AXI.v:187]
---------------------------------------------------------------------------------
Starting RTL Elaboration : Time (s): cpu = 00:00:07 ; elapsed = 00:00:07 . Memory (MB): peak = 1545.301 ; gain = 0.000 ; free physical = 1654 ; free virtual = 80569
---------------------------------------------------------------------------------
INFO: [Synth 8-638] synthesizing module 'design_1_writer_0_0' [/home/ro0zkhosh/RelationalMem/RelationalMem/ZYNQ_ULTRASCARE+/RatMem/RatMem.srcs/sources_1/bd/design_1/ip/design_1_writer_0_0/synth/design_1_writer_0_0.v:56]
INFO: [Synth 8-638] synthesizing module 'writer_v1_0' [/home/ro0zkhosh/RelationalMem/RelationalMem/ZYNQ_ULTRASCARE+/RatMem/RatMem.srcs/sources_1/bd/design_1/ipshared/455a/hdl/writer_v1_0.v:4]
	Parameter C_M00_AXI_TARGET_SLAVE_BASE_ADDR bound to: 1073741824 - type: integer 
	Parameter C_M00_AXI_BURST_LEN bound to: 16 - type: integer 
	Parameter C_M00_AXI_ID_WIDTH bound to: 1 - type: integer 
	Parameter C_M00_AXI_ADDR_WIDTH bound to: 32 - type: integer 
	Parameter C_M00_AXI_DATA_WIDTH bound to: 128 - type: integer 
	Parameter C_M00_AXI_AWUSER_WIDTH bound to: 1 - type: integer 
	Parameter C_M00_AXI_ARUSER_WIDTH bound to: 1 - type: integer 
	Parameter C_M00_AXI_WUSER_WIDTH bound to: 1 - type: integer 
	Parameter C_M00_AXI_RUSER_WIDTH bound to: 1 - type: integer 
	Parameter C_M00_AXI_BUSER_WIDTH bound to: 1 - type: integer 
INFO: [Synth 8-638] synthesizing module 'writer_v1_0_M00_AXI' [/home/ro0zkhosh/RelationalMem/RelationalMem/ZYNQ_ULTRASCARE+/RatMem/RatMem.srcs/sources_1/bd/design_1/ipshared/455a/hdl/writer_v1_0_M00_AXI.v:4]
	Parameter ADDR bound to: 32 - type: integer 
	Parameter C_M_TARGET_SLAVE_BASE_ADDR bound to: 1073741824 - type: integer 
	Parameter C_M_AXI_BURST_LEN bound to: 16 - type: integer 
	Parameter C_M_AXI_ID_WIDTH bound to: 1 - type: integer 
	Parameter C_M_AXI_ADDR_WIDTH bound to: 32 - type: integer 
	Parameter C_M_AXI_DATA_WIDTH bound to: 128 - type: integer 
	Parameter C_M_AXI_AWUSER_WIDTH bound to: 1 - type: integer 
	Parameter C_M_AXI_ARUSER_WIDTH bound to: 1 - type: integer 
	Parameter C_M_AXI_WUSER_WIDTH bound to: 1 - type: integer 
	Parameter C_M_AXI_RUSER_WIDTH bound to: 1 - type: integer 
	Parameter C_M_AXI_BUSER_WIDTH bound to: 1 - type: integer 
	Parameter C_TRANSACTIONS_NUM bound to: 4 - type: integer 
	Parameter C_MASTER_LENGTH bound to: 12 - type: integer 
	Parameter C_NO_BURSTS_REQ bound to: 4 - type: integer 
	Parameter IDLE bound to: 2'b00 
	Parameter INIT_WRITE bound to: 2'b01 
INFO: [Synth 8-155] case statement is not full and has no default [/home/ro0zkhosh/RelationalMem/RelationalMem/ZYNQ_ULTRASCARE+/RatMem/RatMem.srcs/sources_1/bd/design_1/ipshared/455a/hdl/writer_v1_0_M00_AXI.v:756]
WARNING: [Synth 8-6014] Unused sequential element read_index_reg was removed.  [/home/ro0zkhosh/RelationalMem/RelationalMem/ZYNQ_ULTRASCARE+/RatMem/RatMem.srcs/sources_1/bd/design_1/ipshared/455a/hdl/writer_v1_0_M00_AXI.v:576]
WARNING: [Synth 8-6014] Unused sequential element read_mismatch_reg was removed.  [/home/ro0zkhosh/RelationalMem/RelationalMem/ZYNQ_ULTRASCARE+/RatMem/RatMem.srcs/sources_1/bd/design_1/ipshared/455a/hdl/writer_v1_0_M00_AXI.v:620]
WARNING: [Synth 8-6014] Unused sequential element expected_rdata_reg was removed.  [/home/ro0zkhosh/RelationalMem/RelationalMem/ZYNQ_ULTRASCARE+/RatMem/RatMem.srcs/sources_1/bd/design_1/ipshared/455a/hdl/writer_v1_0_M00_AXI.v:644]
WARNING: [Synth 8-6014] Unused sequential element error_reg_reg was removed.  [/home/ro0zkhosh/RelationalMem/RelationalMem/ZYNQ_ULTRASCARE+/RatMem/RatMem.srcs/sources_1/bd/design_1/ipshared/455a/hdl/writer_v1_0_M00_AXI.v:662]
WARNING: [Synth 8-6014] Unused sequential element read_burst_counter_reg was removed.  [/home/ro0zkhosh/RelationalMem/RelationalMem/ZYNQ_ULTRASCARE+/RatMem/RatMem.srcs/sources_1/bd/design_1/ipshared/455a/hdl/writer_v1_0_M00_AXI.v:723]
WARNING: [Synth 8-6014] Unused sequential element burst_read_active_reg was removed.  [/home/ro0zkhosh/RelationalMem/RelationalMem/ZYNQ_ULTRASCARE+/RatMem/RatMem.srcs/sources_1/bd/design_1/ipshared/455a/hdl/writer_v1_0_M00_AXI.v:877]
WARNING: [Synth 8-6014] Unused sequential element reads_done_reg was removed.  [/home/ro0zkhosh/RelationalMem/RelationalMem/ZYNQ_ULTRASCARE+/RatMem/RatMem.srcs/sources_1/bd/design_1/ipshared/455a/hdl/writer_v1_0_M00_AXI.v:896]
INFO: [Synth 8-256] done synthesizing module 'writer_v1_0_M00_AXI' (1#1) [/home/ro0zkhosh/RelationalMem/RelationalMem/ZYNQ_ULTRASCARE+/RatMem/RatMem.srcs/sources_1/bd/design_1/ipshared/455a/hdl/writer_v1_0_M00_AXI.v:4]
WARNING: [Synth 8-350] instance 'writer_v1_0_M00_AXI_inst' of module 'writer_v1_0_M00_AXI' requires 49 connections, but only 47 given [/home/ro0zkhosh/RelationalMem/RelationalMem/ZYNQ_ULTRASCARE+/RatMem/RatMem.srcs/sources_1/bd/design_1/ipshared/455a/hdl/writer_v1_0.v:92]
INFO: [Synth 8-256] done synthesizing module 'writer_v1_0' (2#1) [/home/ro0zkhosh/RelationalMem/RelationalMem/ZYNQ_ULTRASCARE+/RatMem/RatMem.srcs/sources_1/bd/design_1/ipshared/455a/hdl/writer_v1_0.v:4]
INFO: [Synth 8-256] done synthesizing module 'design_1_writer_0_0' (3#1) [/home/ro0zkhosh/RelationalMem/RelationalMem/ZYNQ_ULTRASCARE+/RatMem/RatMem.srcs/sources_1/bd/design_1/ip/design_1_writer_0_0/synth/design_1_writer_0_0.v:56]
WARNING: [Synth 8-3331] design writer_v1_0_M00_AXI has unconnected port M_AXI_BID[0]
WARNING: [Synth 8-3331] design writer_v1_0_M00_AXI has unconnected port M_AXI_BRESP[1]
WARNING: [Synth 8-3331] design writer_v1_0_M00_AXI has unconnected port M_AXI_BRESP[0]
WARNING: [Synth 8-3331] design writer_v1_0_M00_AXI has unconnected port M_AXI_BUSER[0]
WARNING: [Synth 8-3331] design writer_v1_0_M00_AXI has unconnected port M_AXI_RID[0]
WARNING: [Synth 8-3331] design writer_v1_0_M00_AXI has unconnected port M_AXI_RDATA[127]
WARNING: [Synth 8-3331] design writer_v1_0_M00_AXI has unconnected port M_AXI_RDATA[126]
WARNING: [Synth 8-3331] design writer_v1_0_M00_AXI has unconnected port M_AXI_RDATA[125]
WARNING: [Synth 8-3331] design writer_v1_0_M00_AXI has unconnected port M_AXI_RDATA[124]
WARNING: [Synth 8-3331] design writer_v1_0_M00_AXI has unconnected port M_AXI_RDATA[123]
WARNING: [Synth 8-3331] design writer_v1_0_M00_AXI has unconnected port M_AXI_RDATA[122]
WARNING: [Synth 8-3331] design writer_v1_0_M00_AXI has unconnected port M_AXI_RDATA[121]
WARNING: [Synth 8-3331] design writer_v1_0_M00_AXI has unconnected port M_AXI_RDATA[120]
WARNING: [Synth 8-3331] design writer_v1_0_M00_AXI has unconnected port M_AXI_RDATA[119]
WARNING: [Synth 8-3331] design writer_v1_0_M00_AXI has unconnected port M_AXI_RDATA[118]
WARNING: [Synth 8-3331] design writer_v1_0_M00_AXI has unconnected port M_AXI_RDATA[117]
WARNING: [Synth 8-3331] design writer_v1_0_M00_AXI has unconnected port M_AXI_RDATA[116]
WARNING: [Synth 8-3331] design writer_v1_0_M00_AXI has unconnected port M_AXI_RDATA[115]
WARNING: [Synth 8-3331] design writer_v1_0_M00_AXI has unconnected port M_AXI_RDATA[114]
WARNING: [Synth 8-3331] design writer_v1_0_M00_AXI has unconnected port M_AXI_RDATA[113]
WARNING: [Synth 8-3331] design writer_v1_0_M00_AXI has unconnected port M_AXI_RDATA[112]
WARNING: [Synth 8-3331] design writer_v1_0_M00_AXI has unconnected port M_AXI_RDATA[111]
WARNING: [Synth 8-3331] design writer_v1_0_M00_AXI has unconnected port M_AXI_RDATA[110]
WARNING: [Synth 8-3331] design writer_v1_0_M00_AXI has unconnected port M_AXI_RDATA[109]
WARNING: [Synth 8-3331] design writer_v1_0_M00_AXI has unconnected port M_AXI_RDATA[108]
WARNING: [Synth 8-3331] design writer_v1_0_M00_AXI has unconnected port M_AXI_RDATA[107]
WARNING: [Synth 8-3331] design writer_v1_0_M00_AXI has unconnected port M_AXI_RDATA[106]
WARNING: [Synth 8-3331] design writer_v1_0_M00_AXI has unconnected port M_AXI_RDATA[105]
WARNING: [Synth 8-3331] design writer_v1_0_M00_AXI has unconnected port M_AXI_RDATA[104]
WARNING: [Synth 8-3331] design writer_v1_0_M00_AXI has unconnected port M_AXI_RDATA[103]
WARNING: [Synth 8-3331] design writer_v1_0_M00_AXI has unconnected port M_AXI_RDATA[102]
WARNING: [Synth 8-3331] design writer_v1_0_M00_AXI has unconnected port M_AXI_RDATA[101]
WARNING: [Synth 8-3331] design writer_v1_0_M00_AXI has unconnected port M_AXI_RDATA[100]
WARNING: [Synth 8-3331] design writer_v1_0_M00_AXI has unconnected port M_AXI_RDATA[99]
WARNING: [Synth 8-3331] design writer_v1_0_M00_AXI has unconnected port M_AXI_RDATA[98]
WARNING: [Synth 8-3331] design writer_v1_0_M00_AXI has unconnected port M_AXI_RDATA[97]
WARNING: [Synth 8-3331] design writer_v1_0_M00_AXI has unconnected port M_AXI_RDATA[96]
WARNING: [Synth 8-3331] design writer_v1_0_M00_AXI has unconnected port M_AXI_RDATA[95]
WARNING: [Synth 8-3331] design writer_v1_0_M00_AXI has unconnected port M_AXI_RDATA[94]
WARNING: [Synth 8-3331] design writer_v1_0_M00_AXI has unconnected port M_AXI_RDATA[93]
WARNING: [Synth 8-3331] design writer_v1_0_M00_AXI has unconnected port M_AXI_RDATA[92]
WARNING: [Synth 8-3331] design writer_v1_0_M00_AXI has unconnected port M_AXI_RDATA[91]
WARNING: [Synth 8-3331] design writer_v1_0_M00_AXI has unconnected port M_AXI_RDATA[90]
WARNING: [Synth 8-3331] design writer_v1_0_M00_AXI has unconnected port M_AXI_RDATA[89]
WARNING: [Synth 8-3331] design writer_v1_0_M00_AXI has unconnected port M_AXI_RDATA[88]
WARNING: [Synth 8-3331] design writer_v1_0_M00_AXI has unconnected port M_AXI_RDATA[87]
WARNING: [Synth 8-3331] design writer_v1_0_M00_AXI has unconnected port M_AXI_RDATA[86]
WARNING: [Synth 8-3331] design writer_v1_0_M00_AXI has unconnected port M_AXI_RDATA[85]
WARNING: [Synth 8-3331] design writer_v1_0_M00_AXI has unconnected port M_AXI_RDATA[84]
WARNING: [Synth 8-3331] design writer_v1_0_M00_AXI has unconnected port M_AXI_RDATA[83]
WARNING: [Synth 8-3331] design writer_v1_0_M00_AXI has unconnected port M_AXI_RDATA[82]
WARNING: [Synth 8-3331] design writer_v1_0_M00_AXI has unconnected port M_AXI_RDATA[81]
WARNING: [Synth 8-3331] design writer_v1_0_M00_AXI has unconnected port M_AXI_RDATA[80]
WARNING: [Synth 8-3331] design writer_v1_0_M00_AXI has unconnected port M_AXI_RDATA[79]
WARNING: [Synth 8-3331] design writer_v1_0_M00_AXI has unconnected port M_AXI_RDATA[78]
WARNING: [Synth 8-3331] design writer_v1_0_M00_AXI has unconnected port M_AXI_RDATA[77]
WARNING: [Synth 8-3331] design writer_v1_0_M00_AXI has unconnected port M_AXI_RDATA[76]
WARNING: [Synth 8-3331] design writer_v1_0_M00_AXI has unconnected port M_AXI_RDATA[75]
WARNING: [Synth 8-3331] design writer_v1_0_M00_AXI has unconnected port M_AXI_RDATA[74]
WARNING: [Synth 8-3331] design writer_v1_0_M00_AXI has unconnected port M_AXI_RDATA[73]
WARNING: [Synth 8-3331] design writer_v1_0_M00_AXI has unconnected port M_AXI_RDATA[72]
WARNING: [Synth 8-3331] design writer_v1_0_M00_AXI has unconnected port M_AXI_RDATA[71]
WARNING: [Synth 8-3331] design writer_v1_0_M00_AXI has unconnected port M_AXI_RDATA[70]
WARNING: [Synth 8-3331] design writer_v1_0_M00_AXI has unconnected port M_AXI_RDATA[69]
WARNING: [Synth 8-3331] design writer_v1_0_M00_AXI has unconnected port M_AXI_RDATA[68]
WARNING: [Synth 8-3331] design writer_v1_0_M00_AXI has unconnected port M_AXI_RDATA[67]
WARNING: [Synth 8-3331] design writer_v1_0_M00_AXI has unconnected port M_AXI_RDATA[66]
WARNING: [Synth 8-3331] design writer_v1_0_M00_AXI has unconnected port M_AXI_RDATA[65]
WARNING: [Synth 8-3331] design writer_v1_0_M00_AXI has unconnected port M_AXI_RDATA[64]
WARNING: [Synth 8-3331] design writer_v1_0_M00_AXI has unconnected port M_AXI_RDATA[63]
WARNING: [Synth 8-3331] design writer_v1_0_M00_AXI has unconnected port M_AXI_RDATA[62]
WARNING: [Synth 8-3331] design writer_v1_0_M00_AXI has unconnected port M_AXI_RDATA[61]
WARNING: [Synth 8-3331] design writer_v1_0_M00_AXI has unconnected port M_AXI_RDATA[60]
WARNING: [Synth 8-3331] design writer_v1_0_M00_AXI has unconnected port M_AXI_RDATA[59]
WARNING: [Synth 8-3331] design writer_v1_0_M00_AXI has unconnected port M_AXI_RDATA[58]
WARNING: [Synth 8-3331] design writer_v1_0_M00_AXI has unconnected port M_AXI_RDATA[57]
WARNING: [Synth 8-3331] design writer_v1_0_M00_AXI has unconnected port M_AXI_RDATA[56]
WARNING: [Synth 8-3331] design writer_v1_0_M00_AXI has unconnected port M_AXI_RDATA[55]
WARNING: [Synth 8-3331] design writer_v1_0_M00_AXI has unconnected port M_AXI_RDATA[54]
WARNING: [Synth 8-3331] design writer_v1_0_M00_AXI has unconnected port M_AXI_RDATA[53]
WARNING: [Synth 8-3331] design writer_v1_0_M00_AXI has unconnected port M_AXI_RDATA[52]
WARNING: [Synth 8-3331] design writer_v1_0_M00_AXI has unconnected port M_AXI_RDATA[51]
WARNING: [Synth 8-3331] design writer_v1_0_M00_AXI has unconnected port M_AXI_RDATA[50]
WARNING: [Synth 8-3331] design writer_v1_0_M00_AXI has unconnected port M_AXI_RDATA[49]
WARNING: [Synth 8-3331] design writer_v1_0_M00_AXI has unconnected port M_AXI_RDATA[48]
WARNING: [Synth 8-3331] design writer_v1_0_M00_AXI has unconnected port M_AXI_RDATA[47]
WARNING: [Synth 8-3331] design writer_v1_0_M00_AXI has unconnected port M_AXI_RDATA[46]
WARNING: [Synth 8-3331] design writer_v1_0_M00_AXI has unconnected port M_AXI_RDATA[45]
WARNING: [Synth 8-3331] design writer_v1_0_M00_AXI has unconnected port M_AXI_RDATA[44]
WARNING: [Synth 8-3331] design writer_v1_0_M00_AXI has unconnected port M_AXI_RDATA[43]
WARNING: [Synth 8-3331] design writer_v1_0_M00_AXI has unconnected port M_AXI_RDATA[42]
WARNING: [Synth 8-3331] design writer_v1_0_M00_AXI has unconnected port M_AXI_RDATA[41]
WARNING: [Synth 8-3331] design writer_v1_0_M00_AXI has unconnected port M_AXI_RDATA[40]
WARNING: [Synth 8-3331] design writer_v1_0_M00_AXI has unconnected port M_AXI_RDATA[39]
WARNING: [Synth 8-3331] design writer_v1_0_M00_AXI has unconnected port M_AXI_RDATA[38]
WARNING: [Synth 8-3331] design writer_v1_0_M00_AXI has unconnected port M_AXI_RDATA[37]
WARNING: [Synth 8-3331] design writer_v1_0_M00_AXI has unconnected port M_AXI_RDATA[36]
WARNING: [Synth 8-3331] design writer_v1_0_M00_AXI has unconnected port M_AXI_RDATA[35]
WARNING: [Synth 8-3331] design writer_v1_0_M00_AXI has unconnected port M_AXI_RDATA[34]
WARNING: [Synth 8-3331] design writer_v1_0_M00_AXI has unconnected port M_AXI_RDATA[33]
INFO: [Common 17-14] Message 'Synth 8-3331' appears 100 times and further instances of the messages will be disabled. Use the Tcl command set_msg_config to change the current settings.
---------------------------------------------------------------------------------
Finished RTL Elaboration : Time (s): cpu = 00:00:07 ; elapsed = 00:00:08 . Memory (MB): peak = 1545.301 ; gain = 0.000 ; free physical = 1596 ; free virtual = 80511
---------------------------------------------------------------------------------

Report Check Netlist: 
+------+------------------+-------+---------+-------+------------------+
|      |Item              |Errors |Warnings |Status |Description       |
+------+------------------+-------+---------+-------+------------------+
|1     |multi_driven_nets |      0|        0|Passed |Multi driven nets |
+------+------------------+-------+---------+-------+------------------+
WARNING: [Synth 8-3295] tying undriven pin writer_v1_0_M00_AXI_inst:SPM_WRITE_ADDR[31] to constant 0 [/home/ro0zkhosh/RelationalMem/RelationalMem/ZYNQ_ULTRASCARE+/RatMem/RatMem.srcs/sources_1/bd/design_1/ipshared/455a/hdl/writer_v1_0.v:92]
WARNING: [Synth 8-3295] tying undriven pin writer_v1_0_M00_AXI_inst:SPM_WRITE_ADDR[30] to constant 0 [/home/ro0zkhosh/RelationalMem/RelationalMem/ZYNQ_ULTRASCARE+/RatMem/RatMem.srcs/sources_1/bd/design_1/ipshared/455a/hdl/writer_v1_0.v:92]
WARNING: [Synth 8-3295] tying undriven pin writer_v1_0_M00_AXI_inst:SPM_WRITE_ADDR[29] to constant 0 [/home/ro0zkhosh/RelationalMem/RelationalMem/ZYNQ_ULTRASCARE+/RatMem/RatMem.srcs/sources_1/bd/design_1/ipshared/455a/hdl/writer_v1_0.v:92]
WARNING: [Synth 8-3295] tying undriven pin writer_v1_0_M00_AXI_inst:SPM_WRITE_ADDR[28] to constant 0 [/home/ro0zkhosh/RelationalMem/RelationalMem/ZYNQ_ULTRASCARE+/RatMem/RatMem.srcs/sources_1/bd/design_1/ipshared/455a/hdl/writer_v1_0.v:92]
WARNING: [Synth 8-3295] tying undriven pin writer_v1_0_M00_AXI_inst:SPM_WRITE_ADDR[27] to constant 0 [/home/ro0zkhosh/RelationalMem/RelationalMem/ZYNQ_ULTRASCARE+/RatMem/RatMem.srcs/sources_1/bd/design_1/ipshared/455a/hdl/writer_v1_0.v:92]
WARNING: [Synth 8-3295] tying undriven pin writer_v1_0_M00_AXI_inst:SPM_WRITE_ADDR[26] to constant 0 [/home/ro0zkhosh/RelationalMem/RelationalMem/ZYNQ_ULTRASCARE+/RatMem/RatMem.srcs/sources_1/bd/design_1/ipshared/455a/hdl/writer_v1_0.v:92]
WARNING: [Synth 8-3295] tying undriven pin writer_v1_0_M00_AXI_inst:SPM_WRITE_ADDR[25] to constant 0 [/home/ro0zkhosh/RelationalMem/RelationalMem/ZYNQ_ULTRASCARE+/RatMem/RatMem.srcs/sources_1/bd/design_1/ipshared/455a/hdl/writer_v1_0.v:92]
WARNING: [Synth 8-3295] tying undriven pin writer_v1_0_M00_AXI_inst:SPM_WRITE_ADDR[24] to constant 0 [/home/ro0zkhosh/RelationalMem/RelationalMem/ZYNQ_ULTRASCARE+/RatMem/RatMem.srcs/sources_1/bd/design_1/ipshared/455a/hdl/writer_v1_0.v:92]
WARNING: [Synth 8-3295] tying undriven pin writer_v1_0_M00_AXI_inst:SPM_WRITE_ADDR[23] to constant 0 [/home/ro0zkhosh/RelationalMem/RelationalMem/ZYNQ_ULTRASCARE+/RatMem/RatMem.srcs/sources_1/bd/design_1/ipshared/455a/hdl/writer_v1_0.v:92]
WARNING: [Synth 8-3295] tying undriven pin writer_v1_0_M00_AXI_inst:SPM_WRITE_ADDR[22] to constant 0 [/home/ro0zkhosh/RelationalMem/RelationalMem/ZYNQ_ULTRASCARE+/RatMem/RatMem.srcs/sources_1/bd/design_1/ipshared/455a/hdl/writer_v1_0.v:92]
WARNING: [Synth 8-3295] tying undriven pin writer_v1_0_M00_AXI_inst:SPM_WRITE_ADDR[21] to constant 0 [/home/ro0zkhosh/RelationalMem/RelationalMem/ZYNQ_ULTRASCARE+/RatMem/RatMem.srcs/sources_1/bd/design_1/ipshared/455a/hdl/writer_v1_0.v:92]
WARNING: [Synth 8-3295] tying undriven pin writer_v1_0_M00_AXI_inst:SPM_WRITE_ADDR[20] to constant 0 [/home/ro0zkhosh/RelationalMem/RelationalMem/ZYNQ_ULTRASCARE+/RatMem/RatMem.srcs/sources_1/bd/design_1/ipshared/455a/hdl/writer_v1_0.v:92]
WARNING: [Synth 8-3295] tying undriven pin writer_v1_0_M00_AXI_inst:SPM_WRITE_ADDR[19] to constant 0 [/home/ro0zkhosh/RelationalMem/RelationalMem/ZYNQ_ULTRASCARE+/RatMem/RatMem.srcs/sources_1/bd/design_1/ipshared/455a/hdl/writer_v1_0.v:92]
WARNING: [Synth 8-3295] tying undriven pin writer_v1_0_M00_AXI_inst:SPM_WRITE_ADDR[18] to constant 0 [/home/ro0zkhosh/RelationalMem/RelationalMem/ZYNQ_ULTRASCARE+/RatMem/RatMem.srcs/sources_1/bd/design_1/ipshared/455a/hdl/writer_v1_0.v:92]
WARNING: [Synth 8-3295] tying undriven pin writer_v1_0_M00_AXI_inst:SPM_WRITE_ADDR[17] to constant 0 [/home/ro0zkhosh/RelationalMem/RelationalMem/ZYNQ_ULTRASCARE+/RatMem/RatMem.srcs/sources_1/bd/design_1/ipshared/455a/hdl/writer_v1_0.v:92]
WARNING: [Synth 8-3295] tying undriven pin writer_v1_0_M00_AXI_inst:SPM_WRITE_ADDR[16] to constant 0 [/home/ro0zkhosh/RelationalMem/RelationalMem/ZYNQ_ULTRASCARE+/RatMem/RatMem.srcs/sources_1/bd/design_1/ipshared/455a/hdl/writer_v1_0.v:92]
WARNING: [Synth 8-3295] tying undriven pin writer_v1_0_M00_AXI_inst:SPM_WRITE_ADDR[15] to constant 0 [/home/ro0zkhosh/RelationalMem/RelationalMem/ZYNQ_ULTRASCARE+/RatMem/RatMem.srcs/sources_1/bd/design_1/ipshared/455a/hdl/writer_v1_0.v:92]
WARNING: [Synth 8-3295] tying undriven pin writer_v1_0_M00_AXI_inst:SPM_WRITE_ADDR[14] to constant 0 [/home/ro0zkhosh/RelationalMem/RelationalMem/ZYNQ_ULTRASCARE+/RatMem/RatMem.srcs/sources_1/bd/design_1/ipshared/455a/hdl/writer_v1_0.v:92]
WARNING: [Synth 8-3295] tying undriven pin writer_v1_0_M00_AXI_inst:SPM_WRITE_ADDR[13] to constant 0 [/home/ro0zkhosh/RelationalMem/RelationalMem/ZYNQ_ULTRASCARE+/RatMem/RatMem.srcs/sources_1/bd/design_1/ipshared/455a/hdl/writer_v1_0.v:92]
WARNING: [Synth 8-3295] tying undriven pin writer_v1_0_M00_AXI_inst:SPM_WRITE_ADDR[12] to constant 0 [/home/ro0zkhosh/RelationalMem/RelationalMem/ZYNQ_ULTRASCARE+/RatMem/RatMem.srcs/sources_1/bd/design_1/ipshared/455a/hdl/writer_v1_0.v:92]
WARNING: [Synth 8-3295] tying undriven pin writer_v1_0_M00_AXI_inst:SPM_WRITE_ADDR[11] to constant 0 [/home/ro0zkhosh/RelationalMem/RelationalMem/ZYNQ_ULTRASCARE+/RatMem/RatMem.srcs/sources_1/bd/design_1/ipshared/455a/hdl/writer_v1_0.v:92]
WARNING: [Synth 8-3295] tying undriven pin writer_v1_0_M00_AXI_inst:SPM_WRITE_ADDR[10] to constant 0 [/home/ro0zkhosh/RelationalMem/RelationalMem/ZYNQ_ULTRASCARE+/RatMem/RatMem.srcs/sources_1/bd/design_1/ipshared/455a/hdl/writer_v1_0.v:92]
WARNING: [Synth 8-3295] tying undriven pin writer_v1_0_M00_AXI_inst:SPM_WRITE_ADDR[9] to constant 0 [/home/ro0zkhosh/RelationalMem/RelationalMem/ZYNQ_ULTRASCARE+/RatMem/RatMem.srcs/sources_1/bd/design_1/ipshared/455a/hdl/writer_v1_0.v:92]
WARNING: [Synth 8-3295] tying undriven pin writer_v1_0_M00_AXI_inst:SPM_WRITE_ADDR[8] to constant 0 [/home/ro0zkhosh/RelationalMem/RelationalMem/ZYNQ_ULTRASCARE+/RatMem/RatMem.srcs/sources_1/bd/design_1/ipshared/455a/hdl/writer_v1_0.v:92]
WARNING: [Synth 8-3295] tying undriven pin writer_v1_0_M00_AXI_inst:SPM_WRITE_ADDR[7] to constant 0 [/home/ro0zkhosh/RelationalMem/RelationalMem/ZYNQ_ULTRASCARE+/RatMem/RatMem.srcs/sources_1/bd/design_1/ipshared/455a/hdl/writer_v1_0.v:92]
WARNING: [Synth 8-3295] tying undriven pin writer_v1_0_M00_AXI_inst:SPM_WRITE_ADDR[6] to constant 0 [/home/ro0zkhosh/RelationalMem/RelationalMem/ZYNQ_ULTRASCARE+/RatMem/RatMem.srcs/sources_1/bd/design_1/ipshared/455a/hdl/writer_v1_0.v:92]
WARNING: [Synth 8-3295] tying undriven pin writer_v1_0_M00_AXI_inst:SPM_WRITE_ADDR[5] to constant 0 [/home/ro0zkhosh/RelationalMem/RelationalMem/ZYNQ_ULTRASCARE+/RatMem/RatMem.srcs/sources_1/bd/design_1/ipshared/455a/hdl/writer_v1_0.v:92]
WARNING: [Synth 8-3295] tying undriven pin writer_v1_0_M00_AXI_inst:SPM_WRITE_ADDR[4] to constant 0 [/home/ro0zkhosh/RelationalMem/RelationalMem/ZYNQ_ULTRASCARE+/RatMem/RatMem.srcs/sources_1/bd/design_1/ipshared/455a/hdl/writer_v1_0.v:92]
WARNING: [Synth 8-3295] tying undriven pin writer_v1_0_M00_AXI_inst:SPM_WRITE_ADDR[3] to constant 0 [/home/ro0zkhosh/RelationalMem/RelationalMem/ZYNQ_ULTRASCARE+/RatMem/RatMem.srcs/sources_1/bd/design_1/ipshared/455a/hdl/writer_v1_0.v:92]
WARNING: [Synth 8-3295] tying undriven pin writer_v1_0_M00_AXI_inst:SPM_WRITE_ADDR[2] to constant 0 [/home/ro0zkhosh/RelationalMem/RelationalMem/ZYNQ_ULTRASCARE+/RatMem/RatMem.srcs/sources_1/bd/design_1/ipshared/455a/hdl/writer_v1_0.v:92]
WARNING: [Synth 8-3295] tying undriven pin writer_v1_0_M00_AXI_inst:SPM_WRITE_ADDR[1] to constant 0 [/home/ro0zkhosh/RelationalMem/RelationalMem/ZYNQ_ULTRASCARE+/RatMem/RatMem.srcs/sources_1/bd/design_1/ipshared/455a/hdl/writer_v1_0.v:92]
WARNING: [Synth 8-3295] tying undriven pin writer_v1_0_M00_AXI_inst:SPM_WRITE_ADDR[0] to constant 0 [/home/ro0zkhosh/RelationalMem/RelationalMem/ZYNQ_ULTRASCARE+/RatMem/RatMem.srcs/sources_1/bd/design_1/ipshared/455a/hdl/writer_v1_0.v:92]
WARNING: [Synth 8-3295] tying undriven pin writer_v1_0_M00_AXI_inst:SPM_WRITE_DATA[127] to constant 0 [/home/ro0zkhosh/RelationalMem/RelationalMem/ZYNQ_ULTRASCARE+/RatMem/RatMem.srcs/sources_1/bd/design_1/ipshared/455a/hdl/writer_v1_0.v:92]
WARNING: [Synth 8-3295] tying undriven pin writer_v1_0_M00_AXI_inst:SPM_WRITE_DATA[126] to constant 0 [/home/ro0zkhosh/RelationalMem/RelationalMem/ZYNQ_ULTRASCARE+/RatMem/RatMem.srcs/sources_1/bd/design_1/ipshared/455a/hdl/writer_v1_0.v:92]
WARNING: [Synth 8-3295] tying undriven pin writer_v1_0_M00_AXI_inst:SPM_WRITE_DATA[125] to constant 0 [/home/ro0zkhosh/RelationalMem/RelationalMem/ZYNQ_ULTRASCARE+/RatMem/RatMem.srcs/sources_1/bd/design_1/ipshared/455a/hdl/writer_v1_0.v:92]
WARNING: [Synth 8-3295] tying undriven pin writer_v1_0_M00_AXI_inst:SPM_WRITE_DATA[124] to constant 0 [/home/ro0zkhosh/RelationalMem/RelationalMem/ZYNQ_ULTRASCARE+/RatMem/RatMem.srcs/sources_1/bd/design_1/ipshared/455a/hdl/writer_v1_0.v:92]
WARNING: [Synth 8-3295] tying undriven pin writer_v1_0_M00_AXI_inst:SPM_WRITE_DATA[123] to constant 0 [/home/ro0zkhosh/RelationalMem/RelationalMem/ZYNQ_ULTRASCARE+/RatMem/RatMem.srcs/sources_1/bd/design_1/ipshared/455a/hdl/writer_v1_0.v:92]
WARNING: [Synth 8-3295] tying undriven pin writer_v1_0_M00_AXI_inst:SPM_WRITE_DATA[122] to constant 0 [/home/ro0zkhosh/RelationalMem/RelationalMem/ZYNQ_ULTRASCARE+/RatMem/RatMem.srcs/sources_1/bd/design_1/ipshared/455a/hdl/writer_v1_0.v:92]
WARNING: [Synth 8-3295] tying undriven pin writer_v1_0_M00_AXI_inst:SPM_WRITE_DATA[121] to constant 0 [/home/ro0zkhosh/RelationalMem/RelationalMem/ZYNQ_ULTRASCARE+/RatMem/RatMem.srcs/sources_1/bd/design_1/ipshared/455a/hdl/writer_v1_0.v:92]
WARNING: [Synth 8-3295] tying undriven pin writer_v1_0_M00_AXI_inst:SPM_WRITE_DATA[120] to constant 0 [/home/ro0zkhosh/RelationalMem/RelationalMem/ZYNQ_ULTRASCARE+/RatMem/RatMem.srcs/sources_1/bd/design_1/ipshared/455a/hdl/writer_v1_0.v:92]
WARNING: [Synth 8-3295] tying undriven pin writer_v1_0_M00_AXI_inst:SPM_WRITE_DATA[119] to constant 0 [/home/ro0zkhosh/RelationalMem/RelationalMem/ZYNQ_ULTRASCARE+/RatMem/RatMem.srcs/sources_1/bd/design_1/ipshared/455a/hdl/writer_v1_0.v:92]
WARNING: [Synth 8-3295] tying undriven pin writer_v1_0_M00_AXI_inst:SPM_WRITE_DATA[118] to constant 0 [/home/ro0zkhosh/RelationalMem/RelationalMem/ZYNQ_ULTRASCARE+/RatMem/RatMem.srcs/sources_1/bd/design_1/ipshared/455a/hdl/writer_v1_0.v:92]
WARNING: [Synth 8-3295] tying undriven pin writer_v1_0_M00_AXI_inst:SPM_WRITE_DATA[117] to constant 0 [/home/ro0zkhosh/RelationalMem/RelationalMem/ZYNQ_ULTRASCARE+/RatMem/RatMem.srcs/sources_1/bd/design_1/ipshared/455a/hdl/writer_v1_0.v:92]
WARNING: [Synth 8-3295] tying undriven pin writer_v1_0_M00_AXI_inst:SPM_WRITE_DATA[116] to constant 0 [/home/ro0zkhosh/RelationalMem/RelationalMem/ZYNQ_ULTRASCARE+/RatMem/RatMem.srcs/sources_1/bd/design_1/ipshared/455a/hdl/writer_v1_0.v:92]
WARNING: [Synth 8-3295] tying undriven pin writer_v1_0_M00_AXI_inst:SPM_WRITE_DATA[115] to constant 0 [/home/ro0zkhosh/RelationalMem/RelationalMem/ZYNQ_ULTRASCARE+/RatMem/RatMem.srcs/sources_1/bd/design_1/ipshared/455a/hdl/writer_v1_0.v:92]
WARNING: [Synth 8-3295] tying undriven pin writer_v1_0_M00_AXI_inst:SPM_WRITE_DATA[114] to constant 0 [/home/ro0zkhosh/RelationalMem/RelationalMem/ZYNQ_ULTRASCARE+/RatMem/RatMem.srcs/sources_1/bd/design_1/ipshared/455a/hdl/writer_v1_0.v:92]
WARNING: [Synth 8-3295] tying undriven pin writer_v1_0_M00_AXI_inst:SPM_WRITE_DATA[113] to constant 0 [/home/ro0zkhosh/RelationalMem/RelationalMem/ZYNQ_ULTRASCARE+/RatMem/RatMem.srcs/sources_1/bd/design_1/ipshared/455a/hdl/writer_v1_0.v:92]
WARNING: [Synth 8-3295] tying undriven pin writer_v1_0_M00_AXI_inst:SPM_WRITE_DATA[112] to constant 0 [/home/ro0zkhosh/RelationalMem/RelationalMem/ZYNQ_ULTRASCARE+/RatMem/RatMem.srcs/sources_1/bd/design_1/ipshared/455a/hdl/writer_v1_0.v:92]
WARNING: [Synth 8-3295] tying undriven pin writer_v1_0_M00_AXI_inst:SPM_WRITE_DATA[111] to constant 0 [/home/ro0zkhosh/RelationalMem/RelationalMem/ZYNQ_ULTRASCARE+/RatMem/RatMem.srcs/sources_1/bd/design_1/ipshared/455a/hdl/writer_v1_0.v:92]
WARNING: [Synth 8-3295] tying undriven pin writer_v1_0_M00_AXI_inst:SPM_WRITE_DATA[110] to constant 0 [/home/ro0zkhosh/RelationalMem/RelationalMem/ZYNQ_ULTRASCARE+/RatMem/RatMem.srcs/sources_1/bd/design_1/ipshared/455a/hdl/writer_v1_0.v:92]
WARNING: [Synth 8-3295] tying undriven pin writer_v1_0_M00_AXI_inst:SPM_WRITE_DATA[109] to constant 0 [/home/ro0zkhosh/RelationalMem/RelationalMem/ZYNQ_ULTRASCARE+/RatMem/RatMem.srcs/sources_1/bd/design_1/ipshared/455a/hdl/writer_v1_0.v:92]
WARNING: [Synth 8-3295] tying undriven pin writer_v1_0_M00_AXI_inst:SPM_WRITE_DATA[108] to constant 0 [/home/ro0zkhosh/RelationalMem/RelationalMem/ZYNQ_ULTRASCARE+/RatMem/RatMem.srcs/sources_1/bd/design_1/ipshared/455a/hdl/writer_v1_0.v:92]
WARNING: [Synth 8-3295] tying undriven pin writer_v1_0_M00_AXI_inst:SPM_WRITE_DATA[107] to constant 0 [/home/ro0zkhosh/RelationalMem/RelationalMem/ZYNQ_ULTRASCARE+/RatMem/RatMem.srcs/sources_1/bd/design_1/ipshared/455a/hdl/writer_v1_0.v:92]
WARNING: [Synth 8-3295] tying undriven pin writer_v1_0_M00_AXI_inst:SPM_WRITE_DATA[106] to constant 0 [/home/ro0zkhosh/RelationalMem/RelationalMem/ZYNQ_ULTRASCARE+/RatMem/RatMem.srcs/sources_1/bd/design_1/ipshared/455a/hdl/writer_v1_0.v:92]
WARNING: [Synth 8-3295] tying undriven pin writer_v1_0_M00_AXI_inst:SPM_WRITE_DATA[105] to constant 0 [/home/ro0zkhosh/RelationalMem/RelationalMem/ZYNQ_ULTRASCARE+/RatMem/RatMem.srcs/sources_1/bd/design_1/ipshared/455a/hdl/writer_v1_0.v:92]
WARNING: [Synth 8-3295] tying undriven pin writer_v1_0_M00_AXI_inst:SPM_WRITE_DATA[104] to constant 0 [/home/ro0zkhosh/RelationalMem/RelationalMem/ZYNQ_ULTRASCARE+/RatMem/RatMem.srcs/sources_1/bd/design_1/ipshared/455a/hdl/writer_v1_0.v:92]
WARNING: [Synth 8-3295] tying undriven pin writer_v1_0_M00_AXI_inst:SPM_WRITE_DATA[103] to constant 0 [/home/ro0zkhosh/RelationalMem/RelationalMem/ZYNQ_ULTRASCARE+/RatMem/RatMem.srcs/sources_1/bd/design_1/ipshared/455a/hdl/writer_v1_0.v:92]
WARNING: [Synth 8-3295] tying undriven pin writer_v1_0_M00_AXI_inst:SPM_WRITE_DATA[102] to constant 0 [/home/ro0zkhosh/RelationalMem/RelationalMem/ZYNQ_ULTRASCARE+/RatMem/RatMem.srcs/sources_1/bd/design_1/ipshared/455a/hdl/writer_v1_0.v:92]
WARNING: [Synth 8-3295] tying undriven pin writer_v1_0_M00_AXI_inst:SPM_WRITE_DATA[101] to constant 0 [/home/ro0zkhosh/RelationalMem/RelationalMem/ZYNQ_ULTRASCARE+/RatMem/RatMem.srcs/sources_1/bd/design_1/ipshared/455a/hdl/writer_v1_0.v:92]
WARNING: [Synth 8-3295] tying undriven pin writer_v1_0_M00_AXI_inst:SPM_WRITE_DATA[100] to constant 0 [/home/ro0zkhosh/RelationalMem/RelationalMem/ZYNQ_ULTRASCARE+/RatMem/RatMem.srcs/sources_1/bd/design_1/ipshared/455a/hdl/writer_v1_0.v:92]
WARNING: [Synth 8-3295] tying undriven pin writer_v1_0_M00_AXI_inst:SPM_WRITE_DATA[99] to constant 0 [/home/ro0zkhosh/RelationalMem/RelationalMem/ZYNQ_ULTRASCARE+/RatMem/RatMem.srcs/sources_1/bd/design_1/ipshared/455a/hdl/writer_v1_0.v:92]
WARNING: [Synth 8-3295] tying undriven pin writer_v1_0_M00_AXI_inst:SPM_WRITE_DATA[98] to constant 0 [/home/ro0zkhosh/RelationalMem/RelationalMem/ZYNQ_ULTRASCARE+/RatMem/RatMem.srcs/sources_1/bd/design_1/ipshared/455a/hdl/writer_v1_0.v:92]
WARNING: [Synth 8-3295] tying undriven pin writer_v1_0_M00_AXI_inst:SPM_WRITE_DATA[97] to constant 0 [/home/ro0zkhosh/RelationalMem/RelationalMem/ZYNQ_ULTRASCARE+/RatMem/RatMem.srcs/sources_1/bd/design_1/ipshared/455a/hdl/writer_v1_0.v:92]
WARNING: [Synth 8-3295] tying undriven pin writer_v1_0_M00_AXI_inst:SPM_WRITE_DATA[96] to constant 0 [/home/ro0zkhosh/RelationalMem/RelationalMem/ZYNQ_ULTRASCARE+/RatMem/RatMem.srcs/sources_1/bd/design_1/ipshared/455a/hdl/writer_v1_0.v:92]
WARNING: [Synth 8-3295] tying undriven pin writer_v1_0_M00_AXI_inst:SPM_WRITE_DATA[95] to constant 0 [/home/ro0zkhosh/RelationalMem/RelationalMem/ZYNQ_ULTRASCARE+/RatMem/RatMem.srcs/sources_1/bd/design_1/ipshared/455a/hdl/writer_v1_0.v:92]
WARNING: [Synth 8-3295] tying undriven pin writer_v1_0_M00_AXI_inst:SPM_WRITE_DATA[94] to constant 0 [/home/ro0zkhosh/RelationalMem/RelationalMem/ZYNQ_ULTRASCARE+/RatMem/RatMem.srcs/sources_1/bd/design_1/ipshared/455a/hdl/writer_v1_0.v:92]
WARNING: [Synth 8-3295] tying undriven pin writer_v1_0_M00_AXI_inst:SPM_WRITE_DATA[93] to constant 0 [/home/ro0zkhosh/RelationalMem/RelationalMem/ZYNQ_ULTRASCARE+/RatMem/RatMem.srcs/sources_1/bd/design_1/ipshared/455a/hdl/writer_v1_0.v:92]
WARNING: [Synth 8-3295] tying undriven pin writer_v1_0_M00_AXI_inst:SPM_WRITE_DATA[92] to constant 0 [/home/ro0zkhosh/RelationalMem/RelationalMem/ZYNQ_ULTRASCARE+/RatMem/RatMem.srcs/sources_1/bd/design_1/ipshared/455a/hdl/writer_v1_0.v:92]
WARNING: [Synth 8-3295] tying undriven pin writer_v1_0_M00_AXI_inst:SPM_WRITE_DATA[91] to constant 0 [/home/ro0zkhosh/RelationalMem/RelationalMem/ZYNQ_ULTRASCARE+/RatMem/RatMem.srcs/sources_1/bd/design_1/ipshared/455a/hdl/writer_v1_0.v:92]
WARNING: [Synth 8-3295] tying undriven pin writer_v1_0_M00_AXI_inst:SPM_WRITE_DATA[90] to constant 0 [/home/ro0zkhosh/RelationalMem/RelationalMem/ZYNQ_ULTRASCARE+/RatMem/RatMem.srcs/sources_1/bd/design_1/ipshared/455a/hdl/writer_v1_0.v:92]
WARNING: [Synth 8-3295] tying undriven pin writer_v1_0_M00_AXI_inst:SPM_WRITE_DATA[89] to constant 0 [/home/ro0zkhosh/RelationalMem/RelationalMem/ZYNQ_ULTRASCARE+/RatMem/RatMem.srcs/sources_1/bd/design_1/ipshared/455a/hdl/writer_v1_0.v:92]
WARNING: [Synth 8-3295] tying undriven pin writer_v1_0_M00_AXI_inst:SPM_WRITE_DATA[88] to constant 0 [/home/ro0zkhosh/RelationalMem/RelationalMem/ZYNQ_ULTRASCARE+/RatMem/RatMem.srcs/sources_1/bd/design_1/ipshared/455a/hdl/writer_v1_0.v:92]
WARNING: [Synth 8-3295] tying undriven pin writer_v1_0_M00_AXI_inst:SPM_WRITE_DATA[87] to constant 0 [/home/ro0zkhosh/RelationalMem/RelationalMem/ZYNQ_ULTRASCARE+/RatMem/RatMem.srcs/sources_1/bd/design_1/ipshared/455a/hdl/writer_v1_0.v:92]
WARNING: [Synth 8-3295] tying undriven pin writer_v1_0_M00_AXI_inst:SPM_WRITE_DATA[86] to constant 0 [/home/ro0zkhosh/RelationalMem/RelationalMem/ZYNQ_ULTRASCARE+/RatMem/RatMem.srcs/sources_1/bd/design_1/ipshared/455a/hdl/writer_v1_0.v:92]
WARNING: [Synth 8-3295] tying undriven pin writer_v1_0_M00_AXI_inst:SPM_WRITE_DATA[85] to constant 0 [/home/ro0zkhosh/RelationalMem/RelationalMem/ZYNQ_ULTRASCARE+/RatMem/RatMem.srcs/sources_1/bd/design_1/ipshared/455a/hdl/writer_v1_0.v:92]
WARNING: [Synth 8-3295] tying undriven pin writer_v1_0_M00_AXI_inst:SPM_WRITE_DATA[84] to constant 0 [/home/ro0zkhosh/RelationalMem/RelationalMem/ZYNQ_ULTRASCARE+/RatMem/RatMem.srcs/sources_1/bd/design_1/ipshared/455a/hdl/writer_v1_0.v:92]
WARNING: [Synth 8-3295] tying undriven pin writer_v1_0_M00_AXI_inst:SPM_WRITE_DATA[83] to constant 0 [/home/ro0zkhosh/RelationalMem/RelationalMem/ZYNQ_ULTRASCARE+/RatMem/RatMem.srcs/sources_1/bd/design_1/ipshared/455a/hdl/writer_v1_0.v:92]
WARNING: [Synth 8-3295] tying undriven pin writer_v1_0_M00_AXI_inst:SPM_WRITE_DATA[82] to constant 0 [/home/ro0zkhosh/RelationalMem/RelationalMem/ZYNQ_ULTRASCARE+/RatMem/RatMem.srcs/sources_1/bd/design_1/ipshared/455a/hdl/writer_v1_0.v:92]
WARNING: [Synth 8-3295] tying undriven pin writer_v1_0_M00_AXI_inst:SPM_WRITE_DATA[81] to constant 0 [/home/ro0zkhosh/RelationalMem/RelationalMem/ZYNQ_ULTRASCARE+/RatMem/RatMem.srcs/sources_1/bd/design_1/ipshared/455a/hdl/writer_v1_0.v:92]
WARNING: [Synth 8-3295] tying undriven pin writer_v1_0_M00_AXI_inst:SPM_WRITE_DATA[80] to constant 0 [/home/ro0zkhosh/RelationalMem/RelationalMem/ZYNQ_ULTRASCARE+/RatMem/RatMem.srcs/sources_1/bd/design_1/ipshared/455a/hdl/writer_v1_0.v:92]
WARNING: [Synth 8-3295] tying undriven pin writer_v1_0_M00_AXI_inst:SPM_WRITE_DATA[79] to constant 0 [/home/ro0zkhosh/RelationalMem/RelationalMem/ZYNQ_ULTRASCARE+/RatMem/RatMem.srcs/sources_1/bd/design_1/ipshared/455a/hdl/writer_v1_0.v:92]
WARNING: [Synth 8-3295] tying undriven pin writer_v1_0_M00_AXI_inst:SPM_WRITE_DATA[78] to constant 0 [/home/ro0zkhosh/RelationalMem/RelationalMem/ZYNQ_ULTRASCARE+/RatMem/RatMem.srcs/sources_1/bd/design_1/ipshared/455a/hdl/writer_v1_0.v:92]
WARNING: [Synth 8-3295] tying undriven pin writer_v1_0_M00_AXI_inst:SPM_WRITE_DATA[77] to constant 0 [/home/ro0zkhosh/RelationalMem/RelationalMem/ZYNQ_ULTRASCARE+/RatMem/RatMem.srcs/sources_1/bd/design_1/ipshared/455a/hdl/writer_v1_0.v:92]
WARNING: [Synth 8-3295] tying undriven pin writer_v1_0_M00_AXI_inst:SPM_WRITE_DATA[76] to constant 0 [/home/ro0zkhosh/RelationalMem/RelationalMem/ZYNQ_ULTRASCARE+/RatMem/RatMem.srcs/sources_1/bd/design_1/ipshared/455a/hdl/writer_v1_0.v:92]
WARNING: [Synth 8-3295] tying undriven pin writer_v1_0_M00_AXI_inst:SPM_WRITE_DATA[75] to constant 0 [/home/ro0zkhosh/RelationalMem/RelationalMem/ZYNQ_ULTRASCARE+/RatMem/RatMem.srcs/sources_1/bd/design_1/ipshared/455a/hdl/writer_v1_0.v:92]
WARNING: [Synth 8-3295] tying undriven pin writer_v1_0_M00_AXI_inst:SPM_WRITE_DATA[74] to constant 0 [/home/ro0zkhosh/RelationalMem/RelationalMem/ZYNQ_ULTRASCARE+/RatMem/RatMem.srcs/sources_1/bd/design_1/ipshared/455a/hdl/writer_v1_0.v:92]
WARNING: [Synth 8-3295] tying undriven pin writer_v1_0_M00_AXI_inst:SPM_WRITE_DATA[73] to constant 0 [/home/ro0zkhosh/RelationalMem/RelationalMem/ZYNQ_ULTRASCARE+/RatMem/RatMem.srcs/sources_1/bd/design_1/ipshared/455a/hdl/writer_v1_0.v:92]
WARNING: [Synth 8-3295] tying undriven pin writer_v1_0_M00_AXI_inst:SPM_WRITE_DATA[72] to constant 0 [/home/ro0zkhosh/RelationalMem/RelationalMem/ZYNQ_ULTRASCARE+/RatMem/RatMem.srcs/sources_1/bd/design_1/ipshared/455a/hdl/writer_v1_0.v:92]
WARNING: [Synth 8-3295] tying undriven pin writer_v1_0_M00_AXI_inst:SPM_WRITE_DATA[71] to constant 0 [/home/ro0zkhosh/RelationalMem/RelationalMem/ZYNQ_ULTRASCARE+/RatMem/RatMem.srcs/sources_1/bd/design_1/ipshared/455a/hdl/writer_v1_0.v:92]
WARNING: [Synth 8-3295] tying undriven pin writer_v1_0_M00_AXI_inst:SPM_WRITE_DATA[70] to constant 0 [/home/ro0zkhosh/RelationalMem/RelationalMem/ZYNQ_ULTRASCARE+/RatMem/RatMem.srcs/sources_1/bd/design_1/ipshared/455a/hdl/writer_v1_0.v:92]
WARNING: [Synth 8-3295] tying undriven pin writer_v1_0_M00_AXI_inst:SPM_WRITE_DATA[69] to constant 0 [/home/ro0zkhosh/RelationalMem/RelationalMem/ZYNQ_ULTRASCARE+/RatMem/RatMem.srcs/sources_1/bd/design_1/ipshared/455a/hdl/writer_v1_0.v:92]
WARNING: [Synth 8-3295] tying undriven pin writer_v1_0_M00_AXI_inst:SPM_WRITE_DATA[68] to constant 0 [/home/ro0zkhosh/RelationalMem/RelationalMem/ZYNQ_ULTRASCARE+/RatMem/RatMem.srcs/sources_1/bd/design_1/ipshared/455a/hdl/writer_v1_0.v:92]
WARNING: [Synth 8-3295] tying undriven pin writer_v1_0_M00_AXI_inst:SPM_WRITE_DATA[67] to constant 0 [/home/ro0zkhosh/RelationalMem/RelationalMem/ZYNQ_ULTRASCARE+/RatMem/RatMem.srcs/sources_1/bd/design_1/ipshared/455a/hdl/writer_v1_0.v:92]
WARNING: [Synth 8-3295] tying undriven pin writer_v1_0_M00_AXI_inst:SPM_WRITE_DATA[66] to constant 0 [/home/ro0zkhosh/RelationalMem/RelationalMem/ZYNQ_ULTRASCARE+/RatMem/RatMem.srcs/sources_1/bd/design_1/ipshared/455a/hdl/writer_v1_0.v:92]
WARNING: [Synth 8-3295] tying undriven pin writer_v1_0_M00_AXI_inst:SPM_WRITE_DATA[65] to constant 0 [/home/ro0zkhosh/RelationalMem/RelationalMem/ZYNQ_ULTRASCARE+/RatMem/RatMem.srcs/sources_1/bd/design_1/ipshared/455a/hdl/writer_v1_0.v:92]
WARNING: [Synth 8-3295] tying undriven pin writer_v1_0_M00_AXI_inst:SPM_WRITE_DATA[64] to constant 0 [/home/ro0zkhosh/RelationalMem/RelationalMem/ZYNQ_ULTRASCARE+/RatMem/RatMem.srcs/sources_1/bd/design_1/ipshared/455a/hdl/writer_v1_0.v:92]
WARNING: [Synth 8-3295] tying undriven pin writer_v1_0_M00_AXI_inst:SPM_WRITE_DATA[63] to constant 0 [/home/ro0zkhosh/RelationalMem/RelationalMem/ZYNQ_ULTRASCARE+/RatMem/RatMem.srcs/sources_1/bd/design_1/ipshared/455a/hdl/writer_v1_0.v:92]
WARNING: [Synth 8-3295] tying undriven pin writer_v1_0_M00_AXI_inst:SPM_WRITE_DATA[62] to constant 0 [/home/ro0zkhosh/RelationalMem/RelationalMem/ZYNQ_ULTRASCARE+/RatMem/RatMem.srcs/sources_1/bd/design_1/ipshared/455a/hdl/writer_v1_0.v:92]
WARNING: [Synth 8-3295] tying undriven pin writer_v1_0_M00_AXI_inst:SPM_WRITE_DATA[61] to constant 0 [/home/ro0zkhosh/RelationalMem/RelationalMem/ZYNQ_ULTRASCARE+/RatMem/RatMem.srcs/sources_1/bd/design_1/ipshared/455a/hdl/writer_v1_0.v:92]
WARNING: [Synth 8-3295] tying undriven pin writer_v1_0_M00_AXI_inst:SPM_WRITE_DATA[60] to constant 0 [/home/ro0zkhosh/RelationalMem/RelationalMem/ZYNQ_ULTRASCARE+/RatMem/RatMem.srcs/sources_1/bd/design_1/ipshared/455a/hdl/writer_v1_0.v:92]
INFO: [Common 17-14] Message 'Synth 8-3295' appears 100 times and further instances of the messages will be disabled. Use the Tcl command set_msg_config to change the current settings.
---------------------------------------------------------------------------------
Finished RTL Optimization Phase 1 : Time (s): cpu = 00:00:07 ; elapsed = 00:00:08 . Memory (MB): peak = 1545.301 ; gain = 0.000 ; free physical = 1564 ; free virtual = 80479
---------------------------------------------------------------------------------
INFO: [Device 21-403] Loading part xczu9eg-ffvb1156-2-e
INFO: [Project 1-570] Preparing netlist for logic optimization

Processing XDC Constraints
Initializing timing engine
Completed Processing XDC Constraints

INFO: [Project 1-111] Unisim Transformation Summary:
No Unisim elements were transformed.

Constraint Validation Runtime : Time (s): cpu = 00:00:00.01 ; elapsed = 00:00:00.02 . Memory (MB): peak = 2169.574 ; gain = 0.000 ; free physical = 395 ; free virtual = 78060
---------------------------------------------------------------------------------
Finished Constraint Validation : Time (s): cpu = 00:00:27 ; elapsed = 00:00:37 . Memory (MB): peak = 2169.574 ; gain = 624.273 ; free physical = 516 ; free virtual = 76941
---------------------------------------------------------------------------------
---------------------------------------------------------------------------------
Start Loading Part and Timing Information
---------------------------------------------------------------------------------
Loading part: xczu9eg-ffvb1156-2-e
---------------------------------------------------------------------------------
Finished Loading Part and Timing Information : Time (s): cpu = 00:00:27 ; elapsed = 00:00:37 . Memory (MB): peak = 2169.574 ; gain = 624.273 ; free physical = 516 ; free virtual = 76941
---------------------------------------------------------------------------------
---------------------------------------------------------------------------------
Start Applying 'set_property' XDC Constraints
---------------------------------------------------------------------------------
---------------------------------------------------------------------------------
Finished applying 'set_property' XDC Constraints : Time (s): cpu = 00:00:27 ; elapsed = 00:00:37 . Memory (MB): peak = 2169.574 ; gain = 624.273 ; free physical = 518 ; free virtual = 76943
---------------------------------------------------------------------------------
INFO: [Synth 8-4471] merging register 'ERROR_reg' into 'compare_done_reg' [/home/ro0zkhosh/RelationalMem/RelationalMem/ZYNQ_ULTRASCARE+/RatMem/RatMem.srcs/sources_1/bd/design_1/ipshared/455a/hdl/writer_v1_0_M00_AXI.v:750]
WARNING: [Synth 8-6014] Unused sequential element ERROR_reg was removed.  [/home/ro0zkhosh/RelationalMem/RelationalMem/ZYNQ_ULTRASCARE+/RatMem/RatMem.srcs/sources_1/bd/design_1/ipshared/455a/hdl/writer_v1_0_M00_AXI.v:750]
WARNING: [Synth 8-6014] Unused sequential element write_index_reg was removed.  [/home/ro0zkhosh/RelationalMem/RelationalMem/ZYNQ_ULTRASCARE+/RatMem/RatMem.srcs/sources_1/bd/design_1/ipshared/455a/hdl/writer_v1_0_M00_AXI.v:443]
WARNING: [Synth 8-6014] Unused sequential element write_burst_counter_reg was removed.  [/home/ro0zkhosh/RelationalMem/RelationalMem/ZYNQ_ULTRASCARE+/RatMem/RatMem.srcs/sources_1/bd/design_1/ipshared/455a/hdl/writer_v1_0_M00_AXI.v:703]
---------------------------------------------------------------------------------
Finished RTL Optimization Phase 2 : Time (s): cpu = 00:00:27 ; elapsed = 00:00:37 . Memory (MB): peak = 2169.574 ; gain = 624.273 ; free physical = 499 ; free virtual = 76924
---------------------------------------------------------------------------------

Report RTL Partitions: 
+-+--------------+------------+----------+
| |RTL Partition |Replication |Instances |
+-+--------------+------------+----------+
+-+--------------+------------+----------+
---------------------------------------------------------------------------------
Start RTL Component Statistics 
---------------------------------------------------------------------------------
Detailed RTL Component Info : 
+---Adders : 
	   2 Input     32 Bit       Adders := 2     
	   2 Input      5 Bit       Adders := 2     
+---Registers : 
	              128 Bit    Registers := 1     
	               32 Bit    Registers := 2     
	                5 Bit    Registers := 2     
	                2 Bit    Registers := 1     
	                1 Bit    Registers := 13    
+---Muxes : 
	   2 Input      2 Bit        Muxes := 2     
	   2 Input      1 Bit        Muxes := 12    
---------------------------------------------------------------------------------
Finished RTL Component Statistics 
---------------------------------------------------------------------------------
---------------------------------------------------------------------------------
Start RTL Hierarchical Component Statistics 
---------------------------------------------------------------------------------
Hierarchical RTL Component report 
Module writer_v1_0_M00_AXI 
Detailed RTL Component Info : 
+---Adders : 
	   2 Input     32 Bit       Adders := 2     
	   2 Input      5 Bit       Adders := 2     
+---Registers : 
	              128 Bit    Registers := 1     
	               32 Bit    Registers := 2     
	                5 Bit    Registers := 2     
	                2 Bit    Registers := 1     
	                1 Bit    Registers := 13    
+---Muxes : 
	   2 Input      2 Bit        Muxes := 2     
	   2 Input      1 Bit        Muxes := 12    
---------------------------------------------------------------------------------
Finished RTL Hierarchical Component Statistics
---------------------------------------------------------------------------------
---------------------------------------------------------------------------------
Start Part Resource Summary
---------------------------------------------------------------------------------
Part Resources:
DSPs: 2520 (col length:168)
BRAMs: 1824 (col length: RAMB18 168 RAMB36 84)
---------------------------------------------------------------------------------
Finished Part Resource Summary
---------------------------------------------------------------------------------
---------------------------------------------------------------------------------
Start Cross Boundary and Area Optimization
---------------------------------------------------------------------------------
WARNING: [Synth 8-6014] Unused sequential element inst/writer_v1_0_M00_AXI_inst/write_burst_counter_reg was removed.  [/home/ro0zkhosh/RelationalMem/RelationalMem/ZYNQ_ULTRASCARE+/RatMem/RatMem.srcs/sources_1/bd/design_1/ipshared/455a/hdl/writer_v1_0_M00_AXI.v:703]
WARNING: [Synth 8-6014] Unused sequential element inst/writer_v1_0_M00_AXI_inst/write_index_reg was removed.  [/home/ro0zkhosh/RelationalMem/RelationalMem/ZYNQ_ULTRASCARE+/RatMem/RatMem.srcs/sources_1/bd/design_1/ipshared/455a/hdl/writer_v1_0_M00_AXI.v:443]
INFO: [Synth 8-3917] design design_1_writer_0_0 has port m00_axi_awid[0] driven by constant 0
INFO: [Synth 8-3917] design design_1_writer_0_0 has port m00_axi_awlen[7] driven by constant 0
INFO: [Synth 8-3917] design design_1_writer_0_0 has port m00_axi_awlen[6] driven by constant 0
INFO: [Synth 8-3917] design design_1_writer_0_0 has port m00_axi_awlen[5] driven by constant 0
INFO: [Synth 8-3917] design design_1_writer_0_0 has port m00_axi_awlen[4] driven by constant 0
INFO: [Synth 8-3917] design design_1_writer_0_0 has port m00_axi_awlen[3] driven by constant 1
INFO: [Synth 8-3917] design design_1_writer_0_0 has port m00_axi_awlen[2] driven by constant 1
INFO: [Synth 8-3917] design design_1_writer_0_0 has port m00_axi_awlen[1] driven by constant 1
INFO: [Synth 8-3917] design design_1_writer_0_0 has port m00_axi_awlen[0] driven by constant 1
INFO: [Synth 8-3917] design design_1_writer_0_0 has port m00_axi_awsize[2] driven by constant 1
INFO: [Synth 8-3917] design design_1_writer_0_0 has port m00_axi_awsize[1] driven by constant 0
INFO: [Synth 8-3917] design design_1_writer_0_0 has port m00_axi_awsize[0] driven by constant 0
INFO: [Synth 8-3917] design design_1_writer_0_0 has port m00_axi_awburst[1] driven by constant 0
INFO: [Synth 8-3917] design design_1_writer_0_0 has port m00_axi_awburst[0] driven by constant 1
INFO: [Synth 8-3917] design design_1_writer_0_0 has port m00_axi_awlock driven by constant 0
INFO: [Synth 8-3917] design design_1_writer_0_0 has port m00_axi_awcache[3] driven by constant 0
INFO: [Synth 8-3917] design design_1_writer_0_0 has port m00_axi_awcache[2] driven by constant 0
INFO: [Synth 8-3917] design design_1_writer_0_0 has port m00_axi_awcache[1] driven by constant 1
INFO: [Synth 8-3917] design design_1_writer_0_0 has port m00_axi_awcache[0] driven by constant 0
INFO: [Synth 8-3917] design design_1_writer_0_0 has port m00_axi_awprot[2] driven by constant 0
INFO: [Synth 8-3917] design design_1_writer_0_0 has port m00_axi_awprot[1] driven by constant 0
INFO: [Synth 8-3917] design design_1_writer_0_0 has port m00_axi_awprot[0] driven by constant 0
INFO: [Synth 8-3917] design design_1_writer_0_0 has port m00_axi_awqos[3] driven by constant 0
INFO: [Synth 8-3917] design design_1_writer_0_0 has port m00_axi_awqos[2] driven by constant 0
INFO: [Synth 8-3917] design design_1_writer_0_0 has port m00_axi_awqos[1] driven by constant 0
INFO: [Synth 8-3917] design design_1_writer_0_0 has port m00_axi_awqos[0] driven by constant 0
INFO: [Synth 8-3917] design design_1_writer_0_0 has port m00_axi_awuser[0] driven by constant 1
INFO: [Synth 8-3917] design design_1_writer_0_0 has port m00_axi_wstrb[15] driven by constant 1
INFO: [Synth 8-3917] design design_1_writer_0_0 has port m00_axi_wstrb[14] driven by constant 1
INFO: [Synth 8-3917] design design_1_writer_0_0 has port m00_axi_wstrb[13] driven by constant 1
INFO: [Synth 8-3917] design design_1_writer_0_0 has port m00_axi_wstrb[12] driven by constant 1
INFO: [Synth 8-3917] design design_1_writer_0_0 has port m00_axi_wstrb[11] driven by constant 1
INFO: [Synth 8-3917] design design_1_writer_0_0 has port m00_axi_wstrb[10] driven by constant 1
INFO: [Synth 8-3917] design design_1_writer_0_0 has port m00_axi_wstrb[9] driven by constant 1
INFO: [Synth 8-3917] design design_1_writer_0_0 has port m00_axi_wstrb[8] driven by constant 1
INFO: [Synth 8-3917] design design_1_writer_0_0 has port m00_axi_wstrb[7] driven by constant 1
INFO: [Synth 8-3917] design design_1_writer_0_0 has port m00_axi_wstrb[6] driven by constant 1
INFO: [Synth 8-3917] design design_1_writer_0_0 has port m00_axi_wstrb[5] driven by constant 1
INFO: [Synth 8-3917] design design_1_writer_0_0 has port m00_axi_wstrb[4] driven by constant 1
INFO: [Synth 8-3917] design design_1_writer_0_0 has port m00_axi_wstrb[3] driven by constant 1
INFO: [Synth 8-3917] design design_1_writer_0_0 has port m00_axi_wstrb[2] driven by constant 1
INFO: [Synth 8-3917] design design_1_writer_0_0 has port m00_axi_wstrb[1] driven by constant 1
INFO: [Synth 8-3917] design design_1_writer_0_0 has port m00_axi_wstrb[0] driven by constant 1
INFO: [Synth 8-3917] design design_1_writer_0_0 has port m00_axi_wuser[0] driven by constant 0
INFO: [Synth 8-3917] design design_1_writer_0_0 has port m00_axi_arid[0] driven by constant 0
INFO: [Synth 8-3917] design design_1_writer_0_0 has port m00_axi_arlen[7] driven by constant 0
INFO: [Synth 8-3917] design design_1_writer_0_0 has port m00_axi_arlen[6] driven by constant 0
INFO: [Synth 8-3917] design design_1_writer_0_0 has port m00_axi_arlen[5] driven by constant 0
INFO: [Synth 8-3917] design design_1_writer_0_0 has port m00_axi_arlen[4] driven by constant 0
INFO: [Synth 8-3917] design design_1_writer_0_0 has port m00_axi_arlen[3] driven by constant 1
INFO: [Synth 8-3917] design design_1_writer_0_0 has port m00_axi_arlen[2] driven by constant 1
INFO: [Synth 8-3917] design design_1_writer_0_0 has port m00_axi_arlen[1] driven by constant 1
INFO: [Synth 8-3917] design design_1_writer_0_0 has port m00_axi_arlen[0] driven by constant 1
INFO: [Synth 8-3917] design design_1_writer_0_0 has port m00_axi_arsize[2] driven by constant 1
INFO: [Synth 8-3917] design design_1_writer_0_0 has port m00_axi_arsize[1] driven by constant 0
INFO: [Synth 8-3917] design design_1_writer_0_0 has port m00_axi_arsize[0] driven by constant 0
INFO: [Synth 8-3917] design design_1_writer_0_0 has port m00_axi_arburst[1] driven by constant 0
INFO: [Synth 8-3917] design design_1_writer_0_0 has port m00_axi_arburst[0] driven by constant 1
INFO: [Synth 8-3917] design design_1_writer_0_0 has port m00_axi_arlock driven by constant 0
INFO: [Synth 8-3917] design design_1_writer_0_0 has port m00_axi_arcache[3] driven by constant 0
INFO: [Synth 8-3917] design design_1_writer_0_0 has port m00_axi_arcache[2] driven by constant 0
INFO: [Synth 8-3917] design design_1_writer_0_0 has port m00_axi_arcache[1] driven by constant 1
INFO: [Synth 8-3917] design design_1_writer_0_0 has port m00_axi_arcache[0] driven by constant 0
INFO: [Synth 8-3917] design design_1_writer_0_0 has port m00_axi_arprot[2] driven by constant 0
INFO: [Synth 8-3917] design design_1_writer_0_0 has port m00_axi_arprot[1] driven by constant 0
INFO: [Synth 8-3917] design design_1_writer_0_0 has port m00_axi_arprot[0] driven by constant 0
INFO: [Synth 8-3917] design design_1_writer_0_0 has port m00_axi_arqos[3] driven by constant 0
INFO: [Synth 8-3917] design design_1_writer_0_0 has port m00_axi_arqos[2] driven by constant 0
INFO: [Synth 8-3917] design design_1_writer_0_0 has port m00_axi_arqos[1] driven by constant 0
INFO: [Synth 8-3917] design design_1_writer_0_0 has port m00_axi_arqos[0] driven by constant 0
INFO: [Synth 8-3917] design design_1_writer_0_0 has port m00_axi_aruser[0] driven by constant 1
INFO: [Synth 8-3333] propagating constant 0 across sequential element (\inst/writer_v1_0_M00_AXI_inst/mst_exec_state_reg[1] )
INFO: [Synth 8-3333] propagating constant 0 across sequential element (\inst/writer_v1_0_M00_AXI_inst/start_single_burst_read_reg )
INFO: [Synth 8-3886] merging instance 'inst/writer_v1_0_M00_AXI_inst/axi_araddr_reg[29]' (FDRE) to 'inst/writer_v1_0_M00_AXI_inst/axi_araddr_reg[0]'
INFO: [Synth 8-3333] propagating constant 0 across sequential element (\inst/writer_v1_0_M00_AXI_inst/compare_done_reg )
INFO: [Synth 8-3886] merging instance 'inst/writer_v1_0_M00_AXI_inst/axi_araddr_reg[0]' (FDRE) to 'inst/writer_v1_0_M00_AXI_inst/axi_araddr_reg[1]'
INFO: [Synth 8-3886] merging instance 'inst/writer_v1_0_M00_AXI_inst/axi_araddr_reg[1]' (FDRE) to 'inst/writer_v1_0_M00_AXI_inst/axi_araddr_reg[2]'
INFO: [Synth 8-3886] merging instance 'inst/writer_v1_0_M00_AXI_inst/axi_araddr_reg[2]' (FDRE) to 'inst/writer_v1_0_M00_AXI_inst/axi_araddr_reg[3]'
INFO: [Synth 8-3886] merging instance 'inst/writer_v1_0_M00_AXI_inst/axi_araddr_reg[3]' (FDRE) to 'inst/writer_v1_0_M00_AXI_inst/axi_araddr_reg[4]'
INFO: [Synth 8-3886] merging instance 'inst/writer_v1_0_M00_AXI_inst/axi_araddr_reg[4]' (FDRE) to 'inst/writer_v1_0_M00_AXI_inst/axi_araddr_reg[5]'
INFO: [Synth 8-3886] merging instance 'inst/writer_v1_0_M00_AXI_inst/axi_araddr_reg[5]' (FDRE) to 'inst/writer_v1_0_M00_AXI_inst/axi_araddr_reg[6]'
INFO: [Synth 8-3886] merging instance 'inst/writer_v1_0_M00_AXI_inst/axi_araddr_reg[6]' (FDRE) to 'inst/writer_v1_0_M00_AXI_inst/axi_araddr_reg[7]'
INFO: [Synth 8-3886] merging instance 'inst/writer_v1_0_M00_AXI_inst/axi_araddr_reg[7]' (FDRE) to 'inst/writer_v1_0_M00_AXI_inst/axi_araddr_reg[8]'
INFO: [Synth 8-3886] merging instance 'inst/writer_v1_0_M00_AXI_inst/axi_araddr_reg[8]' (FDRE) to 'inst/writer_v1_0_M00_AXI_inst/axi_araddr_reg[9]'
INFO: [Synth 8-3886] merging instance 'inst/writer_v1_0_M00_AXI_inst/axi_araddr_reg[9]' (FDRE) to 'inst/writer_v1_0_M00_AXI_inst/axi_araddr_reg[10]'
INFO: [Synth 8-3886] merging instance 'inst/writer_v1_0_M00_AXI_inst/axi_araddr_reg[10]' (FDRE) to 'inst/writer_v1_0_M00_AXI_inst/axi_araddr_reg[11]'
INFO: [Synth 8-3886] merging instance 'inst/writer_v1_0_M00_AXI_inst/axi_araddr_reg[11]' (FDRE) to 'inst/writer_v1_0_M00_AXI_inst/axi_araddr_reg[12]'
INFO: [Synth 8-3886] merging instance 'inst/writer_v1_0_M00_AXI_inst/axi_araddr_reg[12]' (FDRE) to 'inst/writer_v1_0_M00_AXI_inst/axi_araddr_reg[13]'
INFO: [Synth 8-3886] merging instance 'inst/writer_v1_0_M00_AXI_inst/axi_araddr_reg[13]' (FDRE) to 'inst/writer_v1_0_M00_AXI_inst/axi_araddr_reg[14]'
INFO: [Synth 8-3886] merging instance 'inst/writer_v1_0_M00_AXI_inst/axi_araddr_reg[14]' (FDRE) to 'inst/writer_v1_0_M00_AXI_inst/axi_araddr_reg[15]'
INFO: [Synth 8-3886] merging instance 'inst/writer_v1_0_M00_AXI_inst/axi_araddr_reg[15]' (FDRE) to 'inst/writer_v1_0_M00_AXI_inst/axi_araddr_reg[16]'
INFO: [Synth 8-3886] merging instance 'inst/writer_v1_0_M00_AXI_inst/axi_araddr_reg[16]' (FDRE) to 'inst/writer_v1_0_M00_AXI_inst/axi_araddr_reg[17]'
INFO: [Synth 8-3886] merging instance 'inst/writer_v1_0_M00_AXI_inst/axi_araddr_reg[17]' (FDRE) to 'inst/writer_v1_0_M00_AXI_inst/axi_araddr_reg[18]'
INFO: [Synth 8-3886] merging instance 'inst/writer_v1_0_M00_AXI_inst/axi_araddr_reg[18]' (FDRE) to 'inst/writer_v1_0_M00_AXI_inst/axi_araddr_reg[19]'
INFO: [Synth 8-3886] merging instance 'inst/writer_v1_0_M00_AXI_inst/axi_araddr_reg[19]' (FDRE) to 'inst/writer_v1_0_M00_AXI_inst/axi_araddr_reg[20]'
INFO: [Synth 8-3886] merging instance 'inst/writer_v1_0_M00_AXI_inst/axi_araddr_reg[20]' (FDRE) to 'inst/writer_v1_0_M00_AXI_inst/axi_araddr_reg[21]'
INFO: [Synth 8-3886] merging instance 'inst/writer_v1_0_M00_AXI_inst/axi_araddr_reg[21]' (FDRE) to 'inst/writer_v1_0_M00_AXI_inst/axi_araddr_reg[22]'
INFO: [Synth 8-3886] merging instance 'inst/writer_v1_0_M00_AXI_inst/axi_araddr_reg[22]' (FDRE) to 'inst/writer_v1_0_M00_AXI_inst/axi_araddr_reg[23]'
INFO: [Synth 8-3886] merging instance 'inst/writer_v1_0_M00_AXI_inst/axi_araddr_reg[23]' (FDRE) to 'inst/writer_v1_0_M00_AXI_inst/axi_araddr_reg[24]'
INFO: [Synth 8-3886] merging instance 'inst/writer_v1_0_M00_AXI_inst/axi_araddr_reg[24]' (FDRE) to 'inst/writer_v1_0_M00_AXI_inst/axi_araddr_reg[25]'
INFO: [Synth 8-3886] merging instance 'inst/writer_v1_0_M00_AXI_inst/axi_araddr_reg[25]' (FDRE) to 'inst/writer_v1_0_M00_AXI_inst/axi_araddr_reg[26]'
INFO: [Synth 8-3886] merging instance 'inst/writer_v1_0_M00_AXI_inst/axi_araddr_reg[26]' (FDRE) to 'inst/writer_v1_0_M00_AXI_inst/axi_araddr_reg[27]'
INFO: [Synth 8-3886] merging instance 'inst/writer_v1_0_M00_AXI_inst/axi_araddr_reg[27]' (FDRE) to 'inst/writer_v1_0_M00_AXI_inst/axi_araddr_reg[28]'
INFO: [Synth 8-3886] merging instance 'inst/writer_v1_0_M00_AXI_inst/axi_araddr_reg[28]' (FDRE) to 'inst/writer_v1_0_M00_AXI_inst/axi_araddr_reg[30]'
INFO: [Synth 8-3886] merging instance 'inst/writer_v1_0_M00_AXI_inst/axi_araddr_reg[30]' (FDRE) to 'inst/writer_v1_0_M00_AXI_inst/axi_araddr_reg[31]'
INFO: [Synth 8-3333] propagating constant 0 across sequential element (\inst/writer_v1_0_M00_AXI_inst/axi_araddr_reg[31] )
INFO: [Synth 8-3332] Sequential element (inst/writer_v1_0_M00_AXI_inst/mst_exec_state_reg[1]) is unused and will be removed from module design_1_writer_0_0.
INFO: [Synth 8-3332] Sequential element (inst/writer_v1_0_M00_AXI_inst/compare_done_reg) is unused and will be removed from module design_1_writer_0_0.
INFO: [Synth 8-3332] Sequential element (inst/writer_v1_0_M00_AXI_inst/axi_araddr_reg[31]) is unused and will be removed from module design_1_writer_0_0.
INFO: [Synth 8-3332] Sequential element (inst/writer_v1_0_M00_AXI_inst/start_single_burst_read_reg) is unused and will be removed from module design_1_writer_0_0.
INFO: [Synth 8-3332] Sequential element (inst/writer_v1_0_M00_AXI_inst/axi_arvalid_reg) is unused and will be removed from module design_1_writer_0_0.
---------------------------------------------------------------------------------
Finished Cross Boundary and Area Optimization : Time (s): cpu = 00:00:28 ; elapsed = 00:00:37 . Memory (MB): peak = 2169.574 ; gain = 624.273 ; free physical = 458 ; free virtual = 76893
---------------------------------------------------------------------------------

Report RTL Partitions: 
+-+--------------+------------+----------+
| |RTL Partition |Replication |Instances |
+-+--------------+------------+----------+
+-+--------------+------------+----------+
---------------------------------------------------------------------------------
Start Applying XDC Timing Constraints
---------------------------------------------------------------------------------
---------------------------------------------------------------------------------
Finished Applying XDC Timing Constraints : Time (s): cpu = 00:00:45 ; elapsed = 00:01:14 . Memory (MB): peak = 2787.551 ; gain = 1242.250 ; free physical = 470 ; free virtual = 72953
---------------------------------------------------------------------------------
---------------------------------------------------------------------------------
Start Timing Optimization
---------------------------------------------------------------------------------
---------------------------------------------------------------------------------
Finished Timing Optimization : Time (s): cpu = 00:00:45 ; elapsed = 00:01:14 . Memory (MB): peak = 2787.551 ; gain = 1242.250 ; free physical = 469 ; free virtual = 72952
---------------------------------------------------------------------------------

Report RTL Partitions: 
+-+--------------+------------+----------+
| |RTL Partition |Replication |Instances |
+-+--------------+------------+----------+
+-+--------------+------------+----------+
---------------------------------------------------------------------------------
Start Technology Mapping
---------------------------------------------------------------------------------
INFO: [Synth 8-3332] Sequential element (inst/writer_v1_0_M00_AXI_inst/axi_awaddr_reg[31]) is unused and will be removed from module design_1_writer_0_0.
INFO: [Synth 8-3332] Sequential element (inst/writer_v1_0_M00_AXI_inst/axi_awaddr_reg[30]) is unused and will be removed from module design_1_writer_0_0.
INFO: [Synth 8-3332] Sequential element (inst/writer_v1_0_M00_AXI_inst/axi_awaddr_reg[29]) is unused and will be removed from module design_1_writer_0_0.
INFO: [Synth 8-3332] Sequential element (inst/writer_v1_0_M00_AXI_inst/axi_awaddr_reg[28]) is unused and will be removed from module design_1_writer_0_0.
INFO: [Synth 8-3332] Sequential element (inst/writer_v1_0_M00_AXI_inst/axi_awaddr_reg[27]) is unused and will be removed from module design_1_writer_0_0.
INFO: [Synth 8-3332] Sequential element (inst/writer_v1_0_M00_AXI_inst/axi_awaddr_reg[26]) is unused and will be removed from module design_1_writer_0_0.
INFO: [Synth 8-3332] Sequential element (inst/writer_v1_0_M00_AXI_inst/axi_awaddr_reg[25]) is unused and will be removed from module design_1_writer_0_0.
INFO: [Synth 8-3332] Sequential element (inst/writer_v1_0_M00_AXI_inst/axi_awaddr_reg[24]) is unused and will be removed from module design_1_writer_0_0.
INFO: [Synth 8-3332] Sequential element (inst/writer_v1_0_M00_AXI_inst/axi_awaddr_reg[23]) is unused and will be removed from module design_1_writer_0_0.
INFO: [Synth 8-3332] Sequential element (inst/writer_v1_0_M00_AXI_inst/axi_awaddr_reg[22]) is unused and will be removed from module design_1_writer_0_0.
INFO: [Synth 8-3332] Sequential element (inst/writer_v1_0_M00_AXI_inst/axi_awaddr_reg[21]) is unused and will be removed from module design_1_writer_0_0.
INFO: [Synth 8-3332] Sequential element (inst/writer_v1_0_M00_AXI_inst/axi_awaddr_reg[20]) is unused and will be removed from module design_1_writer_0_0.
INFO: [Synth 8-3332] Sequential element (inst/writer_v1_0_M00_AXI_inst/axi_awaddr_reg[19]) is unused and will be removed from module design_1_writer_0_0.
INFO: [Synth 8-3332] Sequential element (inst/writer_v1_0_M00_AXI_inst/axi_awaddr_reg[18]) is unused and will be removed from module design_1_writer_0_0.
INFO: [Synth 8-3332] Sequential element (inst/writer_v1_0_M00_AXI_inst/axi_awaddr_reg[17]) is unused and will be removed from module design_1_writer_0_0.
INFO: [Synth 8-3332] Sequential element (inst/writer_v1_0_M00_AXI_inst/axi_awaddr_reg[16]) is unused and will be removed from module design_1_writer_0_0.
INFO: [Synth 8-3332] Sequential element (inst/writer_v1_0_M00_AXI_inst/axi_awaddr_reg[15]) is unused and will be removed from module design_1_writer_0_0.
INFO: [Synth 8-3332] Sequential element (inst/writer_v1_0_M00_AXI_inst/axi_awaddr_reg[14]) is unused and will be removed from module design_1_writer_0_0.
INFO: [Synth 8-3332] Sequential element (inst/writer_v1_0_M00_AXI_inst/axi_awaddr_reg[13]) is unused and will be removed from module design_1_writer_0_0.
INFO: [Synth 8-3332] Sequential element (inst/writer_v1_0_M00_AXI_inst/axi_awaddr_reg[12]) is unused and will be removed from module design_1_writer_0_0.
INFO: [Synth 8-3332] Sequential element (inst/writer_v1_0_M00_AXI_inst/axi_awaddr_reg[11]) is unused and will be removed from module design_1_writer_0_0.
INFO: [Synth 8-3332] Sequential element (inst/writer_v1_0_M00_AXI_inst/axi_awaddr_reg[10]) is unused and will be removed from module design_1_writer_0_0.
INFO: [Synth 8-3332] Sequential element (inst/writer_v1_0_M00_AXI_inst/axi_awaddr_reg[9]) is unused and will be removed from module design_1_writer_0_0.
INFO: [Synth 8-3332] Sequential element (inst/writer_v1_0_M00_AXI_inst/axi_awaddr_reg[8]) is unused and will be removed from module design_1_writer_0_0.
INFO: [Synth 8-3332] Sequential element (inst/writer_v1_0_M00_AXI_inst/axi_awaddr_reg[7]) is unused and will be removed from module design_1_writer_0_0.
INFO: [Synth 8-3332] Sequential element (inst/writer_v1_0_M00_AXI_inst/axi_awaddr_reg[6]) is unused and will be removed from module design_1_writer_0_0.
INFO: [Synth 8-3332] Sequential element (inst/writer_v1_0_M00_AXI_inst/axi_awaddr_reg[5]) is unused and will be removed from module design_1_writer_0_0.
INFO: [Synth 8-3332] Sequential element (inst/writer_v1_0_M00_AXI_inst/axi_awaddr_reg[4]) is unused and will be removed from module design_1_writer_0_0.
INFO: [Synth 8-3332] Sequential element (inst/writer_v1_0_M00_AXI_inst/axi_awaddr_reg[3]) is unused and will be removed from module design_1_writer_0_0.
INFO: [Synth 8-3332] Sequential element (inst/writer_v1_0_M00_AXI_inst/axi_awaddr_reg[2]) is unused and will be removed from module design_1_writer_0_0.
INFO: [Synth 8-3332] Sequential element (inst/writer_v1_0_M00_AXI_inst/axi_awaddr_reg[1]) is unused and will be removed from module design_1_writer_0_0.
INFO: [Synth 8-3332] Sequential element (inst/writer_v1_0_M00_AXI_inst/axi_awaddr_reg[0]) is unused and will be removed from module design_1_writer_0_0.
INFO: [Synth 8-3332] Sequential element (inst/writer_v1_0_M00_AXI_inst/axi_wdata_reg[127]) is unused and will be removed from module design_1_writer_0_0.
INFO: [Synth 8-3332] Sequential element (inst/writer_v1_0_M00_AXI_inst/axi_wdata_reg[126]) is unused and will be removed from module design_1_writer_0_0.
INFO: [Synth 8-3332] Sequential element (inst/writer_v1_0_M00_AXI_inst/axi_wdata_reg[125]) is unused and will be removed from module design_1_writer_0_0.
INFO: [Synth 8-3332] Sequential element (inst/writer_v1_0_M00_AXI_inst/axi_wdata_reg[124]) is unused and will be removed from module design_1_writer_0_0.
INFO: [Synth 8-3332] Sequential element (inst/writer_v1_0_M00_AXI_inst/axi_wdata_reg[123]) is unused and will be removed from module design_1_writer_0_0.
INFO: [Synth 8-3332] Sequential element (inst/writer_v1_0_M00_AXI_inst/axi_wdata_reg[122]) is unused and will be removed from module design_1_writer_0_0.
INFO: [Synth 8-3332] Sequential element (inst/writer_v1_0_M00_AXI_inst/axi_wdata_reg[121]) is unused and will be removed from module design_1_writer_0_0.
INFO: [Synth 8-3332] Sequential element (inst/writer_v1_0_M00_AXI_inst/axi_wdata_reg[120]) is unused and will be removed from module design_1_writer_0_0.
INFO: [Synth 8-3332] Sequential element (inst/writer_v1_0_M00_AXI_inst/axi_wdata_reg[119]) is unused and will be removed from module design_1_writer_0_0.
INFO: [Synth 8-3332] Sequential element (inst/writer_v1_0_M00_AXI_inst/axi_wdata_reg[118]) is unused and will be removed from module design_1_writer_0_0.
INFO: [Synth 8-3332] Sequential element (inst/writer_v1_0_M00_AXI_inst/axi_wdata_reg[117]) is unused and will be removed from module design_1_writer_0_0.
INFO: [Synth 8-3332] Sequential element (inst/writer_v1_0_M00_AXI_inst/axi_wdata_reg[116]) is unused and will be removed from module design_1_writer_0_0.
INFO: [Synth 8-3332] Sequential element (inst/writer_v1_0_M00_AXI_inst/axi_wdata_reg[115]) is unused and will be removed from module design_1_writer_0_0.
INFO: [Synth 8-3332] Sequential element (inst/writer_v1_0_M00_AXI_inst/axi_wdata_reg[114]) is unused and will be removed from module design_1_writer_0_0.
INFO: [Synth 8-3332] Sequential element (inst/writer_v1_0_M00_AXI_inst/axi_wdata_reg[113]) is unused and will be removed from module design_1_writer_0_0.
INFO: [Synth 8-3332] Sequential element (inst/writer_v1_0_M00_AXI_inst/axi_wdata_reg[112]) is unused and will be removed from module design_1_writer_0_0.
INFO: [Synth 8-3332] Sequential element (inst/writer_v1_0_M00_AXI_inst/axi_wdata_reg[111]) is unused and will be removed from module design_1_writer_0_0.
INFO: [Synth 8-3332] Sequential element (inst/writer_v1_0_M00_AXI_inst/axi_wdata_reg[110]) is unused and will be removed from module design_1_writer_0_0.
INFO: [Synth 8-3332] Sequential element (inst/writer_v1_0_M00_AXI_inst/axi_wdata_reg[109]) is unused and will be removed from module design_1_writer_0_0.
INFO: [Synth 8-3332] Sequential element (inst/writer_v1_0_M00_AXI_inst/axi_wdata_reg[108]) is unused and will be removed from module design_1_writer_0_0.
INFO: [Synth 8-3332] Sequential element (inst/writer_v1_0_M00_AXI_inst/axi_wdata_reg[107]) is unused and will be removed from module design_1_writer_0_0.
INFO: [Synth 8-3332] Sequential element (inst/writer_v1_0_M00_AXI_inst/axi_wdata_reg[106]) is unused and will be removed from module design_1_writer_0_0.
INFO: [Synth 8-3332] Sequential element (inst/writer_v1_0_M00_AXI_inst/axi_wdata_reg[105]) is unused and will be removed from module design_1_writer_0_0.
INFO: [Synth 8-3332] Sequential element (inst/writer_v1_0_M00_AXI_inst/axi_wdata_reg[104]) is unused and will be removed from module design_1_writer_0_0.
INFO: [Synth 8-3332] Sequential element (inst/writer_v1_0_M00_AXI_inst/axi_wdata_reg[103]) is unused and will be removed from module design_1_writer_0_0.
INFO: [Synth 8-3332] Sequential element (inst/writer_v1_0_M00_AXI_inst/axi_wdata_reg[102]) is unused and will be removed from module design_1_writer_0_0.
INFO: [Synth 8-3332] Sequential element (inst/writer_v1_0_M00_AXI_inst/axi_wdata_reg[101]) is unused and will be removed from module design_1_writer_0_0.
INFO: [Synth 8-3332] Sequential element (inst/writer_v1_0_M00_AXI_inst/axi_wdata_reg[100]) is unused and will be removed from module design_1_writer_0_0.
INFO: [Synth 8-3332] Sequential element (inst/writer_v1_0_M00_AXI_inst/axi_wdata_reg[99]) is unused and will be removed from module design_1_writer_0_0.
INFO: [Synth 8-3332] Sequential element (inst/writer_v1_0_M00_AXI_inst/axi_wdata_reg[98]) is unused and will be removed from module design_1_writer_0_0.
INFO: [Synth 8-3332] Sequential element (inst/writer_v1_0_M00_AXI_inst/axi_wdata_reg[97]) is unused and will be removed from module design_1_writer_0_0.
INFO: [Synth 8-3332] Sequential element (inst/writer_v1_0_M00_AXI_inst/axi_wdata_reg[96]) is unused and will be removed from module design_1_writer_0_0.
INFO: [Synth 8-3332] Sequential element (inst/writer_v1_0_M00_AXI_inst/axi_wdata_reg[95]) is unused and will be removed from module design_1_writer_0_0.
INFO: [Synth 8-3332] Sequential element (inst/writer_v1_0_M00_AXI_inst/axi_wdata_reg[94]) is unused and will be removed from module design_1_writer_0_0.
INFO: [Synth 8-3332] Sequential element (inst/writer_v1_0_M00_AXI_inst/axi_wdata_reg[93]) is unused and will be removed from module design_1_writer_0_0.
INFO: [Synth 8-3332] Sequential element (inst/writer_v1_0_M00_AXI_inst/axi_wdata_reg[92]) is unused and will be removed from module design_1_writer_0_0.
INFO: [Synth 8-3332] Sequential element (inst/writer_v1_0_M00_AXI_inst/axi_wdata_reg[91]) is unused and will be removed from module design_1_writer_0_0.
INFO: [Synth 8-3332] Sequential element (inst/writer_v1_0_M00_AXI_inst/axi_wdata_reg[90]) is unused and will be removed from module design_1_writer_0_0.
INFO: [Synth 8-3332] Sequential element (inst/writer_v1_0_M00_AXI_inst/axi_wdata_reg[89]) is unused and will be removed from module design_1_writer_0_0.
INFO: [Synth 8-3332] Sequential element (inst/writer_v1_0_M00_AXI_inst/axi_wdata_reg[88]) is unused and will be removed from module design_1_writer_0_0.
INFO: [Synth 8-3332] Sequential element (inst/writer_v1_0_M00_AXI_inst/axi_wdata_reg[87]) is unused and will be removed from module design_1_writer_0_0.
INFO: [Synth 8-3332] Sequential element (inst/writer_v1_0_M00_AXI_inst/axi_wdata_reg[86]) is unused and will be removed from module design_1_writer_0_0.
INFO: [Synth 8-3332] Sequential element (inst/writer_v1_0_M00_AXI_inst/axi_wdata_reg[85]) is unused and will be removed from module design_1_writer_0_0.
INFO: [Synth 8-3332] Sequential element (inst/writer_v1_0_M00_AXI_inst/axi_wdata_reg[84]) is unused and will be removed from module design_1_writer_0_0.
INFO: [Synth 8-3332] Sequential element (inst/writer_v1_0_M00_AXI_inst/axi_wdata_reg[83]) is unused and will be removed from module design_1_writer_0_0.
INFO: [Synth 8-3332] Sequential element (inst/writer_v1_0_M00_AXI_inst/axi_wdata_reg[82]) is unused and will be removed from module design_1_writer_0_0.
INFO: [Synth 8-3332] Sequential element (inst/writer_v1_0_M00_AXI_inst/axi_wdata_reg[81]) is unused and will be removed from module design_1_writer_0_0.
INFO: [Synth 8-3332] Sequential element (inst/writer_v1_0_M00_AXI_inst/axi_wdata_reg[80]) is unused and will be removed from module design_1_writer_0_0.
INFO: [Synth 8-3332] Sequential element (inst/writer_v1_0_M00_AXI_inst/axi_wdata_reg[79]) is unused and will be removed from module design_1_writer_0_0.
INFO: [Synth 8-3332] Sequential element (inst/writer_v1_0_M00_AXI_inst/axi_wdata_reg[78]) is unused and will be removed from module design_1_writer_0_0.
INFO: [Synth 8-3332] Sequential element (inst/writer_v1_0_M00_AXI_inst/axi_wdata_reg[77]) is unused and will be removed from module design_1_writer_0_0.
INFO: [Synth 8-3332] Sequential element (inst/writer_v1_0_M00_AXI_inst/axi_wdata_reg[76]) is unused and will be removed from module design_1_writer_0_0.
INFO: [Synth 8-3332] Sequential element (inst/writer_v1_0_M00_AXI_inst/axi_wdata_reg[75]) is unused and will be removed from module design_1_writer_0_0.
INFO: [Synth 8-3332] Sequential element (inst/writer_v1_0_M00_AXI_inst/axi_wdata_reg[74]) is unused and will be removed from module design_1_writer_0_0.
INFO: [Synth 8-3332] Sequential element (inst/writer_v1_0_M00_AXI_inst/axi_wdata_reg[73]) is unused and will be removed from module design_1_writer_0_0.
INFO: [Synth 8-3332] Sequential element (inst/writer_v1_0_M00_AXI_inst/axi_wdata_reg[72]) is unused and will be removed from module design_1_writer_0_0.
INFO: [Synth 8-3332] Sequential element (inst/writer_v1_0_M00_AXI_inst/axi_wdata_reg[71]) is unused and will be removed from module design_1_writer_0_0.
INFO: [Synth 8-3332] Sequential element (inst/writer_v1_0_M00_AXI_inst/axi_wdata_reg[70]) is unused and will be removed from module design_1_writer_0_0.
INFO: [Synth 8-3332] Sequential element (inst/writer_v1_0_M00_AXI_inst/axi_wdata_reg[69]) is unused and will be removed from module design_1_writer_0_0.
INFO: [Synth 8-3332] Sequential element (inst/writer_v1_0_M00_AXI_inst/axi_wdata_reg[68]) is unused and will be removed from module design_1_writer_0_0.
INFO: [Synth 8-3332] Sequential element (inst/writer_v1_0_M00_AXI_inst/axi_wdata_reg[67]) is unused and will be removed from module design_1_writer_0_0.
INFO: [Synth 8-3332] Sequential element (inst/writer_v1_0_M00_AXI_inst/axi_wdata_reg[66]) is unused and will be removed from module design_1_writer_0_0.
INFO: [Synth 8-3332] Sequential element (inst/writer_v1_0_M00_AXI_inst/axi_wdata_reg[65]) is unused and will be removed from module design_1_writer_0_0.
INFO: [Common 17-14] Message 'Synth 8-3332' appears 100 times and further instances of the messages will be disabled. Use the Tcl command set_msg_config to change the current settings.
---------------------------------------------------------------------------------
Finished Technology Mapping : Time (s): cpu = 00:00:45 ; elapsed = 00:01:14 . Memory (MB): peak = 2806.582 ; gain = 1261.281 ; free physical = 462 ; free virtual = 72945
---------------------------------------------------------------------------------

Report RTL Partitions: 
+-+--------------+------------+----------+
| |RTL Partition |Replication |Instances |
+-+--------------+------------+----------+
+-+--------------+------------+----------+
---------------------------------------------------------------------------------
Start IO Insertion
---------------------------------------------------------------------------------
---------------------------------------------------------------------------------
Start Flattening Before IO Insertion
---------------------------------------------------------------------------------
---------------------------------------------------------------------------------
Finished Flattening Before IO Insertion
---------------------------------------------------------------------------------
---------------------------------------------------------------------------------
Start Final Netlist Cleanup
---------------------------------------------------------------------------------
---------------------------------------------------------------------------------
Finished Final Netlist Cleanup
---------------------------------------------------------------------------------
---------------------------------------------------------------------------------
Finished IO Insertion : Time (s): cpu = 00:00:45 ; elapsed = 00:01:14 . Memory (MB): peak = 2806.582 ; gain = 1261.281 ; free physical = 409 ; free virtual = 72893
---------------------------------------------------------------------------------

Report Check Netlist: 
+------+------------------+-------+---------+-------+------------------+
|      |Item              |Errors |Warnings |Status |Description       |
+------+------------------+-------+---------+-------+------------------+
|1     |multi_driven_nets |      0|        0|Passed |Multi driven nets |
+------+------------------+-------+---------+-------+------------------+
---------------------------------------------------------------------------------
Start Renaming Generated Instances
---------------------------------------------------------------------------------
---------------------------------------------------------------------------------
Finished Renaming Generated Instances : Time (s): cpu = 00:00:45 ; elapsed = 00:01:14 . Memory (MB): peak = 2806.582 ; gain = 1261.281 ; free physical = 408 ; free virtual = 72892
---------------------------------------------------------------------------------

Report RTL Partitions: 
+-+--------------+------------+----------+
| |RTL Partition |Replication |Instances |
+-+--------------+------------+----------+
+-+--------------+------------+----------+
---------------------------------------------------------------------------------
Start Rebuilding User Hierarchy
---------------------------------------------------------------------------------
---------------------------------------------------------------------------------
Finished Rebuilding User Hierarchy : Time (s): cpu = 00:00:45 ; elapsed = 00:01:14 . Memory (MB): peak = 2806.582 ; gain = 1261.281 ; free physical = 408 ; free virtual = 72891
---------------------------------------------------------------------------------
---------------------------------------------------------------------------------
Start Renaming Generated Ports
---------------------------------------------------------------------------------
---------------------------------------------------------------------------------
Finished Renaming Generated Ports : Time (s): cpu = 00:00:45 ; elapsed = 00:01:14 . Memory (MB): peak = 2806.582 ; gain = 1261.281 ; free physical = 408 ; free virtual = 72891
---------------------------------------------------------------------------------
---------------------------------------------------------------------------------
Start Handling Custom Attributes
---------------------------------------------------------------------------------
---------------------------------------------------------------------------------
Finished Handling Custom Attributes : Time (s): cpu = 00:00:45 ; elapsed = 00:01:14 . Memory (MB): peak = 2806.582 ; gain = 1261.281 ; free physical = 407 ; free virtual = 72891
---------------------------------------------------------------------------------
---------------------------------------------------------------------------------
Start Renaming Generated Nets
---------------------------------------------------------------------------------
---------------------------------------------------------------------------------
Finished Renaming Generated Nets : Time (s): cpu = 00:00:45 ; elapsed = 00:01:14 . Memory (MB): peak = 2806.582 ; gain = 1261.281 ; free physical = 407 ; free virtual = 72891
---------------------------------------------------------------------------------
---------------------------------------------------------------------------------
Start Writing Synthesis Report
---------------------------------------------------------------------------------

Report BlackBoxes: 
+-+--------------+----------+
| |BlackBox name |Instances |
+-+--------------+----------+
+-+--------------+----------+

Report Cell Usage: 
+------+-------+------+
|      |Cell   |Count |
+------+-------+------+
|1     |CARRY8 |     1|
|2     |LUT1   |     3|
|3     |LUT2   |     4|
|4     |LUT3   |     5|
|5     |LUT4   |     8|
|6     |LUT5   |     3|
|7     |LUT6   |     3|
|8     |FDRE   |    21|
+------+-------+------+

Report Instance Areas: 
+------+-----------------------------+--------------------+------+
|      |Instance                     |Module              |Cells |
+------+-----------------------------+--------------------+------+
|1     |top                          |                    |    48|
|2     |  inst                       |writer_v1_0         |    48|
|3     |    writer_v1_0_M00_AXI_inst |writer_v1_0_M00_AXI |    48|
+------+-----------------------------+--------------------+------+
---------------------------------------------------------------------------------
Finished Writing Synthesis Report : Time (s): cpu = 00:00:45 ; elapsed = 00:01:14 . Memory (MB): peak = 2806.582 ; gain = 1261.281 ; free physical = 407 ; free virtual = 72890
---------------------------------------------------------------------------------
Synthesis finished with 0 errors, 0 critical warnings and 141 warnings.
Synthesis Optimization Runtime : Time (s): cpu = 00:00:33 ; elapsed = 00:00:53 . Memory (MB): peak = 2806.582 ; gain = 637.008 ; free physical = 450 ; free virtual = 72933
Synthesis Optimization Complete : Time (s): cpu = 00:00:45 ; elapsed = 00:01:14 . Memory (MB): peak = 2806.590 ; gain = 1261.281 ; free physical = 450 ; free virtual = 72933
INFO: [Project 1-571] Translating synthesized netlist
INFO: [Netlist 29-17] Analyzing 1 Unisim elements for replacement
INFO: [Netlist 29-28] Unisim Transformation completed in 0 CPU seconds
INFO: [Project 1-570] Preparing netlist for logic optimization
INFO: [Opt 31-138] Pushed 0 inverter(s) to 0 load pin(s).
INFO: [Project 1-111] Unisim Transformation Summary:
No Unisim elements were transformed.

INFO: [Common 17-83] Releasing license: Synthesis
229 Infos, 214 Warnings, 0 Critical Warnings and 0 Errors encountered.
synth_design completed successfully
synth_design: Time (s): cpu = 00:00:47 ; elapsed = 00:01:16 . Memory (MB): peak = 2861.598 ; gain = 1337.672 ; free physical = 495 ; free virtual = 72907
INFO: [Common 17-1381] The checkpoint '/home/ro0zkhosh/RelationalMem/RelationalMem/ZYNQ_ULTRASCARE+/RatMem/RatMem.runs/design_1_writer_0_0_synth_1/design_1_writer_0_0.dcp' has been generated.
