Copyright 1986-2017 Xilinx, Inc. All Rights Reserved.
------------------------------------------------------------------------------------
| Tool Version : Vivado v.2017.4 (lin64) Build 2086221 Fri Dec 15 20:54:30 MST 2017
| Date         : Mon Jun 21 19:39:34 2021
| Host         : buflightdev running 64-bit Ubuntu 16.04.7 LTS
| Command      : upgrade_ip
| Device       : xczu9eg-ffvb1156-2-e
------------------------------------------------------------------------------------

Upgrade Log for IP 'design_relcache_RelationalCache_0_2'

1. Summary
----------

SUCCESS in the upgrade of design_relcache_RelationalCache_0_2 (user.org:user:RelationalCache:1.3) from (Rev. 157) to (Rev. 158)






Copyright 1986-2017 Xilinx, Inc. All Rights Reserved.
------------------------------------------------------------------------------------
| Tool Version : Vivado v.2017.4 (lin64) Build 2086221 Fri Dec 15 20:54:30 MST 2017
| Date         : Mon Jun 21 19:39:34 2021
| Host         : buflightdev running 64-bit Ubuntu 16.04.7 LTS
| Command      : upgrade_ip
| Device       : xczu9eg-ffvb1156-2-e
------------------------------------------------------------------------------------

Upgrade Log for IP 'design_2_RelationalCache_0_0'

1. Summary
----------

SUCCESS in the upgrade of design_2_RelationalCache_0_0 (user.org:user:RelationalCache:1.3) from (Rev. 157) to (Rev. 158)






Copyright 1986-2017 Xilinx, Inc. All Rights Reserved.
------------------------------------------------------------------------------------
| Tool Version : Vivado v.2017.4 (lin64) Build 2086221 Fri Dec 15 20:54:30 MST 2017
| Date         : Mon Jun 21 19:38:21 2021
| Host         : buflightdev running 64-bit Ubuntu 16.04.7 LTS
| Command      : upgrade_ip
| Device       : xczu9eg-ffvb1156-2-e
------------------------------------------------------------------------------------

Upgrade Log for IP 'design_relcache_RelationalCache_0_2'

1. Summary
----------

SUCCESS in the upgrade of design_relcache_RelationalCache_0_2 (user.org:user:RelationalCache:1.3) from (Rev. 162) to (Rev. 157)






Copyright 1986-2017 Xilinx, Inc. All Rights Reserved.
------------------------------------------------------------------------------------
| Tool Version : Vivado v.2017.4 (lin64) Build 2086221 Fri Dec 15 20:54:30 MST 2017
| Date         : Mon Jun 21 19:38:20 2021
| Host         : buflightdev running 64-bit Ubuntu 16.04.7 LTS
| Command      : upgrade_ip
| Device       : xczu9eg-ffvb1156-2-e
------------------------------------------------------------------------------------

Upgrade Log for IP 'design_2_RelationalCache_0_0'

1. Summary
----------

SUCCESS in the upgrade of design_2_RelationalCache_0_0 (user.org:user:RelationalCache:1.3) from (Rev. 12) to (Rev. 157)






Copyright 1986-2017 Xilinx, Inc. All Rights Reserved.
------------------------------------------------------------------------------------
| Tool Version : Vivado v.2017.4 (lin64) Build 2086221 Fri Dec 15 20:54:30 MST 2017
| Date         : Fri Jun 11 10:24:15 2021
| Host         : buflightdev running 64-bit Ubuntu 16.04.7 LTS
| Command      : upgrade_ip
| Device       : xczu9eg-ffvb1156-2-e
------------------------------------------------------------------------------------

Upgrade Log for IP 'design_relcache_RelationalCache_0_2'

1. Summary
----------

SUCCESS in the upgrade of design_relcache_RelationalCache_0_2 (user.org:user:RelationalCache:1.3) from (Rev. 11) to (Rev. 12)






Copyright 1986-2017 Xilinx, Inc. All Rights Reserved.
------------------------------------------------------------------------------------
| Tool Version : Vivado v.2017.4 (lin64) Build 2086221 Fri Dec 15 20:54:30 MST 2017
| Date         : Fri Jun 11 10:24:14 2021
| Host         : buflightdev running 64-bit Ubuntu 16.04.7 LTS
| Command      : upgrade_ip
| Device       : xczu9eg-ffvb1156-2-e
------------------------------------------------------------------------------------

Upgrade Log for IP 'design_2_RelationalCache_0_0'

1. Summary
----------

SUCCESS in the upgrade of design_2_RelationalCache_0_0 (user.org:user:RelationalCache:1.3) from (Rev. 11) to (Rev. 12)






Copyright 1986-2017 Xilinx, Inc. All Rights Reserved.
------------------------------------------------------------------------------------
| Tool Version : Vivado v.2017.4 (lin64) Build 2086221 Fri Dec 15 20:54:30 MST 2017
| Date         : Fri Jun 11 10:19:51 2021
| Host         : buflightdev running 64-bit Ubuntu 16.04.7 LTS
| Command      : upgrade_ip
| Device       : xczu9eg-ffvb1156-2-e
------------------------------------------------------------------------------------

Upgrade Log for IP 'design_relcache_RelationalCache_0_2'

1. Summary
----------

SUCCESS in the upgrade of design_relcache_RelationalCache_0_2 (user.org:user:RelationalCache:1.3) from (Rev. 10) to (Rev. 11)






Copyright 1986-2017 Xilinx, Inc. All Rights Reserved.
------------------------------------------------------------------------------------
| Tool Version : Vivado v.2017.4 (lin64) Build 2086221 Fri Dec 15 20:54:30 MST 2017
| Date         : Fri Jun 11 10:19:50 2021
| Host         : buflightdev running 64-bit Ubuntu 16.04.7 LTS
| Command      : upgrade_ip
| Device       : xczu9eg-ffvb1156-2-e
------------------------------------------------------------------------------------

Upgrade Log for IP 'design_2_RelationalCache_0_0'

1. Summary
----------

SUCCESS in the upgrade of design_2_RelationalCache_0_0 (user.org:user:RelationalCache:1.3) from (Rev. 10) to (Rev. 11)






Copyright 1986-2017 Xilinx, Inc. All Rights Reserved.
------------------------------------------------------------------------------------
| Tool Version : Vivado v.2017.4 (lin64) Build 2086221 Fri Dec 15 20:54:30 MST 2017
| Date         : Fri Jun 11 10:12:54 2021
| Host         : buflightdev running 64-bit Ubuntu 16.04.7 LTS
| Command      : upgrade_ip
| Device       : xczu9eg-ffvb1156-2-e
------------------------------------------------------------------------------------

Upgrade Log for IP 'design_relcache_RelationalCache_0_2'

1. Summary
----------

SUCCESS in the upgrade of design_relcache_RelationalCache_0_2 (user.org:user:RelationalCache:1.3) from (Rev. 9) to (Rev. 10)






Copyright 1986-2017 Xilinx, Inc. All Rights Reserved.
------------------------------------------------------------------------------------
| Tool Version : Vivado v.2017.4 (lin64) Build 2086221 Fri Dec 15 20:54:30 MST 2017
| Date         : Fri Jun 11 10:12:53 2021
| Host         : buflightdev running 64-bit Ubuntu 16.04.7 LTS
| Command      : upgrade_ip
| Device       : xczu9eg-ffvb1156-2-e
------------------------------------------------------------------------------------

Upgrade Log for IP 'design_2_RelationalCache_0_0'

1. Summary
----------

SUCCESS in the upgrade of design_2_RelationalCache_0_0 (user.org:user:RelationalCache:1.3) from (Rev. 9) to (Rev. 10)






Copyright 1986-2017 Xilinx, Inc. All Rights Reserved.
------------------------------------------------------------------------------------
| Tool Version : Vivado v.2017.4 (lin64) Build 2086221 Fri Dec 15 20:54:30 MST 2017
| Date         : Fri Jun 11 09:56:15 2021
| Host         : buflightdev running 64-bit Ubuntu 16.04.7 LTS
| Command      : upgrade_ip
| Device       : xczu9eg-ffvb1156-2-e
------------------------------------------------------------------------------------

Upgrade Log for IP 'design_relcache_RelationalCache_0_2'

1. Summary
----------

SUCCESS in the upgrade of design_relcache_RelationalCache_0_2 (user.org:user:RelationalCache:1.3) from (Rev. 8) to (Rev. 9)






Copyright 1986-2017 Xilinx, Inc. All Rights Reserved.
------------------------------------------------------------------------------------
| Tool Version : Vivado v.2017.4 (lin64) Build 2086221 Fri Dec 15 20:54:30 MST 2017
| Date         : Fri Jun 11 09:56:13 2021
| Host         : buflightdev running 64-bit Ubuntu 16.04.7 LTS
| Command      : upgrade_ip
| Device       : xczu9eg-ffvb1156-2-e
------------------------------------------------------------------------------------

Upgrade Log for IP 'design_2_RelationalCache_0_0'

1. Summary
----------

SUCCESS in the upgrade of design_2_RelationalCache_0_0 (user.org:user:RelationalCache:1.3) from (Rev. 8) to (Rev. 9)






Copyright 1986-2017 Xilinx, Inc. All Rights Reserved.
------------------------------------------------------------------------------------
| Tool Version : Vivado v.2017.4 (lin64) Build 2086221 Fri Dec 15 20:54:30 MST 2017
| Date         : Thu Jun 10 17:56:58 2021
| Host         : buflightdev running 64-bit Ubuntu 16.04.7 LTS
| Command      : upgrade_ip
| Device       : xczu9eg-ffvb1156-2-e
------------------------------------------------------------------------------------

Upgrade Log for IP 'design_relcache_RelationalCache_0_2'

1. Summary
----------

SUCCESS in the upgrade of design_relcache_RelationalCache_0_2 (user.org:user:RelationalCache:1.3) from (Rev. 7) to (Rev. 8)






Copyright 1986-2017 Xilinx, Inc. All Rights Reserved.
------------------------------------------------------------------------------------
| Tool Version : Vivado v.2017.4 (lin64) Build 2086221 Fri Dec 15 20:54:30 MST 2017
| Date         : Thu Jun 10 17:56:56 2021
| Host         : buflightdev running 64-bit Ubuntu 16.04.7 LTS
| Command      : upgrade_ip
| Device       : xczu9eg-ffvb1156-2-e
------------------------------------------------------------------------------------

Upgrade Log for IP 'design_2_RelationalCache_0_0'

1. Summary
----------

SUCCESS in the upgrade of design_2_RelationalCache_0_0 (user.org:user:RelationalCache:1.3) from (Rev. 7) to (Rev. 8)






Copyright 1986-2017 Xilinx, Inc. All Rights Reserved.
------------------------------------------------------------------------------------
| Tool Version : Vivado v.2017.4 (lin64) Build 2086221 Fri Dec 15 20:54:30 MST 2017
| Date         : Thu Jun 10 17:01:43 2021
| Host         : buflightdev running 64-bit Ubuntu 16.04.7 LTS
| Command      : upgrade_ip
| Device       : xczu9eg-ffvb1156-2-e
------------------------------------------------------------------------------------

Upgrade Log for IP 'design_relcache_RelationalCache_0_2'

1. Summary
----------

SUCCESS in the upgrade of design_relcache_RelationalCache_0_2 (user.org:user:RelationalCache:1.3) from (Rev. 6) to (Rev. 7)






Copyright 1986-2017 Xilinx, Inc. All Rights Reserved.
------------------------------------------------------------------------------------
| Tool Version : Vivado v.2017.4 (lin64) Build 2086221 Fri Dec 15 20:54:30 MST 2017
| Date         : Thu Jun 10 17:01:41 2021
| Host         : buflightdev running 64-bit Ubuntu 16.04.7 LTS
| Command      : upgrade_ip
| Device       : xczu9eg-ffvb1156-2-e
------------------------------------------------------------------------------------

Upgrade Log for IP 'design_2_RelationalCache_0_0'

1. Summary
----------

SUCCESS in the upgrade of design_2_RelationalCache_0_0 (user.org:user:RelationalCache:1.3) from (Rev. 6) to (Rev. 7)






Copyright 1986-2017 Xilinx, Inc. All Rights Reserved.
------------------------------------------------------------------------------------
| Tool Version : Vivado v.2017.4 (lin64) Build 2086221 Fri Dec 15 20:54:30 MST 2017
| Date         : Thu Jun 10 16:46:49 2021
| Host         : buflightdev running 64-bit Ubuntu 16.04.7 LTS
| Command      : upgrade_ip
| Device       : xczu9eg-ffvb1156-2-e
------------------------------------------------------------------------------------

Upgrade Log for IP 'design_relcache_RelationalCache_0_2'

1. Summary
----------

SUCCESS in the upgrade of design_relcache_RelationalCache_0_2 (user.org:user:RelationalCache:1.3) from (Rev. 5) to (Rev. 6)






Copyright 1986-2017 Xilinx, Inc. All Rights Reserved.
------------------------------------------------------------------------------------
| Tool Version : Vivado v.2017.4 (lin64) Build 2086221 Fri Dec 15 20:54:30 MST 2017
| Date         : Thu Jun 10 16:46:47 2021
| Host         : buflightdev running 64-bit Ubuntu 16.04.7 LTS
| Command      : upgrade_ip
| Device       : xczu9eg-ffvb1156-2-e
------------------------------------------------------------------------------------

Upgrade Log for IP 'design_2_RelationalCache_0_0'

1. Summary
----------

SUCCESS in the upgrade of design_2_RelationalCache_0_0 (user.org:user:RelationalCache:1.3) from (Rev. 5) to (Rev. 6)






Copyright 1986-2017 Xilinx, Inc. All Rights Reserved.
------------------------------------------------------------------------------------
| Tool Version : Vivado v.2017.4 (lin64) Build 2086221 Fri Dec 15 20:54:30 MST 2017
| Date         : Thu Jun 10 16:16:42 2021
| Host         : buflightdev running 64-bit Ubuntu 16.04.7 LTS
| Command      : upgrade_ip
| Device       : xczu9eg-ffvb1156-2-e
------------------------------------------------------------------------------------

Upgrade Log for IP 'design_relcache_RelationalCache_0_2'

1. Summary
----------

SUCCESS in the upgrade of design_relcache_RelationalCache_0_2 (user.org:user:RelationalCache:1.3) from (Rev. 4) to (Rev. 5)






Copyright 1986-2017 Xilinx, Inc. All Rights Reserved.
------------------------------------------------------------------------------------
| Tool Version : Vivado v.2017.4 (lin64) Build 2086221 Fri Dec 15 20:54:30 MST 2017
| Date         : Thu Jun 10 16:16:41 2021
| Host         : buflightdev running 64-bit Ubuntu 16.04.7 LTS
| Command      : upgrade_ip
| Device       : xczu9eg-ffvb1156-2-e
------------------------------------------------------------------------------------

Upgrade Log for IP 'design_2_RelationalCache_0_0'

1. Summary
----------

SUCCESS in the upgrade of design_2_RelationalCache_0_0 (user.org:user:RelationalCache:1.3) from (Rev. 4) to (Rev. 5)






Copyright 1986-2017 Xilinx, Inc. All Rights Reserved.
------------------------------------------------------------------------------------
| Tool Version : Vivado v.2017.4 (lin64) Build 2086221 Fri Dec 15 20:54:30 MST 2017
| Date         : Thu Jun 10 16:03:46 2021
| Host         : buflightdev running 64-bit Ubuntu 16.04.7 LTS
| Command      : upgrade_ip
| Device       : xczu9eg-ffvb1156-2-e
------------------------------------------------------------------------------------

Upgrade Log for IP 'design_relcache_RelationalCache_0_2'

1. Summary
----------

SUCCESS in the upgrade of design_relcache_RelationalCache_0_2 (user.org:user:RelationalCache:1.3) from (Rev. 3) to (Rev. 4)






Copyright 1986-2017 Xilinx, Inc. All Rights Reserved.
------------------------------------------------------------------------------------
| Tool Version : Vivado v.2017.4 (lin64) Build 2086221 Fri Dec 15 20:54:30 MST 2017
| Date         : Thu Jun 10 16:03:45 2021
| Host         : buflightdev running 64-bit Ubuntu 16.04.7 LTS
| Command      : upgrade_ip
| Device       : xczu9eg-ffvb1156-2-e
------------------------------------------------------------------------------------

Upgrade Log for IP 'design_2_RelationalCache_0_0'

1. Summary
----------

SUCCESS in the upgrade of design_2_RelationalCache_0_0 (user.org:user:RelationalCache:1.3) from (Rev. 3) to (Rev. 4)






Copyright 1986-2017 Xilinx, Inc. All Rights Reserved.
------------------------------------------------------------------------------------
| Tool Version : Vivado v.2017.4 (lin64) Build 2086221 Fri Dec 15 20:54:30 MST 2017
| Date         : Thu Jun 10 15:58:16 2021
| Host         : buflightdev running 64-bit Ubuntu 16.04.7 LTS
| Command      : upgrade_ip
| Device       : xczu9eg-ffvb1156-2-e
------------------------------------------------------------------------------------

Upgrade Log for IP 'design_relcache_RelationalCache_0_2'

1. Summary
----------

SUCCESS in the upgrade of design_relcache_RelationalCache_0_2 (user.org:user:RelationalCache:1.3) from (Rev. 1) to (Rev. 3)






Copyright 1986-2017 Xilinx, Inc. All Rights Reserved.
------------------------------------------------------------------------------------
| Tool Version : Vivado v.2017.4 (lin64) Build 2086221 Fri Dec 15 20:54:30 MST 2017
| Date         : Thu Jun 10 15:58:15 2021
| Host         : buflightdev running 64-bit Ubuntu 16.04.7 LTS
| Command      : upgrade_ip
| Device       : xczu9eg-ffvb1156-2-e
------------------------------------------------------------------------------------

Upgrade Log for IP 'design_2_RelationalCache_0_0'

1. Summary
----------

SUCCESS in the upgrade of design_2_RelationalCache_0_0 (user.org:user:RelationalCache:1.3) from (Rev. 1) to (Rev. 3)






Copyright 1986-2017 Xilinx, Inc. All Rights Reserved.
------------------------------------------------------------------------------------
| Tool Version : Vivado v.2017.4 (lin64) Build 2086221 Fri Dec 15 20:54:30 MST 2017
| Date         : Thu Jun 10 15:49:37 2021
| Host         : buflightdev running 64-bit Ubuntu 16.04.7 LTS
| Command      : upgrade_ip
| Device       : xczu9eg-ffvb1156-2-e
------------------------------------------------------------------------------------

Upgrade Log for IP 'design_relcache_RelationalCache_0_2'

1. Summary
----------

CAUTION (success, with warnings) in the upgrade of design_relcache_RelationalCache_0_2 from user.org:user:RelationalCache:1.2 (Rev. 147) to user.org:user:RelationalCache:1.3 (Rev. 1)

After upgrade, an IP may have parameter and port differences compared to the original customization. Please review the parameters within the IP customization GUI to ensure proper functionality. Also, please review the updated IP instantiation template to ensure proper connectivity, and update your design if required.

2. Interface Information
------------------------

Detected external interface differences while upgrading 'design_relcache_RelationalCache_0_2'.


-Upgrade has removed interface 'bram_data_cache_0_clk'

-Upgrade has removed interface 'bram_data_cache_0_rst'

-Upgrade has removed interface 'bram_data_cache_1_clk'

-Upgrade has removed interface 'bram_data_cache_1_rst'

-Upgrade has removed interface 'bram_table_cache_0_clk'

-Upgrade has removed interface 'bram_table_cache_0_rst'

-Upgrade has removed interface 'bram_table_cache_1_clk'

-Upgrade has removed interface 'bram_table_cache_1_rst'

-Upgrade has added interface 'm01_axi' (xilinx.com:interface:aximm:1.0)

-Upgrade has added interface 'm01_axi_aclk' (xilinx.com:signal:clock:1.0)

-Upgrade has added interface 'm01_axi_aresetn' (xilinx.com:signal:reset:1.0)

-Upgrade has added interface 'm02_axi' (xilinx.com:interface:aximm:1.0)

-Upgrade has added interface 'm02_axi_aclk' (xilinx.com:signal:clock:1.0)

-Upgrade has added interface 'm02_axi_aresetn' (xilinx.com:signal:reset:1.0)


3. Connection Warnings
----------------------

Detected external port differences while upgrading 'design_relcache_RelationalCache_0_2'. These changes may impact your design.


-Upgrade has added port 'config_axi_aruser'

-Upgrade has added port 'config_axi_awuser'

-Upgrade has added port 'm01_axi_aclk'

-Upgrade has added port 'm01_axi_araddr'

-Upgrade has added port 'm01_axi_arburst'

-Upgrade has added port 'm01_axi_arcache'

-Upgrade has added port 'm01_axi_aresetn'

-Upgrade has added port 'm01_axi_arid'

-Upgrade has added port 'm01_axi_arlen'

-Upgrade has added port 'm01_axi_arlock'

-Upgrade has added port 'm01_axi_arprot'

-Upgrade has added port 'm01_axi_arqos'

-Upgrade has added port 'm01_axi_arready'

-Upgrade has added port 'm01_axi_arsize'

-Upgrade has added port 'm01_axi_aruser'

-Upgrade has added port 'm01_axi_arvalid'

-Upgrade has added port 'm01_axi_awaddr'

-Upgrade has added port 'm01_axi_awburst'

-Upgrade has added port 'm01_axi_awcache'

-Upgrade has added port 'm01_axi_awid'

-Upgrade has added port 'm01_axi_awlen'

-Upgrade has added port 'm01_axi_awlock'

-Upgrade has added port 'm01_axi_awprot'

-Upgrade has added port 'm01_axi_awqos'

-Upgrade has added port 'm01_axi_awready'

-Upgrade has added port 'm01_axi_awsize'

-Upgrade has added port 'm01_axi_awuser'

-Upgrade has added port 'm01_axi_awvalid'

-Upgrade has added port 'm01_axi_bid'

-Upgrade has added port 'm01_axi_bready'

-Upgrade has added port 'm01_axi_bresp'

-Upgrade has added port 'm01_axi_buser'

-Upgrade has added port 'm01_axi_bvalid'

-Upgrade has added port 'm01_axi_rdata'

-Upgrade has added port 'm01_axi_rid'

-Upgrade has added port 'm01_axi_rlast'

-Upgrade has added port 'm01_axi_rready'

-Upgrade has added port 'm01_axi_rresp'

-Upgrade has added port 'm01_axi_ruser'

-Upgrade has added port 'm01_axi_rvalid'

-Upgrade has added port 'm01_axi_wdata'

-Upgrade has added port 'm01_axi_wlast'

-Upgrade has added port 'm01_axi_wready'

-Upgrade has added port 'm01_axi_wstrb'

-Upgrade has added port 'm01_axi_wuser'

-Upgrade has added port 'm01_axi_wvalid'

-Upgrade has added port 'm02_axi_aclk'

-Upgrade has added port 'm02_axi_araddr'

-Upgrade has added port 'm02_axi_arburst'

-Upgrade has added port 'm02_axi_arcache'

-Upgrade has added port 'm02_axi_aresetn'

-Upgrade has added port 'm02_axi_arid'

-Upgrade has added port 'm02_axi_arlen'

-Upgrade has added port 'm02_axi_arlock'

-Upgrade has added port 'm02_axi_arprot'

-Upgrade has added port 'm02_axi_arqos'

-Upgrade has added port 'm02_axi_arready'

-Upgrade has added port 'm02_axi_arsize'

-Upgrade has added port 'm02_axi_aruser'

-Upgrade has added port 'm02_axi_arvalid'

-Upgrade has added port 'm02_axi_awaddr'

-Upgrade has added port 'm02_axi_awburst'

-Upgrade has added port 'm02_axi_awcache'

-Upgrade has added port 'm02_axi_awid'

-Upgrade has added port 'm02_axi_awlen'

-Upgrade has added port 'm02_axi_awlock'

-Upgrade has added port 'm02_axi_awprot'

-Upgrade has added port 'm02_axi_awqos'

-Upgrade has added port 'm02_axi_awready'

-Upgrade has added port 'm02_axi_awsize'

-Upgrade has added port 'm02_axi_awuser'

-Upgrade has added port 'm02_axi_awvalid'

-Upgrade has added port 'm02_axi_bid'

-Upgrade has added port 'm02_axi_bready'

-Upgrade has added port 'm02_axi_bresp'

-Upgrade has added port 'm02_axi_buser'

-Upgrade has added port 'm02_axi_bvalid'

-Upgrade has added port 'm02_axi_rdata'

-Upgrade has added port 'm02_axi_rid'

-Upgrade has added port 'm02_axi_rlast'

-Upgrade has added port 'm02_axi_rready'

-Upgrade has added port 'm02_axi_rresp'

-Upgrade has added port 'm02_axi_ruser'

-Upgrade has added port 'm02_axi_rvalid'

-Upgrade has added port 'm02_axi_wdata'

-Upgrade has added port 'm02_axi_wlast'

-Upgrade has added port 'm02_axi_wready'

-Upgrade has added port 'm02_axi_wstrb'

-Upgrade has added port 'm02_axi_wuser'

-Upgrade has added port 'm02_axi_wvalid'

-Upgrade has added port 's00_axi_aruser'

-Upgrade has added port 's00_axi_awuser'


4. Customization warnings
-------------------------

The normal upgrade process failed due to validation failures in the given configuration. Attempting partial upgrade to set as many user parameters as possible. Please check the parameters whose values were not applied.

Unable to set the value 'RelationalCache_v1_0' on parameter 'Component Name' due to the following failure - 
Validation failed for parameter 'Component Name(Component_Name)' with value 'RelationalCache_v1_0' for BD Cell 'design_relcache_RelationalCache_0_2'. The specified IP name 'RelationalCache_v1_0' is reserved. Please specify a different IP name.
. Restoring to an old valid value of 'design_relcache_RelationalCache_0_2'

Parameter 'ARUSER_WIDTH' is no longer present on the upgraded IP 'design_relcache_RelationalCache_0_2', and cannot be set to '1'

Parameter 'AWUSER_WIDTH' is no longer present on the upgraded IP 'design_relcache_RelationalCache_0_2', and cannot be set to '1'


5. Debug Commands
-----------------

  The following debug information can be passed to Vivado as Tcl commands,
in order to validate or debug the output of the upgrade flow.
  You may consult any warnings from within this upgrade, and alter or remove
the configuration parameter(s) which caused the warning; then execute the Tcl
commands, and use the IP Customization GUI to verify the IP configuration.

create_ip -vlnv user.org:user:RelationalCache:1.3 -user_name design_relcache_RelationalCache_0_2
set_property -dict "\
  CONFIG.ADDR {32} \
  CONFIG.BEATS {4} \
  CONFIG.BUS_BIT {7} \
  CONFIG.BYTE {8} \
  CONFIG.CHANNEL_ADDR_WIDTH {34} \
  CONFIG.C_BRAM_ADDR_WIDTH {32} \
  CONFIG.C_BRAM_DATA_WIDTH {512} \
  CONFIG.C_BRAM_METADATA_WIDTH {32} \
  CONFIG.C_Config_AXI_ADDR_WIDTH {40} \
  CONFIG.C_Config_AXI_ARUSER_WIDTH {1} \
  CONFIG.C_Config_AXI_AWUSER_WIDTH {1} \
  CONFIG.C_Config_AXI_BASEADDR {0xFFFFFFFF} \
  CONFIG.C_Config_AXI_BUSER_WIDTH {1} \
  CONFIG.C_Config_AXI_DATA_WIDTH {128} \
  CONFIG.C_Config_AXI_HIGHADDR {0x00000000} \
  CONFIG.C_Config_AXI_ID_WIDTH {16} \
  CONFIG.C_Config_AXI_RUSER_WIDTH {1} \
  CONFIG.C_Config_AXI_WUSER_WIDTH {1} \
  CONFIG.C_ECC {0} \
  CONFIG.C_I00_AXI_ADDR_WIDTH {40} \
  CONFIG.C_I00_AXI_ARUSER_WIDTH {0} \
  CONFIG.C_I00_AXI_AWUSER_WIDTH {8} \
  CONFIG.C_I00_AXI_BURST_LEN {4} \
  CONFIG.C_I00_AXI_BUSER_WIDTH {0} \
  CONFIG.C_I00_AXI_DATA_WIDTH {512} \
  CONFIG.C_I00_AXI_ID_WIDTH {16} \
  CONFIG.C_I00_AXI_RUSER_WIDTH {0} \
  CONFIG.C_I00_AXI_WUSER_WIDTH {0} \
  CONFIG.C_M00_AXI_ADDR_WIDTH {40} \
  CONFIG.C_M00_AXI_ARUSER_WIDTH {1} \
  CONFIG.C_M00_AXI_AWUSER_WIDTH {1} \
  CONFIG.C_M00_AXI_BURST_LEN {4} \
  CONFIG.C_M00_AXI_BUSER_WIDTH {1} \
  CONFIG.C_M00_AXI_DATA_WIDTH {128} \
  CONFIG.C_M00_AXI_ID_WIDTH {16} \
  CONFIG.C_M00_AXI_RUSER_WIDTH {1} \
  CONFIG.C_M00_AXI_WUSER_WIDTH {1} \
  CONFIG.C_S00_AXI_ADDR_WIDTH {40} \
  CONFIG.C_S00_AXI_ARUSER_WIDTH {1} \
  CONFIG.C_S00_AXI_AWUSER_WIDTH {1} \
  CONFIG.C_S00_AXI_BASEADDR {0xFFFFFFFF} \
  CONFIG.C_S00_AXI_BUSER_WIDTH {1} \
  CONFIG.C_S00_AXI_DATA_WIDTH {128} \
  CONFIG.C_S00_AXI_HIGHADDR {0x00000000} \
  CONFIG.C_S00_AXI_ID_WIDTH {16} \
  CONFIG.C_S00_AXI_RUSER_WIDTH {1} \
  CONFIG.C_S00_AXI_WUSER_WIDTH {1} \
  CONFIG.Component_Name {RelationalCache_v1_0} \
  CONFIG.Config_AXI.ADDR_WIDTH {40} \
  CONFIG.Config_AXI.ARUSER_WIDTH {0} \
  CONFIG.Config_AXI.AWUSER_WIDTH {0} \
  CONFIG.Config_AXI.BUSER_WIDTH {0} \
  CONFIG.Config_AXI.CLK_DOMAIN {} \
  CONFIG.Config_AXI.DATA_WIDTH {128} \
  CONFIG.Config_AXI.FREQ_HZ {100000000} \
  CONFIG.Config_AXI.HAS_BRESP {1} \
  CONFIG.Config_AXI.HAS_BURST {1} \
  CONFIG.Config_AXI.HAS_CACHE {1} \
  CONFIG.Config_AXI.HAS_LOCK {1} \
  CONFIG.Config_AXI.HAS_PROT {1} \
  CONFIG.Config_AXI.HAS_QOS {1} \
  CONFIG.Config_AXI.HAS_REGION {1} \
  CONFIG.Config_AXI.HAS_RRESP {1} \
  CONFIG.Config_AXI.HAS_WSTRB {1} \
  CONFIG.Config_AXI.ID_WIDTH {16} \
  CONFIG.Config_AXI.MAX_BURST_LENGTH {256} \
  CONFIG.Config_AXI.NUM_READ_OUTSTANDING {2} \
  CONFIG.Config_AXI.NUM_READ_THREADS {1} \
  CONFIG.Config_AXI.NUM_WRITE_OUTSTANDING {2} \
  CONFIG.Config_AXI.NUM_WRITE_THREADS {1} \
  CONFIG.Config_AXI.PHASE {0.000} \
  CONFIG.Config_AXI.PROTOCOL {AXI4} \
  CONFIG.Config_AXI.READ_WRITE_MODE {READ_WRITE} \
  CONFIG.Config_AXI.RUSER_BITS_PER_BYTE {0} \
  CONFIG.Config_AXI.RUSER_WIDTH {0} \
  CONFIG.Config_AXI.SUPPORTS_NARROW_BURST {0} \
  CONFIG.Config_AXI.WIZ_DATA_WIDTH {32} \
  CONFIG.Config_AXI.WIZ_MEMORY_SIZE {64} \
  CONFIG.Config_AXI.WUSER_BITS_PER_BYTE {0} \
  CONFIG.Config_AXI.WUSER_WIDTH {0} \
  CONFIG.Config_AXI_CLK.ASSOCIATED_BUSIF {Config_AXI} \
  CONFIG.Config_AXI_CLK.ASSOCIATED_RESET {config_axi_aresetn} \
  CONFIG.Config_AXI_CLK.CLK_DOMAIN {} \
  CONFIG.Config_AXI_CLK.FREQ_HZ {100000000} \
  CONFIG.Config_AXI_CLK.PHASE {0.000} \
  CONFIG.Config_AXI_RST.POLARITY {ACTIVE_LOW} \
  CONFIG.DATA_WIDTH {128} \
  CONFIG.ENDIANNESS {big-endian} \
  CONFIG.FETCH_UNIT_NUMBER {3} \
  CONFIG.M00_AXI.ADDR_WIDTH {40} \
  CONFIG.M00_AXI.ARUSER_WIDTH {1} \
  CONFIG.M00_AXI.AWUSER_WIDTH {1} \
  CONFIG.M00_AXI.BUSER_WIDTH {1} \
  CONFIG.M00_AXI.CLK_DOMAIN {} \
  CONFIG.M00_AXI.DATA_WIDTH {128} \
  CONFIG.M00_AXI.FREQ_HZ {100000000} \
  CONFIG.M00_AXI.HAS_BRESP {1} \
  CONFIG.M00_AXI.HAS_BURST {1} \
  CONFIG.M00_AXI.HAS_CACHE {1} \
  CONFIG.M00_AXI.HAS_LOCK {1} \
  CONFIG.M00_AXI.HAS_PROT {1} \
  CONFIG.M00_AXI.HAS_QOS {1} \
  CONFIG.M00_AXI.HAS_REGION {0} \
  CONFIG.M00_AXI.HAS_RRESP {1} \
  CONFIG.M00_AXI.HAS_WSTRB {1} \
  CONFIG.M00_AXI.ID_WIDTH {16} \
  CONFIG.M00_AXI.MAX_BURST_LENGTH {256} \
  CONFIG.M00_AXI.NUM_READ_OUTSTANDING {2} \
  CONFIG.M00_AXI.NUM_READ_THREADS {1} \
  CONFIG.M00_AXI.NUM_WRITE_OUTSTANDING {2} \
  CONFIG.M00_AXI.NUM_WRITE_THREADS {1} \
  CONFIG.M00_AXI.PHASE {0.000} \
  CONFIG.M00_AXI.PROTOCOL {AXI4} \
  CONFIG.M00_AXI.READ_WRITE_MODE {READ_WRITE} \
  CONFIG.M00_AXI.RUSER_BITS_PER_BYTE {0} \
  CONFIG.M00_AXI.RUSER_WIDTH {1} \
  CONFIG.M00_AXI.SUPPORTS_NARROW_BURST {0} \
  CONFIG.M00_AXI.WIZ_DATA_WIDTH {32} \
  CONFIG.M00_AXI.WUSER_BITS_PER_BYTE {0} \
  CONFIG.M00_AXI.WUSER_WIDTH {1} \
  CONFIG.M00_AXI_CLK.ASSOCIATED_BUSIF {M00_AXI} \
  CONFIG.M00_AXI_CLK.ASSOCIATED_RESET {m00_axi_aresetn} \
  CONFIG.M00_AXI_CLK.CLK_DOMAIN {} \
  CONFIG.M00_AXI_CLK.FREQ_HZ {100000000} \
  CONFIG.M00_AXI_CLK.PHASE {0.000} \
  CONFIG.M00_AXI_RST.POLARITY {ACTIVE_LOW} \
  CONFIG.S00_AXI.ADDR_WIDTH {40} \
  CONFIG.S00_AXI.ARUSER_WIDTH {0} \
  CONFIG.S00_AXI.AWUSER_WIDTH {0} \
  CONFIG.S00_AXI.BUSER_WIDTH {0} \
  CONFIG.S00_AXI.CLK_DOMAIN {} \
  CONFIG.S00_AXI.DATA_WIDTH {128} \
  CONFIG.S00_AXI.FREQ_HZ {100000000} \
  CONFIG.S00_AXI.HAS_BRESP {1} \
  CONFIG.S00_AXI.HAS_BURST {1} \
  CONFIG.S00_AXI.HAS_CACHE {1} \
  CONFIG.S00_AXI.HAS_LOCK {1} \
  CONFIG.S00_AXI.HAS_PROT {1} \
  CONFIG.S00_AXI.HAS_QOS {1} \
  CONFIG.S00_AXI.HAS_REGION {1} \
  CONFIG.S00_AXI.HAS_RRESP {1} \
  CONFIG.S00_AXI.HAS_WSTRB {1} \
  CONFIG.S00_AXI.ID_WIDTH {16} \
  CONFIG.S00_AXI.MAX_BURST_LENGTH {256} \
  CONFIG.S00_AXI.NUM_READ_OUTSTANDING {2} \
  CONFIG.S00_AXI.NUM_READ_THREADS {1} \
  CONFIG.S00_AXI.NUM_WRITE_OUTSTANDING {2} \
  CONFIG.S00_AXI.NUM_WRITE_THREADS {1} \
  CONFIG.S00_AXI.PHASE {0.000} \
  CONFIG.S00_AXI.PROTOCOL {AXI4} \
  CONFIG.S00_AXI.READ_WRITE_MODE {READ_WRITE} \
  CONFIG.S00_AXI.RUSER_BITS_PER_BYTE {0} \
  CONFIG.S00_AXI.RUSER_WIDTH {0} \
  CONFIG.S00_AXI.SUPPORTS_NARROW_BURST {0} \
  CONFIG.S00_AXI.WIZ_DATA_WIDTH {32} \
  CONFIG.S00_AXI.WIZ_MEMORY_SIZE {64} \
  CONFIG.S00_AXI.WUSER_BITS_PER_BYTE {0} \
  CONFIG.S00_AXI.WUSER_WIDTH {0} \
  CONFIG.S00_AXI_CLK.ASSOCIATED_BUSIF {S00_AXI} \
  CONFIG.S00_AXI_CLK.ASSOCIATED_RESET {s00_axi_aresetn} \
  CONFIG.S00_AXI_CLK.CLK_DOMAIN {} \
  CONFIG.S00_AXI_CLK.FREQ_HZ {100000000} \
  CONFIG.S00_AXI_CLK.PHASE {0.000} \
  CONFIG.S00_AXI_RST.POLARITY {ACTIVE_LOW} \
  CONFIG.SIZEBIT {7} " [get_ips design_relcache_RelationalCache_0_2]







Copyright 1986-2017 Xilinx, Inc. All Rights Reserved.
------------------------------------------------------------------------------------
| Tool Version : Vivado v.2017.4 (lin64) Build 2086221 Fri Dec 15 20:54:30 MST 2017
| Date         : Thu Jun 10 15:49:34 2021
| Host         : buflightdev running 64-bit Ubuntu 16.04.7 LTS
| Command      : upgrade_ip
| Device       : xczu9eg-ffvb1156-2-e
------------------------------------------------------------------------------------

Upgrade Log for IP 'design_2_RelationalCache_0_0'

1. Summary
----------

SUCCESS in the upgrade of design_2_RelationalCache_0_0 from user.org:user:RelationalCache:1.2 (Rev. 147) to user.org:user:RelationalCache:1.3 (Rev. 1)






Copyright 1986-2017 Xilinx, Inc. All Rights Reserved.
------------------------------------------------------------------------------------
| Tool Version : Vivado v.2017.4 (lin64) Build 2086221 Fri Dec 15 20:54:30 MST 2017
| Date         : Thu Jun 10 15:37:58 2021
| Host         : buflightdev running 64-bit Ubuntu 16.04.7 LTS
| Command      : upgrade_ip
| Device       : xczu9eg-ffvb1156-2-e
------------------------------------------------------------------------------------

Upgrade Log for IP 'design_relcache_RelationalCache_0_2'

1. Summary
----------

CAUTION (success, with warnings) in the upgrade of design_relcache_RelationalCache_0_2 (user.org:user:RelationalCache:1.2) from (Rev. 6) to (Rev. 147)

After upgrade, an IP may have parameter differences compared to the original customization. Please review the parameters within the IP customization GUI to ensure proper functionality.

2. Customization warnings
-------------------------

Failed to load customization data on the upgraded IP


3. Debug Commands
-----------------






Copyright 1986-2017 Xilinx, Inc. All Rights Reserved.
------------------------------------------------------------------------------------
| Tool Version : Vivado v.2017.4 (lin64) Build 2086221 Fri Dec 15 20:54:30 MST 2017
| Date         : Thu Jun 10 15:37:56 2021
| Host         : buflightdev running 64-bit Ubuntu 16.04.7 LTS
| Command      : upgrade_ip
| Device       : xczu9eg-ffvb1156-2-e
------------------------------------------------------------------------------------

Upgrade Log for IP 'design_2_RelationalCache_0_2'

1. Summary
----------

CAUTION (success, with warnings) in the conversion of design_2_RelationalCache_0_2 (user.org:user:RelationalCache:1.2 (Rev. 147)) to Vivado generation flows.

After upgrade, an IP may have parameter differences compared to the original customization. Please review the parameters within the IP customization GUI to ensure proper functionality.

2. Customization warnings
-------------------------

Failed to load customization data on the upgraded IP


3. Debug Commands
-----------------






Copyright 1986-2017 Xilinx, Inc. All Rights Reserved.
------------------------------------------------------------------------------------
| Tool Version : Vivado v.2017.4 (lin64) Build 2086221 Fri Dec 15 20:54:30 MST 2017
| Date         : Thu Jun 10 14:54:01 2021
| Host         : buflightdev running 64-bit Ubuntu 16.04.7 LTS
| Command      : upgrade_ip
| Device       : xczu9eg-ffvb1156-2-e
------------------------------------------------------------------------------------

Upgrade Log for IP 'design_2_RelationalCache_1_0'

1. Summary
----------

CAUTION (success, with warnings) in the upgrade of design_2_RelationalCache_1_0 from user.org:user:RelationalCache:1.1 (Rev. 1) to user.org:user:RelationalCache:1.2 (Rev. 6)

2. Interface Information
------------------------

Detected external interface differences while upgrading 'design_2_RelationalCache_1_0'.


-Upgrade has added interface 'bram_data_cache_0_clk' (xilinx.com:signal:clock:1.0)

-Upgrade has added interface 'bram_data_cache_0_rst' (xilinx.com:signal:reset:1.0)

-Upgrade has added interface 'bram_data_cache_1_clk' (xilinx.com:signal:clock:1.0)

-Upgrade has added interface 'bram_data_cache_1_rst' (xilinx.com:signal:reset:1.0)

-Upgrade has added interface 'bram_table_cache_0_clk' (xilinx.com:signal:clock:1.0)

-Upgrade has added interface 'bram_table_cache_0_rst' (xilinx.com:signal:reset:1.0)

-Upgrade has added interface 'bram_table_cache_1_clk' (xilinx.com:signal:clock:1.0)

-Upgrade has added interface 'bram_table_cache_1_rst' (xilinx.com:signal:reset:1.0)







Copyright 1986-2017 Xilinx, Inc. All Rights Reserved.
------------------------------------------------------------------------------------
| Tool Version : Vivado v.2017.4 (lin64) Build 2086221 Fri Dec 15 20:54:30 MST 2017
| Date         : Thu Jun 10 12:34:05 2021
| Host         : buflightdev running 64-bit Ubuntu 16.04.7 LTS
| Command      : upgrade_ip
| Device       : xczu9eg-ffvb1156-2-e
------------------------------------------------------------------------------------

Upgrade Log for IP 'design_relcache_RelationalCache_0_2'

1. Summary
----------

SUCCESS in the upgrade of design_relcache_RelationalCache_0_2 (user.org:user:RelationalCache:1.2) from (Rev. 5) to (Rev. 6)






Copyright 1986-2017 Xilinx, Inc. All Rights Reserved.
------------------------------------------------------------------------------------
| Tool Version : Vivado v.2017.4 (lin64) Build 2086221 Fri Dec 15 20:54:30 MST 2017
| Date         : Thu Jun 10 12:34:04 2021
| Host         : buflightdev running 64-bit Ubuntu 16.04.7 LTS
| Command      : upgrade_ip
| Device       : xczu9eg-ffvb1156-2-e
------------------------------------------------------------------------------------

Upgrade Log for IP 'design_2_RelationalCache_0_0'

1. Summary
----------

SUCCESS in the upgrade of design_2_RelationalCache_0_0 (user.org:user:RelationalCache:1.2) from (Rev. 5) to (Rev. 6)






Copyright 1986-2017 Xilinx, Inc. All Rights Reserved.
------------------------------------------------------------------------------------
| Tool Version : Vivado v.2017.4 (lin64) Build 2086221 Fri Dec 15 20:54:30 MST 2017
| Date         : Sun Jun  6 11:38:06 2021
| Host         : buflightdev running 64-bit Ubuntu 16.04.7 LTS
| Command      : upgrade_ip
| Device       : xczu9eg-ffvb1156-2-e
------------------------------------------------------------------------------------

Upgrade Log for IP 'design_relcache_RelationalCache_0_2'

1. Summary
----------

SUCCESS in the upgrade of design_relcache_RelationalCache_0_2 (user.org:user:RelationalCache:1.2) from (Rev. 4) to (Rev. 5)






Copyright 1986-2017 Xilinx, Inc. All Rights Reserved.
------------------------------------------------------------------------------------
| Tool Version : Vivado v.2017.4 (lin64) Build 2086221 Fri Dec 15 20:54:30 MST 2017
| Date         : Sun Jun  6 11:38:04 2021
| Host         : buflightdev running 64-bit Ubuntu 16.04.7 LTS
| Command      : upgrade_ip
| Device       : xczu9eg-ffvb1156-2-e
------------------------------------------------------------------------------------

Upgrade Log for IP 'design_2_RelationalCache_0_0'

1. Summary
----------

SUCCESS in the upgrade of design_2_RelationalCache_0_0 (user.org:user:RelationalCache:1.2) from (Rev. 4) to (Rev. 5)






Copyright 1986-2017 Xilinx, Inc. All Rights Reserved.
------------------------------------------------------------------------------------
| Tool Version : Vivado v.2017.4 (lin64) Build 2086221 Fri Dec 15 20:54:30 MST 2017
| Date         : Sun Jun  6 11:32:55 2021
| Host         : buflightdev running 64-bit Ubuntu 16.04.7 LTS
| Command      : upgrade_ip
| Device       : xczu9eg-ffvb1156-2-e
------------------------------------------------------------------------------------

Upgrade Log for IP 'design_relcache_RelationalCache_0_2'

1. Summary
----------

SUCCESS in the upgrade of design_relcache_RelationalCache_0_2 (user.org:user:RelationalCache:1.2) from (Rev. 3) to (Rev. 4)






Copyright 1986-2017 Xilinx, Inc. All Rights Reserved.
------------------------------------------------------------------------------------
| Tool Version : Vivado v.2017.4 (lin64) Build 2086221 Fri Dec 15 20:54:30 MST 2017
| Date         : Sun Jun  6 11:32:54 2021
| Host         : buflightdev running 64-bit Ubuntu 16.04.7 LTS
| Command      : upgrade_ip
| Device       : xczu9eg-ffvb1156-2-e
------------------------------------------------------------------------------------

Upgrade Log for IP 'design_2_RelationalCache_0_0'

1. Summary
----------

SUCCESS in the upgrade of design_2_RelationalCache_0_0 (user.org:user:RelationalCache:1.2) from (Rev. 3) to (Rev. 4)






Copyright 1986-2017 Xilinx, Inc. All Rights Reserved.
------------------------------------------------------------------------------------
| Tool Version : Vivado v.2017.4 (lin64) Build 2086221 Fri Dec 15 20:54:30 MST 2017
| Date         : Sun Jun  6 11:24:51 2021
| Host         : buflightdev running 64-bit Ubuntu 16.04.7 LTS
| Command      : upgrade_ip
| Device       : xczu9eg-ffvb1156-2-e
------------------------------------------------------------------------------------

Upgrade Log for IP 'design_relcache_RelationalCache_0_2'

1. Summary
----------

SUCCESS in the upgrade of design_relcache_RelationalCache_0_2 (user.org:user:RelationalCache:1.2) from (Rev. 2) to (Rev. 3)






Copyright 1986-2017 Xilinx, Inc. All Rights Reserved.
------------------------------------------------------------------------------------
| Tool Version : Vivado v.2017.4 (lin64) Build 2086221 Fri Dec 15 20:54:30 MST 2017
| Date         : Sun Jun  6 11:24:50 2021
| Host         : buflightdev running 64-bit Ubuntu 16.04.7 LTS
| Command      : upgrade_ip
| Device       : xczu9eg-ffvb1156-2-e
------------------------------------------------------------------------------------

Upgrade Log for IP 'design_2_RelationalCache_0_0'

1. Summary
----------

SUCCESS in the upgrade of design_2_RelationalCache_0_0 (user.org:user:RelationalCache:1.2) from (Rev. 2) to (Rev. 3)






Copyright 1986-2017 Xilinx, Inc. All Rights Reserved.
------------------------------------------------------------------------------------
| Tool Version : Vivado v.2017.4 (lin64) Build 2086221 Fri Dec 15 20:54:30 MST 2017
| Date         : Sun Jun  6 10:56:33 2021
| Host         : buflightdev running 64-bit Ubuntu 16.04.7 LTS
| Command      : upgrade_ip
| Device       : xczu9eg-ffvb1156-2-e
------------------------------------------------------------------------------------

Upgrade Log for IP 'design_relcache_RelationalCache_0_2'

1. Summary
----------

SUCCESS in the upgrade of design_relcache_RelationalCache_0_2 (user.org:user:RelationalCache:1.2) from (Rev. 1) to (Rev. 2)






Copyright 1986-2017 Xilinx, Inc. All Rights Reserved.
------------------------------------------------------------------------------------
| Tool Version : Vivado v.2017.4 (lin64) Build 2086221 Fri Dec 15 20:54:30 MST 2017
| Date         : Sun Jun  6 10:56:33 2021
| Host         : buflightdev running 64-bit Ubuntu 16.04.7 LTS
| Command      : upgrade_ip
| Device       : xczu9eg-ffvb1156-2-e
------------------------------------------------------------------------------------

Upgrade Log for IP 'design_2_RelationalCache_0_0'

1. Summary
----------

SUCCESS in the upgrade of design_2_RelationalCache_0_0 (user.org:user:RelationalCache:1.2) from (Rev. 1) to (Rev. 2)

