Copyright 1986-2017 Xilinx, Inc. All Rights Reserved.
-----------------------------------------------------------------------------------------------------------------------------
| Tool Version : Vivado v.2017.4 (lin64) Build 2086221 Fri Dec 15 20:54:30 MST 2017
| Date         : Thu Jun 24 10:54:22 2021
| Host         : buflightdev running 64-bit Ubuntu 16.04.7 LTS
| Command      : report_utilization -file design_2_wrapper_utilization_placed.rpt -pb design_2_wrapper_utilization_placed.pb
| Design       : design_2_wrapper
| Device       : xczu9egffvb1156-2
| Design State : Fully Placed
-----------------------------------------------------------------------------------------------------------------------------

Utilization Design Information

Table of Contents
-----------------
1. CLB Logic
1.1 Summary of Registers by Type
2. CLB Logic Distribution
3. BLOCKRAM
4. ARITHMETIC
5. I/O
6. CLOCK
7. ADVANCED
8. CONFIGURATION
9. Primitives
10. Black Boxes
11. Instantiated Netlists

1. CLB Logic
------------

+----------------------------+-------+-------+-----------+-------+
|          Site Type         |  Used | Fixed | Available | Util% |
+----------------------------+-------+-------+-----------+-------+
| CLB LUTs                   | 16907 |     0 |    274080 |  6.17 |
|   LUT as Logic             | 14219 |     0 |    274080 |  5.19 |
|   LUT as Memory            |  2688 |     0 |    144000 |  1.87 |
|     LUT as Distributed RAM |    32 |     0 |           |       |
|     LUT as Shift Register  |  2656 |     0 |           |       |
| CLB Registers              | 21415 |     0 |    548160 |  3.91 |
|   Register as Flip Flop    | 21287 |     0 |    548160 |  3.88 |
|   Register as Latch        |   128 |     0 |    548160 |  0.02 |
| CARRY8                     |   350 |     0 |     34260 |  1.02 |
| F7 Muxes                   |   481 |     0 |    137040 |  0.35 |
| F8 Muxes                   |   191 |     0 |     68520 |  0.28 |
| F9 Muxes                   |     0 |     0 |     34260 |  0.00 |
+----------------------------+-------+-------+-----------+-------+


1.1 Summary of Registers by Type
--------------------------------

+-------+--------------+-------------+--------------+
| Total | Clock Enable | Synchronous | Asynchronous |
+-------+--------------+-------------+--------------+
| 0     |            _ |           - |            - |
| 0     |            _ |           - |          Set |
| 0     |            _ |           - |        Reset |
| 0     |            _ |         Set |            - |
| 0     |            _ |       Reset |            - |
| 0     |          Yes |           - |            - |
| 40    |          Yes |           - |          Set |
| 311   |          Yes |           - |        Reset |
| 65    |          Yes |         Set |            - |
| 20999 |          Yes |       Reset |            - |
+-------+--------------+-------------+--------------+


2. CLB Logic Distribution
-------------------------

+-------------------------------------------+-------+-------+-----------+-------+
|                 Site Type                 |  Used | Fixed | Available | Util% |
+-------------------------------------------+-------+-------+-----------+-------+
| CLB                                       |  5050 |     0 |     34260 | 14.74 |
|   CLBL                                    |  2451 |     0 |           |       |
|   CLBM                                    |  2599 |     0 |           |       |
| LUT as Logic                              | 14219 |     0 |    274080 |  5.19 |
|   using O5 output only                    |   193 |       |           |       |
|   using O6 output only                    | 11343 |       |           |       |
|   using O5 and O6                         |  2683 |       |           |       |
| LUT as Memory                             |  2688 |     0 |    144000 |  1.87 |
|   LUT as Distributed RAM                  |    32 |     0 |           |       |
|     using O5 output only                  |     0 |       |           |       |
|     using O6 output only                  |     0 |       |           |       |
|     using O5 and O6                       |    32 |       |           |       |
|   LUT as Shift Register                   |  2656 |     0 |           |       |
|     using O5 output only                  |     0 |       |           |       |
|     using O6 output only                  |   221 |       |           |       |
|     using O5 and O6                       |  2435 |       |           |       |
| LUT Flip Flop Pairs                       |  7246 |     0 |    274080 |  2.64 |
|   fully used LUT-FF pairs                 |  1522 |       |           |       |
|   LUT-FF pairs with one unused LUT output |  5554 |       |           |       |
|   LUT-FF pairs with one unused Flip Flop  |  4755 |       |           |       |
| Unique Control Sets                       |   571 |       |           |       |
+-------------------------------------------+-------+-------+-----------+-------+
* Note: Review the Control Sets Report for more information regarding control sets.


3. BLOCKRAM
-----------

+-------------------+-------+-------+-----------+-------+
|     Site Type     |  Used | Fixed | Available | Util% |
+-------------------+-------+-------+-----------+-------+
| Block RAM Tile    | 612.5 |     0 |       912 | 67.16 |
|   RAMB36/FIFO*    |   609 |     0 |       912 | 66.78 |
|     RAMB36E2 only |   609 |       |           |       |
|   RAMB18          |     7 |     0 |      1824 |  0.38 |
|     RAMB18E2 only |     7 |       |           |       |
+-------------------+-------+-------+-----------+-------+
* Note: Each Block RAM Tile only has one FIFO logic available and therefore can accommodate only one FIFO36E2 or one FIFO18E2. However, if a FIFO18E2 occupies a Block RAM Tile, that tile can still accommodate a RAMB18E2


4. ARITHMETIC
-------------

+----------------+------+-------+-----------+-------+
|    Site Type   | Used | Fixed | Available | Util% |
+----------------+------+-------+-----------+-------+
| DSPs           |    2 |     0 |      2520 |  0.08 |
|   DSP48E2 only |    2 |       |           |       |
+----------------+------+-------+-----------+-------+


5. I/O
------

+------------------+------+-------+-----------+-------+
|     Site Type    | Used | Fixed | Available | Util% |
+------------------+------+-------+-----------+-------+
| Bonded IOB       |    0 |     0 |       328 |  0.00 |
| HPIOB_M          |    0 |     0 |        96 |  0.00 |
| HPIOB_S          |    0 |     0 |        96 |  0.00 |
| HDIOB_M          |    0 |     0 |        60 |  0.00 |
| HDIOB_S          |    0 |     0 |        60 |  0.00 |
| HPIOB_SNGL       |    0 |     0 |        16 |  0.00 |
| HPIOBDIFFINBUF   |    0 |     0 |        96 |  0.00 |
| HPIOBDIFFOUTBUF  |    0 |     0 |        96 |  0.00 |
| HDIOBDIFFINBUF   |    0 |     0 |        60 |  0.00 |
| BITSLICE_CONTROL |    0 |     0 |        32 |  0.00 |
| BITSLICE_RX_TX   |    0 |     0 |       208 |  0.00 |
| BITSLICE_TX      |    0 |     0 |        32 |  0.00 |
| RIU_OR           |    0 |     0 |        16 |  0.00 |
+------------------+------+-------+-----------+-------+


6. CLOCK
--------

+----------------------+------+-------+-----------+-------+
|       Site Type      | Used | Fixed | Available | Util% |
+----------------------+------+-------+-----------+-------+
| GLOBAL CLOCK BUFFERs |    4 |     0 |       404 |  0.99 |
|   BUFGCE             |    3 |     0 |       116 |  2.59 |
|   BUFGCE_DIV         |    0 |     0 |        16 |  0.00 |
|   BUFG_GT            |    0 |     0 |       168 |  0.00 |
|   BUFG_PS            |    1 |     0 |        72 |  1.39 |
|   BUFGCTRL*          |    0 |     0 |        32 |  0.00 |
| PLL                  |    0 |     0 |         8 |  0.00 |
| MMCM                 |    0 |     0 |         4 |  0.00 |
+----------------------+------+-------+-----------+-------+
* Note: Each used BUFGCTRL counts as two global buffer resources. This table does not include global clocking resources, only buffer cell usage. See the Clock Utilization Report (report_clock_utilization) for detailed accounting of global clocking resource availability.


7. ADVANCED
-----------

+-----------------+------+-------+-----------+--------+
|    Site Type    | Used | Fixed | Available |  Util% |
+-----------------+------+-------+-----------+--------+
| GTHE4_CHANNEL   |    0 |     0 |        24 |   0.00 |
| GTHE4_COMMON    |    0 |     0 |         6 |   0.00 |
| OBUFDS_GTE4     |    0 |     0 |        12 |   0.00 |
| OBUFDS_GTE4_ADV |    0 |     0 |        12 |   0.00 |
| PS8             |    1 |     0 |         1 | 100.00 |
| SYSMONE4        |    0 |     0 |         1 |   0.00 |
+-----------------+------+-------+-----------+--------+


8. CONFIGURATION
----------------

+-------------+------+-------+-----------+-------+
|  Site Type  | Used | Fixed | Available | Util% |
+-------------+------+-------+-----------+-------+
| BSCANE2     |    1 |     0 |         4 | 25.00 |
| DNA_PORTE2  |    0 |     0 |         1 |  0.00 |
| EFUSE_USR   |    0 |     0 |         1 |  0.00 |
| FRAME_ECCE4 |    0 |     0 |         1 |  0.00 |
| ICAPE3      |    0 |     0 |         2 |  0.00 |
| MASTER_JTAG |    0 |     0 |         1 |  0.00 |
| STARTUPE3   |    0 |     0 |         1 |  0.00 |
+-------------+------+-------+-----------+-------+


9. Primitives
-------------

+----------+-------+---------------------+
| Ref Name |  Used | Functional Category |
+----------+-------+---------------------+
| FDRE     | 20999 |            Register |
| LUT6     |  7017 |                 CLB |
| SRL16E   |  3488 |                 CLB |
| LUT4     |  2535 |                 CLB |
| LUT5     |  2513 |                 CLB |
| LUT3     |  2289 |                 CLB |
| LUT2     |  2278 |                 CLB |
| SRLC32E  |  1597 |                 CLB |
| RAMB36E2 |   609 |           Block Ram |
| MUXF7    |   481 |                 CLB |
| CARRY8   |   350 |                 CLB |
| LUT1     |   270 |                 CLB |
| MUXF8    |   191 |                 CLB |
| FDCE     |   183 |            Register |
| LDCE     |   128 |            Register |
| FDSE     |    65 |            Register |
| RAMD32   |    56 |                 CLB |
| FDPE     |    40 |            Register |
| RAMS32   |     8 |                 CLB |
| RAMB18E2 |     7 |           Block Ram |
| SRLC16E  |     6 |                 CLB |
| BUFGCE   |     3 |               Clock |
| DSP48E2  |     2 |          Arithmetic |
| PS8      |     1 |            Advanced |
| BUFG_PS  |     1 |               Clock |
| BSCANE2  |     1 |       Configuration |
+----------+-------+---------------------+


10. Black Boxes
---------------

+----------+------+
| Ref Name | Used |
+----------+------+


11. Instantiated Netlists
-------------------------

+------------------------------------+------+
|              Ref Name              | Used |
+------------------------------------+------+
| u_ila_0_CV                         |    1 |
| design_2_zynq_ultra_ps_e_0_0       |    1 |
| design_2_system_ila_0_0            |    1 |
| design_2_rst_ps8_0_99M_0           |    1 |
| design_2_ila_0_0                   |    1 |
| design_2_RelationalCache_0_0       |    1 |
| design_2_AXI_PerfectTranslator_0_0 |    1 |
| dbg_hub_CV                         |    1 |
+------------------------------------+------+


