
*** Running vivado
    with args -log design_2_BRAM_Splitter_0_0.vds -m64 -product Vivado -mode batch -messageDb vivado.pb -notrace -source design_2_BRAM_Splitter_0_0.tcl


****** Vivado v2017.4 (64-bit)
  **** SW Build 2086221 on Fri Dec 15 20:54:30 MST 2017
  **** IP Build 2085800 on Fri Dec 15 22:25:07 MST 2017
    ** Copyright 1986-2017 Xilinx, Inc. All Rights Reserved.

source design_2_BRAM_Splitter_0_0.tcl -notrace
Command: synth_design -top design_2_BRAM_Splitter_0_0 -part xczu9eg-ffvb1156-2-e -mode out_of_context
Starting synth_design
Attempting to get a license for feature 'Synthesis' and/or device 'xczu9eg'
INFO: [Common 17-349] Got license for feature 'Synthesis' and/or device 'xczu9eg'
INFO: [Common 17-1540] The version limit for your license is '2018.09' and has expired for new software. A version limit expiration means that, although you may be able to continue to use the current version of tools or IP with this license, you will not be eligible for any updates or new releases.
INFO: Launching helper process for spawning children vivado processes
INFO: Helper process launched with PID 5302 
---------------------------------------------------------------------------------
Starting RTL Elaboration : Time (s): cpu = 00:00:06 ; elapsed = 00:00:07 . Memory (MB): peak = 1549.297 ; gain = 0.000 ; free physical = 3207 ; free virtual = 23580
---------------------------------------------------------------------------------
INFO: [Synth 8-638] synthesizing module 'design_2_BRAM_Splitter_0_0' [/home/renato/RelationalMem/ZYNQ_ULTRASCARE+_bkp_sep_20/RatMem/RatMem.srcs/sources_1/bd/design_2/ip/design_2_BRAM_Splitter_0_0/synth/design_2_BRAM_Splitter_0_0.sv:56]
INFO: [Synth 8-638] synthesizing module 'BRAM_Splitter' [/home/renato/RelationalMem/ZYNQ_ULTRASCARE+_bkp_sep_20/RatMem/RatMem.srcs/sources_1/bd/design_2/ipshared/e931/src/BRAM_Splitter.sv:24]
	Parameter BRAM_ADDR_WIDTH_IN bound to: 40 - type: integer 
	Parameter BRAM_DATA_WIDTH_IN bound to: 128 - type: integer 
	Parameter BRAM_ADDR_WIDTH_OUT bound to: 40 - type: integer 
	Parameter BRAM_DATA_WIDTH_OUT bound to: 16 - type: integer 
	Parameter C_ECC bound to: 0 - type: integer 
INFO: [Synth 8-256] done synthesizing module 'BRAM_Splitter' (1#1) [/home/renato/RelationalMem/ZYNQ_ULTRASCARE+_bkp_sep_20/RatMem/RatMem.srcs/sources_1/bd/design_2/ipshared/e931/src/BRAM_Splitter.sv:24]
INFO: [Synth 8-256] done synthesizing module 'design_2_BRAM_Splitter_0_0' (2#1) [/home/renato/RelationalMem/ZYNQ_ULTRASCARE+_bkp_sep_20/RatMem/RatMem.srcs/sources_1/bd/design_2/ip/design_2_BRAM_Splitter_0_0/synth/design_2_BRAM_Splitter_0_0.sv:56]
---------------------------------------------------------------------------------
Finished RTL Elaboration : Time (s): cpu = 00:00:07 ; elapsed = 00:00:08 . Memory (MB): peak = 1549.297 ; gain = 0.000 ; free physical = 3181 ; free virtual = 23554
---------------------------------------------------------------------------------

Report Check Netlist: 
+------+------------------+-------+---------+-------+------------------+
|      |Item              |Errors |Warnings |Status |Description       |
+------+------------------+-------+---------+-------+------------------+
|1     |multi_driven_nets |      0|        0|Passed |Multi driven nets |
+------+------------------+-------+---------+-------+------------------+
---------------------------------------------------------------------------------
Finished RTL Optimization Phase 1 : Time (s): cpu = 00:00:07 ; elapsed = 00:00:08 . Memory (MB): peak = 1549.297 ; gain = 0.000 ; free physical = 3172 ; free virtual = 23545
---------------------------------------------------------------------------------
INFO: [Device 21-403] Loading part xczu9eg-ffvb1156-2-e
INFO: [Project 1-570] Preparing netlist for logic optimization

Processing XDC Constraints
Initializing timing engine
Completed Processing XDC Constraints

INFO: [Project 1-111] Unisim Transformation Summary:
No Unisim elements were transformed.

Constraint Validation Runtime : Time (s): cpu = 00:00:00.04 ; elapsed = 00:00:00.03 . Memory (MB): peak = 2103.266 ; gain = 1.000 ; free physical = 1745 ; free virtual = 22117
---------------------------------------------------------------------------------
Finished Constraint Validation : Time (s): cpu = 00:00:28 ; elapsed = 00:00:38 . Memory (MB): peak = 2103.266 ; gain = 553.969 ; free physical = 1787 ; free virtual = 22162
---------------------------------------------------------------------------------
---------------------------------------------------------------------------------
Start Loading Part and Timing Information
---------------------------------------------------------------------------------
Loading part: xczu9eg-ffvb1156-2-e
---------------------------------------------------------------------------------
Finished Loading Part and Timing Information : Time (s): cpu = 00:00:28 ; elapsed = 00:00:38 . Memory (MB): peak = 2103.266 ; gain = 553.969 ; free physical = 1787 ; free virtual = 22162
---------------------------------------------------------------------------------
---------------------------------------------------------------------------------
Start Applying 'set_property' XDC Constraints
---------------------------------------------------------------------------------
---------------------------------------------------------------------------------
Finished applying 'set_property' XDC Constraints : Time (s): cpu = 00:00:28 ; elapsed = 00:00:38 . Memory (MB): peak = 2103.266 ; gain = 553.969 ; free physical = 1787 ; free virtual = 22162
---------------------------------------------------------------------------------
---------------------------------------------------------------------------------
Finished RTL Optimization Phase 2 : Time (s): cpu = 00:00:28 ; elapsed = 00:00:38 . Memory (MB): peak = 2103.266 ; gain = 553.969 ; free physical = 1789 ; free virtual = 22163
---------------------------------------------------------------------------------

Report RTL Partitions: 
+-+--------------+------------+----------+
| |RTL Partition |Replication |Instances |
+-+--------------+------------+----------+
+-+--------------+------------+----------+
---------------------------------------------------------------------------------
Start RTL Component Statistics 
---------------------------------------------------------------------------------
Detailed RTL Component Info : 
---------------------------------------------------------------------------------
Finished RTL Component Statistics 
---------------------------------------------------------------------------------
---------------------------------------------------------------------------------
Start RTL Hierarchical Component Statistics 
---------------------------------------------------------------------------------
Hierarchical RTL Component report 
---------------------------------------------------------------------------------
Finished RTL Hierarchical Component Statistics
---------------------------------------------------------------------------------
---------------------------------------------------------------------------------
Start Part Resource Summary
---------------------------------------------------------------------------------
Part Resources:
DSPs: 2520 (col length:168)
BRAMs: 1824 (col length: RAMB18 168 RAMB36 84)
---------------------------------------------------------------------------------
Finished Part Resource Summary
---------------------------------------------------------------------------------
---------------------------------------------------------------------------------
Start Cross Boundary and Area Optimization
---------------------------------------------------------------------------------
WARNING: [Synth 8-3330] design design_2_BRAM_Splitter_0_0 has an empty top module
---------------------------------------------------------------------------------
Finished Cross Boundary and Area Optimization : Time (s): cpu = 00:00:28 ; elapsed = 00:00:38 . Memory (MB): peak = 2103.266 ; gain = 553.969 ; free physical = 1788 ; free virtual = 22163
---------------------------------------------------------------------------------

Report RTL Partitions: 
+-+--------------+------------+----------+
| |RTL Partition |Replication |Instances |
+-+--------------+------------+----------+
+-+--------------+------------+----------+
---------------------------------------------------------------------------------
Start Applying XDC Timing Constraints
---------------------------------------------------------------------------------
---------------------------------------------------------------------------------
Finished Applying XDC Timing Constraints : Time (s): cpu = 00:00:47 ; elapsed = 00:01:15 . Memory (MB): peak = 2784.172 ; gain = 1234.875 ; free physical = 731 ; free virtual = 21103
---------------------------------------------------------------------------------
---------------------------------------------------------------------------------
Start Timing Optimization
---------------------------------------------------------------------------------
---------------------------------------------------------------------------------
Finished Timing Optimization : Time (s): cpu = 00:00:47 ; elapsed = 00:01:15 . Memory (MB): peak = 2784.172 ; gain = 1234.875 ; free physical = 731 ; free virtual = 21102
---------------------------------------------------------------------------------

Report RTL Partitions: 
+-+--------------+------------+----------+
| |RTL Partition |Replication |Instances |
+-+--------------+------------+----------+
+-+--------------+------------+----------+
---------------------------------------------------------------------------------
Start Technology Mapping
---------------------------------------------------------------------------------
---------------------------------------------------------------------------------
Finished Technology Mapping : Time (s): cpu = 00:00:47 ; elapsed = 00:01:15 . Memory (MB): peak = 2794.195 ; gain = 1244.898 ; free physical = 729 ; free virtual = 21101
---------------------------------------------------------------------------------

Report RTL Partitions: 
+-+--------------+------------+----------+
| |RTL Partition |Replication |Instances |
+-+--------------+------------+----------+
+-+--------------+------------+----------+
---------------------------------------------------------------------------------
Start IO Insertion
---------------------------------------------------------------------------------
---------------------------------------------------------------------------------
Start Flattening Before IO Insertion
---------------------------------------------------------------------------------
---------------------------------------------------------------------------------
Finished Flattening Before IO Insertion
---------------------------------------------------------------------------------
---------------------------------------------------------------------------------
Start Final Netlist Cleanup
---------------------------------------------------------------------------------
---------------------------------------------------------------------------------
Finished Final Netlist Cleanup
---------------------------------------------------------------------------------
---------------------------------------------------------------------------------
Finished IO Insertion : Time (s): cpu = 00:00:48 ; elapsed = 00:01:15 . Memory (MB): peak = 2794.195 ; gain = 1244.898 ; free physical = 714 ; free virtual = 21086
---------------------------------------------------------------------------------

Report Check Netlist: 
+------+------------------+-------+---------+-------+------------------+
|      |Item              |Errors |Warnings |Status |Description       |
+------+------------------+-------+---------+-------+------------------+
|1     |multi_driven_nets |      0|        0|Passed |Multi driven nets |
+------+------------------+-------+---------+-------+------------------+
---------------------------------------------------------------------------------
Start Renaming Generated Instances
---------------------------------------------------------------------------------
---------------------------------------------------------------------------------
Finished Renaming Generated Instances : Time (s): cpu = 00:00:48 ; elapsed = 00:01:15 . Memory (MB): peak = 2794.195 ; gain = 1244.898 ; free physical = 714 ; free virtual = 21085
---------------------------------------------------------------------------------

Report RTL Partitions: 
+-+--------------+------------+----------+
| |RTL Partition |Replication |Instances |
+-+--------------+------------+----------+
+-+--------------+------------+----------+
---------------------------------------------------------------------------------
Start Rebuilding User Hierarchy
---------------------------------------------------------------------------------
---------------------------------------------------------------------------------
Finished Rebuilding User Hierarchy : Time (s): cpu = 00:00:48 ; elapsed = 00:01:15 . Memory (MB): peak = 2794.195 ; gain = 1244.898 ; free physical = 714 ; free virtual = 21085
---------------------------------------------------------------------------------
---------------------------------------------------------------------------------
Start Renaming Generated Ports
---------------------------------------------------------------------------------
---------------------------------------------------------------------------------
Finished Renaming Generated Ports : Time (s): cpu = 00:00:48 ; elapsed = 00:01:15 . Memory (MB): peak = 2794.195 ; gain = 1244.898 ; free physical = 714 ; free virtual = 21085
---------------------------------------------------------------------------------
---------------------------------------------------------------------------------
Start Handling Custom Attributes
---------------------------------------------------------------------------------
---------------------------------------------------------------------------------
Finished Handling Custom Attributes : Time (s): cpu = 00:00:48 ; elapsed = 00:01:15 . Memory (MB): peak = 2794.195 ; gain = 1244.898 ; free physical = 714 ; free virtual = 21085
---------------------------------------------------------------------------------
---------------------------------------------------------------------------------
Start Renaming Generated Nets
---------------------------------------------------------------------------------
---------------------------------------------------------------------------------
Finished Renaming Generated Nets : Time (s): cpu = 00:00:48 ; elapsed = 00:01:15 . Memory (MB): peak = 2794.195 ; gain = 1244.898 ; free physical = 714 ; free virtual = 21085
---------------------------------------------------------------------------------
---------------------------------------------------------------------------------
Start Writing Synthesis Report
---------------------------------------------------------------------------------

Report BlackBoxes: 
+-+--------------+----------+
| |BlackBox name |Instances |
+-+--------------+----------+
+-+--------------+----------+

Report Cell Usage: 
+-+-----+------+
| |Cell |Count |
+-+-----+------+
+-+-----+------+

Report Instance Areas: 
+------+---------+-------+------+
|      |Instance |Module |Cells |
+------+---------+-------+------+
|1     |top      |       |     0|
+------+---------+-------+------+
---------------------------------------------------------------------------------
Finished Writing Synthesis Report : Time (s): cpu = 00:00:48 ; elapsed = 00:01:15 . Memory (MB): peak = 2794.195 ; gain = 1244.898 ; free physical = 714 ; free virtual = 21085
---------------------------------------------------------------------------------
Synthesis finished with 0 errors, 0 critical warnings and 1 warnings.
Synthesis Optimization Runtime : Time (s): cpu = 00:00:34 ; elapsed = 00:00:53 . Memory (MB): peak = 2794.195 ; gain = 690.930 ; free physical = 718 ; free virtual = 21090
Synthesis Optimization Complete : Time (s): cpu = 00:00:48 ; elapsed = 00:01:15 . Memory (MB): peak = 2794.203 ; gain = 1244.898 ; free physical = 716 ; free virtual = 21087
INFO: [Project 1-571] Translating synthesized netlist
INFO: [Project 1-570] Preparing netlist for logic optimization
INFO: [Opt 31-138] Pushed 0 inverter(s) to 0 load pin(s).
INFO: [Project 1-111] Unisim Transformation Summary:
No Unisim elements were transformed.

INFO: [Common 17-83] Releasing license: Synthesis
14 Infos, 1 Warnings, 0 Critical Warnings and 0 Errors encountered.
synth_design completed successfully
synth_design: Time (s): cpu = 00:00:49 ; elapsed = 00:01:16 . Memory (MB): peak = 2827.828 ; gain = 1299.906 ; free physical = 708 ; free virtual = 21080
INFO: [Common 17-1381] The checkpoint '/home/renato/RelationalMem/ZYNQ_ULTRASCARE+_bkp_sep_20/RatMem/RatMem.runs/design_2_BRAM_Splitter_0_0_synth_1/design_2_BRAM_Splitter_0_0.dcp' has been generated.
