
*** Running vivado
    with args -log design_1_vio_0_0.vds -m64 -product Vivado -mode batch -messageDb vivado.pb -notrace -source design_1_vio_0_0.tcl


****** Vivado v2017.4 (64-bit)
  **** SW Build 2086221 on Fri Dec 15 20:54:30 MST 2017
  **** IP Build 2085800 on Fri Dec 15 22:25:07 MST 2017
    ** Copyright 1986-2017 Xilinx, Inc. All Rights Reserved.

source design_1_vio_0_0.tcl -notrace
Command: synth_design -top design_1_vio_0_0 -part xczu9eg-ffvb1156-2-e -mode out_of_context
Starting synth_design
Attempting to get a license for feature 'Synthesis' and/or device 'xczu9eg'
INFO: [Common 17-349] Got license for feature 'Synthesis' and/or device 'xczu9eg'
INFO: [Common 17-1540] The version limit for your license is '2019.11' and has expired for new software. A version limit expiration means that, although you may be able to continue to use the current version of tools or IP with this license, you will not be eligible for any updates or new releases.
INFO: Launching helper process for spawning children vivado processes
INFO: Helper process launched with PID 59295 
---------------------------------------------------------------------------------
Starting RTL Elaboration : Time (s): cpu = 00:00:09 ; elapsed = 00:00:14 . Memory (MB): peak = 1545.297 ; gain = 0.000 ; free physical = 6849 ; free virtual = 79596
---------------------------------------------------------------------------------
INFO: [Synth 8-638] synthesizing module 'design_1_vio_0_0' [/home/ro0zkhosh/RelationalMem/RelationalMem/ZYNQ_ULTRASCARE+/RatMem/RatMem.srcs/sources_1/bd/design_1/ip/design_1_vio_0_0/synth/design_1_vio_0_0.v:59]
WARNING: [Synth 8-3848] Net sl_iport0 in module/entity design_1_vio_0_0 does not have driver. [/home/ro0zkhosh/RelationalMem/RelationalMem/ZYNQ_ULTRASCARE+/RatMem/RatMem.srcs/sources_1/bd/design_1/ip/design_1_vio_0_0/synth/design_1_vio_0_0.v:94]
INFO: [Synth 8-256] done synthesizing module 'design_1_vio_0_0' (8#1) [/home/ro0zkhosh/RelationalMem/RelationalMem/ZYNQ_ULTRASCARE+/RatMem/RatMem.srcs/sources_1/bd/design_1/ip/design_1_vio_0_0/synth/design_1_vio_0_0.v:59]
WARNING: [Synth 8-3331] design vio_v3_0_17_probe_out_one__parameterized1 has unconnected port Bus_rst
WARNING: [Synth 8-3331] design vio_v3_0_17_probe_out_one__parameterized1 has unconnected port Read
WARNING: [Synth 8-3331] design vio_v3_0_17_probe_out_one__parameterized1 has unconnected port Bus_Data_in[15]
WARNING: [Synth 8-3331] design vio_v3_0_17_probe_out_one__parameterized1 has unconnected port Bus_Data_in[14]
WARNING: [Synth 8-3331] design vio_v3_0_17_probe_out_one__parameterized1 has unconnected port Bus_Data_in[13]
WARNING: [Synth 8-3331] design vio_v3_0_17_probe_out_one__parameterized1 has unconnected port Bus_Data_in[12]
WARNING: [Synth 8-3331] design vio_v3_0_17_probe_out_one__parameterized1 has unconnected port Bus_Data_in[11]
WARNING: [Synth 8-3331] design vio_v3_0_17_probe_out_one__parameterized1 has unconnected port Bus_Data_in[10]
WARNING: [Synth 8-3331] design vio_v3_0_17_probe_out_one__parameterized1 has unconnected port Bus_Data_in[9]
WARNING: [Synth 8-3331] design vio_v3_0_17_probe_out_one__parameterized1 has unconnected port Bus_Data_in[8]
WARNING: [Synth 8-3331] design vio_v3_0_17_probe_out_one__parameterized1 has unconnected port Bus_Data_in[7]
WARNING: [Synth 8-3331] design vio_v3_0_17_probe_out_one__parameterized1 has unconnected port Bus_Data_in[6]
WARNING: [Synth 8-3331] design vio_v3_0_17_probe_out_one__parameterized1 has unconnected port Bus_Data_in[5]
WARNING: [Synth 8-3331] design vio_v3_0_17_probe_out_one__parameterized1 has unconnected port Bus_Data_in[4]
WARNING: [Synth 8-3331] design vio_v3_0_17_probe_out_one__parameterized1 has unconnected port Bus_Data_in[3]
WARNING: [Synth 8-3331] design vio_v3_0_17_probe_out_one__parameterized1 has unconnected port Bus_Data_in[2]
WARNING: [Synth 8-3331] design vio_v3_0_17_probe_out_one__parameterized1 has unconnected port Bus_Data_in[1]
WARNING: [Synth 8-3331] design vio_v3_0_17_probe_out_one__parameterized1 has unconnected port Internal_cnt_rst
WARNING: [Synth 8-3331] design vio_v3_0_17_probe_out_one__parameterized3 has unconnected port Bus_rst
WARNING: [Synth 8-3331] design vio_v3_0_17_probe_out_one has unconnected port Bus_rst
WARNING: [Synth 8-3331] design vio_v3_0_17_probe_out_one__parameterized2 has unconnected port Bus_rst
WARNING: [Synth 8-3331] design vio_v3_0_17_probe_out_one__parameterized2 has unconnected port Read
WARNING: [Synth 8-3331] design vio_v3_0_17_probe_out_one__parameterized2 has unconnected port Bus_Data_in[15]
WARNING: [Synth 8-3331] design vio_v3_0_17_probe_out_one__parameterized2 has unconnected port Bus_Data_in[14]
WARNING: [Synth 8-3331] design vio_v3_0_17_probe_out_one__parameterized2 has unconnected port Bus_Data_in[13]
WARNING: [Synth 8-3331] design vio_v3_0_17_probe_out_one__parameterized2 has unconnected port Bus_Data_in[12]
WARNING: [Synth 8-3331] design vio_v3_0_17_probe_out_one__parameterized2 has unconnected port Bus_Data_in[11]
WARNING: [Synth 8-3331] design vio_v3_0_17_probe_out_one__parameterized2 has unconnected port Bus_Data_in[10]
WARNING: [Synth 8-3331] design vio_v3_0_17_probe_out_one__parameterized2 has unconnected port Bus_Data_in[9]
WARNING: [Synth 8-3331] design vio_v3_0_17_probe_out_one__parameterized2 has unconnected port Bus_Data_in[8]
WARNING: [Synth 8-3331] design vio_v3_0_17_probe_out_one__parameterized2 has unconnected port Internal_cnt_rst
WARNING: [Synth 8-3331] design vio_v3_0_17_probe_out_one__parameterized0 has unconnected port Bus_rst
WARNING: [Synth 8-3331] design vio_v3_0_17_probe_out_one__parameterized0 has unconnected port Read
WARNING: [Synth 8-3331] design vio_v3_0_17_probe_out_one__parameterized0 has unconnected port Bus_Data_in[15]
WARNING: [Synth 8-3331] design vio_v3_0_17_probe_out_one__parameterized0 has unconnected port Bus_Data_in[14]
WARNING: [Synth 8-3331] design vio_v3_0_17_probe_out_one__parameterized0 has unconnected port Bus_Data_in[13]
WARNING: [Synth 8-3331] design vio_v3_0_17_probe_out_one__parameterized0 has unconnected port Bus_Data_in[12]
WARNING: [Synth 8-3331] design vio_v3_0_17_probe_out_one__parameterized0 has unconnected port Bus_Data_in[11]
WARNING: [Synth 8-3331] design vio_v3_0_17_probe_out_one__parameterized0 has unconnected port Bus_Data_in[10]
WARNING: [Synth 8-3331] design vio_v3_0_17_probe_out_one__parameterized0 has unconnected port Bus_Data_in[9]
WARNING: [Synth 8-3331] design vio_v3_0_17_probe_out_one__parameterized0 has unconnected port Bus_Data_in[8]
WARNING: [Synth 8-3331] design vio_v3_0_17_probe_out_one__parameterized0 has unconnected port Bus_Data_in[7]
WARNING: [Synth 8-3331] design vio_v3_0_17_probe_out_one__parameterized0 has unconnected port Bus_Data_in[6]
WARNING: [Synth 8-3331] design vio_v3_0_17_probe_out_one__parameterized0 has unconnected port Bus_Data_in[5]
WARNING: [Synth 8-3331] design vio_v3_0_17_probe_out_one__parameterized0 has unconnected port Internal_cnt_rst
WARNING: [Synth 8-3331] design vio_v3_0_17_vio has unconnected port probe_in7[0]
WARNING: [Synth 8-3331] design vio_v3_0_17_vio has unconnected port probe_in8[0]
WARNING: [Synth 8-3331] design vio_v3_0_17_vio has unconnected port probe_in9[0]
WARNING: [Synth 8-3331] design vio_v3_0_17_vio has unconnected port probe_in10[0]
WARNING: [Synth 8-3331] design vio_v3_0_17_vio has unconnected port probe_in11[0]
WARNING: [Synth 8-3331] design vio_v3_0_17_vio has unconnected port probe_in12[0]
WARNING: [Synth 8-3331] design vio_v3_0_17_vio has unconnected port probe_in13[0]
WARNING: [Synth 8-3331] design vio_v3_0_17_vio has unconnected port probe_in14[0]
WARNING: [Synth 8-3331] design vio_v3_0_17_vio has unconnected port probe_in15[0]
WARNING: [Synth 8-3331] design vio_v3_0_17_vio has unconnected port probe_in16[0]
WARNING: [Synth 8-3331] design vio_v3_0_17_vio has unconnected port probe_in17[0]
WARNING: [Synth 8-3331] design vio_v3_0_17_vio has unconnected port probe_in18[0]
WARNING: [Synth 8-3331] design vio_v3_0_17_vio has unconnected port probe_in19[0]
WARNING: [Synth 8-3331] design vio_v3_0_17_vio has unconnected port probe_in20[0]
WARNING: [Synth 8-3331] design vio_v3_0_17_vio has unconnected port probe_in21[0]
WARNING: [Synth 8-3331] design vio_v3_0_17_vio has unconnected port probe_in22[0]
WARNING: [Synth 8-3331] design vio_v3_0_17_vio has unconnected port probe_in23[0]
WARNING: [Synth 8-3331] design vio_v3_0_17_vio has unconnected port probe_in24[0]
WARNING: [Synth 8-3331] design vio_v3_0_17_vio has unconnected port probe_in25[0]
WARNING: [Synth 8-3331] design vio_v3_0_17_vio has unconnected port probe_in26[0]
WARNING: [Synth 8-3331] design vio_v3_0_17_vio has unconnected port probe_in27[0]
WARNING: [Synth 8-3331] design vio_v3_0_17_vio has unconnected port probe_in28[0]
WARNING: [Synth 8-3331] design vio_v3_0_17_vio has unconnected port probe_in29[0]
WARNING: [Synth 8-3331] design vio_v3_0_17_vio has unconnected port probe_in30[0]
WARNING: [Synth 8-3331] design vio_v3_0_17_vio has unconnected port probe_in31[0]
WARNING: [Synth 8-3331] design vio_v3_0_17_vio has unconnected port probe_in32[0]
WARNING: [Synth 8-3331] design vio_v3_0_17_vio has unconnected port probe_in33[0]
WARNING: [Synth 8-3331] design vio_v3_0_17_vio has unconnected port probe_in34[0]
WARNING: [Synth 8-3331] design vio_v3_0_17_vio has unconnected port probe_in35[0]
WARNING: [Synth 8-3331] design vio_v3_0_17_vio has unconnected port probe_in36[0]
WARNING: [Synth 8-3331] design vio_v3_0_17_vio has unconnected port probe_in37[0]
WARNING: [Synth 8-3331] design vio_v3_0_17_vio has unconnected port probe_in38[0]
WARNING: [Synth 8-3331] design vio_v3_0_17_vio has unconnected port probe_in39[0]
WARNING: [Synth 8-3331] design vio_v3_0_17_vio has unconnected port probe_in40[0]
WARNING: [Synth 8-3331] design vio_v3_0_17_vio has unconnected port probe_in41[0]
WARNING: [Synth 8-3331] design vio_v3_0_17_vio has unconnected port probe_in42[0]
WARNING: [Synth 8-3331] design vio_v3_0_17_vio has unconnected port probe_in43[0]
WARNING: [Synth 8-3331] design vio_v3_0_17_vio has unconnected port probe_in44[0]
WARNING: [Synth 8-3331] design vio_v3_0_17_vio has unconnected port probe_in45[0]
WARNING: [Synth 8-3331] design vio_v3_0_17_vio has unconnected port probe_in46[0]
WARNING: [Synth 8-3331] design vio_v3_0_17_vio has unconnected port probe_in47[0]
WARNING: [Synth 8-3331] design vio_v3_0_17_vio has unconnected port probe_in48[0]
WARNING: [Synth 8-3331] design vio_v3_0_17_vio has unconnected port probe_in49[0]
WARNING: [Synth 8-3331] design vio_v3_0_17_vio has unconnected port probe_in50[0]
WARNING: [Synth 8-3331] design vio_v3_0_17_vio has unconnected port probe_in51[0]
WARNING: [Synth 8-3331] design vio_v3_0_17_vio has unconnected port probe_in52[0]
WARNING: [Synth 8-3331] design vio_v3_0_17_vio has unconnected port probe_in53[0]
WARNING: [Synth 8-3331] design vio_v3_0_17_vio has unconnected port probe_in54[0]
WARNING: [Synth 8-3331] design vio_v3_0_17_vio has unconnected port probe_in55[0]
WARNING: [Synth 8-3331] design vio_v3_0_17_vio has unconnected port probe_in56[0]
WARNING: [Synth 8-3331] design vio_v3_0_17_vio has unconnected port probe_in57[0]
WARNING: [Synth 8-3331] design vio_v3_0_17_vio has unconnected port probe_in58[0]
WARNING: [Synth 8-3331] design vio_v3_0_17_vio has unconnected port probe_in59[0]
WARNING: [Synth 8-3331] design vio_v3_0_17_vio has unconnected port probe_in60[0]
WARNING: [Synth 8-3331] design vio_v3_0_17_vio has unconnected port probe_in61[0]
INFO: [Common 17-14] Message 'Synth 8-3331' appears 100 times and further instances of the messages will be disabled. Use the Tcl command set_msg_config to change the current settings.
---------------------------------------------------------------------------------
Finished RTL Elaboration : Time (s): cpu = 00:00:14 ; elapsed = 00:00:27 . Memory (MB): peak = 1545.297 ; gain = 0.000 ; free physical = 5883 ; free virtual = 78631
---------------------------------------------------------------------------------

Report Check Netlist: 
+------+------------------+-------+---------+-------+------------------+
|      |Item              |Errors |Warnings |Status |Description       |
+------+------------------+-------+---------+-------+------------------+
|1     |multi_driven_nets |      0|        0|Passed |Multi driven nets |
+------+------------------+-------+---------+-------+------------------+
WARNING: [Synth 8-3295] tying undriven pin inst:sl_iport0[36] to constant 0 [/home/ro0zkhosh/RelationalMem/RelationalMem/ZYNQ_ULTRASCARE+/RatMem/RatMem.srcs/sources_1/bd/design_1/ip/design_1_vio_0_0/synth/design_1_vio_0_0.v:884]
WARNING: [Synth 8-3295] tying undriven pin inst:sl_iport0[35] to constant 0 [/home/ro0zkhosh/RelationalMem/RelationalMem/ZYNQ_ULTRASCARE+/RatMem/RatMem.srcs/sources_1/bd/design_1/ip/design_1_vio_0_0/synth/design_1_vio_0_0.v:884]
WARNING: [Synth 8-3295] tying undriven pin inst:sl_iport0[34] to constant 0 [/home/ro0zkhosh/RelationalMem/RelationalMem/ZYNQ_ULTRASCARE+/RatMem/RatMem.srcs/sources_1/bd/design_1/ip/design_1_vio_0_0/synth/design_1_vio_0_0.v:884]
WARNING: [Synth 8-3295] tying undriven pin inst:sl_iport0[33] to constant 0 [/home/ro0zkhosh/RelationalMem/RelationalMem/ZYNQ_ULTRASCARE+/RatMem/RatMem.srcs/sources_1/bd/design_1/ip/design_1_vio_0_0/synth/design_1_vio_0_0.v:884]
WARNING: [Synth 8-3295] tying undriven pin inst:sl_iport0[32] to constant 0 [/home/ro0zkhosh/RelationalMem/RelationalMem/ZYNQ_ULTRASCARE+/RatMem/RatMem.srcs/sources_1/bd/design_1/ip/design_1_vio_0_0/synth/design_1_vio_0_0.v:884]
WARNING: [Synth 8-3295] tying undriven pin inst:sl_iport0[31] to constant 0 [/home/ro0zkhosh/RelationalMem/RelationalMem/ZYNQ_ULTRASCARE+/RatMem/RatMem.srcs/sources_1/bd/design_1/ip/design_1_vio_0_0/synth/design_1_vio_0_0.v:884]
WARNING: [Synth 8-3295] tying undriven pin inst:sl_iport0[30] to constant 0 [/home/ro0zkhosh/RelationalMem/RelationalMem/ZYNQ_ULTRASCARE+/RatMem/RatMem.srcs/sources_1/bd/design_1/ip/design_1_vio_0_0/synth/design_1_vio_0_0.v:884]
WARNING: [Synth 8-3295] tying undriven pin inst:sl_iport0[29] to constant 0 [/home/ro0zkhosh/RelationalMem/RelationalMem/ZYNQ_ULTRASCARE+/RatMem/RatMem.srcs/sources_1/bd/design_1/ip/design_1_vio_0_0/synth/design_1_vio_0_0.v:884]
WARNING: [Synth 8-3295] tying undriven pin inst:sl_iport0[28] to constant 0 [/home/ro0zkhosh/RelationalMem/RelationalMem/ZYNQ_ULTRASCARE+/RatMem/RatMem.srcs/sources_1/bd/design_1/ip/design_1_vio_0_0/synth/design_1_vio_0_0.v:884]
WARNING: [Synth 8-3295] tying undriven pin inst:sl_iport0[27] to constant 0 [/home/ro0zkhosh/RelationalMem/RelationalMem/ZYNQ_ULTRASCARE+/RatMem/RatMem.srcs/sources_1/bd/design_1/ip/design_1_vio_0_0/synth/design_1_vio_0_0.v:884]
WARNING: [Synth 8-3295] tying undriven pin inst:sl_iport0[26] to constant 0 [/home/ro0zkhosh/RelationalMem/RelationalMem/ZYNQ_ULTRASCARE+/RatMem/RatMem.srcs/sources_1/bd/design_1/ip/design_1_vio_0_0/synth/design_1_vio_0_0.v:884]
WARNING: [Synth 8-3295] tying undriven pin inst:sl_iport0[25] to constant 0 [/home/ro0zkhosh/RelationalMem/RelationalMem/ZYNQ_ULTRASCARE+/RatMem/RatMem.srcs/sources_1/bd/design_1/ip/design_1_vio_0_0/synth/design_1_vio_0_0.v:884]
WARNING: [Synth 8-3295] tying undriven pin inst:sl_iport0[24] to constant 0 [/home/ro0zkhosh/RelationalMem/RelationalMem/ZYNQ_ULTRASCARE+/RatMem/RatMem.srcs/sources_1/bd/design_1/ip/design_1_vio_0_0/synth/design_1_vio_0_0.v:884]
WARNING: [Synth 8-3295] tying undriven pin inst:sl_iport0[23] to constant 0 [/home/ro0zkhosh/RelationalMem/RelationalMem/ZYNQ_ULTRASCARE+/RatMem/RatMem.srcs/sources_1/bd/design_1/ip/design_1_vio_0_0/synth/design_1_vio_0_0.v:884]
WARNING: [Synth 8-3295] tying undriven pin inst:sl_iport0[22] to constant 0 [/home/ro0zkhosh/RelationalMem/RelationalMem/ZYNQ_ULTRASCARE+/RatMem/RatMem.srcs/sources_1/bd/design_1/ip/design_1_vio_0_0/synth/design_1_vio_0_0.v:884]
WARNING: [Synth 8-3295] tying undriven pin inst:sl_iport0[21] to constant 0 [/home/ro0zkhosh/RelationalMem/RelationalMem/ZYNQ_ULTRASCARE+/RatMem/RatMem.srcs/sources_1/bd/design_1/ip/design_1_vio_0_0/synth/design_1_vio_0_0.v:884]
WARNING: [Synth 8-3295] tying undriven pin inst:sl_iport0[20] to constant 0 [/home/ro0zkhosh/RelationalMem/RelationalMem/ZYNQ_ULTRASCARE+/RatMem/RatMem.srcs/sources_1/bd/design_1/ip/design_1_vio_0_0/synth/design_1_vio_0_0.v:884]
WARNING: [Synth 8-3295] tying undriven pin inst:sl_iport0[19] to constant 0 [/home/ro0zkhosh/RelationalMem/RelationalMem/ZYNQ_ULTRASCARE+/RatMem/RatMem.srcs/sources_1/bd/design_1/ip/design_1_vio_0_0/synth/design_1_vio_0_0.v:884]
WARNING: [Synth 8-3295] tying undriven pin inst:sl_iport0[18] to constant 0 [/home/ro0zkhosh/RelationalMem/RelationalMem/ZYNQ_ULTRASCARE+/RatMem/RatMem.srcs/sources_1/bd/design_1/ip/design_1_vio_0_0/synth/design_1_vio_0_0.v:884]
WARNING: [Synth 8-3295] tying undriven pin inst:sl_iport0[17] to constant 0 [/home/ro0zkhosh/RelationalMem/RelationalMem/ZYNQ_ULTRASCARE+/RatMem/RatMem.srcs/sources_1/bd/design_1/ip/design_1_vio_0_0/synth/design_1_vio_0_0.v:884]
WARNING: [Synth 8-3295] tying undriven pin inst:sl_iport0[16] to constant 0 [/home/ro0zkhosh/RelationalMem/RelationalMem/ZYNQ_ULTRASCARE+/RatMem/RatMem.srcs/sources_1/bd/design_1/ip/design_1_vio_0_0/synth/design_1_vio_0_0.v:884]
WARNING: [Synth 8-3295] tying undriven pin inst:sl_iport0[15] to constant 0 [/home/ro0zkhosh/RelationalMem/RelationalMem/ZYNQ_ULTRASCARE+/RatMem/RatMem.srcs/sources_1/bd/design_1/ip/design_1_vio_0_0/synth/design_1_vio_0_0.v:884]
WARNING: [Synth 8-3295] tying undriven pin inst:sl_iport0[14] to constant 0 [/home/ro0zkhosh/RelationalMem/RelationalMem/ZYNQ_ULTRASCARE+/RatMem/RatMem.srcs/sources_1/bd/design_1/ip/design_1_vio_0_0/synth/design_1_vio_0_0.v:884]
WARNING: [Synth 8-3295] tying undriven pin inst:sl_iport0[13] to constant 0 [/home/ro0zkhosh/RelationalMem/RelationalMem/ZYNQ_ULTRASCARE+/RatMem/RatMem.srcs/sources_1/bd/design_1/ip/design_1_vio_0_0/synth/design_1_vio_0_0.v:884]
WARNING: [Synth 8-3295] tying undriven pin inst:sl_iport0[12] to constant 0 [/home/ro0zkhosh/RelationalMem/RelationalMem/ZYNQ_ULTRASCARE+/RatMem/RatMem.srcs/sources_1/bd/design_1/ip/design_1_vio_0_0/synth/design_1_vio_0_0.v:884]
WARNING: [Synth 8-3295] tying undriven pin inst:sl_iport0[11] to constant 0 [/home/ro0zkhosh/RelationalMem/RelationalMem/ZYNQ_ULTRASCARE+/RatMem/RatMem.srcs/sources_1/bd/design_1/ip/design_1_vio_0_0/synth/design_1_vio_0_0.v:884]
WARNING: [Synth 8-3295] tying undriven pin inst:sl_iport0[10] to constant 0 [/home/ro0zkhosh/RelationalMem/RelationalMem/ZYNQ_ULTRASCARE+/RatMem/RatMem.srcs/sources_1/bd/design_1/ip/design_1_vio_0_0/synth/design_1_vio_0_0.v:884]
WARNING: [Synth 8-3295] tying undriven pin inst:sl_iport0[9] to constant 0 [/home/ro0zkhosh/RelationalMem/RelationalMem/ZYNQ_ULTRASCARE+/RatMem/RatMem.srcs/sources_1/bd/design_1/ip/design_1_vio_0_0/synth/design_1_vio_0_0.v:884]
WARNING: [Synth 8-3295] tying undriven pin inst:sl_iport0[8] to constant 0 [/home/ro0zkhosh/RelationalMem/RelationalMem/ZYNQ_ULTRASCARE+/RatMem/RatMem.srcs/sources_1/bd/design_1/ip/design_1_vio_0_0/synth/design_1_vio_0_0.v:884]
WARNING: [Synth 8-3295] tying undriven pin inst:sl_iport0[7] to constant 0 [/home/ro0zkhosh/RelationalMem/RelationalMem/ZYNQ_ULTRASCARE+/RatMem/RatMem.srcs/sources_1/bd/design_1/ip/design_1_vio_0_0/synth/design_1_vio_0_0.v:884]
WARNING: [Synth 8-3295] tying undriven pin inst:sl_iport0[6] to constant 0 [/home/ro0zkhosh/RelationalMem/RelationalMem/ZYNQ_ULTRASCARE+/RatMem/RatMem.srcs/sources_1/bd/design_1/ip/design_1_vio_0_0/synth/design_1_vio_0_0.v:884]
WARNING: [Synth 8-3295] tying undriven pin inst:sl_iport0[5] to constant 0 [/home/ro0zkhosh/RelationalMem/RelationalMem/ZYNQ_ULTRASCARE+/RatMem/RatMem.srcs/sources_1/bd/design_1/ip/design_1_vio_0_0/synth/design_1_vio_0_0.v:884]
WARNING: [Synth 8-3295] tying undriven pin inst:sl_iport0[4] to constant 0 [/home/ro0zkhosh/RelationalMem/RelationalMem/ZYNQ_ULTRASCARE+/RatMem/RatMem.srcs/sources_1/bd/design_1/ip/design_1_vio_0_0/synth/design_1_vio_0_0.v:884]
WARNING: [Synth 8-3295] tying undriven pin inst:sl_iport0[3] to constant 0 [/home/ro0zkhosh/RelationalMem/RelationalMem/ZYNQ_ULTRASCARE+/RatMem/RatMem.srcs/sources_1/bd/design_1/ip/design_1_vio_0_0/synth/design_1_vio_0_0.v:884]
WARNING: [Synth 8-3295] tying undriven pin inst:sl_iport0[2] to constant 0 [/home/ro0zkhosh/RelationalMem/RelationalMem/ZYNQ_ULTRASCARE+/RatMem/RatMem.srcs/sources_1/bd/design_1/ip/design_1_vio_0_0/synth/design_1_vio_0_0.v:884]
WARNING: [Synth 8-3295] tying undriven pin inst:sl_iport0[1] to constant 0 [/home/ro0zkhosh/RelationalMem/RelationalMem/ZYNQ_ULTRASCARE+/RatMem/RatMem.srcs/sources_1/bd/design_1/ip/design_1_vio_0_0/synth/design_1_vio_0_0.v:884]
WARNING: [Synth 8-3295] tying undriven pin inst:sl_iport0[0] to constant 0 [/home/ro0zkhosh/RelationalMem/RelationalMem/ZYNQ_ULTRASCARE+/RatMem/RatMem.srcs/sources_1/bd/design_1/ip/design_1_vio_0_0/synth/design_1_vio_0_0.v:884]
---------------------------------------------------------------------------------
Finished RTL Optimization Phase 1 : Time (s): cpu = 00:00:15 ; elapsed = 00:00:27 . Memory (MB): peak = 1545.297 ; gain = 0.000 ; free physical = 5865 ; free virtual = 78613
---------------------------------------------------------------------------------
INFO: [Device 21-403] Loading part xczu9eg-ffvb1156-2-e
INFO: [Project 1-570] Preparing netlist for logic optimization

Processing XDC Constraints
Initializing timing engine
Parsing XDC File [/home/ro0zkhosh/RelationalMem/RelationalMem/ZYNQ_ULTRASCARE+/RatMem/RatMem.srcs/sources_1/bd/design_1/ip/design_1_vio_0_0/design_1_vio_0_0_ooc.xdc]
Finished Parsing XDC File [/home/ro0zkhosh/RelationalMem/RelationalMem/ZYNQ_ULTRASCARE+/RatMem/RatMem.srcs/sources_1/bd/design_1/ip/design_1_vio_0_0/design_1_vio_0_0_ooc.xdc]
Parsing XDC File [/home/ro0zkhosh/RelationalMem/RelationalMem/ZYNQ_ULTRASCARE+/RatMem/RatMem.srcs/sources_1/bd/design_1/ip/design_1_vio_0_0/design_1_vio_0_0.xdc]
Finished Parsing XDC File [/home/ro0zkhosh/RelationalMem/RelationalMem/ZYNQ_ULTRASCARE+/RatMem/RatMem.srcs/sources_1/bd/design_1/ip/design_1_vio_0_0/design_1_vio_0_0.xdc]
Completed Processing XDC Constraints

INFO: [Project 1-111] Unisim Transformation Summary:
No Unisim elements were transformed.

Constraint Validation Runtime : Time (s): cpu = 00:00:00.08 ; elapsed = 00:00:00.03 . Memory (MB): peak = 2213.664 ; gain = 0.000 ; free physical = 3466 ; free virtual = 76215
---------------------------------------------------------------------------------
Finished Constraint Validation : Time (s): cpu = 00:00:35 ; elapsed = 00:00:56 . Memory (MB): peak = 2213.664 ; gain = 668.367 ; free physical = 3279 ; free virtual = 76028
---------------------------------------------------------------------------------
---------------------------------------------------------------------------------
Start Loading Part and Timing Information
---------------------------------------------------------------------------------
Loading part: xczu9eg-ffvb1156-2-e
---------------------------------------------------------------------------------
Finished Loading Part and Timing Information : Time (s): cpu = 00:00:35 ; elapsed = 00:00:56 . Memory (MB): peak = 2213.664 ; gain = 668.367 ; free physical = 3278 ; free virtual = 76026
---------------------------------------------------------------------------------
---------------------------------------------------------------------------------
Start Applying 'set_property' XDC Constraints
---------------------------------------------------------------------------------
---------------------------------------------------------------------------------
Finished applying 'set_property' XDC Constraints : Time (s): cpu = 00:00:35 ; elapsed = 00:00:56 . Memory (MB): peak = 2213.664 ; gain = 668.367 ; free physical = 3278 ; free virtual = 76026
---------------------------------------------------------------------------------
INFO: [Synth 8-5546] ROM "wr_probe_out" won't be mapped to RAM because it is too sparse
INFO: [Synth 8-5546] ROM "wr_probe_out" won't be mapped to RAM because it is too sparse
INFO: [Synth 8-5546] ROM "wr_probe_out" won't be mapped to RAM because it is too sparse
INFO: [Synth 8-5546] ROM "wr_probe_out" won't be mapped to RAM because it is too sparse
INFO: [Synth 8-5546] ROM "wr_probe_out" won't be mapped to RAM because it is too sparse
INFO: [Synth 8-5546] ROM "wr_probe_out" won't be mapped to RAM because it is too sparse
INFO: [Synth 8-5546] ROM "wr_probe_out" won't be mapped to RAM because it is too sparse
INFO: [Synth 8-5546] ROM "wr_probe_out" won't be mapped to RAM because it is too sparse
INFO: [Synth 8-5546] ROM "wr_probe_out" won't be mapped to RAM because it is too sparse
INFO: [Synth 8-5546] ROM "wr_en_int0" won't be mapped to RAM because it is too sparse
INFO: [Synth 8-5546] ROM "wr_en_int0" won't be mapped to RAM because it is too sparse
INFO: [Synth 8-5546] ROM "wr_en_int0" won't be mapped to RAM because it is too sparse
INFO: [Synth 8-5546] ROM "wr_en_int0" won't be mapped to RAM because it is too sparse
INFO: [Synth 8-5546] ROM "wr_en_int0" won't be mapped to RAM because it is too sparse
INFO: [Synth 8-5546] ROM "rd_en_int0" won't be mapped to RAM because it is too sparse
INFO: [Synth 8-5546] ROM "rd_en_int0" won't be mapped to RAM because it is too sparse
---------------------------------------------------------------------------------
Finished RTL Optimization Phase 2 : Time (s): cpu = 00:00:36 ; elapsed = 00:00:57 . Memory (MB): peak = 2213.664 ; gain = 668.367 ; free physical = 3205 ; free virtual = 75953
---------------------------------------------------------------------------------

Report RTL Partitions: 
+-+--------------+------------+----------+
| |RTL Partition |Replication |Instances |
+-+--------------+------------+----------+
+-+--------------+------------+----------+
---------------------------------------------------------------------------------
Start RTL Component Statistics 
---------------------------------------------------------------------------------
Detailed RTL Component Info : 
+---Adders : 
	   2 Input      7 Bit       Adders := 1     
	   2 Input      4 Bit       Adders := 1     
	   2 Input      3 Bit       Adders := 1     
	   2 Input      2 Bit       Adders := 3     
+---Registers : 
	              261 Bit    Registers := 3     
	              128 Bit    Registers := 2     
	               32 Bit    Registers := 2     
	               16 Bit    Registers := 28    
	               15 Bit    Registers := 1     
	               13 Bit    Registers := 1     
	                8 Bit    Registers := 2     
	                7 Bit    Registers := 2     
	                5 Bit    Registers := 2     
	                4 Bit    Registers := 2     
	                3 Bit    Registers := 3     
	                2 Bit    Registers := 3     
	                1 Bit    Registers := 26    
+---Muxes : 
	   2 Input     16 Bit        Muxes := 4     
	   4 Input     15 Bit        Muxes := 1     
	   5 Input     13 Bit        Muxes := 1     
	   2 Input      1 Bit        Muxes := 24    
---------------------------------------------------------------------------------
Finished RTL Component Statistics 
---------------------------------------------------------------------------------
---------------------------------------------------------------------------------
Start RTL Hierarchical Component Statistics 
---------------------------------------------------------------------------------
Hierarchical RTL Component report 
Module vio_v3_0_17_probe_in_one 
Detailed RTL Component Info : 
+---Adders : 
	   2 Input      7 Bit       Adders := 1     
+---Registers : 
	              261 Bit    Registers := 3     
	               16 Bit    Registers := 1     
	                7 Bit    Registers := 1     
	                1 Bit    Registers := 2     
Module vio_v3_0_17_probe_width 
Detailed RTL Component Info : 
+---Adders : 
	   2 Input      2 Bit       Adders := 1     
+---Registers : 
	               15 Bit    Registers := 1     
	                2 Bit    Registers := 1     
+---Muxes : 
	   4 Input     15 Bit        Muxes := 1     
Module vio_v3_0_17_probe_out_one 
Detailed RTL Component Info : 
+---Adders : 
	   2 Input      2 Bit       Adders := 1     
+---Registers : 
	               32 Bit    Registers := 1     
	               16 Bit    Registers := 3     
	                2 Bit    Registers := 1     
+---Muxes : 
	   2 Input     16 Bit        Muxes := 1     
Module vio_v3_0_17_probe_out_one__parameterized0 
Detailed RTL Component Info : 
+---Registers : 
	               16 Bit    Registers := 1     
	                5 Bit    Registers := 1     
+---Muxes : 
	   2 Input      1 Bit        Muxes := 1     
Module vio_v3_0_17_probe_out_one__parameterized1 
Detailed RTL Component Info : 
+---Registers : 
	               16 Bit    Registers := 1     
	                1 Bit    Registers := 1     
+---Muxes : 
	   2 Input      1 Bit        Muxes := 1     
Module vio_v3_0_17_probe_out_one__parameterized2 
Detailed RTL Component Info : 
+---Registers : 
	               16 Bit    Registers := 1     
	                8 Bit    Registers := 1     
+---Muxes : 
	   2 Input      1 Bit        Muxes := 1     
Module vio_v3_0_17_probe_out_one__parameterized3 
Detailed RTL Component Info : 
+---Adders : 
	   2 Input      4 Bit       Adders := 1     
+---Registers : 
	              128 Bit    Registers := 1     
	               16 Bit    Registers := 9     
	                4 Bit    Registers := 1     
Module vio_v3_0_17_probe_out_all 
Detailed RTL Component Info : 
+---Registers : 
	               16 Bit    Registers := 1     
	                4 Bit    Registers := 1     
	                1 Bit    Registers := 11    
+---Muxes : 
	   2 Input      1 Bit        Muxes := 10    
Module vio_v3_0_17_probe_width__parameterized0 
Detailed RTL Component Info : 
+---Adders : 
	   2 Input      3 Bit       Adders := 1     
+---Registers : 
	               13 Bit    Registers := 1     
	                3 Bit    Registers := 1     
+---Muxes : 
	   5 Input     13 Bit        Muxes := 1     
Module xsdbs_v1_0_2_xsdbs 
Detailed RTL Component Info : 
+---Registers : 
	              128 Bit    Registers := 1     
	               16 Bit    Registers := 2     
	                1 Bit    Registers := 1     
+---Muxes : 
	   2 Input     16 Bit        Muxes := 1     
	   2 Input      1 Bit        Muxes := 1     
Module vio_v3_0_17_decoder 
Detailed RTL Component Info : 
+---Registers : 
	               16 Bit    Registers := 2     
	                7 Bit    Registers := 1     
	                5 Bit    Registers := 1     
	                3 Bit    Registers := 2     
	                1 Bit    Registers := 9     
+---Muxes : 
	   2 Input     16 Bit        Muxes := 1     
	   2 Input      1 Bit        Muxes := 7     
Module vio_v3_0_17_vio 
Detailed RTL Component Info : 
+---Registers : 
	               16 Bit    Registers := 1     
---------------------------------------------------------------------------------
Finished RTL Hierarchical Component Statistics
---------------------------------------------------------------------------------
---------------------------------------------------------------------------------
Start Part Resource Summary
---------------------------------------------------------------------------------
Part Resources:
DSPs: 2520 (col length:168)
BRAMs: 1824 (col length: RAMB18 168 RAMB36 84)
---------------------------------------------------------------------------------
Finished Part Resource Summary
---------------------------------------------------------------------------------
---------------------------------------------------------------------------------
Start Cross Boundary and Area Optimization
---------------------------------------------------------------------------------
INFO: [Synth 8-5546] ROM "wr_probe_out" won't be mapped to RAM because it is too sparse
INFO: [Synth 8-5546] ROM "wr_probe_out" won't be mapped to RAM because it is too sparse
INFO: [Synth 8-5546] ROM "wr_probe_out" won't be mapped to RAM because it is too sparse
INFO: [Synth 8-5546] ROM "wr_probe_out" won't be mapped to RAM because it is too sparse
INFO: [Synth 8-5546] ROM "wr_probe_out" won't be mapped to RAM because it is too sparse
INFO: [Synth 8-5546] ROM "wr_probe_out" won't be mapped to RAM because it is too sparse
INFO: [Synth 8-5546] ROM "wr_probe_out" won't be mapped to RAM because it is too sparse
INFO: [Synth 8-5546] ROM "wr_probe_out" won't be mapped to RAM because it is too sparse
INFO: [Synth 8-5546] ROM "wr_probe_out" won't be mapped to RAM because it is too sparse
INFO: [Synth 8-5546] ROM "PROBE_OUT_ALL_INST/wr_probe_out" won't be mapped to RAM because it is too sparse
INFO: [Synth 8-5546] ROM "PROBE_OUT_ALL_INST/wr_probe_out" won't be mapped to RAM because it is too sparse
INFO: [Synth 8-5546] ROM "PROBE_OUT_ALL_INST/wr_probe_out" won't be mapped to RAM because it is too sparse
INFO: [Synth 8-5546] ROM "PROBE_OUT_ALL_INST/wr_probe_out" won't be mapped to RAM because it is too sparse
INFO: [Synth 8-5546] ROM "PROBE_OUT_ALL_INST/wr_probe_out" won't be mapped to RAM because it is too sparse
INFO: [Synth 8-5546] ROM "PROBE_OUT_ALL_INST/wr_probe_out" won't be mapped to RAM because it is too sparse
INFO: [Synth 8-5546] ROM "PROBE_OUT_ALL_INST/wr_probe_out" won't be mapped to RAM because it is too sparse
INFO: [Synth 8-5546] ROM "PROBE_OUT_ALL_INST/wr_probe_out" won't be mapped to RAM because it is too sparse
INFO: [Synth 8-5546] ROM "PROBE_OUT_ALL_INST/wr_probe_out" won't be mapped to RAM because it is too sparse
INFO: [Synth 8-5546] ROM "DECODER_INST/wr_en_int0" won't be mapped to RAM because it is too sparse
INFO: [Synth 8-5546] ROM "DECODER_INST/wr_en_int0" won't be mapped to RAM because it is too sparse
INFO: [Synth 8-5546] ROM "DECODER_INST/wr_en_int0" won't be mapped to RAM because it is too sparse
INFO: [Synth 8-5546] ROM "DECODER_INST/wr_en_int0" won't be mapped to RAM because it is too sparse
INFO: [Synth 8-5546] ROM "DECODER_INST/wr_en_int0" won't be mapped to RAM because it is too sparse
INFO: [Synth 8-5546] ROM "DECODER_INST/rd_en_int0" won't be mapped to RAM because it is too sparse
INFO: [Synth 8-5546] ROM "DECODER_INST/rd_en_int0" won't be mapped to RAM because it is too sparse
INFO: [Synth 8-3886] merging instance 'inst/PROBE_OUT_ALL_INST/G_PROBE_OUT[8].PROBE_OUT0_INST/data_int_reg[1]' (FDRE) to 'inst/PROBE_OUT_ALL_INST/G_PROBE_OUT[8].PROBE_OUT0_INST/data_int_reg[2]'
INFO: [Synth 8-3886] merging instance 'inst/PROBE_OUT_ALL_INST/G_PROBE_OUT[7].PROBE_OUT0_INST/data_int_reg[1]' (FDRE) to 'inst/PROBE_OUT_ALL_INST/G_PROBE_OUT[7].PROBE_OUT0_INST/data_int_reg[2]'
INFO: [Synth 8-3886] merging instance 'inst/PROBE_OUT_ALL_INST/G_PROBE_OUT[2].PROBE_OUT0_INST/data_int_reg[1]' (FDRE) to 'inst/PROBE_OUT_ALL_INST/G_PROBE_OUT[2].PROBE_OUT0_INST/data_int_reg[2]'
INFO: [Synth 8-3886] merging instance 'inst/PROBE_OUT_ALL_INST/G_PROBE_OUT[8].PROBE_OUT0_INST/data_int_reg[2]' (FDRE) to 'inst/PROBE_OUT_ALL_INST/G_PROBE_OUT[8].PROBE_OUT0_INST/data_int_reg[3]'
INFO: [Synth 8-3886] merging instance 'inst/PROBE_OUT_ALL_INST/G_PROBE_OUT[7].PROBE_OUT0_INST/data_int_reg[2]' (FDRE) to 'inst/PROBE_OUT_ALL_INST/G_PROBE_OUT[7].PROBE_OUT0_INST/data_int_reg[3]'
INFO: [Synth 8-3886] merging instance 'inst/PROBE_OUT_ALL_INST/G_PROBE_OUT[2].PROBE_OUT0_INST/data_int_reg[2]' (FDRE) to 'inst/PROBE_OUT_ALL_INST/G_PROBE_OUT[2].PROBE_OUT0_INST/data_int_reg[3]'
INFO: [Synth 8-3886] merging instance 'inst/PROBE_OUT_ALL_INST/G_PROBE_OUT[8].PROBE_OUT0_INST/data_int_reg[3]' (FDRE) to 'inst/PROBE_OUT_ALL_INST/G_PROBE_OUT[8].PROBE_OUT0_INST/data_int_reg[4]'
INFO: [Synth 8-3886] merging instance 'inst/PROBE_OUT_ALL_INST/G_PROBE_OUT[7].PROBE_OUT0_INST/data_int_reg[3]' (FDRE) to 'inst/PROBE_OUT_ALL_INST/G_PROBE_OUT[7].PROBE_OUT0_INST/data_int_reg[4]'
INFO: [Synth 8-3886] merging instance 'inst/PROBE_OUT_ALL_INST/G_PROBE_OUT[2].PROBE_OUT0_INST/data_int_reg[3]' (FDRE) to 'inst/PROBE_OUT_ALL_INST/G_PROBE_OUT[2].PROBE_OUT0_INST/data_int_reg[4]'
INFO: [Synth 8-3886] merging instance 'inst/PROBE_OUT_ALL_INST/G_PROBE_OUT[8].PROBE_OUT0_INST/data_int_reg[4]' (FDRE) to 'inst/PROBE_OUT_ALL_INST/G_PROBE_OUT[8].PROBE_OUT0_INST/data_int_reg[5]'
INFO: [Synth 8-3886] merging instance 'inst/PROBE_OUT_ALL_INST/G_PROBE_OUT[7].PROBE_OUT0_INST/data_int_reg[4]' (FDRE) to 'inst/PROBE_OUT_ALL_INST/G_PROBE_OUT[7].PROBE_OUT0_INST/data_int_reg[5]'
INFO: [Synth 8-3886] merging instance 'inst/PROBE_OUT_ALL_INST/G_PROBE_OUT[2].PROBE_OUT0_INST/data_int_reg[4]' (FDRE) to 'inst/PROBE_OUT_ALL_INST/G_PROBE_OUT[2].PROBE_OUT0_INST/data_int_reg[5]'
INFO: [Synth 8-3886] merging instance 'inst/PROBE_OUT_ALL_INST/G_PROBE_OUT[8].PROBE_OUT0_INST/data_int_reg[5]' (FDRE) to 'inst/PROBE_OUT_ALL_INST/G_PROBE_OUT[8].PROBE_OUT0_INST/data_int_reg[6]'
INFO: [Synth 8-3886] merging instance 'inst/PROBE_OUT_ALL_INST/G_PROBE_OUT[7].PROBE_OUT0_INST/data_int_reg[5]' (FDRE) to 'inst/PROBE_OUT_ALL_INST/G_PROBE_OUT[7].PROBE_OUT0_INST/data_int_reg[6]'
INFO: [Synth 8-3886] merging instance 'inst/PROBE_OUT_ALL_INST/G_PROBE_OUT[2].PROBE_OUT0_INST/data_int_reg[5]' (FDRE) to 'inst/PROBE_OUT_ALL_INST/G_PROBE_OUT[2].PROBE_OUT0_INST/data_int_reg[6]'
INFO: [Synth 8-3886] merging instance 'inst/PROBE_OUT_ALL_INST/G_PROBE_OUT[1].PROBE_OUT0_INST/data_int_reg[5]' (FDRE) to 'inst/PROBE_OUT_ALL_INST/G_PROBE_OUT[1].PROBE_OUT0_INST/data_int_reg[6]'
INFO: [Synth 8-3886] merging instance 'inst/PROBE_OUT_ALL_INST/G_PROBE_OUT[8].PROBE_OUT0_INST/data_int_reg[6]' (FDRE) to 'inst/PROBE_OUT_ALL_INST/G_PROBE_OUT[8].PROBE_OUT0_INST/data_int_reg[7]'
INFO: [Synth 8-3886] merging instance 'inst/PROBE_OUT_ALL_INST/G_PROBE_OUT[7].PROBE_OUT0_INST/data_int_reg[6]' (FDRE) to 'inst/PROBE_OUT_ALL_INST/G_PROBE_OUT[7].PROBE_OUT0_INST/data_int_reg[7]'
INFO: [Synth 8-3886] merging instance 'inst/PROBE_OUT_ALL_INST/G_PROBE_OUT[2].PROBE_OUT0_INST/data_int_reg[6]' (FDRE) to 'inst/PROBE_OUT_ALL_INST/G_PROBE_OUT[2].PROBE_OUT0_INST/data_int_reg[7]'
INFO: [Synth 8-3886] merging instance 'inst/PROBE_OUT_ALL_INST/G_PROBE_OUT[1].PROBE_OUT0_INST/data_int_reg[6]' (FDRE) to 'inst/PROBE_OUT_ALL_INST/G_PROBE_OUT[1].PROBE_OUT0_INST/data_int_reg[7]'
INFO: [Synth 8-3886] merging instance 'inst/PROBE_OUT_ALL_INST/G_PROBE_OUT[8].PROBE_OUT0_INST/data_int_reg[7]' (FDRE) to 'inst/PROBE_OUT_ALL_INST/G_PROBE_OUT[8].PROBE_OUT0_INST/data_int_reg[8]'
INFO: [Synth 8-3886] merging instance 'inst/PROBE_OUT_ALL_INST/G_PROBE_OUT[7].PROBE_OUT0_INST/data_int_reg[7]' (FDRE) to 'inst/PROBE_OUT_ALL_INST/G_PROBE_OUT[7].PROBE_OUT0_INST/data_int_reg[8]'
INFO: [Synth 8-3886] merging instance 'inst/PROBE_OUT_ALL_INST/G_PROBE_OUT[2].PROBE_OUT0_INST/data_int_reg[7]' (FDRE) to 'inst/PROBE_OUT_ALL_INST/G_PROBE_OUT[2].PROBE_OUT0_INST/data_int_reg[8]'
INFO: [Synth 8-3886] merging instance 'inst/PROBE_OUT_ALL_INST/G_PROBE_OUT[1].PROBE_OUT0_INST/data_int_reg[7]' (FDRE) to 'inst/PROBE_OUT_ALL_INST/G_PROBE_OUT[1].PROBE_OUT0_INST/data_int_reg[8]'
INFO: [Synth 8-3886] merging instance 'inst/PROBE_OUT_ALL_INST/G_PROBE_OUT[8].PROBE_OUT0_INST/data_int_reg[8]' (FDRE) to 'inst/PROBE_OUT_ALL_INST/G_PROBE_OUT[8].PROBE_OUT0_INST/data_int_reg[9]'
INFO: [Synth 8-3886] merging instance 'inst/PROBE_OUT_ALL_INST/G_PROBE_OUT[7].PROBE_OUT0_INST/data_int_reg[8]' (FDRE) to 'inst/PROBE_OUT_ALL_INST/G_PROBE_OUT[7].PROBE_OUT0_INST/data_int_reg[9]'
INFO: [Synth 8-3886] merging instance 'inst/PROBE_OUT_ALL_INST/G_PROBE_OUT[4].PROBE_OUT0_INST/data_int_reg[8]' (FDRE) to 'inst/PROBE_OUT_ALL_INST/G_PROBE_OUT[4].PROBE_OUT0_INST/data_int_reg[9]'
INFO: [Synth 8-3886] merging instance 'inst/PROBE_OUT_ALL_INST/G_PROBE_OUT[3].PROBE_OUT0_INST/data_int_reg[8]' (FDRE) to 'inst/PROBE_OUT_ALL_INST/G_PROBE_OUT[3].PROBE_OUT0_INST/data_int_reg[9]'
INFO: [Synth 8-3886] merging instance 'inst/PROBE_OUT_ALL_INST/G_PROBE_OUT[2].PROBE_OUT0_INST/data_int_reg[8]' (FDRE) to 'inst/PROBE_OUT_ALL_INST/G_PROBE_OUT[2].PROBE_OUT0_INST/data_int_reg[9]'
INFO: [Synth 8-3886] merging instance 'inst/PROBE_OUT_ALL_INST/G_PROBE_OUT[1].PROBE_OUT0_INST/data_int_reg[8]' (FDRE) to 'inst/PROBE_OUT_ALL_INST/G_PROBE_OUT[1].PROBE_OUT0_INST/data_int_reg[9]'
INFO: [Synth 8-3886] merging instance 'inst/PROBE_OUT_ALL_INST/G_PROBE_OUT[8].PROBE_OUT0_INST/data_int_reg[9]' (FDRE) to 'inst/PROBE_OUT_ALL_INST/G_PROBE_OUT[8].PROBE_OUT0_INST/data_int_reg[10]'
INFO: [Synth 8-3886] merging instance 'inst/PROBE_OUT_ALL_INST/G_PROBE_OUT[7].PROBE_OUT0_INST/data_int_reg[9]' (FDRE) to 'inst/PROBE_OUT_ALL_INST/G_PROBE_OUT[7].PROBE_OUT0_INST/data_int_reg[10]'
INFO: [Synth 8-3886] merging instance 'inst/PROBE_OUT_ALL_INST/G_PROBE_OUT[4].PROBE_OUT0_INST/data_int_reg[9]' (FDRE) to 'inst/PROBE_OUT_ALL_INST/G_PROBE_OUT[4].PROBE_OUT0_INST/data_int_reg[10]'
INFO: [Synth 8-3886] merging instance 'inst/PROBE_OUT_ALL_INST/G_PROBE_OUT[3].PROBE_OUT0_INST/data_int_reg[9]' (FDRE) to 'inst/PROBE_OUT_ALL_INST/G_PROBE_OUT[3].PROBE_OUT0_INST/data_int_reg[10]'
INFO: [Synth 8-3886] merging instance 'inst/PROBE_OUT_ALL_INST/G_PROBE_OUT[2].PROBE_OUT0_INST/data_int_reg[9]' (FDRE) to 'inst/PROBE_OUT_ALL_INST/G_PROBE_OUT[2].PROBE_OUT0_INST/data_int_reg[10]'
INFO: [Synth 8-3886] merging instance 'inst/PROBE_OUT_ALL_INST/G_PROBE_OUT[1].PROBE_OUT0_INST/data_int_reg[9]' (FDRE) to 'inst/PROBE_OUT_ALL_INST/G_PROBE_OUT[1].PROBE_OUT0_INST/data_int_reg[10]'
INFO: [Synth 8-3886] merging instance 'inst/PROBE_OUT_ALL_INST/G_PROBE_OUT[8].PROBE_OUT0_INST/data_int_reg[10]' (FDRE) to 'inst/PROBE_OUT_ALL_INST/G_PROBE_OUT[8].PROBE_OUT0_INST/data_int_reg[11]'
INFO: [Synth 8-3886] merging instance 'inst/PROBE_OUT_ALL_INST/G_PROBE_OUT[7].PROBE_OUT0_INST/data_int_reg[10]' (FDRE) to 'inst/PROBE_OUT_ALL_INST/G_PROBE_OUT[7].PROBE_OUT0_INST/data_int_reg[11]'
INFO: [Synth 8-3886] merging instance 'inst/PROBE_OUT_ALL_INST/G_PROBE_OUT[4].PROBE_OUT0_INST/data_int_reg[10]' (FDRE) to 'inst/PROBE_OUT_ALL_INST/G_PROBE_OUT[4].PROBE_OUT0_INST/data_int_reg[11]'
INFO: [Synth 8-3886] merging instance 'inst/PROBE_OUT_ALL_INST/G_PROBE_OUT[3].PROBE_OUT0_INST/data_int_reg[10]' (FDRE) to 'inst/PROBE_OUT_ALL_INST/G_PROBE_OUT[3].PROBE_OUT0_INST/data_int_reg[11]'
INFO: [Synth 8-3886] merging instance 'inst/PROBE_OUT_ALL_INST/G_PROBE_OUT[2].PROBE_OUT0_INST/data_int_reg[10]' (FDRE) to 'inst/PROBE_OUT_ALL_INST/G_PROBE_OUT[2].PROBE_OUT0_INST/data_int_reg[11]'
INFO: [Synth 8-3886] merging instance 'inst/PROBE_OUT_ALL_INST/G_PROBE_OUT[1].PROBE_OUT0_INST/data_int_reg[10]' (FDRE) to 'inst/PROBE_OUT_ALL_INST/G_PROBE_OUT[1].PROBE_OUT0_INST/data_int_reg[11]'
INFO: [Synth 8-3886] merging instance 'inst/PROBE_OUT_ALL_INST/G_PROBE_OUT[8].PROBE_OUT0_INST/data_int_reg[11]' (FDRE) to 'inst/PROBE_OUT_ALL_INST/G_PROBE_OUT[8].PROBE_OUT0_INST/data_int_reg[12]'
INFO: [Synth 8-3886] merging instance 'inst/PROBE_OUT_ALL_INST/G_PROBE_OUT[7].PROBE_OUT0_INST/data_int_reg[11]' (FDRE) to 'inst/PROBE_OUT_ALL_INST/G_PROBE_OUT[7].PROBE_OUT0_INST/data_int_reg[12]'
INFO: [Synth 8-3886] merging instance 'inst/PROBE_OUT_ALL_INST/G_PROBE_OUT[4].PROBE_OUT0_INST/data_int_reg[11]' (FDRE) to 'inst/PROBE_OUT_ALL_INST/G_PROBE_OUT[4].PROBE_OUT0_INST/data_int_reg[12]'
INFO: [Synth 8-3886] merging instance 'inst/PROBE_OUT_ALL_INST/G_PROBE_OUT[3].PROBE_OUT0_INST/data_int_reg[11]' (FDRE) to 'inst/PROBE_OUT_ALL_INST/G_PROBE_OUT[3].PROBE_OUT0_INST/data_int_reg[12]'
INFO: [Synth 8-3886] merging instance 'inst/PROBE_OUT_ALL_INST/G_PROBE_OUT[2].PROBE_OUT0_INST/data_int_reg[11]' (FDRE) to 'inst/PROBE_OUT_ALL_INST/G_PROBE_OUT[2].PROBE_OUT0_INST/data_int_reg[12]'
INFO: [Synth 8-3886] merging instance 'inst/PROBE_OUT_ALL_INST/G_PROBE_OUT[1].PROBE_OUT0_INST/data_int_reg[11]' (FDRE) to 'inst/PROBE_OUT_ALL_INST/G_PROBE_OUT[1].PROBE_OUT0_INST/data_int_reg[12]'
INFO: [Synth 8-3886] merging instance 'inst/PROBE_OUT_ALL_INST/G_PROBE_OUT[8].PROBE_OUT0_INST/data_int_reg[12]' (FDRE) to 'inst/PROBE_OUT_ALL_INST/G_PROBE_OUT[8].PROBE_OUT0_INST/data_int_reg[13]'
INFO: [Synth 8-3886] merging instance 'inst/PROBE_OUT_ALL_INST/G_PROBE_OUT[7].PROBE_OUT0_INST/data_int_reg[12]' (FDRE) to 'inst/PROBE_OUT_ALL_INST/G_PROBE_OUT[7].PROBE_OUT0_INST/data_int_reg[13]'
INFO: [Synth 8-3886] merging instance 'inst/PROBE_OUT_ALL_INST/G_PROBE_OUT[4].PROBE_OUT0_INST/data_int_reg[12]' (FDRE) to 'inst/PROBE_OUT_ALL_INST/G_PROBE_OUT[4].PROBE_OUT0_INST/data_int_reg[13]'
INFO: [Synth 8-3886] merging instance 'inst/PROBE_OUT_ALL_INST/G_PROBE_OUT[3].PROBE_OUT0_INST/data_int_reg[12]' (FDRE) to 'inst/PROBE_OUT_ALL_INST/G_PROBE_OUT[3].PROBE_OUT0_INST/data_int_reg[13]'
INFO: [Synth 8-3886] merging instance 'inst/PROBE_OUT_ALL_INST/G_PROBE_OUT[2].PROBE_OUT0_INST/data_int_reg[12]' (FDRE) to 'inst/PROBE_OUT_ALL_INST/G_PROBE_OUT[2].PROBE_OUT0_INST/data_int_reg[13]'
INFO: [Synth 8-3886] merging instance 'inst/PROBE_OUT_ALL_INST/G_PROBE_OUT[1].PROBE_OUT0_INST/data_int_reg[12]' (FDRE) to 'inst/PROBE_OUT_ALL_INST/G_PROBE_OUT[1].PROBE_OUT0_INST/data_int_reg[13]'
INFO: [Synth 8-3886] merging instance 'inst/PROBE_OUT_ALL_INST/G_PROBE_OUT[8].PROBE_OUT0_INST/data_int_reg[13]' (FDRE) to 'inst/PROBE_OUT_ALL_INST/G_PROBE_OUT[8].PROBE_OUT0_INST/data_int_reg[14]'
INFO: [Synth 8-3886] merging instance 'inst/PROBE_OUT_ALL_INST/G_PROBE_OUT[7].PROBE_OUT0_INST/data_int_reg[13]' (FDRE) to 'inst/PROBE_OUT_ALL_INST/G_PROBE_OUT[7].PROBE_OUT0_INST/data_int_reg[14]'
INFO: [Synth 8-3886] merging instance 'inst/PROBE_OUT_ALL_INST/G_PROBE_OUT[4].PROBE_OUT0_INST/data_int_reg[13]' (FDRE) to 'inst/PROBE_OUT_ALL_INST/G_PROBE_OUT[4].PROBE_OUT0_INST/data_int_reg[14]'
INFO: [Synth 8-3886] merging instance 'inst/PROBE_OUT_ALL_INST/G_PROBE_OUT[3].PROBE_OUT0_INST/data_int_reg[13]' (FDRE) to 'inst/PROBE_OUT_ALL_INST/G_PROBE_OUT[3].PROBE_OUT0_INST/data_int_reg[14]'
INFO: [Synth 8-3886] merging instance 'inst/PROBE_OUT_ALL_INST/G_PROBE_OUT[2].PROBE_OUT0_INST/data_int_reg[13]' (FDRE) to 'inst/PROBE_OUT_ALL_INST/G_PROBE_OUT[2].PROBE_OUT0_INST/data_int_reg[14]'
INFO: [Synth 8-3886] merging instance 'inst/PROBE_OUT_ALL_INST/G_PROBE_OUT[1].PROBE_OUT0_INST/data_int_reg[13]' (FDRE) to 'inst/PROBE_OUT_ALL_INST/G_PROBE_OUT[1].PROBE_OUT0_INST/data_int_reg[14]'
INFO: [Synth 8-3886] merging instance 'inst/PROBE_OUT_ALL_INST/G_PROBE_OUT[8].PROBE_OUT0_INST/data_int_reg[14]' (FDRE) to 'inst/PROBE_OUT_ALL_INST/G_PROBE_OUT[8].PROBE_OUT0_INST/data_int_reg[15]'
INFO: [Synth 8-3886] merging instance 'inst/PROBE_OUT_ALL_INST/G_PROBE_OUT[7].PROBE_OUT0_INST/data_int_reg[14]' (FDRE) to 'inst/PROBE_OUT_ALL_INST/G_PROBE_OUT[7].PROBE_OUT0_INST/data_int_reg[15]'
INFO: [Synth 8-3886] merging instance 'inst/PROBE_OUT_ALL_INST/G_PROBE_OUT[4].PROBE_OUT0_INST/data_int_reg[14]' (FDRE) to 'inst/PROBE_OUT_ALL_INST/G_PROBE_OUT[4].PROBE_OUT0_INST/data_int_reg[15]'
INFO: [Synth 8-3886] merging instance 'inst/PROBE_OUT_ALL_INST/G_PROBE_OUT[3].PROBE_OUT0_INST/data_int_reg[14]' (FDRE) to 'inst/PROBE_OUT_ALL_INST/G_PROBE_OUT[3].PROBE_OUT0_INST/data_int_reg[15]'
INFO: [Synth 8-3886] merging instance 'inst/PROBE_OUT_ALL_INST/G_PROBE_OUT[2].PROBE_OUT0_INST/data_int_reg[14]' (FDRE) to 'inst/PROBE_OUT_ALL_INST/G_PROBE_OUT[2].PROBE_OUT0_INST/data_int_reg[15]'
INFO: [Synth 8-3886] merging instance 'inst/PROBE_OUT_ALL_INST/G_PROBE_OUT[1].PROBE_OUT0_INST/data_int_reg[14]' (FDRE) to 'inst/PROBE_OUT_ALL_INST/G_PROBE_OUT[1].PROBE_OUT0_INST/data_int_reg[15]'
INFO: [Synth 8-3333] propagating constant 0 across sequential element (inst/\PROBE_OUT_ALL_INST/G_PROBE_OUT[8].PROBE_OUT0_INST/data_int_reg[15] )
INFO: [Synth 8-3333] propagating constant 0 across sequential element (inst/\PROBE_OUT_ALL_INST/G_PROBE_OUT[7].PROBE_OUT0_INST/data_int_reg[15] )
INFO: [Synth 8-3333] propagating constant 0 across sequential element (inst/\PROBE_OUT_ALL_INST/G_PROBE_OUT[4].PROBE_OUT0_INST/data_int_reg[15] )
INFO: [Synth 8-3333] propagating constant 0 across sequential element (inst/\PROBE_OUT_ALL_INST/G_PROBE_OUT[3].PROBE_OUT0_INST/data_int_reg[15] )
INFO: [Synth 8-3333] propagating constant 0 across sequential element (inst/\PROBE_OUT_ALL_INST/G_PROBE_OUT[2].PROBE_OUT0_INST/data_int_reg[15] )
INFO: [Synth 8-3333] propagating constant 0 across sequential element (inst/\PROBE_OUT_ALL_INST/G_PROBE_OUT[1].PROBE_OUT0_INST/data_int_reg[15] )
INFO: [Synth 8-3886] merging instance 'inst/PROBE_OUT_ALL_INST/addr_p1_reg[0]' (FD) to 'inst/DECODER_INST/xsdb_addr_2_0_p1_reg[0]'
INFO: [Synth 8-3886] merging instance 'inst/PROBE_OUT_ALL_INST/addr_p1_reg[1]' (FD) to 'inst/DECODER_INST/xsdb_addr_2_0_p1_reg[1]'
INFO: [Synth 8-3886] merging instance 'inst/PROBE_OUT_ALL_INST/addr_p1_reg[2]' (FD) to 'inst/DECODER_INST/xsdb_addr_2_0_p1_reg[2]'
INFO: [Synth 8-3886] merging instance 'inst/PROBE_OUT_WIDTH_INST/probe_width_int_reg[0]' (FD) to 'inst/PROBE_OUT_WIDTH_INST/probe_width_int_reg[1]'
INFO: [Synth 8-3886] merging instance 'inst/PROBE_IN_WIDTH_INST/probe_width_int_reg[0]' (FD) to 'inst/PROBE_IN_WIDTH_INST/probe_width_int_reg[1]'
INFO: [Synth 8-3886] merging instance 'inst/PROBE_OUT_WIDTH_INST/probe_width_int_reg[1]' (FD) to 'inst/PROBE_OUT_WIDTH_INST/probe_width_int_reg[2]'
INFO: [Synth 8-3886] merging instance 'inst/PROBE_IN_WIDTH_INST/probe_width_int_reg[1]' (FD) to 'inst/PROBE_IN_WIDTH_INST/probe_width_int_reg[2]'
INFO: [Synth 8-3886] merging instance 'inst/PROBE_IN_WIDTH_INST/probe_width_int_reg[2]' (FD) to 'inst/PROBE_IN_WIDTH_INST/probe_width_int_reg[3]'
INFO: [Synth 8-3886] merging instance 'inst/PROBE_OUT_WIDTH_INST/probe_width_int_reg[3]' (FD) to 'inst/PROBE_OUT_WIDTH_INST/probe_width_int_reg[4]'
INFO: [Synth 8-3886] merging instance 'inst/PROBE_IN_WIDTH_INST/probe_width_int_reg[3]' (FD) to 'inst/PROBE_IN_WIDTH_INST/probe_width_int_reg[4]'
INFO: [Synth 8-3886] merging instance 'inst/PROBE_IN_WIDTH_INST/probe_width_int_reg[4]' (FD) to 'inst/PROBE_IN_WIDTH_INST/probe_width_int_reg[5]'
INFO: [Synth 8-3886] merging instance 'inst/PROBE_OUT_WIDTH_INST/probe_width_int_reg[5]' (FD) to 'inst/PROBE_OUT_WIDTH_INST/probe_width_int_reg[6]'
INFO: [Synth 8-3886] merging instance 'inst/PROBE_IN_WIDTH_INST/probe_width_int_reg[5]' (FD) to 'inst/PROBE_IN_WIDTH_INST/probe_width_int_reg[6]'
INFO: [Synth 8-3886] merging instance 'inst/PROBE_IN_WIDTH_INST/probe_width_int_reg[6]' (FD) to 'inst/PROBE_IN_WIDTH_INST/probe_width_int_reg[8]'
INFO: [Synth 8-3333] propagating constant 0 across sequential element (inst/\PROBE_OUT_WIDTH_INST/probe_width_int_reg[7] )
INFO: [Synth 8-3333] propagating constant 0 across sequential element (inst/\PROBE_IN_WIDTH_INST/probe_width_int_reg[7] )
INFO: [Synth 8-3886] merging instance 'inst/PROBE_OUT_WIDTH_INST/probe_width_int_reg[8]' (FD) to 'inst/PROBE_OUT_WIDTH_INST/probe_width_int_reg[9]'
INFO: [Synth 8-3886] merging instance 'inst/PROBE_IN_WIDTH_INST/probe_width_int_reg[8]' (FD) to 'inst/PROBE_IN_WIDTH_INST/probe_width_int_reg[9]'
INFO: [Synth 8-3886] merging instance 'inst/PROBE_IN_WIDTH_INST/probe_width_int_reg[9]' (FD) to 'inst/PROBE_IN_WIDTH_INST/probe_width_int_reg[10]'
INFO: [Synth 8-3886] merging instance 'inst/PROBE_IN_WIDTH_INST/probe_width_int_reg[10]' (FD) to 'inst/PROBE_IN_WIDTH_INST/probe_width_int_reg[11]'
INFO: [Synth 8-3886] merging instance 'inst/PROBE_OUT_WIDTH_INST/probe_width_int_reg[11]' (FD) to 'inst/PROBE_OUT_WIDTH_INST/probe_width_int_reg[12]'
INFO: [Synth 8-3886] merging instance 'inst/PROBE_IN_WIDTH_INST/probe_width_int_reg[11]' (FD) to 'inst/PROBE_IN_WIDTH_INST/probe_width_int_reg[12]'
INFO: [Synth 8-3886] merging instance 'inst/PROBE_IN_WIDTH_INST/probe_width_int_reg[12]' (FD) to 'inst/PROBE_IN_WIDTH_INST/probe_width_int_reg[13]'
INFO: [Synth 8-3886] merging instance 'inst/PROBE_IN_WIDTH_INST/probe_width_int_reg[13]' (FD) to 'inst/PROBE_IN_WIDTH_INST/probe_width_int_reg[14]'
INFO: [Synth 8-3332] Sequential element (DECODER_INST/rd_en_reg[4]) is unused and will be removed from module vio_v3_0_17_vio.
INFO: [Synth 8-3332] Sequential element (DECODER_INST/rd_en_reg[3]) is unused and will be removed from module vio_v3_0_17_vio.
INFO: [Synth 8-3332] Sequential element (DECODER_INST/rd_en_reg[2]) is unused and will be removed from module vio_v3_0_17_vio.
INFO: [Synth 8-3332] Sequential element (DECODER_INST/rd_en_reg[1]) is unused and will be removed from module vio_v3_0_17_vio.
INFO: [Synth 8-3332] Sequential element (DECODER_INST/rd_en_reg[0]) is unused and will be removed from module vio_v3_0_17_vio.
INFO: [Synth 8-3332] Sequential element (PROBE_OUT_ALL_INST/G_PROBE_OUT[1].PROBE_OUT0_INST/data_int_reg[15]) is unused and will be removed from module vio_v3_0_17_vio.
INFO: [Synth 8-3332] Sequential element (PROBE_OUT_ALL_INST/G_PROBE_OUT[2].PROBE_OUT0_INST/data_int_reg[15]) is unused and will be removed from module vio_v3_0_17_vio.
INFO: [Synth 8-3332] Sequential element (PROBE_OUT_ALL_INST/G_PROBE_OUT[3].PROBE_OUT0_INST/data_int_reg[15]) is unused and will be removed from module vio_v3_0_17_vio.
INFO: [Synth 8-3332] Sequential element (PROBE_OUT_ALL_INST/G_PROBE_OUT[4].PROBE_OUT0_INST/data_int_reg[15]) is unused and will be removed from module vio_v3_0_17_vio.
INFO: [Synth 8-3332] Sequential element (PROBE_OUT_ALL_INST/G_PROBE_OUT[7].PROBE_OUT0_INST/data_int_reg[15]) is unused and will be removed from module vio_v3_0_17_vio.
INFO: [Synth 8-3332] Sequential element (PROBE_OUT_ALL_INST/G_PROBE_OUT[8].PROBE_OUT0_INST/data_int_reg[15]) is unused and will be removed from module vio_v3_0_17_vio.
INFO: [Synth 8-3332] Sequential element (DECODER_INST/wr_en_reg[3]) is unused and will be removed from module vio_v3_0_17_vio.
INFO: [Synth 8-3332] Sequential element (DECODER_INST/wr_en_reg[1]) is unused and will be removed from module vio_v3_0_17_vio.
INFO: [Synth 8-3332] Sequential element (DECODER_INST/wr_en_reg[0]) is unused and will be removed from module vio_v3_0_17_vio.
INFO: [Synth 8-3332] Sequential element (PROBE_IN_WIDTH_INST/probe_width_int_reg[7]) is unused and will be removed from module vio_v3_0_17_vio.
INFO: [Synth 8-3332] Sequential element (PROBE_OUT_WIDTH_INST/probe_width_int_reg[7]) is unused and will be removed from module vio_v3_0_17_vio.
---------------------------------------------------------------------------------
Finished Cross Boundary and Area Optimization : Time (s): cpu = 00:00:39 ; elapsed = 00:01:01 . Memory (MB): peak = 2213.664 ; gain = 668.367 ; free physical = 3070 ; free virtual = 75818
---------------------------------------------------------------------------------

Report RTL Partitions: 
+-+--------------+------------+----------+
| |RTL Partition |Replication |Instances |
+-+--------------+------------+----------+
+-+--------------+------------+----------+
---------------------------------------------------------------------------------
Start Applying XDC Timing Constraints
---------------------------------------------------------------------------------
---------------------------------------------------------------------------------
Finished Applying XDC Timing Constraints : Time (s): cpu = 00:00:56 ; elapsed = 00:01:36 . Memory (MB): peak = 2845.602 ; gain = 1300.305 ; free physical = 3388 ; free virtual = 76137
---------------------------------------------------------------------------------
---------------------------------------------------------------------------------
Start Timing Optimization
---------------------------------------------------------------------------------
---------------------------------------------------------------------------------
Finished Timing Optimization : Time (s): cpu = 00:00:56 ; elapsed = 00:01:36 . Memory (MB): peak = 2848.602 ; gain = 1303.305 ; free physical = 3369 ; free virtual = 76119
---------------------------------------------------------------------------------

Report RTL Partitions: 
+-+--------------+------------+----------+
| |RTL Partition |Replication |Instances |
+-+--------------+------------+----------+
+-+--------------+------------+----------+
---------------------------------------------------------------------------------
Start Technology Mapping
---------------------------------------------------------------------------------
---------------------------------------------------------------------------------
Finished Technology Mapping : Time (s): cpu = 00:00:57 ; elapsed = 00:01:36 . Memory (MB): peak = 2873.594 ; gain = 1328.297 ; free physical = 3341 ; free virtual = 76090
---------------------------------------------------------------------------------

Report RTL Partitions: 
+-+--------------+------------+----------+
| |RTL Partition |Replication |Instances |
+-+--------------+------------+----------+
+-+--------------+------------+----------+
---------------------------------------------------------------------------------
Start IO Insertion
---------------------------------------------------------------------------------
---------------------------------------------------------------------------------
Start Flattening Before IO Insertion
---------------------------------------------------------------------------------
---------------------------------------------------------------------------------
Finished Flattening Before IO Insertion
---------------------------------------------------------------------------------
---------------------------------------------------------------------------------
Start Final Netlist Cleanup
---------------------------------------------------------------------------------
INFO: [Synth 8-4618] Found max_fanout attribute set to 100 on net \PROBE_IN_INST/addr_count [1]. Fanout reduced from 199 to 100 by creating 1 replicas.
INFO: [Synth 8-4618] Found max_fanout attribute set to 100 on net \PROBE_IN_INST/addr_count [0]. Fanout reduced from 200 to 100 by creating 1 replicas.
INFO: [Synth 8-4618] Found max_fanout attribute set to 100 on net \PROBE_IN_INST/addr_count [2]. Fanout reduced from 102 to 48 by creating 2 replicas.
INFO: [Synth 8-4618] Found max_fanout attribute set to 200 on net \PROBE_IN_INST/read_done . Fanout reduced from 522 to 174 by creating 2 replicas.
---------------------------------------------------------------------------------
Finished Final Netlist Cleanup
---------------------------------------------------------------------------------
WARNING: [Synth 8-3295] tying undriven pin inst:sl_iport0[36] to constant 0
WARNING: [Synth 8-3295] tying undriven pin inst:sl_iport0[35] to constant 0
WARNING: [Synth 8-3295] tying undriven pin inst:sl_iport0[34] to constant 0
WARNING: [Synth 8-3295] tying undriven pin inst:sl_iport0[33] to constant 0
WARNING: [Synth 8-3295] tying undriven pin inst:sl_iport0[32] to constant 0
WARNING: [Synth 8-3295] tying undriven pin inst:sl_iport0[31] to constant 0
WARNING: [Synth 8-3295] tying undriven pin inst:sl_iport0[30] to constant 0
WARNING: [Synth 8-3295] tying undriven pin inst:sl_iport0[29] to constant 0
WARNING: [Synth 8-3295] tying undriven pin inst:sl_iport0[28] to constant 0
WARNING: [Synth 8-3295] tying undriven pin inst:sl_iport0[27] to constant 0
WARNING: [Synth 8-3295] tying undriven pin inst:sl_iport0[26] to constant 0
WARNING: [Synth 8-3295] tying undriven pin inst:sl_iport0[25] to constant 0
WARNING: [Synth 8-3295] tying undriven pin inst:sl_iport0[24] to constant 0
WARNING: [Synth 8-3295] tying undriven pin inst:sl_iport0[23] to constant 0
WARNING: [Synth 8-3295] tying undriven pin inst:sl_iport0[22] to constant 0
WARNING: [Synth 8-3295] tying undriven pin inst:sl_iport0[21] to constant 0
WARNING: [Synth 8-3295] tying undriven pin inst:sl_iport0[20] to constant 0
WARNING: [Synth 8-3295] tying undriven pin inst:sl_iport0[19] to constant 0
WARNING: [Synth 8-3295] tying undriven pin inst:sl_iport0[18] to constant 0
WARNING: [Synth 8-3295] tying undriven pin inst:sl_iport0[17] to constant 0
WARNING: [Synth 8-3295] tying undriven pin inst:sl_iport0[16] to constant 0
WARNING: [Synth 8-3295] tying undriven pin inst:sl_iport0[15] to constant 0
WARNING: [Synth 8-3295] tying undriven pin inst:sl_iport0[14] to constant 0
WARNING: [Synth 8-3295] tying undriven pin inst:sl_iport0[13] to constant 0
WARNING: [Synth 8-3295] tying undriven pin inst:sl_iport0[12] to constant 0
WARNING: [Synth 8-3295] tying undriven pin inst:sl_iport0[11] to constant 0
WARNING: [Synth 8-3295] tying undriven pin inst:sl_iport0[10] to constant 0
WARNING: [Synth 8-3295] tying undriven pin inst:sl_iport0[9] to constant 0
WARNING: [Synth 8-3295] tying undriven pin inst:sl_iport0[8] to constant 0
WARNING: [Synth 8-3295] tying undriven pin inst:sl_iport0[7] to constant 0
WARNING: [Synth 8-3295] tying undriven pin inst:sl_iport0[6] to constant 0
WARNING: [Synth 8-3295] tying undriven pin inst:sl_iport0[5] to constant 0
WARNING: [Synth 8-3295] tying undriven pin inst:sl_iport0[4] to constant 0
WARNING: [Synth 8-3295] tying undriven pin inst:sl_iport0[3] to constant 0
WARNING: [Synth 8-3295] tying undriven pin inst:sl_iport0[2] to constant 0
WARNING: [Synth 8-3295] tying undriven pin inst:sl_iport0[1] to constant 0
WARNING: [Synth 8-3295] tying undriven pin inst:sl_iport0[0] to constant 0
---------------------------------------------------------------------------------
Finished IO Insertion : Time (s): cpu = 00:00:57 ; elapsed = 00:01:37 . Memory (MB): peak = 2873.594 ; gain = 1328.297 ; free physical = 3246 ; free virtual = 75996
---------------------------------------------------------------------------------

Report Check Netlist: 
+------+------------------+-------+---------+-------+------------------+
|      |Item              |Errors |Warnings |Status |Description       |
+------+------------------+-------+---------+-------+------------------+
|1     |multi_driven_nets |      0|        0|Passed |Multi driven nets |
+------+------------------+-------+---------+-------+------------------+
---------------------------------------------------------------------------------
Start Renaming Generated Instances
---------------------------------------------------------------------------------
---------------------------------------------------------------------------------
Finished Renaming Generated Instances : Time (s): cpu = 00:00:57 ; elapsed = 00:01:37 . Memory (MB): peak = 2873.594 ; gain = 1328.297 ; free physical = 3246 ; free virtual = 75996
---------------------------------------------------------------------------------

Report RTL Partitions: 
+-+--------------+------------+----------+
| |RTL Partition |Replication |Instances |
+-+--------------+------------+----------+
+-+--------------+------------+----------+
---------------------------------------------------------------------------------
Start Rebuilding User Hierarchy
---------------------------------------------------------------------------------
---------------------------------------------------------------------------------
Finished Rebuilding User Hierarchy : Time (s): cpu = 00:00:58 ; elapsed = 00:01:37 . Memory (MB): peak = 2873.594 ; gain = 1328.297 ; free physical = 3254 ; free virtual = 76003
---------------------------------------------------------------------------------
---------------------------------------------------------------------------------
Start Renaming Generated Ports
---------------------------------------------------------------------------------
---------------------------------------------------------------------------------
Finished Renaming Generated Ports : Time (s): cpu = 00:00:58 ; elapsed = 00:01:37 . Memory (MB): peak = 2873.594 ; gain = 1328.297 ; free physical = 3253 ; free virtual = 76002
---------------------------------------------------------------------------------
---------------------------------------------------------------------------------
Start Handling Custom Attributes
---------------------------------------------------------------------------------
---------------------------------------------------------------------------------
Finished Handling Custom Attributes : Time (s): cpu = 00:00:58 ; elapsed = 00:01:37 . Memory (MB): peak = 2873.594 ; gain = 1328.297 ; free physical = 3249 ; free virtual = 75998
---------------------------------------------------------------------------------
---------------------------------------------------------------------------------
Start Renaming Generated Nets
---------------------------------------------------------------------------------
---------------------------------------------------------------------------------
Finished Renaming Generated Nets : Time (s): cpu = 00:00:58 ; elapsed = 00:01:37 . Memory (MB): peak = 2873.594 ; gain = 1328.297 ; free physical = 3249 ; free virtual = 75998
---------------------------------------------------------------------------------
---------------------------------------------------------------------------------
Start Writing Synthesis Report
---------------------------------------------------------------------------------

Report BlackBoxes: 
+-+--------------+----------+
| |BlackBox name |Instances |
+-+--------------+----------+
+-+--------------+----------+

Report Cell Usage: 
+------+------+------+
|      |Cell  |Count |
+------+------+------+
|1     |LUT1  |     7|
|2     |LUT2  |    19|
|3     |LUT3  |   591|
|4     |LUT4  |    36|
|5     |LUT5  |    30|
|6     |LUT6  |   368|
|7     |MUXF7 |   112|
|8     |MUXF8 |    48|
|9     |FDRE  |  2092|
+------+------+------+

Report Instance Areas: 
+------+---------------------------------------+--------------------------------------------+------+
|      |Instance                               |Module                                      |Cells |
+------+---------------------------------------+--------------------------------------------+------+
|1     |top                                    |                                            |  3303|
|2     |  inst                                 |vio_v3_0_17_vio                             |  3303|
|3     |    U_XSDB_SLAVE                       |xsdbs_v1_0_2_xsdbs                          |   248|
|4     |    DECODER_INST                       |vio_v3_0_17_decoder                         |    99|
|5     |    PROBE_IN_INST                      |vio_v3_0_17_probe_in_one                    |  2226|
|6     |    PROBE_IN_WIDTH_INST                |vio_v3_0_17_probe_width                     |     6|
|7     |    PROBE_OUT_ALL_INST                 |vio_v3_0_17_probe_out_all                   |   689|
|8     |      \G_PROBE_OUT[0].PROBE_OUT0_INST  |vio_v3_0_17_probe_out_one                   |   107|
|9     |      \G_PROBE_OUT[1].PROBE_OUT0_INST  |vio_v3_0_17_probe_out_one__parameterized0   |    10|
|10    |      \G_PROBE_OUT[2].PROBE_OUT0_INST  |vio_v3_0_17_probe_out_one__parameterized1   |     3|
|11    |      \G_PROBE_OUT[3].PROBE_OUT0_INST  |vio_v3_0_17_probe_out_one__parameterized2   |    16|
|12    |      \G_PROBE_OUT[4].PROBE_OUT0_INST  |vio_v3_0_17_probe_out_one__parameterized2_0 |    16|
|13    |      \G_PROBE_OUT[5].PROBE_OUT0_INST  |vio_v3_0_17_probe_out_one_1                 |   108|
|14    |      \G_PROBE_OUT[6].PROBE_OUT0_INST  |vio_v3_0_17_probe_out_one__parameterized3   |   332|
|15    |      \G_PROBE_OUT[7].PROBE_OUT0_INST  |vio_v3_0_17_probe_out_one__parameterized1_2 |     3|
|16    |      \G_PROBE_OUT[8].PROBE_OUT0_INST  |vio_v3_0_17_probe_out_one__parameterized1_3 |     3|
|17    |    PROBE_OUT_WIDTH_INST               |vio_v3_0_17_probe_width__parameterized0     |    19|
+------+---------------------------------------+--------------------------------------------+------+
---------------------------------------------------------------------------------
Finished Writing Synthesis Report : Time (s): cpu = 00:00:58 ; elapsed = 00:01:37 . Memory (MB): peak = 2873.594 ; gain = 1328.297 ; free physical = 3249 ; free virtual = 75998
---------------------------------------------------------------------------------
Synthesis finished with 0 errors, 0 critical warnings and 286 warnings.
Synthesis Optimization Runtime : Time (s): cpu = 00:00:45 ; elapsed = 00:01:16 . Memory (MB): peak = 2873.594 ; gain = 659.930 ; free physical = 3273 ; free virtual = 76022
Synthesis Optimization Complete : Time (s): cpu = 00:00:58 ; elapsed = 00:01:37 . Memory (MB): peak = 2873.602 ; gain = 1328.297 ; free physical = 3275 ; free virtual = 76024
INFO: [Project 1-571] Translating synthesized netlist
INFO: [Netlist 29-17] Analyzing 160 Unisim elements for replacement
INFO: [Netlist 29-28] Unisim Transformation completed in 0 CPU seconds
INFO: [Project 1-570] Preparing netlist for logic optimization
INFO: [Opt 31-138] Pushed 0 inverter(s) to 0 load pin(s).
INFO: [Project 1-111] Unisim Transformation Summary:
No Unisim elements were transformed.

INFO: [Common 17-83] Releasing license: Synthesis
172 Infos, 175 Warnings, 0 Critical Warnings and 0 Errors encountered.
synth_design completed successfully
synth_design: Time (s): cpu = 00:01:00 ; elapsed = 00:01:39 . Memory (MB): peak = 2920.609 ; gain = 1396.688 ; free physical = 3205 ; free virtual = 75955
INFO: [Common 17-600] The following parameters have non-default value.
tcl.collectionResultDisplayLimit
INFO: [Common 17-1381] The checkpoint '/home/ro0zkhosh/RelationalMem/RelationalMem/ZYNQ_ULTRASCARE+/RatMem/RatMem.runs/design_1_vio_0_0_synth_1/design_1_vio_0_0.dcp' has been generated.
